[ 2016-09-26T09:08:42+08:00 ] 127.0.0.1 /admin/
INFO: [ app_init ] --START--
INFO: Run Behavior\BuildLiteBehavior [ RunTime:0.000030s ]
INFO: [ app_init ] --END-- [ RunTime:0.085057s ]
INFO: [ app_begin ] --START--
INFO: Run Behavior\ReadHtmlCacheBehavior [ RunTime:0.034518s ]
INFO: [ app_begin ] --END-- [ RunTime:0.034652s ]
INFO: [ view_parse ] --START--
INFO: [ template_filter ] --START--
INFO: Run Behavior\ContentReplaceBehavior [ RunTime:0.000078s ]
INFO: [ template_filter ] --END-- [ RunTime:0.000191s ]
INFO: Run Behavior\ParseTemplateBehavior [ RunTime:0.231827s ]
INFO: [ view_parse ] --END-- [ RunTime:0.231970s ]
INFO: [ view_filter ] --START--
INFO: Run Behavior\WriteHtmlCacheBehavior [ RunTime:0.040677s ]
INFO: [ view_filter ] --END-- [ RunTime:0.040758s ]
INFO: [ app_end ] --START--
INFO: Run Behavior\ShowPageTraceBehavior [ RunTime:0.044799s ]
INFO: [ app_end ] --END-- [ RunTime:0.044920s ]

[ 2016-09-26T09:08:43+08:00 ] 127.0.0.1 /admin/Back/Index/main
INFO: [ app_init ] --START--
INFO: Run Behavior\BuildLiteBehavior [ RunTime:0.000022s ]
INFO: [ app_init ] --END-- [ RunTime:0.000501s ]
INFO: [ app_begin ] --START--
INFO: Run Behavior\ReadHtmlCacheBehavior [ RunTime:0.000829s ]
INFO: [ app_begin ] --END-- [ RunTime:0.000948s ]
INFO: [ view_parse ] --START--
INFO: [ template_filter ] --START--
INFO: Run Behavior\ContentReplaceBehavior [ RunTime:0.000195s ]
INFO: [ template_filter ] --END-- [ RunTime:0.000296s ]
INFO: Run Behavior\ParseTemplateBehavior [ RunTime:0.406936s ]
INFO: [ view_parse ] --END-- [ RunTime:0.407057s ]
INFO: [ view_filter ] --START--
INFO: Run Behavior\WriteHtmlCacheBehavior [ RunTime:0.000456s ]
INFO: [ view_filter ] --END-- [ RunTime:0.000556s ]
INFO: [ app_end ] --START--
INFO: Run Behavior\ShowPageTraceBehavior [ RunTime:0.000981s ]
INFO: [ app_end ] --END-- [ RunTime:0.001110s ]

[ 2016-09-26T09:08:43+08:00 ] 127.0.0.1 /admin/Back/Index/top
INFO: [ app_init ] --START--
INFO: Run Behavior\BuildLiteBehavior [ RunTime:0.000020s ]
INFO: [ app_init ] --END-- [ RunTime:0.000385s ]
INFO: [ app_begin ] --START--
INFO: Run Behavior\ReadHtmlCacheBehavior [ RunTime:0.000579s ]
INFO: [ app_begin ] --END-- [ RunTime:0.000671s ]
INFO: [ view_parse ] --START--
INFO: [ template_filter ] --START--
INFO: Run Behavior\ContentReplaceBehavior [ RunTime:0.000130s ]
INFO: [ template_filter ] --END-- [ RunTime:0.000207s ]
INFO: Run Behavior\ParseTemplateBehavior [ RunTime:0.422841s ]
INFO: [ view_parse ] --END-- [ RunTime:0.422958s ]
INFO: [ view_filter ] --START--
INFO: Run Behavior\WriteHtmlCacheBehavior [ RunTime:0.000309s ]
INFO: [ view_filter ] --END-- [ RunTime:0.000389s ]
INFO: [ app_end ] --START--
INFO: Run Behavior\ShowPageTraceBehavior [ RunTime:0.000741s ]
INFO: [ app_end ] --END-- [ RunTime:0.000843s ]

[ 2016-09-26T09:08:44+08:00 ] 127.0.0.1 /admin/Back/Index/left
INFO: [ app_init ] --START--
INFO: Run Behavior\BuildLiteBehavior [ RunTime:0.000024s ]
INFO: [ app_init ] --END-- [ RunTime:0.000510s ]
INFO: [ app_begin ] --START--
INFO: Run Behavior\ReadHtmlCacheBehavior [ RunTime:0.000827s ]
INFO: [ app_begin ] --END-- [ RunTime:0.000935s ]
INFO: [ view_parse ] --START--
INFO: [ template_filter ] --START--
INFO: Run Behavior\ContentReplaceBehavior [ RunTime:0.000092s ]
INFO: [ template_filter ] --END-- [ RunTime:0.000169s ]
INFO: Run Behavior\ParseTemplateBehavior [ RunTime:1.563827s ]
INFO: [ view_parse ] --END-- [ RunTime:1.563909s ]
INFO: [ view_filter ] --START--
INFO: Run Behavior\WriteHtmlCacheBehavior [ RunTime:0.000312s ]
INFO: [ view_filter ] --END-- [ RunTime:0.000364s ]
INFO: [ app_end ] --START--
INFO: Run Behavior\ShowPageTraceBehavior [ RunTime:0.000514s ]
INFO: [ app_end ] --END-- [ RunTime:0.000571s ]

[ 2016-09-26T09:08:44+08:00 ] 127.0.0.1 /admin/Back//admin/Public/js/transport.org.js
INFO: [ app_init ] --START--
INFO: Run Behavior\BuildLiteBehavior [ RunTime:0.000023s ]
INFO: [ app_init ] --END-- [ RunTime:0.000509s ]
INFO: [ app_begin ] --START--
INFO: Run Behavior\ReadHtmlCacheBehavior [ RunTime:0.000781s ]
INFO: [ app_begin ] --END-- [ RunTime:0.000902s ]
ERR: 无法加载控制器:Admin

[ 2016-09-26T09:09:11+08:00 ] 127.0.0.1 /admin/
INFO: [ app_init ] --START--
INFO: Run Behavior\BuildLiteBehavior [ RunTime:0.000025s ]
INFO: [ app_init ] --END-- [ RunTime:0.000674s ]
INFO: [ app_begin ] --START--
INFO: Run Behavior\ReadHtmlCacheBehavior [ RunTime:0.000878s ]
INFO: [ app_begin ] --END-- [ RunTime:0.000989s ]
INFO: [ view_parse ] --START--
INFO: [ template_filter ] --START--
INFO: Run Behavior\ContentReplaceBehavior [ RunTime:0.000076s ]
INFO: [ template_filter ] --END-- [ RunTime:0.000196s ]
INFO: Run Behavior\ParseTemplateBehavior [ RunTime:0.016774s ]
INFO: [ view_parse ] --END-- [ RunTime:0.016900s ]
INFO: [ view_filter ] --START--
INFO: Run Behavior\WriteHtmlCacheBehavior [ RunTime:0.000482s ]
INFO: [ view_filter ] --END-- [ RunTime:0.000575s ]
INFO: [ app_end ] --START--
INFO: Run Behavior\ShowPageTraceBehavior [ RunTime:0.000853s ]
INFO: [ app_end ] --END-- [ RunTime:0.000965s ]

[ 2016-09-26T09:09:11+08:00 ] 127.0.0.1 /admin/Back/goods/lst
INFO: [ app_init ] --START--
INFO: Run Behavior\BuildLiteBehavior [ RunTime:0.000025s ]
INFO: [ app_init ] --END-- [ RunTime:0.000578s ]
INFO: [ app_begin ] --START--
INFO: Run Behavior\ReadHtmlCacheBehavior [ RunTime:0.000898s ]
INFO: [ app_begin ] --END-- [ RunTime:0.001029s ]
NOTIC: [2048] Declaration of Back\Model\GoodsModel::_before_delete() should be compatible with that of Think\Model::_before_delete() E:\php\http\fuxi\admin\Application\Back\Model\GoodsModel.class.php 第 4 行.
SQL: SHOW COLUMNS FROM `php34_goods` [ RunTime:1.2483s ]
SQL: SELECT COUNT(*) AS tp_count FROM `php34_goods` WHERE `is_delete` = 0 LIMIT 1   [ RunTime:0.5992s ]
SQL: SELECT a.*,b.cat_name,group_concat(d.cat_name SEPARATOR "<br/>") ext_name FROM php34_goods a LEFT JOIN php34_category as b on a.cat_id=b.id LEFT JOIN php34_ext_cat as c on c.goods_id=a.id LEFT JOIN php34_category as d on d.id =c.cat_id  WHERE `is_delete` = 0 GROUP BY a.id ORDER BY id desc LIMIT 0,10   [ RunTime:0.6682s ]
INFO: [ view_parse ] --START--
INFO: [ template_filter ] --START--
INFO: Run Behavior\ContentReplaceBehavior [ RunTime:0.000196s ]
INFO: [ template_filter ] --END-- [ RunTime:0.000310s ]
INFO: Run Behavior\ParseTemplateBehavior [ RunTime:0.223275s ]
INFO: [ view_parse ] --END-- [ RunTime:0.223425s ]
INFO: [ view_filter ] --START--
INFO: Run Behavior\WriteHtmlCacheBehavior [ RunTime:0.000499s ]
INFO: [ view_filter ] --END-- [ RunTime:0.000597s ]
INFO: [ app_end ] --START--
INFO: Run Behavior\ShowPageTraceBehavior [ RunTime:0.000851s ]
INFO: [ app_end ] --END-- [ RunTime:0.000965s ]

[ 2016-09-26T09:09:11+08:00 ] 127.0.0.1 /admin/Back/Index/top
INFO: [ app_init ] --START--
INFO: Run Behavior\BuildLiteBehavior [ RunTime:0.000024s ]
INFO: [ app_init ] --END-- [ RunTime:0.000479s ]
INFO: [ app_begin ] --START--
INFO: Run Behavior\ReadHtmlCacheBehavior [ RunTime:0.000660s ]
INFO: [ app_begin ] --END-- [ RunTime:0.000760s ]
INFO: [ view_parse ] --START--
INFO: [ template_filter ] --START--
INFO: Run Behavior\ContentReplaceBehavior [ RunTime:0.000204s ]
INFO: [ template_filter ] --END-- [ RunTime:0.000319s ]
INFO: Run Behavior\ParseTemplateBehavior [ RunTime:0.010356s ]
INFO: [ view_parse ] --END-- [ RunTime:0.010475s ]
INFO: [ view_filter ] --START--
INFO: Run Behavior\WriteHtmlCacheBehavior [ RunTime:0.000277s ]
INFO: [ view_filter ] --END-- [ RunTime:0.000362s ]
INFO: [ app_end ] --START--
INFO: Run Behavior\ShowPageTraceBehavior [ RunTime:0.000677s ]
INFO: [ app_end ] --END-- [ RunTime:0.000794s ]

[ 2016-09-26T09:09:11+08:00 ] 127.0.0.1 /admin/Back/Index/left
INFO: [ app_init ] --START--
INFO: Run Behavior\BuildLiteBehavior [ RunTime:0.000022s ]
INFO: [ app_init ] --END-- [ RunTime:0.000551s ]
INFO: [ app_begin ] --START--
INFO: Run Behavior\ReadHtmlCacheBehavior [ RunTime:0.000633s ]
INFO: [ app_begin ] --END-- [ RunTime:0.000732s ]
INFO: [ view_parse ] --START--
INFO: [ template_filter ] --START--
INFO: Run Behavior\ContentReplaceBehavior [ RunTime:0.000136s ]
INFO: [ template_filter ] --END-- [ RunTime:0.000238s ]
INFO: Run Behavior\ParseTemplateBehavior [ RunTime:0.008770s ]
INFO: [ view_parse ] --END-- [ RunTime:0.008898s ]
INFO: [ view_filter ] --START--
INFO: Run Behavior\WriteHtmlCacheBehavior [ RunTime:0.000290s ]
INFO: [ view_filter ] --END-- [ RunTime:0.000369s ]
INFO: [ app_end ] --START--
INFO: Run Behavior\ShowPageTraceBehavior [ RunTime:0.000602s ]
INFO: [ app_end ] --END-- [ RunTime:0.000682s ]

[ 2016-09-26T09:09:11+08:00 ] 127.0.0.1 /admin/Back/Index/main
INFO: [ app_init ] --START--
INFO: Run Behavior\BuildLiteBehavior [ RunTime:0.000026s ]
INFO: [ app_init ] --END-- [ RunTime:0.000593s ]
INFO: [ app_begin ] --START--
INFO: Run Behavior\ReadHtmlCacheBehavior [ RunTime:0.000884s ]
INFO: [ app_begin ] --END-- [ RunTime:0.001005s ]
INFO: [ view_parse ] --START--
INFO: [ template_filter ] --START--
INFO: Run Behavior\ContentReplaceBehavior [ RunTime:0.000206s ]
INFO: [ template_filter ] --END-- [ RunTime:0.000321s ]
INFO: Run Behavior\ParseTemplateBehavior [ RunTime:0.017266s ]
INFO: [ view_parse ] --END-- [ RunTime:0.017395s ]
INFO: [ view_filter ] --START--
INFO: Run Behavior\WriteHtmlCacheBehavior [ RunTime:0.000458s ]
INFO: [ view_filter ] --END-- [ RunTime:0.000547s ]
INFO: [ app_end ] --START--
INFO: Run Behavior\ShowPageTraceBehavior [ RunTime:0.000880s ]
INFO: [ app_end ] --END-- [ RunTime:0.000995s ]

[ 2016-09-26T09:09:11+08:00 ] 127.0.0.1 /admin/Back//admin/Public/js/transport.org.js
INFO: [ app_init ] --START--
INFO: Run Behavior\BuildLiteBehavior [ RunTime:0.000025s ]
INFO: [ app_init ] --END-- [ RunTime:0.000534s ]
INFO: [ app_begin ] --START--
INFO: Run Behavior\ReadHtmlCacheBehavior [ RunTime:0.000705s ]
INFO: [ app_begin ] --END-- [ RunTime:0.000825s ]
ERR: 无法加载控制器:Admin

[ 2016-09-26T09:09:14+08:00 ] 127.0.0.1 /admin/Back/goods/lst
INFO: [ app_init ] --START--
INFO: Run Behavior\BuildLiteBehavior [ RunTime:0.000016s ]
INFO: [ app_init ] --END-- [ RunTime:0.000326s ]
INFO: [ app_begin ] --START--
INFO: Run Behavior\ReadHtmlCacheBehavior [ RunTime:0.000438s ]
INFO: [ app_begin ] --END-- [ RunTime:0.000506s ]
NOTIC: [2048] Declaration of Back\Model\GoodsModel::_before_delete() should be compatible with that of Think\Model::_before_delete() E:\php\http\fuxi\admin\Application\Back\Model\GoodsModel.class.php 第 4 行.
SQL: SHOW COLUMNS FROM `php34_goods` [ RunTime:0.0048s ]
SQL: SELECT COUNT(*) AS tp_count FROM `php34_goods` WHERE `is_delete` = 0 LIMIT 1   [ RunTime:0.0005s ]
SQL: SELECT a.*,b.cat_name,group_concat(d.cat_name SEPARATOR "<br/>") ext_name FROM php34_goods a LEFT JOIN php34_category as b on a.cat_id=b.id LEFT JOIN php34_ext_cat as c on c.goods_id=a.id LEFT JOIN php34_category as d on d.id =c.cat_id  WHERE `is_delete` = 0 GROUP BY a.id ORDER BY id desc LIMIT 0,10   [ RunTime:0.0023s ]
INFO: [ view_parse ] --START--
INFO: [ template_filter ] --START--
INFO: Run Behavior\ContentReplaceBehavior [ RunTime:0.000196s ]
INFO: [ template_filter ] --END-- [ RunTime:0.000299s ]
INFO: Run Behavior\ParseTemplateBehavior [ RunTime:0.009794s ]
INFO: [ view_parse ] --END-- [ RunTime:0.009909s ]
INFO: [ view_filter ] --START--
INFO: Run Behavior\WriteHtmlCacheBehavior [ RunTime:0.000235s ]
INFO: [ view_filter ] --END-- [ RunTime:0.000300s ]
INFO: [ app_end ] --START--
INFO: Run Behavior\ShowPageTraceBehavior [ RunTime:0.000644s ]
INFO: [ app_end ] --END-- [ RunTime:0.000726s ]

[ 2016-09-26T09:09:27+08:00 ] 127.0.0.1 /admin/Back/Goods/goodsNumber/id/79
INFO: [ app_init ] --START--
INFO: Run Behavior\BuildLiteBehavior [ RunTime:0.000017s ]
INFO: [ app_init ] --END-- [ RunTime:0.000345s ]
INFO: [ app_begin ] --START--
INFO: Run Behavior\ReadHtmlCacheBehavior [ RunTime:0.000422s ]
INFO: [ app_begin ] --END-- [ RunTime:0.000483s ]
SQL: SHOW COLUMNS FROM `php34_goods_attr` [ RunTime:0.2759s ]
SQL: SELECT group_concat(a.id) ids,group_concat(a.attr_value) attr_value,b.attr_name FROM php34_goods_attr a INNER JOIN php34_attr b on b.id=a.attr_id  WHERE `goods_id` = '79' GROUP BY a.attr_id HAVING count(*)>1  [ RunTime:0.2791s ]
SQL: SHOW COLUMNS FROM `php34_goods_number` [ RunTime:0.1149s ]
SQL: SELECT * FROM `php34_goods_number` WHERE `goods_id` = '79'  [ RunTime:0.0004s ]
INFO: [ view_parse ] --START--
INFO: [ template_filter ] --START--
INFO: Run Behavior\ContentReplaceBehavior [ RunTime:0.000061s ]
INFO: [ template_filter ] --END-- [ RunTime:0.000128s ]
NOTIC: [8] Undefined index: 3,11 E:\php\http\fuxi\admin\Application\Runtime\Cache\Back\23d6bf005302236dcb729d92bee235e5.php 第 47 行.
NOTIC: [8] Undefined index: 5,11 E:\php\http\fuxi\admin\Application\Runtime\Cache\Back\23d6bf005302236dcb729d92bee235e5.php 第 47 行.
NOTIC: [8] Undefined index: 7,9 E:\php\http\fuxi\admin\Application\Runtime\Cache\Back\23d6bf005302236dcb729d92bee235e5.php 第 47 行.
NOTIC: [8] Undefined index: 7,11 E:\php\http\fuxi\admin\Application\Runtime\Cache\Back\23d6bf005302236dcb729d92bee235e5.php 第 47 行.
INFO: Run Behavior\ParseTemplateBehavior [ RunTime:0.040549s ]
INFO: [ view_parse ] --END-- [ RunTime:0.040664s ]
INFO: [ view_filter ] --START--
INFO: Run Behavior\WriteHtmlCacheBehavior [ RunTime:0.000436s ]
INFO: [ view_filter ] --END-- [ RunTime:0.000530s ]
INFO: [ app_end ] --START--
INFO: Run Behavior\ShowPageTraceBehavior [ RunTime:0.000805s ]
INFO: [ app_end ] --END-- [ RunTime:0.000889s ]

[ 2016-09-26T09:09:44+08:00 ] 127.0.0.1 /admin/Back/Goods/goodsNumber/id/79
INFO: [ app_init ] --START--
INFO: Run Behavior\BuildLiteBehavior [ RunTime:0.000023s ]
INFO: [ app_init ] --END-- [ RunTime:0.000570s ]
INFO: [ app_begin ] --START--
INFO: Run Behavior\ReadHtmlCacheBehavior [ RunTime:0.000625s ]
INFO: [ app_begin ] --END-- [ RunTime:0.000729s ]
SQL: SHOW COLUMNS FROM `php34_goods_number` [ RunTime:0.0045s ]
SQL: DELETE FROM `php34_goods_number` WHERE `goods_id` = '79' [ RunTime:0.0576s ]
SQL: INSERT INTO `php34_goods_number` (`goods_id`,`goods_attr_id`,`goods_number`) VALUES ('79','3,9','100') [ RunTime:0.0447s ]
SQL: INSERT INTO `php34_goods_number` (`goods_id`,`goods_attr_id`,`goods_number`) VALUES ('79','3,11','400') [ RunTime:0.0060s ]
SQL: INSERT INTO `php34_goods_number` (`goods_id`,`goods_attr_id`,`goods_number`) VALUES ('79','5,9','200') [ RunTime:0.0018s ]
INFO: [ view_parse ] --START--
INFO: [ template_filter ] --START--
INFO: Run Behavior\ContentReplaceBehavior [ RunTime:0.000107s ]
INFO: [ template_filter ] --END-- [ RunTime:0.000210s ]
INFO: Run Behavior\ParseTemplateBehavior [ RunTime:0.024323s ]
INFO: [ view_parse ] --END-- [ RunTime:0.024439s ]
INFO: [ view_filter ] --START--
INFO: Run Behavior\WriteHtmlCacheBehavior [ RunTime:0.000292s ]
INFO: [ view_filter ] --END-- [ RunTime:0.000370s ]

[ 2016-09-26T09:09:46+08:00 ] 127.0.0.1 /admin/Goods/lst.html
INFO: [ app_init ] --START--
INFO: Run Behavior\BuildLiteBehavior [ RunTime:0.000017s ]
INFO: [ app_init ] --END-- [ RunTime:0.000522s ]
INFO: [ app_begin ] --START--
INFO: Run Behavior\ReadHtmlCacheBehavior [ RunTime:0.000456s ]
INFO: [ app_begin ] --END-- [ RunTime:0.000522s ]
NOTIC: [2048] Declaration of Back\Model\GoodsModel::_before_delete() should be compatible with that of Think\Model::_before_delete() E:\php\http\fuxi\admin\Application\Back\Model\GoodsModel.class.php 第 4 行.
SQL: SHOW COLUMNS FROM `php34_goods` [ RunTime:0.0034s ]
SQL: SELECT COUNT(*) AS tp_count FROM `php34_goods` WHERE `is_delete` = 0 LIMIT 1   [ RunTime:0.0008s ]
SQL: SELECT a.*,b.cat_name,group_concat(d.cat_name SEPARATOR "<br/>") ext_name FROM php34_goods a LEFT JOIN php34_category as b on a.cat_id=b.id LEFT JOIN php34_ext_cat as c on c.goods_id=a.id LEFT JOIN php34_category as d on d.id =c.cat_id  WHERE `is_delete` = 0 GROUP BY a.id ORDER BY id desc LIMIT 0,10   [ RunTime:0.0003s ]
INFO: [ view_parse ] --START--
INFO: [ template_filter ] --START--
INFO: Run Behavior\ContentReplaceBehavior [ RunTime:0.000123s ]
INFO: [ template_filter ] --END-- [ RunTime:0.000194s ]
INFO: Run Behavior\ParseTemplateBehavior [ RunTime:0.007666s ]
INFO: [ view_parse ] --END-- [ RunTime:0.007756s ]
INFO: [ view_filter ] --START--
INFO: Run Behavior\WriteHtmlCacheBehavior [ RunTime:0.000223s ]
INFO: [ view_filter ] --END-- [ RunTime:0.000275s ]
INFO: [ app_end ] --START--
INFO: Run Behavior\ShowPageTraceBehavior [ RunTime:0.000809s ]
INFO: [ app_end ] --END-- [ RunTime:0.000911s ]

[ 2016-09-26T09:09:48+08:00 ] 127.0.0.1 /admin/Back/Goods/goodsNumber/id/79
INFO: [ app_init ] --START--
INFO: Run Behavior\BuildLiteBehavior [ RunTime:0.000023s ]
INFO: [ app_init ] --END-- [ RunTime:0.000488s ]
INFO: [ app_begin ] --START--
INFO: Run Behavior\ReadHtmlCacheBehavior [ RunTime:0.000730s ]
INFO: [ app_begin ] --END-- [ RunTime:0.000841s ]
SQL: SHOW COLUMNS FROM `php34_goods_attr` [ RunTime:0.0043s ]
SQL: SELECT group_concat(a.id) ids,group_concat(a.attr_value) attr_value,b.attr_name FROM php34_goods_attr a INNER JOIN php34_attr b on b.id=a.attr_id  WHERE `goods_id` = '79' GROUP BY a.attr_id HAVING count(*)>1  [ RunTime:0.0057s ]
SQL: SHOW COLUMNS FROM `php34_goods_number` [ RunTime:0.0212s ]
SQL: SELECT * FROM `php34_goods_number` WHERE `goods_id` = '79'  [ RunTime:0.0004s ]
INFO: [ view_parse ] --START--
INFO: [ template_filter ] --START--
INFO: Run Behavior\ContentReplaceBehavior [ RunTime:0.000093s ]
INFO: [ template_filter ] --END-- [ RunTime:0.000193s ]
NOTIC: [8] Undefined index: 5,11 E:\php\http\fuxi\admin\Application\Runtime\Cache\Back\23d6bf005302236dcb729d92bee235e5.php 第 47 行.
NOTIC: [8] Undefined index: 7,9 E:\php\http\fuxi\admin\Application\Runtime\Cache\Back\23d6bf005302236dcb729d92bee235e5.php 第 47 行.
NOTIC: [8] Undefined index: 7,11 E:\php\http\fuxi\admin\Application\Runtime\Cache\Back\23d6bf005302236dcb729d92bee235e5.php 第 47 行.
INFO: Run Behavior\ParseTemplateBehavior [ RunTime:0.009038s ]
INFO: [ view_parse ] --END-- [ RunTime:0.009141s ]
INFO: [ view_filter ] --START--
INFO: Run Behavior\WriteHtmlCacheBehavior [ RunTime:0.000382s ]
INFO: [ view_filter ] --END-- [ RunTime:0.000468s ]
INFO: [ app_end ] --START--
INFO: Run Behavior\ShowPageTraceBehavior [ RunTime:0.000682s ]
INFO: [ app_end ] --END-- [ RunTime:0.000777s ]

[ 2016-09-26T09:09:50+08:00 ] 127.0.0.1 /admin/Back/goods/lst
INFO: [ app_init ] --START--
INFO: Run Behavior\BuildLiteBehavior [ RunTime:0.000024s ]
INFO: [ app_init ] --END-- [ RunTime:0.000495s ]
INFO: [ app_begin ] --START--
INFO: Run Behavior\ReadHtmlCacheBehavior [ RunTime:0.002015s ]
INFO: [ app_begin ] --END-- [ RunTime:0.002132s ]
NOTIC: [2048] Declaration of Back\Model\GoodsModel::_before_delete() should be compatible with that of Think\Model::_before_delete() E:\php\http\fuxi\admin\Application\Back\Model\GoodsModel.class.php 第 4 行.
SQL: SHOW COLUMNS FROM `php34_goods` [ RunTime:0.0052s ]
SQL: SELECT COUNT(*) AS tp_count FROM `php34_goods` WHERE `is_delete` = 0 LIMIT 1   [ RunTime:0.0002s ]
SQL: SELECT a.*,b.cat_name,group_concat(d.cat_name SEPARATOR "<br/>") ext_name FROM php34_goods a LEFT JOIN php34_category as b on a.cat_id=b.id LEFT JOIN php34_ext_cat as c on c.goods_id=a.id LEFT JOIN php34_category as d on d.id =c.cat_id  WHERE `is_delete` = 0 GROUP BY a.id ORDER BY id desc LIMIT 0,10   [ RunTime:0.0004s ]
INFO: [ view_parse ] --START--
INFO: [ template_filter ] --START--
INFO: Run Behavior\ContentReplaceBehavior [ RunTime:0.000183s ]
INFO: [ template_filter ] --END-- [ RunTime:0.000287s ]
INFO: Run Behavior\ParseTemplateBehavior [ RunTime:0.012549s ]
INFO: [ view_parse ] --END-- [ RunTime:0.012689s ]
INFO: [ view_filter ] --START--
INFO: Run Behavior\WriteHtmlCacheBehavior [ RunTime:0.000457s ]
INFO: [ view_filter ] --END-- [ RunTime:0.000564s ]
INFO: [ app_end ] --START--
INFO: Run Behavior\ShowPageTraceBehavior [ RunTime:0.000840s ]
INFO: [ app_end ] --END-- [ RunTime:0.000974s ]

[ 2016-09-26T09:09:54+08:00 ] 127.0.0.1 /admin/Back/Goods/edit/id/79
INFO: [ app_init ] --START--
INFO: Run Behavior\BuildLiteBehavior [ RunTime:0.000016s ]
INFO: [ app_init ] --END-- [ RunTime:0.000308s ]
INFO: [ app_begin ] --START--
INFO: Run Behavior\ReadHtmlCacheBehavior [ RunTime:0.000438s ]
INFO: [ app_begin ] --END-- [ RunTime:0.000511s ]
NOTIC: [2048] Declaration of Back\Model\GoodsModel::_before_delete() should be compatible with that of Think\Model::_before_delete() E:\php\http\fuxi\admin\Application\Back\Model\GoodsModel.class.php 第 4 行.
SQL: SHOW COLUMNS FROM `php34_goods` [ RunTime:0.0051s ]
SQL: SHOW COLUMNS FROM `php34_type` [ RunTime:0.2444s ]
SQL: SELECT * FROM `php34_type`  [ RunTime:0.0003s ]
SQL: SELECT * FROM `php34_goods` WHERE `id` = 79 LIMIT 1   [ RunTime:0.0004s ]
SQL: SHOW COLUMNS FROM `php34_attr` [ RunTime:0.0034s ]
SQL: SELECT a.*,b.*,a.id a_id FROM php34_attr a left join php34_goods_attr b on b.attr_id = a.id  WHERE ( type_id=7 ) HAVING b.goods_id=79 or b.goods_id IS NULL  [ RunTime:0.0005s ]
SQL: SHOW COLUMNS FROM `php34_member_level` [ RunTime:0.2577s ]
SQL: SELECT a.id,a.level_name,b.youhui_price as price FROM php34_member_level a left join php34_youhui_price as b on a.id=b.youhui_num and b.goods_id=79   [ RunTime:0.1197s ]
SQL: SHOW COLUMNS FROM `php34_pic` [ RunTime:0.1134s ]
SQL: SELECT * FROM `php34_pic` WHERE `goods_id` = '79'  [ RunTime:0.0003s ]
NOTIC: [2048] Declaration of Back\Model\CategoryModel::_before_delete() should be compatible with that of Think\Model::_before_delete() E:\php\http\fuxi\admin\Application\Back\Model\CategoryModel.class.php 第 127 行.
SQL: SHOW COLUMNS FROM `php34_category` [ RunTime:0.0084s ]
SQL: SELECT `id`,`cat_name`,`parent_id` FROM `php34_category`  [ RunTime:0.0008s ]
SQL: SHOW COLUMNS FROM `php34_ext_cat` [ RunTime:0.0039s ]
SQL: SELECT * FROM `php34_ext_cat` WHERE `goods_id` = '79'  [ RunTime:0.0002s ]
INFO: [ view_parse ] --START--
INFO: [ template_filter ] --START--
INFO: Run Behavior\ContentReplaceBehavior [ RunTime:0.000199s ]
INFO: [ template_filter ] --END-- [ RunTime:0.000281s ]
SQL: SHOW COLUMNS FROM `php34_brand` [ RunTime:0.1302s ]
SQL: SELECT `brand_name`,`id` FROM `php34_brand`  [ RunTime:0.0003s ]
INFO: Run Behavior\ParseTemplateBehavior [ RunTime:0.571221s ]
INFO: [ view_parse ] --END-- [ RunTime:0.571288s ]
INFO: [ view_filter ] --START--
INFO: Run Behavior\WriteHtmlCacheBehavior [ RunTime:0.000334s ]
INFO: [ view_filter ] --END-- [ RunTime:0.000392s ]
INFO: [ app_end ] --START--
INFO: Run Behavior\ShowPageTraceBehavior [ RunTime:0.000533s ]
INFO: [ app_end ] --END-- [ RunTime:0.000607s ]

