[ 2016-09-18T08:22:48+08:00 ] 127.0.0.1 /admin/
INFO: [ app_init ] --START--
INFO: Run Behavior\BuildLiteBehavior [ RunTime:0.000021s ]
INFO: [ app_init ] --END-- [ RunTime:0.016115s ]
INFO: [ app_begin ] --START--
INFO: Run Behavior\ReadHtmlCacheBehavior [ RunTime:0.012690s ]
INFO: [ app_begin ] --END-- [ RunTime:0.012826s ]
NOTIC: [2] session_start() [<a href='function.session-start'>function.session-start</a>]: Cannot find save handler 'file' - session startup failed E:\php\http\fuxi\admin\ThinkPHP\Common\functions.php 第 1263 行.
INFO: [ view_parse ] --START--
INFO: [ template_filter ] --START--
INFO: Run Behavior\ContentReplaceBehavior [ RunTime:0.000048s ]
INFO: [ template_filter ] --END-- [ RunTime:0.000120s ]
INFO: Run Behavior\ParseTemplateBehavior [ RunTime:0.043162s ]
INFO: [ view_parse ] --END-- [ RunTime:0.043277s ]
INFO: [ view_filter ] --START--
INFO: Run Behavior\WriteHtmlCacheBehavior [ RunTime:0.021051s ]
INFO: [ view_filter ] --END-- [ RunTime:0.021169s ]
INFO: [ app_end ] --START--
INFO: Run Behavior\ShowPageTraceBehavior [ RunTime:0.001942s ]
INFO: [ app_end ] --END-- [ RunTime:0.002061s ]

[ 2016-09-18T08:22:49+08:00 ] 127.0.0.1 /admin/Back/Index/left
INFO: [ app_init ] --START--
INFO: Run Behavior\BuildLiteBehavior [ RunTime:0.000023s ]
INFO: [ app_init ] --END-- [ RunTime:0.000517s ]
INFO: [ app_begin ] --START--
INFO: Run Behavior\ReadHtmlCacheBehavior [ RunTime:0.000869s ]
INFO: [ app_begin ] --END-- [ RunTime:0.001031s ]
NOTIC: [2] session_start() [<a href='function.session-start'>function.session-start</a>]: Cannot find save handler 'file' - session startup failed E:\php\http\fuxi\admin\ThinkPHP\Common\functions.php 第 1263 行.
INFO: [ view_parse ] --START--
INFO: [ template_filter ] --START--
INFO: Run Behavior\ContentReplaceBehavior [ RunTime:0.000116s ]
INFO: [ template_filter ] --END-- [ RunTime:0.000230s ]
INFO: Run Behavior\ParseTemplateBehavior [ RunTime:0.019875s ]
INFO: [ view_parse ] --END-- [ RunTime:0.019984s ]
INFO: [ view_filter ] --START--
INFO: Run Behavior\WriteHtmlCacheBehavior [ RunTime:0.000408s ]
INFO: [ view_filter ] --END-- [ RunTime:0.000491s ]
INFO: [ app_end ] --START--
INFO: Run Behavior\ShowPageTraceBehavior [ RunTime:0.000768s ]
INFO: [ app_end ] --END-- [ RunTime:0.000861s ]

[ 2016-09-18T08:22:49+08:00 ] 127.0.0.1 /admin/Back/Index/top
INFO: [ app_init ] --START--
INFO: Run Behavior\BuildLiteBehavior [ RunTime:0.000016s ]
INFO: [ app_init ] --END-- [ RunTime:0.000322s ]
INFO: [ app_begin ] --START--
INFO: Run Behavior\ReadHtmlCacheBehavior [ RunTime:0.000735s ]
INFO: [ app_begin ] --END-- [ RunTime:0.000857s ]
NOTIC: [2] session_start() [<a href='function.session-start'>function.session-start</a>]: Cannot find save handler 'file' - session startup failed E:\php\http\fuxi\admin\ThinkPHP\Common\functions.php 第 1263 行.
INFO: [ view_parse ] --START--
INFO: [ template_filter ] --START--
INFO: Run Behavior\ContentReplaceBehavior [ RunTime:0.000191s ]
INFO: [ template_filter ] --END-- [ RunTime:0.000311s ]
INFO: Run Behavior\ParseTemplateBehavior [ RunTime:0.027578s ]
INFO: [ view_parse ] --END-- [ RunTime:0.027687s ]
INFO: [ view_filter ] --START--
INFO: Run Behavior\WriteHtmlCacheBehavior [ RunTime:0.000312s ]
INFO: [ view_filter ] --END-- [ RunTime:0.000389s ]
INFO: [ app_end ] --START--
INFO: Run Behavior\ShowPageTraceBehavior [ RunTime:0.000738s ]
INFO: [ app_end ] --END-- [ RunTime:0.000839s ]

[ 2016-09-18T08:22:49+08:00 ] 127.0.0.1 /admin/Back/Index/main
INFO: [ app_init ] --START--
INFO: Run Behavior\BuildLiteBehavior [ RunTime:0.000015s ]
INFO: [ app_init ] --END-- [ RunTime:0.000369s ]
INFO: [ app_begin ] --START--
INFO: Run Behavior\ReadHtmlCacheBehavior [ RunTime:0.000856s ]
INFO: [ app_begin ] --END-- [ RunTime:0.000962s ]
NOTIC: [2] session_start() [<a href='function.session-start'>function.session-start</a>]: Cannot find save handler 'file' - session startup failed E:\php\http\fuxi\admin\ThinkPHP\Common\functions.php 第 1263 行.
INFO: [ view_parse ] --START--
INFO: [ template_filter ] --START--
INFO: Run Behavior\ContentReplaceBehavior [ RunTime:0.000145s ]
INFO: [ template_filter ] --END-- [ RunTime:0.000213s ]
INFO: Run Behavior\ParseTemplateBehavior [ RunTime:0.049927s ]
INFO: [ view_parse ] --END-- [ RunTime:0.050009s ]
INFO: [ view_filter ] --START--
INFO: Run Behavior\WriteHtmlCacheBehavior [ RunTime:0.000317s ]
INFO: [ view_filter ] --END-- [ RunTime:0.000367s ]
INFO: [ app_end ] --START--
INFO: Run Behavior\ShowPageTraceBehavior [ RunTime:0.000653s ]
INFO: [ app_end ] --END-- [ RunTime:0.000719s ]

[ 2016-09-18T08:22:49+08:00 ] 127.0.0.1 /admin/Back//admin/Public/js/transport.org.js
INFO: [ app_init ] --START--
INFO: Run Behavior\BuildLiteBehavior [ RunTime:0.000022s ]
INFO: [ app_init ] --END-- [ RunTime:0.000450s ]
INFO: [ app_begin ] --START--
INFO: Run Behavior\ReadHtmlCacheBehavior [ RunTime:0.000611s ]
INFO: [ app_begin ] --END-- [ RunTime:0.000694s ]
NOTIC: [2] session_start() [<a href='function.session-start'>function.session-start</a>]: Cannot find save handler 'file' - session startup failed E:\php\http\fuxi\admin\ThinkPHP\Common\functions.php 第 1263 行.
ERR: 无法加载控制器:Admin

[ 2016-09-18T08:23:06+08:00 ] 127.0.0.1 /admin/Back/goods/add
INFO: [ app_init ] --START--
INFO: Run Behavior\BuildLiteBehavior [ RunTime:0.000028s ]
INFO: [ app_init ] --END-- [ RunTime:0.000640s ]
INFO: [ app_begin ] --START--
INFO: Run Behavior\ReadHtmlCacheBehavior [ RunTime:0.000848s ]
INFO: [ app_begin ] --END-- [ RunTime:0.000963s ]
NOTIC: [2] session_start() [<a href='function.session-start'>function.session-start</a>]: Cannot find save handler 'file' - session startup failed E:\php\http\fuxi\admin\ThinkPHP\Common\functions.php 第 1263 行.
INFO: [ view_parse ] --START--
INFO: [ template_filter ] --START--
INFO: Run Behavior\ContentReplaceBehavior [ RunTime:0.000706s ]
INFO: [ template_filter ] --END-- [ RunTime:0.000832s ]
INFO: Run Behavior\ParseTemplateBehavior [ RunTime:0.050516s ]
INFO: [ view_parse ] --END-- [ RunTime:0.050646s ]
INFO: [ view_filter ] --START--
INFO: Run Behavior\WriteHtmlCacheBehavior [ RunTime:0.000562s ]
INFO: [ view_filter ] --END-- [ RunTime:0.000648s ]
INFO: [ app_end ] --START--
INFO: Run Behavior\ShowPageTraceBehavior [ RunTime:0.000848s ]
INFO: [ app_end ] --END-- [ RunTime:0.000953s ]

[ 2016-09-18T08:23:08+08:00 ] 127.0.0.1 /admin/Back/goods/attr_img_upload.php?goods_id=0&goods_attr_id=
INFO: [ app_init ] --START--
INFO: Run Behavior\BuildLiteBehavior [ RunTime:0.000024s ]
INFO: [ app_init ] --END-- [ RunTime:0.000591s ]
INFO: [ app_begin ] --START--
INFO: Run Behavior\ReadHtmlCacheBehavior [ RunTime:0.000854s ]
INFO: [ app_begin ] --END-- [ RunTime:0.000967s ]
NOTIC: [2] session_start() [<a href='function.session-start'>function.session-start</a>]: Cannot find save handler 'file' - session startup failed E:\php\http\fuxi\admin\ThinkPHP\Common\functions.php 第 1263 行.
ERR: 非法操作:attr_img_upload.php

[ 2016-09-18T08:34:15+08:00 ] 127.0.0.1 /admin/Back/goods/add
INFO: [ app_init ] --START--
INFO: Run Behavior\BuildLiteBehavior [ RunTime:0.000024s ]
INFO: [ app_init ] --END-- [ RunTime:0.000564s ]
INFO: [ app_begin ] --START--
INFO: Run Behavior\ReadHtmlCacheBehavior [ RunTime:0.000861s ]
INFO: [ app_begin ] --END-- [ RunTime:0.000975s ]
NOTIC: [2] session_start() [<a href='function.session-start'>function.session-start</a>]: Cannot find save handler 'file' - session startup failed E:\php\http\fuxi\admin\ThinkPHP\Common\functions.php 第 1263 行.
INFO: [ view_parse ] --START--
INFO: [ template_filter ] --START--
INFO: Run Behavior\ContentReplaceBehavior [ RunTime:0.000644s ]
INFO: [ template_filter ] --END-- [ RunTime:0.000775s ]
INFO: Run Behavior\ParseTemplateBehavior [ RunTime:0.031278s ]
INFO: [ view_parse ] --END-- [ RunTime:0.031393s ]
INFO: [ view_filter ] --START--
INFO: Run Behavior\WriteHtmlCacheBehavior [ RunTime:0.000544s ]
INFO: [ view_filter ] --END-- [ RunTime:0.000636s ]
INFO: [ app_end ] --START--
INFO: Run Behavior\ShowPageTraceBehavior [ RunTime:0.000846s ]
INFO: [ app_end ] --END-- [ RunTime:0.000952s ]

[ 2016-09-18T08:34:16+08:00 ] 127.0.0.1 /admin/Back/goods/attr_img_upload.php?goods_id=0&goods_attr_id=
INFO: [ app_init ] --START--
INFO: Run Behavior\BuildLiteBehavior [ RunTime:0.000022s ]
INFO: [ app_init ] --END-- [ RunTime:0.000491s ]
INFO: [ app_begin ] --START--
INFO: Run Behavior\ReadHtmlCacheBehavior [ RunTime:0.000744s ]
INFO: [ app_begin ] --END-- [ RunTime:0.000862s ]
NOTIC: [2] session_start() [<a href='function.session-start'>function.session-start</a>]: Cannot find save handler 'file' - session startup failed E:\php\http\fuxi\admin\ThinkPHP\Common\functions.php 第 1263 行.
ERR: 非法操作:attr_img_upload.php

[ 2016-09-18T08:34:38+08:00 ] 127.0.0.1 /admin/Back/goods/add
INFO: [ app_init ] --START--
INFO: Run Behavior\BuildLiteBehavior [ RunTime:0.000183s ]
INFO: [ app_init ] --END-- [ RunTime:0.000667s ]
INFO: [ app_begin ] --START--
INFO: Run Behavior\ReadHtmlCacheBehavior [ RunTime:0.000681s ]
INFO: [ app_begin ] --END-- [ RunTime:0.000790s ]
NOTIC: [2] session_start() [<a href='function.session-start'>function.session-start</a>]: Cannot find save handler 'file' - session startup failed E:\php\http\fuxi\admin\ThinkPHP\Common\functions.php 第 1263 行.
SQL: SHOW COLUMNS FROM `php34_goods` [ RunTime:0.0055s ]
NOTIC: [8] Undefined index: validate E:\php\http\fuxi\admin\ThinkPHP\Library\Think\Model.class.php 第 1185 行.
SQL: SELECT * FROM `php34_goods` WHERE `goods_name` = 'fdfsdf' LIMIT 1   [ RunTime:0.0303s ]
NOTIC: [8] Undefined index: auto E:\php\http\fuxi\admin\ThinkPHP\Library\Think\Model.class.php 第 1128 行.

[ 2016-09-18T08:42:07+08:00 ] 127.0.0.1 /admin/Back/goods/add
INFO: [ app_init ] --START--
INFO: Run Behavior\BuildLiteBehavior [ RunTime:0.000024s ]
INFO: [ app_init ] --END-- [ RunTime:0.000608s ]
INFO: [ app_begin ] --START--
INFO: Run Behavior\ReadHtmlCacheBehavior [ RunTime:0.000922s ]
INFO: [ app_begin ] --END-- [ RunTime:0.001032s ]
NOTIC: [2] session_start() [<a href='function.session-start'>function.session-start</a>]: Cannot find save handler 'file' - session startup failed E:\php\http\fuxi\admin\ThinkPHP\Common\functions.php 第 1263 行.
INFO: [ view_parse ] --START--
INFO: [ template_filter ] --START--
INFO: Run Behavior\ContentReplaceBehavior [ RunTime:0.000609s ]
INFO: [ template_filter ] --END-- [ RunTime:0.000739s ]
INFO: Run Behavior\ParseTemplateBehavior [ RunTime:0.034632s ]
INFO: [ view_parse ] --END-- [ RunTime:0.034749s ]
INFO: [ view_filter ] --START--
INFO: Run Behavior\WriteHtmlCacheBehavior [ RunTime:0.000479s ]
INFO: [ view_filter ] --END-- [ RunTime:0.000554s ]
INFO: [ app_end ] --START--
INFO: Run Behavior\ShowPageTraceBehavior [ RunTime:0.002188s ]
INFO: [ app_end ] --END-- [ RunTime:0.002297s ]

[ 2016-09-18T08:42:08+08:00 ] 127.0.0.1 /admin/Back/goods/attr_img_upload.php?goods_id=0&goods_attr_id=
INFO: [ app_init ] --START--
INFO: Run Behavior\BuildLiteBehavior [ RunTime:0.000026s ]
INFO: [ app_init ] --END-- [ RunTime:0.000514s ]
INFO: [ app_begin ] --START--
INFO: Run Behavior\ReadHtmlCacheBehavior [ RunTime:0.000680s ]
INFO: [ app_begin ] --END-- [ RunTime:0.000791s ]
NOTIC: [2] session_start() [<a href='function.session-start'>function.session-start</a>]: Cannot find save handler 'file' - session startup failed E:\php\http\fuxi\admin\ThinkPHP\Common\functions.php 第 1263 行.
ERR: 非法操作:attr_img_upload.php

[ 2016-09-18T08:42:14+08:00 ] 127.0.0.1 /admin/Back/goods/add
INFO: [ app_init ] --START--
INFO: Run Behavior\BuildLiteBehavior [ RunTime:0.000025s ]
INFO: [ app_init ] --END-- [ RunTime:0.000489s ]
INFO: [ app_begin ] --START--
INFO: Run Behavior\ReadHtmlCacheBehavior [ RunTime:0.000651s ]
INFO: [ app_begin ] --END-- [ RunTime:0.000746s ]
NOTIC: [2] session_start() [<a href='function.session-start'>function.session-start</a>]: Cannot find save handler 'file' - session startup failed E:\php\http\fuxi\admin\ThinkPHP\Common\functions.php 第 1263 行.
SQL: SHOW COLUMNS FROM `php34_goods` [ RunTime:0.0055s ]
NOTIC: [8] Undefined index: validate E:\php\http\fuxi\admin\ThinkPHP\Library\Think\Model.class.php 第 1185 行.
SQL: SELECT * FROM `php34_goods` WHERE `goods_name` = 'fd' LIMIT 1   [ RunTime:0.0005s ]
NOTIC: [8] Undefined index: auto E:\php\http\fuxi\admin\ThinkPHP\Library\Think\Model.class.php 第 1128 行.
NOTIC: [2] call_user_func() expects parameter 1 to be a valid callback, no array or string given E:\php\http\fuxi\admin\ThinkPHP\Library\Think\Upload.class.php 第 170 行.
NOTIC: [8] getimagesize() [<a href='function.getimagesize'>function.getimagesize</a>]: Read error! E:\php\http\fuxi\admin\ThinkPHP\Library\Think\Upload.class.php 第 199 行.
SQL: INSERT INTO `php34_goods` (`goods_name`,`cat_id`,`shop_price`,`market_price`,`jifen`,`jyz`,`promote_price`,`promote_start_time`,`promote_end_time`,`goods_desc`,`is_on_sale`,`seo_keyword`,`addtime`) VALUES ('fd','0','0','0','-1','-1','0','2016','2016','','1','','1474159334') [ RunTime:0.0006s ]
INFO: [ view_parse ] --START--
INFO: [ template_filter ] --START--
INFO: Run Behavior\ContentReplaceBehavior [ RunTime:0.000070s ]
INFO: [ template_filter ] --END-- [ RunTime:0.000192s ]
INFO: Run Behavior\ParseTemplateBehavior [ RunTime:0.026217s ]
INFO: [ view_parse ] --END-- [ RunTime:0.026324s ]
INFO: [ view_filter ] --START--
INFO: Run Behavior\WriteHtmlCacheBehavior [ RunTime:0.001944s ]
INFO: [ view_filter ] --END-- [ RunTime:0.002035s ]

[ 2016-09-18T08:42:16+08:00 ] 127.0.0.1 /admin/Goods/lst.html
INFO: [ app_init ] --START--
INFO: Run Behavior\BuildLiteBehavior [ RunTime:0.000026s ]
INFO: [ app_init ] --END-- [ RunTime:0.000871s ]
INFO: [ app_begin ] --START--
INFO: Run Behavior\ReadHtmlCacheBehavior [ RunTime:0.002265s ]
INFO: [ app_begin ] --END-- [ RunTime:0.002404s ]
NOTIC: [2] session_start() [<a href='function.session-start'>function.session-start</a>]: Cannot find save handler 'file' - session startup failed E:\php\http\fuxi\admin\ThinkPHP\Common\functions.php 第 1263 行.
INFO: [ view_parse ] --START--
INFO: [ template_filter ] --START--
INFO: Run Behavior\ContentReplaceBehavior [ RunTime:0.000070s ]
INFO: [ template_filter ] --END-- [ RunTime:0.000182s ]
INFO: Run Behavior\ParseTemplateBehavior [ RunTime:0.005631s ]
INFO: [ view_parse ] --END-- [ RunTime:0.005764s ]
INFO: [ view_filter ] --START--
INFO: Run Behavior\WriteHtmlCacheBehavior [ RunTime:0.001900s ]
INFO: [ view_filter ] --END-- [ RunTime:0.002002s ]
INFO: [ app_end ] --START--
INFO: Run Behavior\ShowPageTraceBehavior [ RunTime:0.002131s ]
INFO: [ app_end ] --END-- [ RunTime:0.002234s ]

[ 2016-09-18T08:43:43+08:00 ] 127.0.0.1 /admin/Back/goods/add
INFO: [ app_init ] --START--
INFO: Run Behavior\BuildLiteBehavior [ RunTime:0.000026s ]
INFO: [ app_init ] --END-- [ RunTime:0.000918s ]
INFO: [ app_begin ] --START--
INFO: Run Behavior\ReadHtmlCacheBehavior [ RunTime:0.002080s ]
INFO: [ app_begin ] --END-- [ RunTime:0.002194s ]
NOTIC: [2] session_start() [<a href='function.session-start'>function.session-start</a>]: Cannot find save handler 'file' - session startup failed E:\php\http\fuxi\admin\ThinkPHP\Common\functions.php 第 1263 行.
INFO: [ view_parse ] --START--
INFO: [ template_filter ] --START--
INFO: Run Behavior\ContentReplaceBehavior [ RunTime:0.000440s ]
INFO: [ template_filter ] --END-- [ RunTime:0.000518s ]
INFO: Run Behavior\ParseTemplateBehavior [ RunTime:0.030776s ]
INFO: [ view_parse ] --END-- [ RunTime:0.030879s ]
INFO: [ view_filter ] --START--
INFO: Run Behavior\WriteHtmlCacheBehavior [ RunTime:0.001334s ]
INFO: [ view_filter ] --END-- [ RunTime:0.001414s ]
INFO: [ app_end ] --START--
INFO: Run Behavior\ShowPageTraceBehavior [ RunTime:0.002080s ]
INFO: [ app_end ] --END-- [ RunTime:0.002187s ]

[ 2016-09-18T08:43:43+08:00 ] 127.0.0.1 /admin/Back/goods/attr_img_upload.php?goods_id=0&goods_attr_id=
INFO: [ app_init ] --START--
INFO: Run Behavior\BuildLiteBehavior [ RunTime:0.000025s ]
INFO: [ app_init ] --END-- [ RunTime:0.000888s ]
INFO: [ app_begin ] --START--
INFO: Run Behavior\ReadHtmlCacheBehavior [ RunTime:0.002251s ]
INFO: [ app_begin ] --END-- [ RunTime:0.002387s ]
NOTIC: [2] session_start() [<a href='function.session-start'>function.session-start</a>]: Cannot find save handler 'file' - session startup failed E:\php\http\fuxi\admin\ThinkPHP\Common\functions.php 第 1263 行.
ERR: 非法操作:attr_img_upload.php

[ 2016-09-18T08:43:48+08:00 ] 127.0.0.1 /admin/Back/goods/add
INFO: [ app_init ] --START--
INFO: Run Behavior\BuildLiteBehavior [ RunTime:0.000025s ]
INFO: [ app_init ] --END-- [ RunTime:0.000859s ]
INFO: [ app_begin ] --START--
INFO: Run Behavior\ReadHtmlCacheBehavior [ RunTime:0.002154s ]
INFO: [ app_begin ] --END-- [ RunTime:0.002288s ]
NOTIC: [2] session_start() [<a href='function.session-start'>function.session-start</a>]: Cannot find save handler 'file' - session startup failed E:\php\http\fuxi\admin\ThinkPHP\Common\functions.php 第 1263 行.
SQL: SHOW COLUMNS FROM `php34_goods` [ RunTime:0.0057s ]
NOTIC: [8] Undefined index: validate E:\php\http\fuxi\admin\ThinkPHP\Library\Think\Model.class.php 第 1185 行.
SQL: SELECT * FROM `php34_goods` WHERE `goods_name` = 'fdsf' LIMIT 1   [ RunTime:0.0005s ]
NOTIC: [8] Undefined index: auto E:\php\http\fuxi\admin\ThinkPHP\Library\Think\Model.class.php 第 1128 行.
NOTIC: [2] call_user_func() expects parameter 1 to be a valid callback, no array or string given E:\php\http\fuxi\admin\ThinkPHP\Library\Think\Upload.class.php 第 170 行.
NOTIC: [8] getimagesize() [<a href='function.getimagesize'>function.getimagesize</a>]: Read error! E:\php\http\fuxi\admin\ThinkPHP\Library\Think\Upload.class.php 第 199 行.
INFO: [ view_parse ] --START--
INFO: [ template_filter ] --START--
INFO: Run Behavior\ContentReplaceBehavior [ RunTime:0.000049s ]
INFO: [ template_filter ] --END-- [ RunTime:0.000140s ]
INFO: Run Behavior\ParseTemplateBehavior [ RunTime:0.010496s ]
INFO: [ view_parse ] --END-- [ RunTime:0.010615s ]
INFO: [ view_filter ] --START--
INFO: Run Behavior\WriteHtmlCacheBehavior [ RunTime:0.001746s ]
INFO: [ view_filter ] --END-- [ RunTime:0.001848s ]

[ 2016-09-18T08:43:53+08:00 ] 127.0.0.1 /admin/Back/goods/attr_img_upload.php?goods_id=0&goods_attr_id=
INFO: [ app_init ] --START--
INFO: Run Behavior\BuildLiteBehavior [ RunTime:0.000026s ]
INFO: [ app_init ] --END-- [ RunTime:0.000883s ]
INFO: [ app_begin ] --START--
INFO: Run Behavior\ReadHtmlCacheBehavior [ RunTime:0.002243s ]
INFO: [ app_begin ] --END-- [ RunTime:0.002373s ]
NOTIC: [2] session_start() [<a href='function.session-start'>function.session-start</a>]: Cannot find save handler 'file' - session startup failed E:\php\http\fuxi\admin\ThinkPHP\Common\functions.php 第 1263 行.
ERR: 非法操作:attr_img_upload.php

[ 2016-09-18T08:44:38+08:00 ] 127.0.0.1 /admin/Back/goods/add
INFO: [ app_init ] --START--
INFO: Run Behavior\BuildLiteBehavior [ RunTime:0.000026s ]
INFO: [ app_init ] --END-- [ RunTime:0.000580s ]
INFO: [ app_begin ] --START--
INFO: Run Behavior\ReadHtmlCacheBehavior [ RunTime:0.001071s ]
INFO: [ app_begin ] --END-- [ RunTime:0.001178s ]
NOTIC: [2] session_start() [<a href='function.session-start'>function.session-start</a>]: Cannot find save handler 'file' - session startup failed E:\php\http\fuxi\admin\ThinkPHP\Common\functions.php 第 1263 行.
INFO: [ view_parse ] --START--
INFO: [ template_filter ] --START--
INFO: Run Behavior\ContentReplaceBehavior [ RunTime:0.000663s ]
INFO: [ template_filter ] --END-- [ RunTime:0.000797s ]
INFO: Run Behavior\ParseTemplateBehavior [ RunTime:0.032129s ]
INFO: [ view_parse ] --END-- [ RunTime:0.032248s ]
INFO: [ view_filter ] --START--
INFO: Run Behavior\WriteHtmlCacheBehavior [ RunTime:0.000836s ]
INFO: [ view_filter ] --END-- [ RunTime:0.000932s ]
INFO: [ app_end ] --START--
INFO: Run Behavior\ShowPageTraceBehavior [ RunTime:0.001118s ]
INFO: [ app_end ] --END-- [ RunTime:0.001233s ]

[ 2016-09-18T08:44:38+08:00 ] 127.0.0.1 /admin/Back/goods/attr_img_upload.php?goods_id=0&goods_attr_id=
INFO: [ app_init ] --START--
INFO: Run Behavior\BuildLiteBehavior [ RunTime:0.000016s ]
INFO: [ app_init ] --END-- [ RunTime:0.000373s ]
INFO: [ app_begin ] --START--
INFO: Run Behavior\ReadHtmlCacheBehavior [ RunTime:0.000909s ]
INFO: [ app_begin ] --END-- [ RunTime:0.001016s ]
NOTIC: [2] session_start() [<a href='function.session-start'>function.session-start</a>]: Cannot find save handler 'file' - session startup failed E:\php\http\fuxi\admin\ThinkPHP\Common\functions.php 第 1263 行.
ERR: 非法操作:attr_img_upload.php

[ 2016-09-18T08:44:44+08:00 ] 127.0.0.1 /admin/Back/goods/add
INFO: [ app_init ] --START--
INFO: Run Behavior\BuildLiteBehavior [ RunTime:0.000017s ]
INFO: [ app_init ] --END-- [ RunTime:0.000419s ]
INFO: [ app_begin ] --START--
INFO: Run Behavior\ReadHtmlCacheBehavior [ RunTime:0.000934s ]
INFO: [ app_begin ] --END-- [ RunTime:0.001058s ]
NOTIC: [2] session_start() [<a href='function.session-start'>function.session-start</a>]: Cannot find save handler 'file' - session startup failed E:\php\http\fuxi\admin\ThinkPHP\Common\functions.php 第 1263 行.
SQL: SHOW COLUMNS FROM `php34_goods` [ RunTime:0.0077s ]
NOTIC: [8] Undefined index: validate E:\php\http\fuxi\admin\ThinkPHP\Library\Think\Model.class.php 第 1185 行.
SQL: SELECT * FROM `php34_goods` WHERE `goods_name` = 'fdsfds' LIMIT 1   [ RunTime:0.0006s ]
INFO: [ view_parse ] --START--
INFO: [ template_filter ] --START--
INFO: Run Behavior\ContentReplaceBehavior [ RunTime:0.000072s ]
INFO: [ template_filter ] --END-- [ RunTime:0.000178s ]
INFO: Run Behavior\ParseTemplateBehavior [ RunTime:0.009805s ]
INFO: [ view_parse ] --END-- [ RunTime:0.009925s ]
INFO: [ view_filter ] --START--
INFO: Run Behavior\WriteHtmlCacheBehavior [ RunTime:0.000590s ]
INFO: [ view_filter ] --END-- [ RunTime:0.000701s ]

[ 2016-09-18T08:44:47+08:00 ] 127.0.0.1 /admin/Back/goods/attr_img_upload.php?goods_id=0&goods_attr_id=
INFO: [ app_init ] --START--
INFO: Run Behavior\BuildLiteBehavior [ RunTime:0.000026s ]
INFO: [ app_init ] --END-- [ RunTime:0.000602s ]
INFO: [ app_begin ] --START--
INFO: Run Behavior\ReadHtmlCacheBehavior [ RunTime:0.000930s ]
INFO: [ app_begin ] --END-- [ RunTime:0.001043s ]
NOTIC: [2] session_start() [<a href='function.session-start'>function.session-start</a>]: Cannot find save handler 'file' - session startup failed E:\php\http\fuxi\admin\ThinkPHP\Common\functions.php 第 1263 行.
ERR: 非法操作:attr_img_upload.php

[ 2016-09-18T08:44:54+08:00 ] 127.0.0.1 /admin/Back/goods/add
INFO: [ app_init ] --START--
INFO: Run Behavior\BuildLiteBehavior [ RunTime:0.000021s ]
INFO: [ app_init ] --END-- [ RunTime:0.000518s ]
INFO: [ app_begin ] --START--
INFO: Run Behavior\ReadHtmlCacheBehavior [ RunTime:0.000803s ]
INFO: [ app_begin ] --END-- [ RunTime:0.000897s ]
NOTIC: [2] session_start() [<a href='function.session-start'>function.session-start</a>]: Cannot find save handler 'file' - session startup failed E:\php\http\fuxi\admin\ThinkPHP\Common\functions.php 第 1263 行.
SQL: SHOW COLUMNS FROM `php34_goods` [ RunTime:0.0056s ]
NOTIC: [8] Undefined index: validate E:\php\http\fuxi\admin\ThinkPHP\Library\Think\Model.class.php 第 1185 行.
SQL: SELECT * FROM `php34_goods` WHERE `goods_name` = 'fdsfdsdfeee' LIMIT 1   [ RunTime:0.0004s ]
NOTIC: [8] Undefined index: auto E:\php\http\fuxi\admin\ThinkPHP\Library\Think\Model.class.php 第 1128 行.
NOTIC: [8] Undefined index: name E:\php\http\fuxi\admin\ThinkPHP\Library\Think\Upload.class.php 第 230 行.
NOTIC: [8] Undefined index: name E:\php\http\fuxi\admin\ThinkPHP\Library\Think\Upload.class.php 第 148 行.
NOTIC: [8] Undefined index: tmp_name E:\php\http\fuxi\admin\ThinkPHP\Library\Think\Upload.class.php 第 152 行.
NOTIC: [2] finfo_file() [<a href='function.finfo-file'>function.finfo-file</a>]: Empty filename or path E:\php\http\fuxi\admin\ThinkPHP\Library\Think\Upload.class.php 第 152 行.
NOTIC: [8] Undefined index: error E:\php\http\fuxi\admin\ThinkPHP\Library\Think\Upload.class.php 第 269 行.
NOTIC: [8] Undefined index: tmp_name E:\php\http\fuxi\admin\ThinkPHP\Library\Think\Upload.class.php 第 280 行.
INFO: [ view_parse ] --START--
INFO: [ template_filter ] --START--
INFO: Run Behavior\ContentReplaceBehavior [ RunTime:0.000048s ]
INFO: [ template_filter ] --END-- [ RunTime:0.000128s ]
INFO: Run Behavior\ParseTemplateBehavior [ RunTime:0.006373s ]
INFO: [ view_parse ] --END-- [ RunTime:0.006448s ]
INFO: [ view_filter ] --START--
INFO: Run Behavior\WriteHtmlCacheBehavior [ RunTime:0.000390s ]
INFO: [ view_filter ] --END-- [ RunTime:0.000442s ]

[ 2016-09-18T08:44:57+08:00 ] 127.0.0.1 /admin/Back/goods/attr_img_upload.php?goods_id=0&goods_attr_id=
INFO: [ app_init ] --START--
INFO: Run Behavior\BuildLiteBehavior [ RunTime:0.000022s ]
INFO: [ app_init ] --END-- [ RunTime:0.000527s ]
INFO: [ app_begin ] --START--
INFO: Run Behavior\ReadHtmlCacheBehavior [ RunTime:0.000954s ]
INFO: [ app_begin ] --END-- [ RunTime:0.001066s ]
NOTIC: [2] session_start() [<a href='function.session-start'>function.session-start</a>]: Cannot find save handler 'file' - session startup failed E:\php\http\fuxi\admin\ThinkPHP\Common\functions.php 第 1263 行.
ERR: 非法操作:attr_img_upload.php

[ 2016-09-18T08:45:24+08:00 ] 127.0.0.1 /admin/Back/goods/add
INFO: [ app_init ] --START--
INFO: Run Behavior\BuildLiteBehavior [ RunTime:0.000025s ]
INFO: [ app_init ] --END-- [ RunTime:0.000559s ]
INFO: [ app_begin ] --START--
INFO: Run Behavior\ReadHtmlCacheBehavior [ RunTime:0.000950s ]
INFO: [ app_begin ] --END-- [ RunTime:0.001069s ]
NOTIC: [2] session_start() [<a href='function.session-start'>function.session-start</a>]: Cannot find save handler 'file' - session startup failed E:\php\http\fuxi\admin\ThinkPHP\Common\functions.php 第 1263 行.
SQL: SHOW COLUMNS FROM `php34_goods` [ RunTime:0.0060s ]
NOTIC: [8] Undefined index: validate E:\php\http\fuxi\admin\ThinkPHP\Library\Think\Model.class.php 第 1185 行.
SQL: SELECT * FROM `php34_goods` WHERE `goods_name` = 'fdsfdsdfeee' LIMIT 1   [ RunTime:0.0003s ]
NOTIC: [8] Undefined index: auto E:\php\http\fuxi\admin\ThinkPHP\Library\Think\Model.class.php 第 1128 行.
NOTIC: [2] call_user_func() expects parameter 1 to be a valid callback, no array or string given E:\php\http\fuxi\admin\ThinkPHP\Library\Think\Upload.class.php 第 170 行.
SQL: INSERT INTO `php34_goods` (`goods_name`,`cat_id`,`shop_price`,`market_price`,`jifen`,`jyz`,`promote_price`,`promote_start_time`,`promote_end_time`,`goods_desc`,`is_on_sale`,`seo_keyword`,`addtime`) VALUES ('fdsfdsdfeee','0','0','0','-1','-1','0','2016','2016','','1','','1474159524') [ RunTime:0.0007s ]
INFO: [ view_parse ] --START--
INFO: [ template_filter ] --START--
INFO: Run Behavior\ContentReplaceBehavior [ RunTime:0.000069s ]
INFO: [ template_filter ] --END-- [ RunTime:0.000188s ]
INFO: Run Behavior\ParseTemplateBehavior [ RunTime:0.009722s ]
INFO: [ view_parse ] --END-- [ RunTime:0.009847s ]
INFO: [ view_filter ] --START--
INFO: Run Behavior\WriteHtmlCacheBehavior [ RunTime:0.000580s ]
INFO: [ view_filter ] --END-- [ RunTime:0.000670s ]

[ 2016-09-18T08:45:25+08:00 ] 127.0.0.1 /admin/Goods/lst.html
INFO: [ app_init ] --START--
INFO: Run Behavior\BuildLiteBehavior [ RunTime:0.000025s ]
INFO: [ app_init ] --END-- [ RunTime:0.000551s ]
INFO: [ app_begin ] --START--
INFO: Run Behavior\ReadHtmlCacheBehavior [ RunTime:0.000924s ]
INFO: [ app_begin ] --END-- [ RunTime:0.001042s ]
NOTIC: [2] session_start() [<a href='function.session-start'>function.session-start</a>]: Cannot find save handler 'file' - session startup failed E:\php\http\fuxi\admin\ThinkPHP\Common\functions.php 第 1263 行.
INFO: [ view_parse ] --START--
INFO: [ template_filter ] --START--
INFO: Run Behavior\ContentReplaceBehavior [ RunTime:0.000067s ]
INFO: [ template_filter ] --END-- [ RunTime:0.000173s ]
INFO: Run Behavior\ParseTemplateBehavior [ RunTime:0.004213s ]
INFO: [ view_parse ] --END-- [ RunTime:0.004336s ]
INFO: [ view_filter ] --START--
INFO: Run Behavior\WriteHtmlCacheBehavior [ RunTime:0.000649s ]
INFO: [ view_filter ] --END-- [ RunTime:0.000742s ]
INFO: [ app_end ] --START--
INFO: Run Behavior\ShowPageTraceBehavior [ RunTime:0.000844s ]
INFO: [ app_end ] --END-- [ RunTime:0.000936s ]

[ 2016-09-18T08:47:31+08:00 ] 127.0.0.1 /admin/Back/goods/add
INFO: [ app_init ] --START--
INFO: Run Behavior\BuildLiteBehavior [ RunTime:0.000027s ]
INFO: [ app_init ] --END-- [ RunTime:0.000615s ]
INFO: [ app_begin ] --START--
INFO: Run Behavior\ReadHtmlCacheBehavior [ RunTime:0.000979s ]
INFO: [ app_begin ] --END-- [ RunTime:0.001189s ]
NOTIC: [2] session_start() [<a href='function.session-start'>function.session-start</a>]: Cannot find save handler 'file' - session startup failed E:\php\http\fuxi\admin\ThinkPHP\Common\functions.php 第 1263 行.
INFO: [ view_parse ] --START--
INFO: [ template_filter ] --START--
INFO: Run Behavior\ContentReplaceBehavior [ RunTime:0.000639s ]
INFO: [ template_filter ] --END-- [ RunTime:0.000777s ]
INFO: Run Behavior\ParseTemplateBehavior [ RunTime:0.033151s ]
INFO: [ view_parse ] --END-- [ RunTime:0.033359s ]
INFO: [ view_filter ] --START--
INFO: Run Behavior\WriteHtmlCacheBehavior [ RunTime:0.000624s ]
INFO: [ view_filter ] --END-- [ RunTime:0.000719s ]
INFO: [ app_end ] --START--
INFO: Run Behavior\ShowPageTraceBehavior [ RunTime:0.000990s ]
INFO: [ app_end ] --END-- [ RunTime:0.001100s ]

[ 2016-09-18T08:47:31+08:00 ] 127.0.0.1 /admin/Back/goods/attr_img_upload.php?goods_id=0&goods_attr_id=
INFO: [ app_init ] --START--
INFO: Run Behavior\BuildLiteBehavior [ RunTime:0.000024s ]
INFO: [ app_init ] --END-- [ RunTime:0.000588s ]
INFO: [ app_begin ] --START--
INFO: Run Behavior\ReadHtmlCacheBehavior [ RunTime:0.000947s ]
INFO: [ app_begin ] --END-- [ RunTime:0.001070s ]
NOTIC: [2] session_start() [<a href='function.session-start'>function.session-start</a>]: Cannot find save handler 'file' - session startup failed E:\php\http\fuxi\admin\ThinkPHP\Common\functions.php 第 1263 行.
ERR: 非法操作:attr_img_upload.php

[ 2016-09-18T08:47:43+08:00 ] 127.0.0.1 /admin/Back/goods/add
INFO: [ app_init ] --START--
INFO: Run Behavior\BuildLiteBehavior [ RunTime:0.000024s ]
INFO: [ app_init ] --END-- [ RunTime:0.000560s ]
INFO: [ app_begin ] --START--
INFO: Run Behavior\ReadHtmlCacheBehavior [ RunTime:0.000999s ]
INFO: [ app_begin ] --END-- [ RunTime:0.001136s ]
NOTIC: [2] session_start() [<a href='function.session-start'>function.session-start</a>]: Cannot find save handler 'file' - session startup failed E:\php\http\fuxi\admin\ThinkPHP\Common\functions.php 第 1263 行.
SQL: SHOW COLUMNS FROM `php34_goods` [ RunTime:0.0057s ]
NOTIC: [8] Undefined index: validate E:\php\http\fuxi\admin\ThinkPHP\Library\Think\Model.class.php 第 1185 行.
SQL: SELECT * FROM `php34_goods` WHERE `goods_name` = 'dfdsfsd3' LIMIT 1   [ RunTime:0.0005s ]
NOTIC: [8] Undefined index: auto E:\php\http\fuxi\admin\ThinkPHP\Library\Think\Model.class.php 第 1128 行.
NOTIC: [2] call_user_func() expects parameter 1 to be a valid callback, no array or string given E:\php\http\fuxi\admin\ThinkPHP\Library\Think\Upload.class.php 第 170 行.

[ 2016-09-18T09:12:07+08:00 ] 127.0.0.1 /admin/Back/goods/add
INFO: [ app_init ] --START--
INFO: Run Behavior\BuildLiteBehavior [ RunTime:0.000025s ]
INFO: [ app_init ] --END-- [ RunTime:0.000576s ]
INFO: [ app_begin ] --START--
INFO: Run Behavior\ReadHtmlCacheBehavior [ RunTime:0.000945s ]
INFO: [ app_begin ] --END-- [ RunTime:0.001057s ]
NOTIC: [2] session_start() [<a href='function.session-start'>function.session-start</a>]: Cannot find save handler 'file' - session startup failed E:\php\http\fuxi\admin\ThinkPHP\Common\functions.php 第 1263 行.
INFO: [ view_parse ] --START--
INFO: [ template_filter ] --START--
INFO: Run Behavior\ContentReplaceBehavior [ RunTime:0.000675s ]
INFO: [ template_filter ] --END-- [ RunTime:0.000806s ]
INFO: Run Behavior\ParseTemplateBehavior [ RunTime:0.029429s ]
INFO: [ view_parse ] --END-- [ RunTime:0.029542s ]
INFO: [ view_filter ] --START--
INFO: Run Behavior\WriteHtmlCacheBehavior [ RunTime:0.000559s ]
INFO: [ view_filter ] --END-- [ RunTime:0.000647s ]
INFO: [ app_end ] --START--
INFO: Run Behavior\ShowPageTraceBehavior [ RunTime:0.001025s ]
INFO: [ app_end ] --END-- [ RunTime:0.001134s ]

[ 2016-09-18T09:12:07+08:00 ] 127.0.0.1 /admin/Back/goods/attr_img_upload.php?goods_id=0&goods_attr_id=
INFO: [ app_init ] --START--
INFO: Run Behavior\BuildLiteBehavior [ RunTime:0.000023s ]
INFO: [ app_init ] --END-- [ RunTime:0.000524s ]
INFO: [ app_begin ] --START--
INFO: Run Behavior\ReadHtmlCacheBehavior [ RunTime:0.000629s ]
INFO: [ app_begin ] --END-- [ RunTime:0.000697s ]
NOTIC: [2] session_start() [<a href='function.session-start'>function.session-start</a>]: Cannot find save handler 'file' - session startup failed E:\php\http\fuxi\admin\ThinkPHP\Common\functions.php 第 1263 行.
ERR: 非法操作:attr_img_upload.php

[ 2016-09-18T09:12:14+08:00 ] 127.0.0.1 /admin/Back/goods/add
INFO: [ app_init ] --START--
INFO: Run Behavior\BuildLiteBehavior [ RunTime:0.000015s ]
INFO: [ app_init ] --END-- [ RunTime:0.000358s ]
INFO: [ app_begin ] --START--
INFO: Run Behavior\ReadHtmlCacheBehavior [ RunTime:0.000574s ]
INFO: [ app_begin ] --END-- [ RunTime:0.000635s ]
NOTIC: [2] session_start() [<a href='function.session-start'>function.session-start</a>]: Cannot find save handler 'file' - session startup failed E:\php\http\fuxi\admin\ThinkPHP\Common\functions.php 第 1263 行.
SQL: SHOW COLUMNS FROM `php34_goods` [ RunTime:0.0549s ]
NOTIC: [8] Undefined index: validate E:\php\http\fuxi\admin\ThinkPHP\Library\Think\Model.class.php 第 1185 行.
SQL: SELECT * FROM `php34_goods` WHERE `goods_name` = 'fdsfds' LIMIT 1   [ RunTime:0.0009s ]
INFO: [ view_parse ] --START--
INFO: [ template_filter ] --START--
INFO: Run Behavior\ContentReplaceBehavior [ RunTime:0.000103s ]
INFO: [ template_filter ] --END-- [ RunTime:0.000246s ]
INFO: Run Behavior\ParseTemplateBehavior [ RunTime:0.014840s ]
INFO: [ view_parse ] --END-- [ RunTime:0.014991s ]
INFO: [ view_filter ] --START--
INFO: Run Behavior\WriteHtmlCacheBehavior [ RunTime:0.000901s ]
INFO: [ view_filter ] --END-- [ RunTime:0.001018s ]

[ 2016-09-18T09:12:18+08:00 ] 127.0.0.1 /admin/Back/goods/attr_img_upload.php?goods_id=0&goods_attr_id=
INFO: [ app_init ] --START--
INFO: Run Behavior\BuildLiteBehavior [ RunTime:0.000023s ]
INFO: [ app_init ] --END-- [ RunTime:0.000415s ]
INFO: [ app_begin ] --START--
INFO: Run Behavior\ReadHtmlCacheBehavior [ RunTime:0.000597s ]
INFO: [ app_begin ] --END-- [ RunTime:0.000661s ]
NOTIC: [2] session_start() [<a href='function.session-start'>function.session-start</a>]: Cannot find save handler 'file' - session startup failed E:\php\http\fuxi\admin\ThinkPHP\Common\functions.php 第 1263 行.
ERR: 非法操作:attr_img_upload.php

[ 2016-09-18T09:12:21+08:00 ] 127.0.0.1 /admin/Back/goods/add
INFO: [ app_init ] --START--
INFO: Run Behavior\BuildLiteBehavior [ RunTime:0.000023s ]
INFO: [ app_init ] --END-- [ RunTime:0.000564s ]
INFO: [ app_begin ] --START--
INFO: Run Behavior\ReadHtmlCacheBehavior [ RunTime:0.000903s ]
INFO: [ app_begin ] --END-- [ RunTime:0.001008s ]
NOTIC: [2] session_start() [<a href='function.session-start'>function.session-start</a>]: Cannot find save handler 'file' - session startup failed E:\php\http\fuxi\admin\ThinkPHP\Common\functions.php 第 1263 行.
SQL: SHOW COLUMNS FROM `php34_goods` [ RunTime:0.0054s ]
NOTIC: [8] Undefined index: validate E:\php\http\fuxi\admin\ThinkPHP\Library\Think\Model.class.php 第 1185 行.
SQL: SELECT * FROM `php34_goods` WHERE `goods_name` = 'fdsfds321' LIMIT 1   [ RunTime:0.0006s ]
NOTIC: [8] Undefined index: auto E:\php\http\fuxi\admin\ThinkPHP\Library\Think\Model.class.php 第 1128 行.
SQL: INSERT INTO `php34_goods` (`goods_name`,`cat_id`,`shop_price`,`market_price`,`jifen`,`jyz`,`promote_price`,`promote_start_time`,`promote_end_time`,`goods_desc`,`is_on_sale`,`seo_keyword`,`addtime`) VALUES ('fdsfds321','0','0','0','-1','-1','0','2016','2016','','1','','1474161141') [ RunTime:0.0004s ]
INFO: [ view_parse ] --START--
INFO: [ template_filter ] --START--
INFO: Run Behavior\ContentReplaceBehavior [ RunTime:0.000074s ]
INFO: [ template_filter ] --END-- [ RunTime:0.000183s ]
INFO: Run Behavior\ParseTemplateBehavior [ RunTime:0.009591s ]
INFO: [ view_parse ] --END-- [ RunTime:0.009705s ]
INFO: [ view_filter ] --START--
INFO: Run Behavior\WriteHtmlCacheBehavior [ RunTime:0.000578s ]
INFO: [ view_filter ] --END-- [ RunTime:0.000668s ]

[ 2016-09-18T09:12:23+08:00 ] 127.0.0.1 /admin/Goods/lst.html
INFO: [ app_init ] --START--
INFO: Run Behavior\BuildLiteBehavior [ RunTime:0.000023s ]
INFO: [ app_init ] --END-- [ RunTime:0.000608s ]
INFO: [ app_begin ] --START--
INFO: Run Behavior\ReadHtmlCacheBehavior [ RunTime:0.000938s ]
INFO: [ app_begin ] --END-- [ RunTime:0.001058s ]
NOTIC: [2] session_start() [<a href='function.session-start'>function.session-start</a>]: Cannot find save handler 'file' - session startup failed E:\php\http\fuxi\admin\ThinkPHP\Common\functions.php 第 1263 行.
INFO: [ view_parse ] --START--
INFO: [ template_filter ] --START--
INFO: Run Behavior\ContentReplaceBehavior [ RunTime:0.000063s ]
INFO: [ template_filter ] --END-- [ RunTime:0.000168s ]
INFO: Run Behavior\ParseTemplateBehavior [ RunTime:0.004280s ]
INFO: [ view_parse ] --END-- [ RunTime:0.004406s ]
INFO: [ view_filter ] --START--
INFO: Run Behavior\WriteHtmlCacheBehavior [ RunTime:0.000572s ]
INFO: [ view_filter ] --END-- [ RunTime:0.000664s ]
INFO: [ app_end ] --START--
INFO: Run Behavior\ShowPageTraceBehavior [ RunTime:0.000868s ]
INFO: [ app_end ] --END-- [ RunTime:0.000966s ]

[ 2016-09-18T09:12:26+08:00 ] 127.0.0.1 /admin/Back/goods/add
INFO: [ app_init ] --START--
INFO: Run Behavior\BuildLiteBehavior [ RunTime:0.000045s ]
INFO: [ app_init ] --END-- [ RunTime:0.000624s ]
INFO: [ app_begin ] --START--
INFO: Run Behavior\ReadHtmlCacheBehavior [ RunTime:0.000938s ]
INFO: [ app_begin ] --END-- [ RunTime:0.001058s ]
NOTIC: [2] session_start() [<a href='function.session-start'>function.session-start</a>]: Cannot find save handler 'file' - session startup failed E:\php\http\fuxi\admin\ThinkPHP\Common\functions.php 第 1263 行.
INFO: [ view_parse ] --START--
INFO: [ template_filter ] --START--
INFO: Run Behavior\ContentReplaceBehavior [ RunTime:0.000643s ]
INFO: [ template_filter ] --END-- [ RunTime:0.000760s ]
INFO: Run Behavior\ParseTemplateBehavior [ RunTime:0.032090s ]
INFO: [ view_parse ] --END-- [ RunTime:0.032210s ]
INFO: [ view_filter ] --START--
INFO: Run Behavior\WriteHtmlCacheBehavior [ RunTime:0.000601s ]
INFO: [ view_filter ] --END-- [ RunTime:0.000688s ]
INFO: [ app_end ] --START--
INFO: Run Behavior\ShowPageTraceBehavior [ RunTime:0.000908s ]
INFO: [ app_end ] --END-- [ RunTime:0.001014s ]

[ 2016-09-18T09:12:26+08:00 ] 127.0.0.1 /admin/Back/goods/attr_img_upload.php?goods_id=0&goods_attr_id=
INFO: [ app_init ] --START--
INFO: Run Behavior\BuildLiteBehavior [ RunTime:0.000025s ]
INFO: [ app_init ] --END-- [ RunTime:0.000595s ]
INFO: [ app_begin ] --START--
INFO: Run Behavior\ReadHtmlCacheBehavior [ RunTime:0.000936s ]
INFO: [ app_begin ] --END-- [ RunTime:0.001050s ]
NOTIC: [2] session_start() [<a href='function.session-start'>function.session-start</a>]: Cannot find save handler 'file' - session startup failed E:\php\http\fuxi\admin\ThinkPHP\Common\functions.php 第 1263 行.
ERR: 非法操作:attr_img_upload.php

[ 2016-09-18T09:12:35+08:00 ] 127.0.0.1 /admin/Back/goods/add
INFO: [ app_init ] --START--
INFO: Run Behavior\BuildLiteBehavior [ RunTime:0.000025s ]
INFO: [ app_init ] --END-- [ RunTime:0.000613s ]
INFO: [ app_begin ] --START--
INFO: Run Behavior\ReadHtmlCacheBehavior [ RunTime:0.000926s ]
INFO: [ app_begin ] --END-- [ RunTime:0.001040s ]
NOTIC: [2] session_start() [<a href='function.session-start'>function.session-start</a>]: Cannot find save handler 'file' - session startup failed E:\php\http\fuxi\admin\ThinkPHP\Common\functions.php 第 1263 行.
SQL: SHOW COLUMNS FROM `php34_goods` [ RunTime:0.0058s ]
NOTIC: [8] Undefined index: validate E:\php\http\fuxi\admin\ThinkPHP\Library\Think\Model.class.php 第 1185 行.
SQL: SELECT * FROM `php34_goods` WHERE `goods_name` = 'd23css' LIMIT 1   [ RunTime:0.0007s ]
NOTIC: [8] Undefined index: auto E:\php\http\fuxi\admin\ThinkPHP\Library\Think\Model.class.php 第 1128 行.
NOTIC: [2] call_user_func() expects parameter 1 to be a valid callback, no array or string given E:\php\http\fuxi\admin\ThinkPHP\Library\Think\Upload.class.php 第 170 行.
NOTIC: [8] getimagesize() [<a href='function.getimagesize'>function.getimagesize</a>]: Read error! E:\php\http\fuxi\admin\ThinkPHP\Library\Think\Upload.class.php 第 199 行.
INFO: [ view_parse ] --START--
INFO: [ template_filter ] --START--
INFO: Run Behavior\ContentReplaceBehavior [ RunTime:0.000047s ]
INFO: [ template_filter ] --END-- [ RunTime:0.000126s ]
INFO: Run Behavior\ParseTemplateBehavior [ RunTime:0.006667s ]
INFO: [ view_parse ] --END-- [ RunTime:0.006769s ]
INFO: [ view_filter ] --START--
INFO: Run Behavior\WriteHtmlCacheBehavior [ RunTime:0.000519s ]
INFO: [ view_filter ] --END-- [ RunTime:0.000611s ]

[ 2016-09-18T09:12:39+08:00 ] 127.0.0.1 /admin/Back/goods/attr_img_upload.php?goods_id=0&goods_attr_id=
INFO: [ app_init ] --START--
INFO: Run Behavior\BuildLiteBehavior [ RunTime:0.000027s ]
INFO: [ app_init ] --END-- [ RunTime:0.000696s ]
INFO: [ app_begin ] --START--
INFO: Run Behavior\ReadHtmlCacheBehavior [ RunTime:0.000964s ]
INFO: [ app_begin ] --END-- [ RunTime:0.001079s ]
NOTIC: [2] session_start() [<a href='function.session-start'>function.session-start</a>]: Cannot find save handler 'file' - session startup failed E:\php\http\fuxi\admin\ThinkPHP\Common\functions.php 第 1263 行.
ERR: 非法操作:attr_img_upload.php

[ 2016-09-18T09:12:44+08:00 ] 127.0.0.1 /admin/Back/goods/add
INFO: [ app_init ] --START--
INFO: Run Behavior\BuildLiteBehavior [ RunTime:0.000021s ]
INFO: [ app_init ] --END-- [ RunTime:0.000558s ]
INFO: [ app_begin ] --START--
INFO: Run Behavior\ReadHtmlCacheBehavior [ RunTime:0.000861s ]
INFO: [ app_begin ] --END-- [ RunTime:0.000957s ]
NOTIC: [2] session_start() [<a href='function.session-start'>function.session-start</a>]: Cannot find save handler 'file' - session startup failed E:\php\http\fuxi\admin\ThinkPHP\Common\functions.php 第 1263 行.
SQL: SHOW COLUMNS FROM `php34_goods` [ RunTime:0.0064s ]
NOTIC: [8] Undefined index: validate E:\php\http\fuxi\admin\ThinkPHP\Library\Think\Model.class.php 第 1185 行.
SQL: SELECT * FROM `php34_goods` WHERE `goods_name` = 'd23css' LIMIT 1   [ RunTime:0.0003s ]
NOTIC: [8] Undefined index: auto E:\php\http\fuxi\admin\ThinkPHP\Library\Think\Model.class.php 第 1128 行.
NOTIC: [2] call_user_func() expects parameter 1 to be a valid callback, no array or string given E:\php\http\fuxi\admin\ThinkPHP\Library\Think\Upload.class.php 第 170 行.
SQL: INSERT INTO `php34_goods` (`goods_name`,`cat_id`,`shop_price`,`market_price`,`jifen`,`jyz`,`promote_price`,`promote_start_time`,`promote_end_time`,`goods_desc`,`is_on_sale`,`seo_keyword`,`addtime`,`logo`,`sm_logo`) VALUES ('d23css','0','0','0','-1','-1','0','2016','2016','','1','','1474161164','Goods/2016-09-18/57ddea0c8fa57.jpg','Goods/2016-09-18/small_57ddea0c8fa57.jpg') [ RunTime:0.0003s ]
INFO: [ view_parse ] --START--
INFO: [ template_filter ] --START--
INFO: Run Behavior\ContentReplaceBehavior [ RunTime:0.000106s ]
INFO: [ template_filter ] --END-- [ RunTime:0.000515s ]
INFO: Run Behavior\ParseTemplateBehavior [ RunTime:0.008090s ]
INFO: [ view_parse ] --END-- [ RunTime:0.008190s ]
INFO: [ view_filter ] --START--
INFO: Run Behavior\WriteHtmlCacheBehavior [ RunTime:0.000580s ]
INFO: [ view_filter ] --END-- [ RunTime:0.000667s ]

[ 2016-09-18T09:12:46+08:00 ] 127.0.0.1 /admin/Goods/lst.html
INFO: [ app_init ] --START--
INFO: Run Behavior\BuildLiteBehavior [ RunTime:0.000024s ]
INFO: [ app_init ] --END-- [ RunTime:0.000565s ]
INFO: [ app_begin ] --START--
INFO: Run Behavior\ReadHtmlCacheBehavior [ RunTime:0.000898s ]
INFO: [ app_begin ] --END-- [ RunTime:0.001010s ]
NOTIC: [2] session_start() [<a href='function.session-start'>function.session-start</a>]: Cannot find save handler 'file' - session startup failed E:\php\http\fuxi\admin\ThinkPHP\Common\functions.php 第 1263 行.
INFO: [ view_parse ] --START--
INFO: [ template_filter ] --START--
INFO: Run Behavior\ContentReplaceBehavior [ RunTime:0.000070s ]
INFO: [ template_filter ] --END-- [ RunTime:0.000190s ]
INFO: Run Behavior\ParseTemplateBehavior [ RunTime:0.004366s ]
INFO: [ view_parse ] --END-- [ RunTime:0.004486s ]
INFO: [ view_filter ] --START--
INFO: Run Behavior\WriteHtmlCacheBehavior [ RunTime:0.000574s ]
INFO: [ view_filter ] --END-- [ RunTime:0.000667s ]
INFO: [ app_end ] --START--
INFO: Run Behavior\ShowPageTraceBehavior [ RunTime:0.000894s ]
INFO: [ app_end ] --END-- [ RunTime:0.000994s ]

[ 2016-09-18T10:12:04+08:00 ] 127.0.0.1 /admin/index
INFO: [ app_init ] --START--
INFO: Run Behavior\BuildLiteBehavior [ RunTime:0.000023s ]
INFO: [ app_init ] --END-- [ RunTime:0.000576s ]
INFO: [ app_begin ] --START--
INFO: Run Behavior\ReadHtmlCacheBehavior [ RunTime:0.000999s ]
INFO: [ app_begin ] --END-- [ RunTime:0.001118s ]
NOTIC: [2] session_start() [<a href='function.session-start'>function.session-start</a>]: Cannot find save handler 'file' - session startup failed E:\php\http\fuxi\admin\ThinkPHP\Common\functions.php 第 1263 行.
INFO: [ view_parse ] --START--
INFO: [ template_filter ] --START--
INFO: Run Behavior\ContentReplaceBehavior [ RunTime:0.000072s ]
INFO: [ template_filter ] --END-- [ RunTime:0.000174s ]
INFO: Run Behavior\ParseTemplateBehavior [ RunTime:0.009125s ]
INFO: [ view_parse ] --END-- [ RunTime:0.009220s ]
INFO: [ view_filter ] --START--
INFO: Run Behavior\WriteHtmlCacheBehavior [ RunTime:0.000374s ]
INFO: [ view_filter ] --END-- [ RunTime:0.000425s ]
INFO: [ app_end ] --START--
INFO: Run Behavior\ShowPageTraceBehavior [ RunTime:0.000612s ]
INFO: [ app_end ] --END-- [ RunTime:0.000670s ]

[ 2016-09-18T10:12:04+08:00 ] 127.0.0.1 /admin/Back/Index/top
INFO: [ app_init ] --START--
INFO: Run Behavior\BuildLiteBehavior [ RunTime:0.000022s ]
INFO: [ app_init ] --END-- [ RunTime:0.000536s ]
INFO: [ app_begin ] --START--
INFO: Run Behavior\ReadHtmlCacheBehavior [ RunTime:0.000943s ]
INFO: [ app_begin ] --END-- [ RunTime:0.001060s ]
NOTIC: [2] session_start() [<a href='function.session-start'>function.session-start</a>]: Cannot find save handler 'file' - session startup failed E:\php\http\fuxi\admin\ThinkPHP\Common\functions.php 第 1263 行.
INFO: [ view_parse ] --START--
INFO: [ template_filter ] --START--
INFO: Run Behavior\ContentReplaceBehavior [ RunTime:0.000214s ]
INFO: [ template_filter ] --END-- [ RunTime:0.000340s ]
INFO: Run Behavior\ParseTemplateBehavior [ RunTime:0.013488s ]
INFO: [ view_parse ] --END-- [ RunTime:0.013598s ]
INFO: [ view_filter ] --START--
INFO: Run Behavior\WriteHtmlCacheBehavior [ RunTime:0.000544s ]
INFO: [ view_filter ] --END-- [ RunTime:0.000633s ]
INFO: [ app_end ] --START--
INFO: Run Behavior\ShowPageTraceBehavior [ RunTime:0.000854s ]
INFO: [ app_end ] --END-- [ RunTime:0.000958s ]

[ 2016-09-18T10:12:04+08:00 ] 127.0.0.1 /admin/Back/Index/left
INFO: [ app_init ] --START--
INFO: Run Behavior\BuildLiteBehavior [ RunTime:0.000024s ]
INFO: [ app_init ] --END-- [ RunTime:0.000538s ]
INFO: [ app_begin ] --START--
INFO: Run Behavior\ReadHtmlCacheBehavior [ RunTime:0.000876s ]
INFO: [ app_begin ] --END-- [ RunTime:0.000998s ]
NOTIC: [2] session_start() [<a href='function.session-start'>function.session-start</a>]: Cannot find save handler 'file' - session startup failed E:\php\http\fuxi\admin\ThinkPHP\Common\functions.php 第 1263 行.
INFO: [ view_parse ] --START--
INFO: [ template_filter ] --START--
INFO: Run Behavior\ContentReplaceBehavior [ RunTime:0.000126s ]
INFO: [ template_filter ] --END-- [ RunTime:0.000377s ]
INFO: Run Behavior\ParseTemplateBehavior [ RunTime:0.009515s ]
INFO: [ view_parse ] --END-- [ RunTime:0.009631s ]
INFO: [ view_filter ] --START--
INFO: Run Behavior\WriteHtmlCacheBehavior [ RunTime:0.000435s ]
INFO: [ view_filter ] --END-- [ RunTime:0.000525s ]
INFO: [ app_end ] --START--
INFO: Run Behavior\ShowPageTraceBehavior [ RunTime:0.000780s ]
INFO: [ app_end ] --END-- [ RunTime:0.000869s ]

[ 2016-09-18T10:12:04+08:00 ] 127.0.0.1 /admin/Back/Index/main
INFO: [ app_init ] --START--
INFO: Run Behavior\BuildLiteBehavior [ RunTime:0.000022s ]
INFO: [ app_init ] --END-- [ RunTime:0.000551s ]
INFO: [ app_begin ] --START--
INFO: Run Behavior\ReadHtmlCacheBehavior [ RunTime:0.000933s ]
INFO: [ app_begin ] --END-- [ RunTime:0.001050s ]
NOTIC: [2] session_start() [<a href='function.session-start'>function.session-start</a>]: Cannot find save handler 'file' - session startup failed E:\php\http\fuxi\admin\ThinkPHP\Common\functions.php 第 1263 行.
INFO: [ view_parse ] --START--
INFO: [ template_filter ] --START--
INFO: Run Behavior\ContentReplaceBehavior [ RunTime:0.000248s ]
INFO: [ template_filter ] --END-- [ RunTime:0.000350s ]
INFO: Run Behavior\ParseTemplateBehavior [ RunTime:0.016074s ]
INFO: [ view_parse ] --END-- [ RunTime:0.016193s ]
INFO: [ view_filter ] --START--
INFO: Run Behavior\WriteHtmlCacheBehavior [ RunTime:0.000441s ]
INFO: [ view_filter ] --END-- [ RunTime:0.000525s ]
INFO: [ app_end ] --START--
INFO: Run Behavior\ShowPageTraceBehavior [ RunTime:0.000856s ]
INFO: [ app_end ] --END-- [ RunTime:0.000963s ]

[ 2016-09-18T10:12:04+08:00 ] 127.0.0.1 /admin/Back//admin/Public/js/transport.org.js
INFO: [ app_init ] --START--
INFO: Run Behavior\BuildLiteBehavior [ RunTime:0.000015s ]
INFO: [ app_init ] --END-- [ RunTime:0.000320s ]
INFO: [ app_begin ] --START--
INFO: Run Behavior\ReadHtmlCacheBehavior [ RunTime:0.000628s ]
INFO: [ app_begin ] --END-- [ RunTime:0.000725s ]
NOTIC: [2] session_start() [<a href='function.session-start'>function.session-start</a>]: Cannot find save handler 'file' - session startup failed E:\php\http\fuxi\admin\ThinkPHP\Common\functions.php 第 1263 行.
ERR: 无法加载控制器:Admin

[ 2016-09-18T10:12:08+08:00 ] 127.0.0.1 /admin/Back/goods/add
INFO: [ app_init ] --START--
INFO: Run Behavior\BuildLiteBehavior [ RunTime:0.000015s ]
INFO: [ app_init ] --END-- [ RunTime:0.000327s ]
INFO: [ app_begin ] --START--
INFO: Run Behavior\ReadHtmlCacheBehavior [ RunTime:0.000422s ]
INFO: [ app_begin ] --END-- [ RunTime:0.000480s ]

[ 2016-09-18T10:12:13+08:00 ] 127.0.0.1 /admin/Back/goods/add
INFO: [ app_init ] --START--
INFO: Run Behavior\BuildLiteBehavior [ RunTime:0.000018s ]
INFO: [ app_init ] --END-- [ RunTime:0.000471s ]
INFO: [ app_begin ] --START--
INFO: Run Behavior\ReadHtmlCacheBehavior [ RunTime:0.000471s ]
INFO: [ app_begin ] --END-- [ RunTime:0.000546s ]

[ 2016-09-18T10:12:21+08:00 ] 127.0.0.1 /admin/Back/goods/add
INFO: [ app_init ] --START--
INFO: Run Behavior\BuildLiteBehavior [ RunTime:0.000016s ]
INFO: [ app_init ] --END-- [ RunTime:0.000335s ]
INFO: [ app_begin ] --START--
INFO: Run Behavior\ReadHtmlCacheBehavior [ RunTime:0.000483s ]
INFO: [ app_begin ] --END-- [ RunTime:0.000556s ]

[ 2016-09-18T10:12:23+08:00 ] 127.0.0.1 /admin/index
INFO: [ app_init ] --START--
INFO: Run Behavior\BuildLiteBehavior [ RunTime:0.000023s ]
INFO: [ app_init ] --END-- [ RunTime:0.000489s ]
INFO: [ app_begin ] --START--
INFO: Run Behavior\ReadHtmlCacheBehavior [ RunTime:0.000736s ]
INFO: [ app_begin ] --END-- [ RunTime:0.000869s ]

[ 2016-09-18T10:12:27+08:00 ] 127.0.0.1 /admin/index
INFO: [ app_init ] --START--
INFO: Run Behavior\BuildLiteBehavior [ RunTime:0.000027s ]
INFO: [ app_init ] --END-- [ RunTime:0.000617s ]
INFO: [ app_begin ] --START--
INFO: Run Behavior\ReadHtmlCacheBehavior [ RunTime:0.000741s ]
INFO: [ app_begin ] --END-- [ RunTime:0.000863s ]

[ 2016-09-18T10:14:24+08:00 ] 127.0.0.1 /admin/index
INFO: [ app_init ] --START--
INFO: Run Behavior\BuildLiteBehavior [ RunTime:0.000015s ]
INFO: [ app_init ] --END-- [ RunTime:0.000365s ]
INFO: [ app_begin ] --START--
INFO: Run Behavior\ReadHtmlCacheBehavior [ RunTime:0.000562s ]
INFO: [ app_begin ] --END-- [ RunTime:0.000625s ]
NOTIC: [2] session_start() [<a href='function.session-start'>function.session-start</a>]: Cannot find save handler 'file' - session startup failed E:\php\http\fuxi\admin\ThinkPHP\Common\functions.php 第 1263 行.
INFO: [ view_parse ] --START--
INFO: [ template_filter ] --START--
INFO: Run Behavior\ContentReplaceBehavior [ RunTime:0.000075s ]
INFO: [ template_filter ] --END-- [ RunTime:0.000187s ]
INFO: Run Behavior\ParseTemplateBehavior [ RunTime:0.008480s ]
INFO: [ view_parse ] --END-- [ RunTime:0.008577s ]
INFO: [ view_filter ] --START--
INFO: Run Behavior\WriteHtmlCacheBehavior [ RunTime:0.000526s ]
INFO: [ view_filter ] --END-- [ RunTime:0.000611s ]
INFO: [ app_end ] --START--
INFO: Run Behavior\ShowPageTraceBehavior [ RunTime:0.000920s ]
INFO: [ app_end ] --END-- [ RunTime:0.001018s ]

[ 2016-09-18T10:14:24+08:00 ] 127.0.0.1 /admin/Back/Index/top
INFO: [ app_init ] --START--
INFO: Run Behavior\BuildLiteBehavior [ RunTime:0.000021s ]
INFO: [ app_init ] --END-- [ RunTime:0.000457s ]
INFO: [ app_begin ] --START--
INFO: Run Behavior\ReadHtmlCacheBehavior [ RunTime:0.000843s ]
INFO: [ app_begin ] --END-- [ RunTime:0.000948s ]
NOTIC: [2] session_start() [<a href='function.session-start'>function.session-start</a>]: Cannot find save handler 'file' - session startup failed E:\php\http\fuxi\admin\ThinkPHP\Common\functions.php 第 1263 行.
INFO: [ view_parse ] --START--
INFO: [ template_filter ] --START--
INFO: Run Behavior\ContentReplaceBehavior [ RunTime:0.000195s ]
INFO: [ template_filter ] --END-- [ RunTime:0.000312s ]
INFO: Run Behavior\ParseTemplateBehavior [ RunTime:0.011157s ]
INFO: [ view_parse ] --END-- [ RunTime:0.011261s ]
INFO: [ view_filter ] --START--
INFO: Run Behavior\WriteHtmlCacheBehavior [ RunTime:0.000316s ]
INFO: [ view_filter ] --END-- [ RunTime:0.000394s ]
INFO: [ app_end ] --START--
INFO: Run Behavior\ShowPageTraceBehavior [ RunTime:0.000690s ]
INFO: [ app_end ] --END-- [ RunTime:0.000783s ]

[ 2016-09-18T10:14:24+08:00 ] 127.0.0.1 /admin/Back/Index/left
INFO: [ app_init ] --START--
INFO: Run Behavior\BuildLiteBehavior [ RunTime:0.000023s ]
INFO: [ app_init ] --END-- [ RunTime:0.000540s ]
INFO: [ app_begin ] --START--
INFO: Run Behavior\ReadHtmlCacheBehavior [ RunTime:0.000765s ]
INFO: [ app_begin ] --END-- [ RunTime:0.000864s ]
NOTIC: [2] session_start() [<a href='function.session-start'>function.session-start</a>]: Cannot find save handler 'file' - session startup failed E:\php\http\fuxi\admin\ThinkPHP\Common\functions.php 第 1263 行.
INFO: [ view_parse ] --START--
INFO: [ template_filter ] --START--
INFO: Run Behavior\ContentReplaceBehavior [ RunTime:0.000140s ]
INFO: [ template_filter ] --END-- [ RunTime:0.000271s ]
INFO: Run Behavior\ParseTemplateBehavior [ RunTime:0.009322s ]
INFO: [ view_parse ] --END-- [ RunTime:0.009435s ]
INFO: [ view_filter ] --START--
INFO: Run Behavior\WriteHtmlCacheBehavior [ RunTime:0.000450s ]
INFO: [ view_filter ] --END-- [ RunTime:0.000536s ]
INFO: [ app_end ] --START--
INFO: Run Behavior\ShowPageTraceBehavior [ RunTime:0.000752s ]
INFO: [ app_end ] --END-- [ RunTime:0.000852s ]

[ 2016-09-18T10:14:24+08:00 ] 127.0.0.1 /admin/Back//admin/Public/js/transport.org.js
INFO: [ app_init ] --START--
INFO: Run Behavior\BuildLiteBehavior [ RunTime:0.000020s ]
INFO: [ app_init ] --END-- [ RunTime:0.000498s ]
INFO: [ app_begin ] --START--
INFO: Run Behavior\ReadHtmlCacheBehavior [ RunTime:0.000616s ]
INFO: [ app_begin ] --END-- [ RunTime:0.000715s ]
NOTIC: [2] session_start() [<a href='function.session-start'>function.session-start</a>]: Cannot find save handler 'file' - session startup failed E:\php\http\fuxi\admin\ThinkPHP\Common\functions.php 第 1263 行.
ERR: 无法加载控制器:Admin

[ 2016-09-18T10:14:24+08:00 ] 127.0.0.1 /admin/Back/Index/main
INFO: [ app_init ] --START--
INFO: Run Behavior\BuildLiteBehavior [ RunTime:0.000023s ]
INFO: [ app_init ] --END-- [ RunTime:0.000534s ]
INFO: [ app_begin ] --START--
INFO: Run Behavior\ReadHtmlCacheBehavior [ RunTime:0.000846s ]
INFO: [ app_begin ] --END-- [ RunTime:0.000952s ]
NOTIC: [2] session_start() [<a href='function.session-start'>function.session-start</a>]: Cannot find save handler 'file' - session startup failed E:\php\http\fuxi\admin\ThinkPHP\Common\functions.php 第 1263 行.
INFO: [ view_parse ] --START--
INFO: [ template_filter ] --START--
INFO: Run Behavior\ContentReplaceBehavior [ RunTime:0.000245s ]
INFO: [ template_filter ] --END-- [ RunTime:0.000363s ]
INFO: Run Behavior\ParseTemplateBehavior [ RunTime:0.022334s ]
INFO: [ view_parse ] --END-- [ RunTime:0.022448s ]
INFO: [ view_filter ] --START--
INFO: Run Behavior\WriteHtmlCacheBehavior [ RunTime:0.000416s ]
INFO: [ view_filter ] --END-- [ RunTime:0.000505s ]
INFO: [ app_end ] --START--
INFO: Run Behavior\ShowPageTraceBehavior [ RunTime:0.000868s ]
INFO: [ app_end ] --END-- [ RunTime:0.000979s ]

[ 2016-09-18T10:14:27+08:00 ] 127.0.0.1 /admin/Back/goods/add
INFO: [ app_init ] --START--
INFO: Run Behavior\BuildLiteBehavior [ RunTime:0.000023s ]
INFO: [ app_init ] --END-- [ RunTime:0.000484s ]
INFO: [ app_begin ] --START--
INFO: Run Behavior\ReadHtmlCacheBehavior [ RunTime:0.000702s ]
INFO: [ app_begin ] --END-- [ RunTime:0.000803s ]
NOTIC: [2] session_start() [<a href='function.session-start'>function.session-start</a>]: Cannot find save handler 'file' - session startup failed E:\php\http\fuxi\admin\ThinkPHP\Common\functions.php 第 1263 行.
INFO: [ view_parse ] --START--
INFO: [ template_filter ] --START--
INFO: Run Behavior\ContentReplaceBehavior [ RunTime:0.000709s ]
INFO: [ template_filter ] --END-- [ RunTime:0.000817s ]
INFO: Run Behavior\ParseTemplateBehavior [ RunTime:0.031265s ]
INFO: [ view_parse ] --END-- [ RunTime:0.031406s ]
INFO: [ view_filter ] --START--
INFO: Run Behavior\WriteHtmlCacheBehavior [ RunTime:0.000300s ]
INFO: [ view_filter ] --END-- [ RunTime:0.000379s ]
INFO: [ app_end ] --START--
INFO: Run Behavior\ShowPageTraceBehavior [ RunTime:0.000676s ]
INFO: [ app_end ] --END-- [ RunTime:0.000776s ]

[ 2016-09-18T10:14:28+08:00 ] 127.0.0.1 /admin/Back/goods/attr_img_upload.php?goods_id=0&goods_attr_id=
INFO: [ app_init ] --START--
INFO: Run Behavior\BuildLiteBehavior [ RunTime:0.000027s ]
INFO: [ app_init ] --END-- [ RunTime:0.000540s ]
INFO: [ app_begin ] --START--
INFO: Run Behavior\ReadHtmlCacheBehavior [ RunTime:0.000796s ]
INFO: [ app_begin ] --END-- [ RunTime:0.000937s ]
NOTIC: [2] session_start() [<a href='function.session-start'>function.session-start</a>]: Cannot find save handler 'file' - session startup failed E:\php\http\fuxi\admin\ThinkPHP\Common\functions.php 第 1263 行.
ERR: 非法操作:attr_img_upload.php

[ 2016-09-18T10:14:39+08:00 ] 127.0.0.1 /admin/
INFO: [ app_init ] --START--
INFO: Run Behavior\BuildLiteBehavior [ RunTime:0.000016s ]
INFO: [ app_init ] --END-- [ RunTime:0.000320s ]
INFO: [ app_begin ] --START--
INFO: Run Behavior\ReadHtmlCacheBehavior [ RunTime:0.000444s ]
INFO: [ app_begin ] --END-- [ RunTime:0.000510s ]
NOTIC: [2] session_start() [<a href='function.session-start'>function.session-start</a>]: Cannot find save handler 'file' - session startup failed E:\php\http\fuxi\admin\ThinkPHP\Common\functions.php 第 1263 行.
INFO: [ view_parse ] --START--
INFO: [ template_filter ] --START--
INFO: Run Behavior\ContentReplaceBehavior [ RunTime:0.000049s ]
INFO: [ template_filter ] --END-- [ RunTime:0.000125s ]
INFO: Run Behavior\ParseTemplateBehavior [ RunTime:0.005084s ]
INFO: [ view_parse ] --END-- [ RunTime:0.005170s ]
INFO: [ view_filter ] --START--
INFO: Run Behavior\WriteHtmlCacheBehavior [ RunTime:0.000218s ]
INFO: [ view_filter ] --END-- [ RunTime:0.000268s ]
INFO: [ app_end ] --START--
INFO: Run Behavior\ShowPageTraceBehavior [ RunTime:0.000435s ]
INFO: [ app_end ] --END-- [ RunTime:0.000488s ]

[ 2016-09-18T10:14:40+08:00 ] 127.0.0.1 /admin/Back/Index/main
INFO: [ app_init ] --START--
INFO: Run Behavior\BuildLiteBehavior [ RunTime:0.000016s ]
INFO: [ app_init ] --END-- [ RunTime:0.000375s ]
INFO: [ app_begin ] --START--
INFO: Run Behavior\ReadHtmlCacheBehavior [ RunTime:0.000542s ]
INFO: [ app_begin ] --END-- [ RunTime:0.000611s ]
NOTIC: [2] session_start() [<a href='function.session-start'>function.session-start</a>]: Cannot find save handler 'file' - session startup failed E:\php\http\fuxi\admin\ThinkPHP\Common\functions.php 第 1263 行.
INFO: [ view_parse ] --START--
INFO: [ template_filter ] --START--
INFO: Run Behavior\ContentReplaceBehavior [ RunTime:0.000156s ]
INFO: [ template_filter ] --END-- [ RunTime:0.000225s ]
INFO: Run Behavior\ParseTemplateBehavior [ RunTime:0.010267s ]
INFO: [ view_parse ] --END-- [ RunTime:0.010326s ]
INFO: [ view_filter ] --START--
INFO: Run Behavior\WriteHtmlCacheBehavior [ RunTime:0.000288s ]
INFO: [ view_filter ] --END-- [ RunTime:0.000344s ]
INFO: [ app_end ] --START--
INFO: Run Behavior\ShowPageTraceBehavior [ RunTime:0.000539s ]
INFO: [ app_end ] --END-- [ RunTime:0.000603s ]

[ 2016-09-18T10:14:40+08:00 ] 127.0.0.1 /admin/Back/Index/top
INFO: [ app_init ] --START--
INFO: Run Behavior\BuildLiteBehavior [ RunTime:0.000020s ]
INFO: [ app_init ] --END-- [ RunTime:0.019442s ]
INFO: [ app_begin ] --START--
INFO: Run Behavior\ReadHtmlCacheBehavior [ RunTime:0.000460s ]
INFO: [ app_begin ] --END-- [ RunTime:0.000537s ]
NOTIC: [2] session_start() [<a href='function.session-start'>function.session-start</a>]: Cannot find save handler 'file' - session startup failed E:\php\http\fuxi\admin\ThinkPHP\Common\functions.php 第 1263 行.
INFO: [ view_parse ] --START--
INFO: [ template_filter ] --START--
INFO: Run Behavior\ContentReplaceBehavior [ RunTime:0.000131s ]
INFO: [ template_filter ] --END-- [ RunTime:0.000209s ]
INFO: Run Behavior\ParseTemplateBehavior [ RunTime:0.007033s ]
INFO: [ view_parse ] --END-- [ RunTime:0.007106s ]
INFO: [ view_filter ] --START--
INFO: Run Behavior\WriteHtmlCacheBehavior [ RunTime:0.000219s ]
INFO: [ view_filter ] --END-- [ RunTime:0.000269s ]
INFO: [ app_end ] --START--
INFO: Run Behavior\ShowPageTraceBehavior [ RunTime:0.000467s ]
INFO: [ app_end ] --END-- [ RunTime:0.000525s ]

[ 2016-09-18T10:14:40+08:00 ] 127.0.0.1 /admin/Back/Index/left
INFO: [ app_init ] --START--
INFO: Run Behavior\BuildLiteBehavior [ RunTime:0.000017s ]
INFO: [ app_init ] --END-- [ RunTime:0.000391s ]
INFO: [ app_begin ] --START--
INFO: Run Behavior\ReadHtmlCacheBehavior [ RunTime:0.000521s ]
INFO: [ app_begin ] --END-- [ RunTime:0.000588s ]
NOTIC: [2] session_start() [<a href='function.session-start'>function.session-start</a>]: Cannot find save handler 'file' - session startup failed E:\php\http\fuxi\admin\ThinkPHP\Common\functions.php 第 1263 行.
INFO: [ view_parse ] --START--
INFO: [ template_filter ] --START--
INFO: Run Behavior\ContentReplaceBehavior [ RunTime:0.000085s ]
INFO: [ template_filter ] --END-- [ RunTime:0.000157s ]
INFO: Run Behavior\ParseTemplateBehavior [ RunTime:0.006137s ]
INFO: [ view_parse ] --END-- [ RunTime:0.006204s ]
INFO: [ view_filter ] --START--
INFO: Run Behavior\WriteHtmlCacheBehavior [ RunTime:0.000296s ]
INFO: [ view_filter ] --END-- [ RunTime:0.000347s ]
INFO: [ app_end ] --START--
INFO: Run Behavior\ShowPageTraceBehavior [ RunTime:0.000516s ]
INFO: [ app_end ] --END-- [ RunTime:0.000570s ]

[ 2016-09-18T10:14:40+08:00 ] 127.0.0.1 /admin/Back//admin/Public/js/transport.org.js
INFO: [ app_init ] --START--
INFO: Run Behavior\BuildLiteBehavior [ RunTime:0.000015s ]
INFO: [ app_init ] --END-- [ RunTime:0.000313s ]
INFO: [ app_begin ] --START--
INFO: Run Behavior\ReadHtmlCacheBehavior [ RunTime:0.000481s ]
INFO: [ app_begin ] --END-- [ RunTime:0.000547s ]
NOTIC: [2] session_start() [<a href='function.session-start'>function.session-start</a>]: Cannot find save handler 'file' - session startup failed E:\php\http\fuxi\admin\ThinkPHP\Common\functions.php 第 1263 行.
ERR: 无法加载控制器:Admin

[ 2016-09-18T10:17:45+08:00 ] 127.0.0.1 /admin/Back/goods/add
INFO: [ app_init ] --START--
INFO: Run Behavior\BuildLiteBehavior [ RunTime:0.000025s ]
INFO: [ app_init ] --END-- [ RunTime:0.000571s ]
INFO: [ app_begin ] --START--
INFO: Run Behavior\ReadHtmlCacheBehavior [ RunTime:0.000971s ]
INFO: [ app_begin ] --END-- [ RunTime:0.001083s ]
NOTIC: [2] session_start() [<a href='function.session-start'>function.session-start</a>]: Cannot find save handler 'file' - session startup failed E:\php\http\fuxi\admin\ThinkPHP\Common\functions.php 第 1263 行.
INFO: [ view_parse ] --START--
INFO: [ template_filter ] --START--
INFO: Run Behavior\ContentReplaceBehavior [ RunTime:0.000669s ]
INFO: [ template_filter ] --END-- [ RunTime:0.000805s ]
INFO: Run Behavior\ParseTemplateBehavior [ RunTime:0.030426s ]
INFO: [ view_parse ] --END-- [ RunTime:0.030542s ]
INFO: [ view_filter ] --START--
INFO: Run Behavior\WriteHtmlCacheBehavior [ RunTime:0.000513s ]
INFO: [ view_filter ] --END-- [ RunTime:0.000587s ]
INFO: [ app_end ] --START--
INFO: Run Behavior\ShowPageTraceBehavior [ RunTime:0.001119s ]
INFO: [ app_end ] --END-- [ RunTime:0.001234s ]

[ 2016-09-18T10:17:46+08:00 ] 127.0.0.1 /admin/Back/goods/attr_img_upload.php?goods_id=0&goods_attr_id=
INFO: [ app_init ] --START--
INFO: Run Behavior\BuildLiteBehavior [ RunTime:0.000025s ]
INFO: [ app_init ] --END-- [ RunTime:0.000582s ]
INFO: [ app_begin ] --START--
INFO: Run Behavior\ReadHtmlCacheBehavior [ RunTime:0.000919s ]
INFO: [ app_begin ] --END-- [ RunTime:0.001037s ]
NOTIC: [2] session_start() [<a href='function.session-start'>function.session-start</a>]: Cannot find save handler 'file' - session startup failed E:\php\http\fuxi\admin\ThinkPHP\Common\functions.php 第 1263 行.
ERR: 非法操作:attr_img_upload.php

[ 2016-09-18T10:21:45+08:00 ] 127.0.0.1 /admin/Back/goods/lst
INFO: [ app_init ] --START--
INFO: Run Behavior\BuildLiteBehavior [ RunTime:0.000023s ]
INFO: [ app_init ] --END-- [ RunTime:0.000568s ]
INFO: [ app_begin ] --START--
INFO: Run Behavior\ReadHtmlCacheBehavior [ RunTime:0.001074s ]
INFO: [ app_begin ] --END-- [ RunTime:0.001203s ]
NOTIC: [2] session_start() [<a href='function.session-start'>function.session-start</a>]: Cannot find save handler 'file' - session startup failed E:\php\http\fuxi\admin\ThinkPHP\Common\functions.php 第 1263 行.
INFO: [ view_parse ] --START--
INFO: [ template_filter ] --START--
INFO: Run Behavior\ContentReplaceBehavior [ RunTime:0.000755s ]
INFO: [ template_filter ] --END-- [ RunTime:0.000890s ]
INFO: Run Behavior\ParseTemplateBehavior [ RunTime:0.036493s ]
INFO: [ view_parse ] --END-- [ RunTime:0.036650s ]
INFO: [ view_filter ] --START--
INFO: Run Behavior\WriteHtmlCacheBehavior [ RunTime:0.000704s ]
INFO: [ view_filter ] --END-- [ RunTime:0.000795s ]
INFO: [ app_end ] --START--
INFO: Run Behavior\ShowPageTraceBehavior [ RunTime:0.001016s ]
INFO: [ app_end ] --END-- [ RunTime:0.001136s ]

[ 2016-09-18T10:21:45+08:00 ] 127.0.0.1 /admin/Back/goods/styles/general.css
INFO: [ app_init ] --START--
INFO: Run Behavior\BuildLiteBehavior [ RunTime:0.000022s ]
INFO: [ app_init ] --END-- [ RunTime:0.000535s ]
INFO: [ app_begin ] --START--
INFO: Run Behavior\ReadHtmlCacheBehavior [ RunTime:0.000951s ]
INFO: [ app_begin ] --END-- [ RunTime:0.001055s ]
NOTIC: [2] session_start() [<a href='function.session-start'>function.session-start</a>]: Cannot find save handler 'file' - session startup failed E:\php\http\fuxi\admin\ThinkPHP\Common\functions.php 第 1263 行.
ERR: 非法操作:styles

[ 2016-09-18T10:21:45+08:00 ] 127.0.0.1 /admin/Back/goods/styles/main.css
INFO: [ app_init ] --START--
INFO: Run Behavior\BuildLiteBehavior [ RunTime:0.000022s ]
INFO: [ app_init ] --END-- [ RunTime:0.000541s ]
INFO: [ app_begin ] --START--
INFO: Run Behavior\ReadHtmlCacheBehavior [ RunTime:0.000823s ]
INFO: [ app_begin ] --END-- [ RunTime:0.000925s ]
NOTIC: [2] session_start() [<a href='function.session-start'>function.session-start</a>]: Cannot find save handler 'file' - session startup failed E:\php\http\fuxi\admin\ThinkPHP\Common\functions.php 第 1263 行.
ERR: 非法操作:styles

[ 2016-09-18T10:21:46+08:00 ] 127.0.0.1 /admin/Back/goods/styles/zTree/zTreeStyle.css
INFO: [ app_init ] --START--
INFO: Run Behavior\BuildLiteBehavior [ RunTime:0.000023s ]
INFO: [ app_init ] --END-- [ RunTime:0.000608s ]
INFO: [ app_begin ] --START--
INFO: Run Behavior\ReadHtmlCacheBehavior [ RunTime:0.001213s ]
INFO: [ app_begin ] --END-- [ RunTime:0.001362s ]
NOTIC: [2] session_start() [<a href='function.session-start'>function.session-start</a>]: Cannot find save handler 'file' - session startup failed E:\php\http\fuxi\admin\ThinkPHP\Common\functions.php 第 1263 行.
ERR: 非法操作:styles

[ 2016-09-18T10:21:47+08:00 ] 127.0.0.1 /admin/Back/goods/index.php?is_ajax=1&act=check_order&1474165307443443
INFO: [ app_init ] --START--
INFO: Run Behavior\BuildLiteBehavior [ RunTime:0.000024s ]
INFO: [ app_init ] --END-- [ RunTime:0.000546s ]
INFO: [ app_begin ] --START--
INFO: Run Behavior\ReadHtmlCacheBehavior [ RunTime:0.001145s ]
INFO: [ app_begin ] --END-- [ RunTime:0.001260s ]
NOTIC: [2] session_start() [<a href='function.session-start'>function.session-start</a>]: Cannot find save handler 'file' - session startup failed E:\php\http\fuxi\admin\ThinkPHP\Common\functions.php 第 1263 行.
ERR: 非法操作:index.php

[ 2016-09-18T10:22:01+08:00 ] 127.0.0.1 /admin/Back/goods/lst
INFO: [ app_init ] --START--
INFO: Run Behavior\BuildLiteBehavior [ RunTime:0.000023s ]
INFO: [ app_init ] --END-- [ RunTime:0.000575s ]
INFO: [ app_begin ] --START--
INFO: Run Behavior\ReadHtmlCacheBehavior [ RunTime:0.000988s ]
INFO: [ app_begin ] --END-- [ RunTime:0.001104s ]
NOTIC: [2] session_start() [<a href='function.session-start'>function.session-start</a>]: Cannot find save handler 'file' - session startup failed E:\php\http\fuxi\admin\ThinkPHP\Common\functions.php 第 1263 行.
INFO: [ view_parse ] --START--
INFO: [ template_filter ] --START--
INFO: Run Behavior\ContentReplaceBehavior [ RunTime:0.000754s ]
INFO: [ template_filter ] --END-- [ RunTime:0.000906s ]
INFO: Run Behavior\ParseTemplateBehavior [ RunTime:0.036298s ]
INFO: [ view_parse ] --END-- [ RunTime:0.036425s ]
INFO: [ view_filter ] --START--
INFO: Run Behavior\WriteHtmlCacheBehavior [ RunTime:0.000711s ]
INFO: [ view_filter ] --END-- [ RunTime:0.000812s ]
INFO: [ app_end ] --START--
INFO: Run Behavior\ShowPageTraceBehavior [ RunTime:0.002408s ]
INFO: [ app_end ] --END-- [ RunTime:0.002532s ]

[ 2016-09-18T10:22:01+08:00 ] 127.0.0.1 /admin/Back/goods/styles/main.css
INFO: [ app_init ] --START--
INFO: Run Behavior\BuildLiteBehavior [ RunTime:0.000021s ]
INFO: [ app_init ] --END-- [ RunTime:0.000475s ]
INFO: [ app_begin ] --START--
INFO: Run Behavior\ReadHtmlCacheBehavior [ RunTime:0.000686s ]
INFO: [ app_begin ] --END-- [ RunTime:0.000789s ]
NOTIC: [2] session_start() [<a href='function.session-start'>function.session-start</a>]: Cannot find save handler 'file' - session startup failed E:\php\http\fuxi\admin\ThinkPHP\Common\functions.php 第 1263 行.
ERR: 非法操作:styles

[ 2016-09-18T10:22:01+08:00 ] 127.0.0.1 /admin/Back/goods/styles/general.css
INFO: [ app_init ] --START--
INFO: Run Behavior\BuildLiteBehavior [ RunTime:0.000022s ]
INFO: [ app_init ] --END-- [ RunTime:0.000545s ]
INFO: [ app_begin ] --START--
INFO: Run Behavior\ReadHtmlCacheBehavior [ RunTime:0.001027s ]
INFO: [ app_begin ] --END-- [ RunTime:0.001148s ]
NOTIC: [2] session_start() [<a href='function.session-start'>function.session-start</a>]: Cannot find save handler 'file' - session startup failed E:\php\http\fuxi\admin\ThinkPHP\Common\functions.php 第 1263 行.
ERR: 非法操作:styles

[ 2016-09-18T10:22:01+08:00 ] 127.0.0.1 /admin/Back/goods/styles/zTree/zTreeStyle.css
INFO: [ app_init ] --START--
INFO: Run Behavior\BuildLiteBehavior [ RunTime:0.000015s ]
INFO: [ app_init ] --END-- [ RunTime:0.000360s ]
INFO: [ app_begin ] --START--
INFO: Run Behavior\ReadHtmlCacheBehavior [ RunTime:0.000619s ]
INFO: [ app_begin ] --END-- [ RunTime:0.000684s ]
NOTIC: [2] session_start() [<a href='function.session-start'>function.session-start</a>]: Cannot find save handler 'file' - session startup failed E:\php\http\fuxi\admin\ThinkPHP\Common\functions.php 第 1263 行.
ERR: 非法操作:styles

[ 2016-09-18T10:22:06+08:00 ] 127.0.0.1 /admin/Back/goods/add
INFO: [ app_init ] --START--
INFO: Run Behavior\BuildLiteBehavior [ RunTime:0.000022s ]
INFO: [ app_init ] --END-- [ RunTime:0.000531s ]
INFO: [ app_begin ] --START--
INFO: Run Behavior\ReadHtmlCacheBehavior [ RunTime:0.000956s ]
INFO: [ app_begin ] --END-- [ RunTime:0.001066s ]
NOTIC: [2] session_start() [<a href='function.session-start'>function.session-start</a>]: Cannot find save handler 'file' - session startup failed E:\php\http\fuxi\admin\ThinkPHP\Common\functions.php 第 1263 行.
INFO: [ view_parse ] --START--
INFO: [ template_filter ] --START--
INFO: Run Behavior\ContentReplaceBehavior [ RunTime:0.000707s ]
INFO: [ template_filter ] --END-- [ RunTime:0.000830s ]
INFO: Run Behavior\ParseTemplateBehavior [ RunTime:0.032047s ]
INFO: [ view_parse ] --END-- [ RunTime:0.032172s ]
INFO: [ view_filter ] --START--
INFO: Run Behavior\WriteHtmlCacheBehavior [ RunTime:0.000636s ]
INFO: [ view_filter ] --END-- [ RunTime:0.000728s ]
INFO: [ app_end ] --START--
INFO: Run Behavior\ShowPageTraceBehavior [ RunTime:0.001034s ]
INFO: [ app_end ] --END-- [ RunTime:0.001138s ]

[ 2016-09-18T10:22:06+08:00 ] 127.0.0.1 /admin/Back/goods/attr_img_upload.php?goods_id=0&goods_attr_id=
INFO: [ app_init ] --START--
INFO: Run Behavior\BuildLiteBehavior [ RunTime:0.000024s ]
INFO: [ app_init ] --END-- [ RunTime:0.000594s ]
INFO: [ app_begin ] --START--
INFO: Run Behavior\ReadHtmlCacheBehavior [ RunTime:0.000995s ]
INFO: [ app_begin ] --END-- [ RunTime:0.001119s ]
NOTIC: [2] session_start() [<a href='function.session-start'>function.session-start</a>]: Cannot find save handler 'file' - session startup failed E:\php\http\fuxi\admin\ThinkPHP\Common\functions.php 第 1263 行.
ERR: 非法操作:attr_img_upload.php

[ 2016-09-18T10:22:52+08:00 ] 127.0.0.1 /admin/Back/goods/lst
INFO: [ app_init ] --START--
INFO: Run Behavior\BuildLiteBehavior [ RunTime:0.000025s ]
INFO: [ app_init ] --END-- [ RunTime:0.000650s ]
INFO: [ app_begin ] --START--
INFO: Run Behavior\ReadHtmlCacheBehavior [ RunTime:0.001081s ]
INFO: [ app_begin ] --END-- [ RunTime:0.001202s ]
NOTIC: [2] session_start() [<a href='function.session-start'>function.session-start</a>]: Cannot find save handler 'file' - session startup failed E:\php\http\fuxi\admin\ThinkPHP\Common\functions.php 第 1263 行.
INFO: [ view_parse ] --START--
INFO: [ template_filter ] --START--
INFO: Run Behavior\ContentReplaceBehavior [ RunTime:0.000756s ]
INFO: [ template_filter ] --END-- [ RunTime:0.000918s ]
INFO: Run Behavior\ParseTemplateBehavior [ RunTime:0.037628s ]
INFO: [ view_parse ] --END-- [ RunTime:0.037781s ]
INFO: [ view_filter ] --START--
INFO: Run Behavior\WriteHtmlCacheBehavior [ RunTime:0.000652s ]
INFO: [ view_filter ] --END-- [ RunTime:0.000741s ]
INFO: [ app_end ] --START--
INFO: Run Behavior\ShowPageTraceBehavior [ RunTime:0.001025s ]
INFO: [ app_end ] --END-- [ RunTime:0.001138s ]

[ 2016-09-18T10:25:51+08:00 ] 127.0.0.1 /admin/Back/goods/lst
INFO: [ app_init ] --START--
INFO: Run Behavior\BuildLiteBehavior [ RunTime:0.000017s ]
INFO: [ app_init ] --END-- [ RunTime:0.000394s ]
INFO: [ app_begin ] --START--
INFO: Run Behavior\ReadHtmlCacheBehavior [ RunTime:0.000603s ]
INFO: [ app_begin ] --END-- [ RunTime:0.000681s ]
NOTIC: [2] session_start() [<a href='function.session-start'>function.session-start</a>]: Cannot find save handler 'file' - session startup failed E:\php\http\fuxi\admin\ThinkPHP\Common\functions.php 第 1263 行.
INFO: [ view_parse ] --START--
INFO: [ template_filter ] --START--
INFO: Run Behavior\ContentReplaceBehavior [ RunTime:0.000867s ]
INFO: [ template_filter ] --END-- [ RunTime:0.001010s ]
INFO: Run Behavior\ParseTemplateBehavior [ RunTime:0.036032s ]
INFO: [ view_parse ] --END-- [ RunTime:0.036151s ]
INFO: [ view_filter ] --START--
INFO: Run Behavior\WriteHtmlCacheBehavior [ RunTime:0.000449s ]
INFO: [ view_filter ] --END-- [ RunTime:0.000533s ]
INFO: [ app_end ] --START--
INFO: Run Behavior\ShowPageTraceBehavior [ RunTime:0.000889s ]
INFO: [ app_end ] --END-- [ RunTime:0.001004s ]

[ 2016-09-18T10:25:52+08:00 ] 127.0.0.1 /admin/Back/goods/index.php?is_ajax=1&act=check_order&1474165552649649
INFO: [ app_init ] --START--
INFO: Run Behavior\BuildLiteBehavior [ RunTime:0.000016s ]
INFO: [ app_init ] --END-- [ RunTime:0.000380s ]
INFO: [ app_begin ] --START--
INFO: Run Behavior\ReadHtmlCacheBehavior [ RunTime:0.000432s ]
INFO: [ app_begin ] --END-- [ RunTime:0.000507s ]
NOTIC: [2] session_start() [<a href='function.session-start'>function.session-start</a>]: Cannot find save handler 'file' - session startup failed E:\php\http\fuxi\admin\ThinkPHP\Common\functions.php 第 1263 行.
ERR: 非法操作:index.php

[ 2016-09-18T10:25:53+08:00 ] 127.0.0.1 /admin/Back/goods/index.php?is_ajax=1&act=check_order&1474165553438438
INFO: [ app_init ] --START--
INFO: Run Behavior\BuildLiteBehavior [ RunTime:0.000026s ]
INFO: [ app_init ] --END-- [ RunTime:0.000624s ]
INFO: [ app_begin ] --START--
INFO: Run Behavior\ReadHtmlCacheBehavior [ RunTime:0.000963s ]
INFO: [ app_begin ] --END-- [ RunTime:0.001081s ]
NOTIC: [2] session_start() [<a href='function.session-start'>function.session-start</a>]: Cannot find save handler 'file' - session startup failed E:\php\http\fuxi\admin\ThinkPHP\Common\functions.php 第 1263 行.
ERR: 非法操作:index.php

[ 2016-09-18T10:25:56+08:00 ] 127.0.0.1 /admin/Back/goods/lst?is_ajax=1
INFO: [ app_init ] --START--
INFO: Run Behavior\BuildLiteBehavior [ RunTime:0.000024s ]
INFO: [ app_init ] --END-- [ RunTime:0.000493s ]
INFO: [ app_begin ] --START--
INFO: Run Behavior\ReadHtmlCacheBehavior [ RunTime:0.000645s ]
INFO: [ app_begin ] --END-- [ RunTime:0.000741s ]
NOTIC: [2] session_start() [<a href='function.session-start'>function.session-start</a>]: Cannot find save handler 'file' - session startup failed E:\php\http\fuxi\admin\ThinkPHP\Common\functions.php 第 1263 行.
INFO: [ view_parse ] --START--
INFO: [ template_filter ] --START--
INFO: Run Behavior\ContentReplaceBehavior [ RunTime:0.000498s ]
INFO: [ template_filter ] --END-- [ RunTime:0.000578s ]
INFO: Run Behavior\ParseTemplateBehavior [ RunTime:0.028473s ]
INFO: [ view_parse ] --END-- [ RunTime:0.028597s ]
INFO: [ view_filter ] --START--
INFO: Run Behavior\WriteHtmlCacheBehavior [ RunTime:0.000315s ]
INFO: [ view_filter ] --END-- [ RunTime:0.000399s ]
INFO: [ app_end ] --START--
INFO: Run Behavior\ShowPageTraceBehavior [ RunTime:0.000728s ]
INFO: [ app_end ] --END-- [ RunTime:0.000845s ]

[ 2016-09-18T10:25:57+08:00 ] 127.0.0.1 /admin/Back/goods/lst?is_ajax=1
INFO: [ app_init ] --START--
INFO: Run Behavior\BuildLiteBehavior [ RunTime:0.000025s ]
INFO: [ app_init ] --END-- [ RunTime:0.000516s ]
INFO: [ app_begin ] --START--
INFO: Run Behavior\ReadHtmlCacheBehavior [ RunTime:0.000673s ]
INFO: [ app_begin ] --END-- [ RunTime:0.000780s ]
NOTIC: [2] session_start() [<a href='function.session-start'>function.session-start</a>]: Cannot find save handler 'file' - session startup failed E:\php\http\fuxi\admin\ThinkPHP\Common\functions.php 第 1263 行.
INFO: [ view_parse ] --START--
INFO: [ template_filter ] --START--
INFO: Run Behavior\ContentReplaceBehavior [ RunTime:0.000722s ]
INFO: [ template_filter ] --END-- [ RunTime:0.000833s ]
INFO: Run Behavior\ParseTemplateBehavior [ RunTime:0.031332s ]
INFO: [ view_parse ] --END-- [ RunTime:0.031457s ]
INFO: [ view_filter ] --START--
INFO: Run Behavior\WriteHtmlCacheBehavior [ RunTime:0.000308s ]
INFO: [ view_filter ] --END-- [ RunTime:0.000388s ]
INFO: [ app_end ] --START--
INFO: Run Behavior\ShowPageTraceBehavior [ RunTime:0.000798s ]
INFO: [ app_end ] --END-- [ RunTime:0.000905s ]

[ 2016-09-18T10:25:59+08:00 ] 127.0.0.1 /admin/Back/goods/lst?is_ajax=1
INFO: [ app_init ] --START--
INFO: Run Behavior\BuildLiteBehavior [ RunTime:0.000023s ]
INFO: [ app_init ] --END-- [ RunTime:0.000466s ]
INFO: [ app_begin ] --START--
INFO: Run Behavior\ReadHtmlCacheBehavior [ RunTime:0.000610s ]
INFO: [ app_begin ] --END-- [ RunTime:0.000700s ]
NOTIC: [2] session_start() [<a href='function.session-start'>function.session-start</a>]: Cannot find save handler 'file' - session startup failed E:\php\http\fuxi\admin\ThinkPHP\Common\functions.php 第 1263 行.
INFO: [ view_parse ] --START--
INFO: [ template_filter ] --START--
INFO: Run Behavior\ContentReplaceBehavior [ RunTime:0.000797s ]
INFO: [ template_filter ] --END-- [ RunTime:0.000934s ]
INFO: Run Behavior\ParseTemplateBehavior [ RunTime:0.033629s ]
INFO: [ view_parse ] --END-- [ RunTime:0.033745s ]
INFO: [ view_filter ] --START--
INFO: Run Behavior\WriteHtmlCacheBehavior [ RunTime:0.000302s ]
INFO: [ view_filter ] --END-- [ RunTime:0.000386s ]
INFO: [ app_end ] --START--
INFO: Run Behavior\ShowPageTraceBehavior [ RunTime:0.000718s ]
INFO: [ app_end ] --END-- [ RunTime:0.000827s ]

[ 2016-09-18T10:26:08+08:00 ] 127.0.0.1 /admin/Back/goods/getTaoBaoGoods.php?gid=233
INFO: [ app_init ] --START--
INFO: Run Behavior\BuildLiteBehavior [ RunTime:0.000016s ]
INFO: [ app_init ] --END-- [ RunTime:0.000312s ]
INFO: [ app_begin ] --START--
INFO: Run Behavior\ReadHtmlCacheBehavior [ RunTime:0.000431s ]
INFO: [ app_begin ] --END-- [ RunTime:0.000492s ]
NOTIC: [2] session_start() [<a href='function.session-start'>function.session-start</a>]: Cannot find save handler 'file' - session startup failed E:\php\http\fuxi\admin\ThinkPHP\Common\functions.php 第 1263 行.
ERR: 非法操作:getTaoBaoGoods.php

[ 2016-09-18T10:26:28+08:00 ] 127.0.0.1 /admin/Back/goods/lst?is_ajax=1
INFO: [ app_init ] --START--
INFO: Run Behavior\BuildLiteBehavior [ RunTime:0.000017s ]
INFO: [ app_init ] --END-- [ RunTime:0.000384s ]
INFO: [ app_begin ] --START--
INFO: Run Behavior\ReadHtmlCacheBehavior [ RunTime:0.000567s ]
INFO: [ app_begin ] --END-- [ RunTime:0.000641s ]
NOTIC: [2] session_start() [<a href='function.session-start'>function.session-start</a>]: Cannot find save handler 'file' - session startup failed E:\php\http\fuxi\admin\ThinkPHP\Common\functions.php 第 1263 行.
INFO: [ view_parse ] --START--
INFO: [ template_filter ] --START--
INFO: Run Behavior\ContentReplaceBehavior [ RunTime:0.000734s ]
INFO: [ template_filter ] --END-- [ RunTime:0.000866s ]
INFO: Run Behavior\ParseTemplateBehavior [ RunTime:0.030732s ]
INFO: [ view_parse ] --END-- [ RunTime:0.030857s ]
INFO: [ view_filter ] --START--
INFO: Run Behavior\WriteHtmlCacheBehavior [ RunTime:0.000445s ]
INFO: [ view_filter ] --END-- [ RunTime:0.000516s ]
INFO: [ app_end ] --START--
INFO: Run Behavior\ShowPageTraceBehavior [ RunTime:0.000823s ]
INFO: [ app_end ] --END-- [ RunTime:0.000959s ]

[ 2016-09-18T10:26:29+08:00 ] 127.0.0.1 /admin/Back/goods/lst?is_ajax=1
INFO: [ app_init ] --START--
INFO: Run Behavior\BuildLiteBehavior [ RunTime:0.000024s ]
INFO: [ app_init ] --END-- [ RunTime:0.000507s ]
INFO: [ app_begin ] --START--
INFO: Run Behavior\ReadHtmlCacheBehavior [ RunTime:0.000665s ]
INFO: [ app_begin ] --END-- [ RunTime:0.000779s ]
NOTIC: [2] session_start() [<a href='function.session-start'>function.session-start</a>]: Cannot find save handler 'file' - session startup failed E:\php\http\fuxi\admin\ThinkPHP\Common\functions.php 第 1263 行.
INFO: [ view_parse ] --START--
INFO: [ template_filter ] --START--
INFO: Run Behavior\ContentReplaceBehavior [ RunTime:0.000769s ]
INFO: [ template_filter ] --END-- [ RunTime:0.000901s ]
INFO: Run Behavior\ParseTemplateBehavior [ RunTime:0.030853s ]
INFO: [ view_parse ] --END-- [ RunTime:0.030944s ]
INFO: [ view_filter ] --START--
INFO: Run Behavior\WriteHtmlCacheBehavior [ RunTime:0.000224s ]
INFO: [ view_filter ] --END-- [ RunTime:0.000275s ]
INFO: [ app_end ] --START--
INFO: Run Behavior\ShowPageTraceBehavior [ RunTime:0.000689s ]
INFO: [ app_end ] --END-- [ RunTime:0.000798s ]

[ 2016-09-18T10:27:40+08:00 ] 127.0.0.1 /admin/Back/goods/lst
INFO: [ app_init ] --START--
INFO: Run Behavior\BuildLiteBehavior [ RunTime:0.000024s ]
INFO: [ app_init ] --END-- [ RunTime:0.000502s ]
INFO: [ app_begin ] --START--
INFO: Run Behavior\ReadHtmlCacheBehavior [ RunTime:0.000647s ]
INFO: [ app_begin ] --END-- [ RunTime:0.000776s ]
NOTIC: [2] session_start() [<a href='function.session-start'>function.session-start</a>]: Cannot find save handler 'file' - session startup failed E:\php\http\fuxi\admin\ThinkPHP\Common\functions.php 第 1263 行.
INFO: [ view_parse ] --START--
INFO: [ template_filter ] --START--
INFO: Run Behavior\ContentReplaceBehavior [ RunTime:0.000762s ]
INFO: [ template_filter ] --END-- [ RunTime:0.000886s ]
INFO: Run Behavior\ParseTemplateBehavior [ RunTime:0.037406s ]
INFO: [ view_parse ] --END-- [ RunTime:0.037524s ]
INFO: [ view_filter ] --START--
INFO: Run Behavior\WriteHtmlCacheBehavior [ RunTime:0.000357s ]
INFO: [ view_filter ] --END-- [ RunTime:0.000436s ]
INFO: [ app_end ] --START--
INFO: Run Behavior\ShowPageTraceBehavior [ RunTime:0.000783s ]
INFO: [ app_end ] --END-- [ RunTime:0.000898s ]

[ 2016-09-18T10:27:51+08:00 ] 127.0.0.1 /admin/Back/goods/lst
INFO: [ app_init ] --START--
INFO: Run Behavior\BuildLiteBehavior [ RunTime:0.000049s ]
INFO: [ app_init ] --END-- [ RunTime:0.000588s ]
INFO: [ app_begin ] --START--
INFO: Run Behavior\ReadHtmlCacheBehavior [ RunTime:0.000735s ]
INFO: [ app_begin ] --END-- [ RunTime:0.000849s ]
NOTIC: [2] session_start() [<a href='function.session-start'>function.session-start</a>]: Cannot find save handler 'file' - session startup failed E:\php\http\fuxi\admin\ThinkPHP\Common\functions.php 第 1263 行.
INFO: [ view_parse ] --START--
INFO: [ template_filter ] --START--
INFO: Run Behavior\ContentReplaceBehavior [ RunTime:0.000782s ]
INFO: [ template_filter ] --END-- [ RunTime:0.000922s ]
INFO: Run Behavior\ParseTemplateBehavior [ RunTime:0.035451s ]
INFO: [ view_parse ] --END-- [ RunTime:0.035580s ]
INFO: [ view_filter ] --START--
INFO: Run Behavior\WriteHtmlCacheBehavior [ RunTime:0.000442s ]
INFO: [ view_filter ] --END-- [ RunTime:0.000546s ]
INFO: [ app_end ] --START--
INFO: Run Behavior\ShowPageTraceBehavior [ RunTime:0.000778s ]
INFO: [ app_end ] --END-- [ RunTime:0.000892s ]

[ 2016-09-18T10:28:00+08:00 ] 127.0.0.1 /admin/Back/goods/lst
INFO: [ app_init ] --START--
INFO: Run Behavior\BuildLiteBehavior [ RunTime:0.000026s ]
INFO: [ app_init ] --END-- [ RunTime:0.000612s ]
INFO: [ app_begin ] --START--
INFO: Run Behavior\ReadHtmlCacheBehavior [ RunTime:0.000920s ]
INFO: [ app_begin ] --END-- [ RunTime:0.001033s ]
NOTIC: [2] session_start() [<a href='function.session-start'>function.session-start</a>]: Cannot find save handler 'file' - session startup failed E:\php\http\fuxi\admin\ThinkPHP\Common\functions.php 第 1263 行.
INFO: [ view_parse ] --START--
INFO: [ template_filter ] --START--
INFO: Run Behavior\ContentReplaceBehavior [ RunTime:0.000736s ]
INFO: [ template_filter ] --END-- [ RunTime:0.000862s ]
INFO: Run Behavior\ParseTemplateBehavior [ RunTime:0.033957s ]
INFO: [ view_parse ] --END-- [ RunTime:0.034074s ]
INFO: [ view_filter ] --START--
INFO: Run Behavior\WriteHtmlCacheBehavior [ RunTime:0.000620s ]
INFO: [ view_filter ] --END-- [ RunTime:0.000705s ]
INFO: [ app_end ] --START--
INFO: Run Behavior\ShowPageTraceBehavior [ RunTime:0.001160s ]
INFO: [ app_end ] --END-- [ RunTime:0.001287s ]

[ 2016-09-18T10:28:03+08:00 ] 127.0.0.1 /admin/Back/goods/lst
INFO: [ app_init ] --START--
INFO: Run Behavior\BuildLiteBehavior [ RunTime:0.000023s ]
INFO: [ app_init ] --END-- [ RunTime:0.000530s ]
INFO: [ app_begin ] --START--
INFO: Run Behavior\ReadHtmlCacheBehavior [ RunTime:0.000958s ]
INFO: [ app_begin ] --END-- [ RunTime:0.001068s ]
NOTIC: [2] session_start() [<a href='function.session-start'>function.session-start</a>]: Cannot find save handler 'file' - session startup failed E:\php\http\fuxi\admin\ThinkPHP\Common\functions.php 第 1263 行.
INFO: [ view_parse ] --START--
INFO: [ template_filter ] --START--
INFO: Run Behavior\ContentReplaceBehavior [ RunTime:0.000972s ]
INFO: [ template_filter ] --END-- [ RunTime:0.001112s ]
INFO: Run Behavior\ParseTemplateBehavior [ RunTime:0.036144s ]
INFO: [ view_parse ] --END-- [ RunTime:0.036320s ]
INFO: [ view_filter ] --START--
INFO: Run Behavior\WriteHtmlCacheBehavior [ RunTime:0.000677s ]
INFO: [ view_filter ] --END-- [ RunTime:0.000771s ]
INFO: [ app_end ] --START--
INFO: Run Behavior\ShowPageTraceBehavior [ RunTime:0.001051s ]
INFO: [ app_end ] --END-- [ RunTime:0.001176s ]

[ 2016-09-18T10:29:11+08:00 ] 127.0.0.1 /admin/Back/goods/index.php?is_ajax=1&act=check_order&1474165751931931
INFO: [ app_init ] --START--
INFO: Run Behavior\BuildLiteBehavior [ RunTime:0.000016s ]
INFO: [ app_init ] --END-- [ RunTime:0.000362s ]
INFO: [ app_begin ] --START--
INFO: Run Behavior\ReadHtmlCacheBehavior [ RunTime:0.001069s ]
INFO: [ app_begin ] --END-- [ RunTime:0.001189s ]
NOTIC: [2] session_start() [<a href='function.session-start'>function.session-start</a>]: Cannot find save handler 'file' - session startup failed E:\php\http\fuxi\admin\ThinkPHP\Common\functions.php 第 1263 行.
ERR: 非法操作:index.php

[ 2016-09-18T10:31:04+08:00 ] 127.0.0.1 /admin/Back/goods/index.php?is_ajax=1&act=check_order&1474165864107107
INFO: [ app_init ] --START--
INFO: Run Behavior\BuildLiteBehavior [ RunTime:0.000024s ]
INFO: [ app_init ] --END-- [ RunTime:0.000554s ]
INFO: [ app_begin ] --START--
INFO: Run Behavior\ReadHtmlCacheBehavior [ RunTime:0.000644s ]
INFO: [ app_begin ] --END-- [ RunTime:0.000713s ]
NOTIC: [2] session_start() [<a href='function.session-start'>function.session-start</a>]: Cannot find save handler 'file' - session startup failed E:\php\http\fuxi\admin\ThinkPHP\Common\functions.php 第 1263 行.
ERR: 非法操作:index.php

[ 2016-09-18T10:32:51+08:00 ] 127.0.0.1 /admin/Back/goods/lst
INFO: [ app_init ] --START--
INFO: Run Behavior\BuildLiteBehavior [ RunTime:0.000024s ]
INFO: [ app_init ] --END-- [ RunTime:0.000546s ]
INFO: [ app_begin ] --START--
INFO: Run Behavior\ReadHtmlCacheBehavior [ RunTime:0.001011s ]
INFO: [ app_begin ] --END-- [ RunTime:0.001124s ]
NOTIC: [2] session_start() [<a href='function.session-start'>function.session-start</a>]: Cannot find save handler 'file' - session startup failed E:\php\http\fuxi\admin\ThinkPHP\Common\functions.php 第 1263 行.
INFO: [ view_parse ] --START--
INFO: [ template_filter ] --START--
INFO: Run Behavior\ContentReplaceBehavior [ RunTime:0.000846s ]
INFO: [ template_filter ] --END-- [ RunTime:0.000977s ]
INFO: Run Behavior\ParseTemplateBehavior [ RunTime:0.045264s ]
INFO: [ view_parse ] --END-- [ RunTime:0.045386s ]
INFO: [ view_filter ] --START--
INFO: Run Behavior\WriteHtmlCacheBehavior [ RunTime:0.000634s ]
INFO: [ view_filter ] --END-- [ RunTime:0.000718s ]
INFO: [ app_end ] --START--
INFO: Run Behavior\ShowPageTraceBehavior [ RunTime:0.001160s ]
INFO: [ app_end ] --END-- [ RunTime:0.001267s ]

[ 2016-09-18T10:33:38+08:00 ] 127.0.0.1 /admin/Back/goods/lst
INFO: [ app_init ] --START--
INFO: Run Behavior\BuildLiteBehavior [ RunTime:0.000022s ]
INFO: [ app_init ] --END-- [ RunTime:0.000519s ]
INFO: [ app_begin ] --START--
INFO: Run Behavior\ReadHtmlCacheBehavior [ RunTime:0.000888s ]
INFO: [ app_begin ] --END-- [ RunTime:0.000980s ]
NOTIC: [2] session_start() [<a href='function.session-start'>function.session-start</a>]: Cannot find save handler 'file' - session startup failed E:\php\http\fuxi\admin\ThinkPHP\Common\functions.php 第 1263 行.
INFO: [ view_parse ] --START--
INFO: [ template_filter ] --START--
INFO: Run Behavior\ContentReplaceBehavior [ RunTime:0.000759s ]
INFO: [ template_filter ] --END-- [ RunTime:0.000889s ]
INFO: Run Behavior\ParseTemplateBehavior [ RunTime:0.037711s ]
INFO: [ view_parse ] --END-- [ RunTime:0.037830s ]
INFO: [ view_filter ] --START--
INFO: Run Behavior\WriteHtmlCacheBehavior [ RunTime:0.000713s ]
INFO: [ view_filter ] --END-- [ RunTime:0.000808s ]
INFO: [ app_end ] --START--
INFO: Run Behavior\ShowPageTraceBehavior [ RunTime:0.001166s ]
INFO: [ app_end ] --END-- [ RunTime:0.001282s ]

[ 2016-09-18T10:33:53+08:00 ] 127.0.0.1 /admin/Back/goods/index.php?is_ajax=1&act=check_order&1474166033824824
INFO: [ app_init ] --START--
INFO: Run Behavior\BuildLiteBehavior [ RunTime:0.000024s ]
INFO: [ app_init ] --END-- [ RunTime:0.000600s ]
INFO: [ app_begin ] --START--
INFO: Run Behavior\ReadHtmlCacheBehavior [ RunTime:0.001005s ]
INFO: [ app_begin ] --END-- [ RunTime:0.001123s ]
NOTIC: [2] session_start() [<a href='function.session-start'>function.session-start</a>]: Cannot find save handler 'file' - session startup failed E:\php\http\fuxi\admin\ThinkPHP\Common\functions.php 第 1263 行.
ERR: 非法操作:index.php

[ 2016-09-18T10:34:11+08:00 ] 127.0.0.1 /admin/Back/goods/lst
INFO: [ app_init ] --START--
INFO: Run Behavior\BuildLiteBehavior [ RunTime:0.000023s ]
INFO: [ app_init ] --END-- [ RunTime:0.000594s ]
INFO: [ app_begin ] --START--
INFO: Run Behavior\ReadHtmlCacheBehavior [ RunTime:0.000923s ]
INFO: [ app_begin ] --END-- [ RunTime:0.001029s ]
NOTIC: [2] session_start() [<a href='function.session-start'>function.session-start</a>]: Cannot find save handler 'file' - session startup failed E:\php\http\fuxi\admin\ThinkPHP\Common\functions.php 第 1263 行.
INFO: [ view_parse ] --START--
INFO: [ template_filter ] --START--
INFO: Run Behavior\ContentReplaceBehavior [ RunTime:0.000739s ]
INFO: [ template_filter ] --END-- [ RunTime:0.000903s ]
INFO: Run Behavior\ParseTemplateBehavior [ RunTime:0.029923s ]
INFO: [ view_parse ] --END-- [ RunTime:0.030046s ]
INFO: [ view_filter ] --START--
INFO: Run Behavior\WriteHtmlCacheBehavior [ RunTime:0.000663s ]
INFO: [ view_filter ] --END-- [ RunTime:0.000749s ]
INFO: [ app_end ] --START--
INFO: Run Behavior\ShowPageTraceBehavior [ RunTime:0.001132s ]
INFO: [ app_end ] --END-- [ RunTime:0.001244s ]

[ 2016-09-18T10:35:11+08:00 ] 127.0.0.1 /admin/Back/goods/lst
INFO: [ app_init ] --START--
INFO: Run Behavior\BuildLiteBehavior [ RunTime:0.000026s ]
INFO: [ app_init ] --END-- [ RunTime:0.001047s ]
INFO: [ app_begin ] --START--
INFO: Run Behavior\ReadHtmlCacheBehavior [ RunTime:0.001113s ]
INFO: [ app_begin ] --END-- [ RunTime:0.001226s ]
NOTIC: [2] session_start() [<a href='function.session-start'>function.session-start</a>]: Cannot find save handler 'file' - session startup failed E:\php\http\fuxi\admin\ThinkPHP\Common\functions.php 第 1263 行.
INFO: [ view_parse ] --START--
INFO: [ template_filter ] --START--
INFO: Run Behavior\ContentReplaceBehavior [ RunTime:0.000738s ]
INFO: [ template_filter ] --END-- [ RunTime:0.000860s ]
INFO: Run Behavior\ParseTemplateBehavior [ RunTime:0.039950s ]
INFO: [ view_parse ] --END-- [ RunTime:0.040069s ]
INFO: [ view_filter ] --START--
INFO: Run Behavior\WriteHtmlCacheBehavior [ RunTime:0.000777s ]
INFO: [ view_filter ] --END-- [ RunTime:0.000880s ]
INFO: [ app_end ] --START--
INFO: Run Behavior\ShowPageTraceBehavior [ RunTime:0.001065s ]
INFO: [ app_end ] --END-- [ RunTime:0.001197s ]

[ 2016-09-18T10:36:16+08:00 ] 127.0.0.1 /admin/Back/goods/lst
INFO: [ app_init ] --START--
INFO: Run Behavior\BuildLiteBehavior [ RunTime:0.000024s ]
INFO: [ app_init ] --END-- [ RunTime:0.000557s ]
INFO: [ app_begin ] --START--
INFO: Run Behavior\ReadHtmlCacheBehavior [ RunTime:0.000987s ]
INFO: [ app_begin ] --END-- [ RunTime:0.001096s ]
NOTIC: [2] session_start() [<a href='function.session-start'>function.session-start</a>]: Cannot find save handler 'file' - session startup failed E:\php\http\fuxi\admin\ThinkPHP\Common\functions.php 第 1263 行.
INFO: [ view_parse ] --START--
INFO: [ template_filter ] --START--
INFO: Run Behavior\ContentReplaceBehavior [ RunTime:0.000579s ]
INFO: [ template_filter ] --END-- [ RunTime:0.000701s ]
INFO: Run Behavior\ParseTemplateBehavior [ RunTime:0.025175s ]
INFO: [ view_parse ] --END-- [ RunTime:0.025291s ]
INFO: [ view_filter ] --START--
INFO: Run Behavior\WriteHtmlCacheBehavior [ RunTime:0.000645s ]
INFO: [ view_filter ] --END-- [ RunTime:0.000736s ]
INFO: [ app_end ] --START--
INFO: Run Behavior\ShowPageTraceBehavior [ RunTime:0.001258s ]
INFO: [ app_end ] --END-- [ RunTime:0.001378s ]

[ 2016-09-18T10:36:53+08:00 ] 127.0.0.1 /admin/Back/goods/index.php?is_ajax=1&act=check_order&1474166213859859
INFO: [ app_init ] --START--
INFO: Run Behavior\BuildLiteBehavior [ RunTime:0.000025s ]
INFO: [ app_init ] --END-- [ RunTime:0.000589s ]
INFO: [ app_begin ] --START--
INFO: Run Behavior\ReadHtmlCacheBehavior [ RunTime:0.000997s ]
INFO: [ app_begin ] --END-- [ RunTime:0.001117s ]
NOTIC: [2] session_start() [<a href='function.session-start'>function.session-start</a>]: Cannot find save handler 'file' - session startup failed E:\php\http\fuxi\admin\ThinkPHP\Common\functions.php 第 1263 行.
ERR: 非法操作:index.php

