[ 2016-09-28T18:01:34+08:00 ] 127.0.0.1 /admin/
INFO: [ app_init ] --START--
INFO: Run Behavior\BuildLiteBehavior [ RunTime:0.000015s ]
INFO: [ app_init ] --END-- [ RunTime:0.000401s ]
INFO: [ app_begin ] --START--
INFO: Run Behavior\ReadHtmlCacheBehavior [ RunTime:0.000623s ]
INFO: [ app_begin ] --END-- [ RunTime:0.000694s ]
INFO: [ view_parse ] --START--
INFO: [ template_filter ] --START--
INFO: Run Behavior\ContentReplaceBehavior [ RunTime:0.000071s ]
INFO: [ template_filter ] --END-- [ RunTime:0.000133s ]
INFO: Run Behavior\ParseTemplateBehavior [ RunTime:0.007917s ]
INFO: [ view_parse ] --END-- [ RunTime:0.008046s ]
INFO: [ view_filter ] --START--
INFO: Run Behavior\WriteHtmlCacheBehavior [ RunTime:0.000879s ]
INFO: [ view_filter ] --END-- [ RunTime:0.000996s ]

[ 2016-09-28T18:01:38+08:00 ] 127.0.0.1 /admin/login/index.html
INFO: [ app_init ] --START--
INFO: Run Behavior\BuildLiteBehavior [ RunTime:0.000033s ]
INFO: [ app_init ] --END-- [ RunTime:0.000792s ]
INFO: [ app_begin ] --START--
INFO: Run Behavior\ReadHtmlCacheBehavior [ RunTime:0.001132s ]
INFO: [ app_begin ] --END-- [ RunTime:0.001285s ]
INFO: [ view_parse ] --START--
INFO: [ template_filter ] --START--
INFO: Run Behavior\ContentReplaceBehavior [ RunTime:0.000066s ]
INFO: [ template_filter ] --END-- [ RunTime:0.000142s ]
INFO: Run Behavior\ParseTemplateBehavior [ RunTime:0.008217s ]
INFO: [ view_parse ] --END-- [ RunTime:0.008349s ]
INFO: [ view_filter ] --START--
INFO: Run Behavior\WriteHtmlCacheBehavior [ RunTime:0.000239s ]
INFO: [ view_filter ] --END-- [ RunTime:0.000289s ]
INFO: [ app_end ] --START--
INFO: Run Behavior\ShowPageTraceBehavior [ RunTime:0.000592s ]
INFO: [ app_end ] --END-- [ RunTime:0.000644s ]

[ 2016-09-28T18:01:38+08:00 ] 127.0.0.1 /admin//admin/Public/js/utils.js
INFO: [ app_init ] --START--
INFO: Run Behavior\BuildLiteBehavior [ RunTime:0.000023s ]
INFO: [ app_init ] --END-- [ RunTime:0.000495s ]
INFO: [ app_begin ] --START--
INFO: Run Behavior\ReadHtmlCacheBehavior [ RunTime:0.000654s ]
INFO: [ app_begin ] --END-- [ RunTime:0.000738s ]
ERR: 无法加载控制器:Admin

[ 2016-09-28T18:01:42+08:00 ] 127.0.0.1 /admin/login/index.html
INFO: [ app_init ] --START--
INFO: Run Behavior\BuildLiteBehavior [ RunTime:0.000017s ]
INFO: [ app_init ] --END-- [ RunTime:0.000465s ]
INFO: [ app_begin ] --START--
INFO: Run Behavior\ReadHtmlCacheBehavior [ RunTime:0.000700s ]
INFO: [ app_begin ] --END-- [ RunTime:0.000770s ]
SQL: SHOW COLUMNS FROM `php34_manage` [ RunTime:0.0040s ]
SQL: SELECT * FROM `php34_manage` WHERE `admin_name` = 'admin' AND `admin_pwd` = '202cb962ac59075b964b07152d234b70' LIMIT 1   [ RunTime:0.0002s ]

[ 2016-09-28T18:01:42+08:00 ] 127.0.0.1 /admin/index/index.html
INFO: [ app_init ] --START--
INFO: Run Behavior\BuildLiteBehavior [ RunTime:0.000013s ]
INFO: [ app_init ] --END-- [ RunTime:0.000323s ]
INFO: [ app_begin ] --START--
INFO: Run Behavior\ReadHtmlCacheBehavior [ RunTime:0.000452s ]
INFO: [ app_begin ] --END-- [ RunTime:0.000507s ]
INFO: [ view_parse ] --START--
INFO: [ template_filter ] --START--
INFO: Run Behavior\ContentReplaceBehavior [ RunTime:0.000073s ]
INFO: [ template_filter ] --END-- [ RunTime:0.000167s ]
INFO: Run Behavior\ParseTemplateBehavior [ RunTime:0.007644s ]
INFO: [ view_parse ] --END-- [ RunTime:0.007729s ]
INFO: [ view_filter ] --START--
INFO: Run Behavior\WriteHtmlCacheBehavior [ RunTime:0.000384s ]
INFO: [ view_filter ] --END-- [ RunTime:0.000434s ]
INFO: [ app_end ] --START--
INFO: Run Behavior\ShowPageTraceBehavior [ RunTime:0.000591s ]
INFO: [ app_end ] --END-- [ RunTime:0.000643s ]

[ 2016-09-28T18:01:42+08:00 ] 127.0.0.1 /admin/Back/Index/top
INFO: [ app_init ] --START--
INFO: Run Behavior\BuildLiteBehavior [ RunTime:0.000023s ]
INFO: [ app_init ] --END-- [ RunTime:0.000551s ]
INFO: [ app_begin ] --START--
INFO: Run Behavior\ReadHtmlCacheBehavior [ RunTime:0.000844s ]
INFO: [ app_begin ] --END-- [ RunTime:0.001005s ]
INFO: [ view_parse ] --START--
INFO: [ template_filter ] --START--
INFO: Run Behavior\ContentReplaceBehavior [ RunTime:0.000248s ]
INFO: [ template_filter ] --END-- [ RunTime:0.000352s ]
INFO: Run Behavior\ParseTemplateBehavior [ RunTime:0.010637s ]
INFO: [ view_parse ] --END-- [ RunTime:0.010725s ]
INFO: [ view_filter ] --START--
INFO: Run Behavior\WriteHtmlCacheBehavior [ RunTime:0.000245s ]
INFO: [ view_filter ] --END-- [ RunTime:0.000294s ]
INFO: [ app_end ] --START--
INFO: Run Behavior\ShowPageTraceBehavior [ RunTime:0.000544s ]
INFO: [ app_end ] --END-- [ RunTime:0.000614s ]

[ 2016-09-28T18:01:42+08:00 ] 127.0.0.1 /admin/Back/Index/main
INFO: [ app_init ] --START--
INFO: Run Behavior\BuildLiteBehavior [ RunTime:0.000022s ]
INFO: [ app_init ] --END-- [ RunTime:0.000493s ]
INFO: [ app_begin ] --START--
INFO: Run Behavior\ReadHtmlCacheBehavior [ RunTime:0.000682s ]
INFO: [ app_begin ] --END-- [ RunTime:0.000777s ]
INFO: [ view_parse ] --START--
INFO: [ template_filter ] --START--
INFO: Run Behavior\ContentReplaceBehavior [ RunTime:0.000223s ]
INFO: [ template_filter ] --END-- [ RunTime:0.000316s ]
INFO: Run Behavior\ParseTemplateBehavior [ RunTime:0.020718s ]
INFO: [ view_parse ] --END-- [ RunTime:0.020832s ]
INFO: [ view_filter ] --START--
INFO: Run Behavior\WriteHtmlCacheBehavior [ RunTime:0.000299s ]
INFO: [ view_filter ] --END-- [ RunTime:0.000372s ]
INFO: [ app_end ] --START--
INFO: Run Behavior\ShowPageTraceBehavior [ RunTime:0.000717s ]
INFO: [ app_end ] --END-- [ RunTime:0.000808s ]

[ 2016-09-28T18:01:42+08:00 ] 127.0.0.1 /admin/Back//admin/Public/js/transport.org.js
INFO: [ app_init ] --START--
INFO: Run Behavior\BuildLiteBehavior [ RunTime:0.000020s ]
INFO: [ app_init ] --END-- [ RunTime:0.000516s ]
INFO: [ app_begin ] --START--
INFO: Run Behavior\ReadHtmlCacheBehavior [ RunTime:0.000667s ]
INFO: [ app_begin ] --END-- [ RunTime:0.000761s ]
ERR: 无法加载控制器:Admin

[ 2016-09-28T18:01:42+08:00 ] 127.0.0.1 /admin/Back/Index/left
INFO: [ app_init ] --START--
INFO: Run Behavior\BuildLiteBehavior [ RunTime:0.000023s ]
INFO: [ app_init ] --END-- [ RunTime:0.000581s ]
INFO: [ app_begin ] --START--
INFO: Run Behavior\ReadHtmlCacheBehavior [ RunTime:0.000893s ]
INFO: [ app_begin ] --END-- [ RunTime:0.000990s ]
SQL: SHOW COLUMNS FROM `php34_privilege` [ RunTime:0.0060s ]
SQL: SELECT * FROM `php34_privilege` WHERE `is_show` = 1  [ RunTime:0.0002s ]
INFO: [ view_parse ] --START--
INFO: [ template_filter ] --START--
INFO: Run Behavior\ContentReplaceBehavior [ RunTime:0.000083s ]
INFO: [ template_filter ] --END-- [ RunTime:0.000154s ]
INFO: Run Behavior\ParseTemplateBehavior [ RunTime:0.007385s ]
INFO: [ view_parse ] --END-- [ RunTime:0.007465s ]
INFO: [ view_filter ] --START--
INFO: Run Behavior\WriteHtmlCacheBehavior [ RunTime:0.000385s ]
INFO: [ view_filter ] --END-- [ RunTime:0.000439s ]
INFO: [ app_end ] --START--
INFO: Run Behavior\ShowPageTraceBehavior [ RunTime:0.000651s ]
INFO: [ app_end ] --END-- [ RunTime:0.000711s ]

[ 2016-09-28T18:01:45+08:00 ] 127.0.0.1 /admin/index.php/Back/Goods/lst
INFO: [ app_init ] --START--
INFO: Run Behavior\BuildLiteBehavior [ RunTime:0.000033s ]
INFO: [ app_init ] --END-- [ RunTime:0.000955s ]
INFO: [ app_begin ] --START--
INFO: Run Behavior\ReadHtmlCacheBehavior [ RunTime:0.001047s ]
INFO: [ app_begin ] --END-- [ RunTime:0.001183s ]
NOTIC: [2048] Declaration of Back\Model\GoodsModel::_before_delete() should be compatible with that of Think\Model::_before_delete() E:\php\http\fuxi\admin\Application\Back\Model\GoodsModel.class.php 第 4 行.
SQL: SHOW COLUMNS FROM `php34_goods` [ RunTime:0.0049s ]
SQL: SELECT COUNT(*) AS tp_count FROM `php34_goods` WHERE `is_delete` = 0 LIMIT 1   [ RunTime:0.0001s ]
SQL: SELECT a.*,b.cat_name,group_concat(d.cat_name SEPARATOR "<br/>") ext_name FROM php34_goods a LEFT JOIN php34_category as b on a.cat_id=b.id LEFT JOIN php34_ext_cat as c on c.goods_id=a.id LEFT JOIN php34_category as d on d.id =c.cat_id  WHERE `is_delete` = 0 GROUP BY a.id ORDER BY id desc LIMIT 0,10   [ RunTime:0.0003s ]
INFO: [ view_parse ] --START--
INFO: [ template_filter ] --START--
INFO: Run Behavior\ContentReplaceBehavior [ RunTime:0.000124s ]
INFO: [ template_filter ] --END-- [ RunTime:0.000191s ]
INFO: Run Behavior\ParseTemplateBehavior [ RunTime:0.008423s ]
INFO: [ view_parse ] --END-- [ RunTime:0.008490s ]
INFO: [ view_filter ] --START--
INFO: Run Behavior\WriteHtmlCacheBehavior [ RunTime:0.000282s ]
INFO: [ view_filter ] --END-- [ RunTime:0.000334s ]
INFO: [ app_end ] --START--
INFO: Run Behavior\ShowPageTraceBehavior [ RunTime:0.000486s ]
INFO: [ app_end ] --END-- [ RunTime:0.000544s ]

[ 2016-09-28T18:01:47+08:00 ] 127.0.0.1 /admin/Back/Goods/goodsNumber/id/79
INFO: [ app_init ] --START--
INFO: Run Behavior\BuildLiteBehavior [ RunTime:0.000029s ]
INFO: [ app_init ] --END-- [ RunTime:0.000899s ]
INFO: [ app_begin ] --START--
INFO: Run Behavior\ReadHtmlCacheBehavior [ RunTime:0.000985s ]
INFO: [ app_begin ] --END-- [ RunTime:0.001110s ]
SQL: SHOW COLUMNS FROM `php34_goods_attr` [ RunTime:0.0128s ]
SQL: SELECT group_concat(a.id) ids,group_concat(a.attr_value) attr_value,b.attr_name FROM php34_goods_attr a INNER JOIN php34_attr b on b.id=a.attr_id  WHERE `goods_id` = '79' GROUP BY a.attr_id HAVING count(*)>1  [ RunTime:0.0003s ]
SQL: SHOW COLUMNS FROM `php34_goods_number` [ RunTime:0.0087s ]
SQL: SELECT * FROM `php34_goods_number` WHERE `goods_id` = '79'  [ RunTime:0.0001s ]
INFO: [ view_parse ] --START--
INFO: [ template_filter ] --START--
INFO: Run Behavior\ContentReplaceBehavior [ RunTime:0.000096s ]
INFO: [ template_filter ] --END-- [ RunTime:0.000195s ]
NOTIC: [8] Undefined index: attr_name E:\php\http\fuxi\admin\Application\Runtime\Cache\Back\23d6bf005302236dcb729d92bee235e5.php 第 35 行.
NOTIC: [8] Undefined index: id E:\php\http\fuxi\admin\Application\Runtime\Cache\Back\23d6bf005302236dcb729d92bee235e5.php 第 42 行.
NOTIC: [8] Undefined index: value E:\php\http\fuxi\admin\Application\Runtime\Cache\Back\23d6bf005302236dcb729d92bee235e5.php 第 43 行.
NOTIC: [8] Undefined index: ,21 E:\php\http\fuxi\admin\Application\Runtime\Cache\Back\23d6bf005302236dcb729d92bee235e5.php 第 47 行.
NOTIC: [8] Undefined index: id E:\php\http\fuxi\admin\Application\Runtime\Cache\Back\23d6bf005302236dcb729d92bee235e5.php 第 42 行.
NOTIC: [8] Undefined index: value E:\php\http\fuxi\admin\Application\Runtime\Cache\Back\23d6bf005302236dcb729d92bee235e5.php 第 43 行.
NOTIC: [8] Undefined index: ,20 E:\php\http\fuxi\admin\Application\Runtime\Cache\Back\23d6bf005302236dcb729d92bee235e5.php 第 47 行.
NOTIC: [8] Undefined index: id E:\php\http\fuxi\admin\Application\Runtime\Cache\Back\23d6bf005302236dcb729d92bee235e5.php 第 42 行.
NOTIC: [8] Undefined index: value E:\php\http\fuxi\admin\Application\Runtime\Cache\Back\23d6bf005302236dcb729d92bee235e5.php 第 43 行.
NOTIC: [8] Undefined index: ,21 E:\php\http\fuxi\admin\Application\Runtime\Cache\Back\23d6bf005302236dcb729d92bee235e5.php 第 47 行.
NOTIC: [8] Undefined index: id E:\php\http\fuxi\admin\Application\Runtime\Cache\Back\23d6bf005302236dcb729d92bee235e5.php 第 42 行.
NOTIC: [8] Undefined index: value E:\php\http\fuxi\admin\Application\Runtime\Cache\Back\23d6bf005302236dcb729d92bee235e5.php 第 43 行.
NOTIC: [8] Undefined index: ,20 E:\php\http\fuxi\admin\Application\Runtime\Cache\Back\23d6bf005302236dcb729d92bee235e5.php 第 47 行.
NOTIC: [8] Undefined index: id E:\php\http\fuxi\admin\Application\Runtime\Cache\Back\23d6bf005302236dcb729d92bee235e5.php 第 42 行.
NOTIC: [8] Undefined index: value E:\php\http\fuxi\admin\Application\Runtime\Cache\Back\23d6bf005302236dcb729d92bee235e5.php 第 43 行.
NOTIC: [8] Undefined index: ,21 E:\php\http\fuxi\admin\Application\Runtime\Cache\Back\23d6bf005302236dcb729d92bee235e5.php 第 47 行.
NOTIC: [8] Undefined index: id E:\php\http\fuxi\admin\Application\Runtime\Cache\Back\23d6bf005302236dcb729d92bee235e5.php 第 42 行.
NOTIC: [8] Undefined index: value E:\php\http\fuxi\admin\Application\Runtime\Cache\Back\23d6bf005302236dcb729d92bee235e5.php 第 43 行.
NOTIC: [8] Undefined index: ,20 E:\php\http\fuxi\admin\Application\Runtime\Cache\Back\23d6bf005302236dcb729d92bee235e5.php 第 47 行.
NOTIC: [8] Undefined index: id E:\php\http\fuxi\admin\Application\Runtime\Cache\Back\23d6bf005302236dcb729d92bee235e5.php 第 42 行.
NOTIC: [8] Undefined index: value E:\php\http\fuxi\admin\Application\Runtime\Cache\Back\23d6bf005302236dcb729d92bee235e5.php 第 43 行.
NOTIC: [8] Undefined index: ,21 E:\php\http\fuxi\admin\Application\Runtime\Cache\Back\23d6bf005302236dcb729d92bee235e5.php 第 47 行.
NOTIC: [8] Undefined index: id E:\php\http\fuxi\admin\Application\Runtime\Cache\Back\23d6bf005302236dcb729d92bee235e5.php 第 42 行.
NOTIC: [8] Undefined index: value E:\php\http\fuxi\admin\Application\Runtime\Cache\Back\23d6bf005302236dcb729d92bee235e5.php 第 43 行.
NOTIC: [8] Undefined index: ,20 E:\php\http\fuxi\admin\Application\Runtime\Cache\Back\23d6bf005302236dcb729d92bee235e5.php 第 47 行.
NOTIC: [8] Undefined index: id E:\php\http\fuxi\admin\Application\Runtime\Cache\Back\23d6bf005302236dcb729d92bee235e5.php 第 42 行.
NOTIC: [8] Undefined index: value E:\php\http\fuxi\admin\Application\Runtime\Cache\Back\23d6bf005302236dcb729d92bee235e5.php 第 43 行.
NOTIC: [8] Undefined index: ,21 E:\php\http\fuxi\admin\Application\Runtime\Cache\Back\23d6bf005302236dcb729d92bee235e5.php 第 47 行.
NOTIC: [8] Undefined index: id E:\php\http\fuxi\admin\Application\Runtime\Cache\Back\23d6bf005302236dcb729d92bee235e5.php 第 42 行.
NOTIC: [8] Undefined index: value E:\php\http\fuxi\admin\Application\Runtime\Cache\Back\23d6bf005302236dcb729d92bee235e5.php 第 43 行.
NOTIC: [8] Undefined index: ,20 E:\php\http\fuxi\admin\Application\Runtime\Cache\Back\23d6bf005302236dcb729d92bee235e5.php 第 47 行.
NOTIC: [8] Undefined index: id E:\php\http\fuxi\admin\Application\Runtime\Cache\Back\23d6bf005302236dcb729d92bee235e5.php 第 42 行.
NOTIC: [8] Undefined index: value E:\php\http\fuxi\admin\Application\Runtime\Cache\Back\23d6bf005302236dcb729d92bee235e5.php 第 43 行.
NOTIC: [8] Undefined index: ,21 E:\php\http\fuxi\admin\Application\Runtime\Cache\Back\23d6bf005302236dcb729d92bee235e5.php 第 47 行.
NOTIC: [8] Undefined index: id E:\php\http\fuxi\admin\Application\Runtime\Cache\Back\23d6bf005302236dcb729d92bee235e5.php 第 42 行.
NOTIC: [8] Undefined index: value E:\php\http\fuxi\admin\Application\Runtime\Cache\Back\23d6bf005302236dcb729d92bee235e5.php 第 43 行.
NOTIC: [8] Undefined index: ,20 E:\php\http\fuxi\admin\Application\Runtime\Cache\Back\23d6bf005302236dcb729d92bee235e5.php 第 47 行.
INFO: Run Behavior\ParseTemplateBehavior [ RunTime:0.008658s ]
INFO: [ view_parse ] --END-- [ RunTime:0.008729s ]
INFO: [ view_filter ] --START--
INFO: Run Behavior\WriteHtmlCacheBehavior [ RunTime:0.000265s ]
INFO: [ view_filter ] --END-- [ RunTime:0.000314s ]
INFO: [ app_end ] --START--
INFO: Run Behavior\ShowPageTraceBehavior [ RunTime:0.000622s ]
INFO: [ app_end ] --END-- [ RunTime:0.000691s ]

[ 2016-09-28T18:02:01+08:00 ] 127.0.0.1 /admin/Back/manage/edit/id/1
INFO: [ app_init ] --START--
INFO: Run Behavior\BuildLiteBehavior [ RunTime:0.000032s ]
INFO: [ app_init ] --END-- [ RunTime:0.001002s ]
INFO: [ app_begin ] --START--
INFO: Run Behavior\ReadHtmlCacheBehavior [ RunTime:0.001067s ]
INFO: [ app_begin ] --END-- [ RunTime:0.001209s ]
SQL: SHOW COLUMNS FROM `php34_manage` [ RunTime:0.0045s ]
SQL: SHOW COLUMNS FROM `php34_role` [ RunTime:0.0047s ]
SQL: SELECT * FROM `php34_role`  [ RunTime:0.0001s ]
SQL: SELECT * FROM `php34_manage` WHERE `id` = 1 LIMIT 1   [ RunTime:0.0001s ]
INFO: [ view_parse ] --START--
INFO: [ template_filter ] --START--
INFO: Run Behavior\ContentReplaceBehavior [ RunTime:0.000084s ]
INFO: [ template_filter ] --END-- [ RunTime:0.000148s ]
INFO: Run Behavior\ParseTemplateBehavior [ RunTime:0.007097s ]
INFO: [ view_parse ] --END-- [ RunTime:0.007176s ]
INFO: [ view_filter ] --START--
INFO: Run Behavior\WriteHtmlCacheBehavior [ RunTime:0.000224s ]
INFO: [ view_filter ] --END-- [ RunTime:0.000272s ]
INFO: [ app_end ] --START--
INFO: Run Behavior\ShowPageTraceBehavior [ RunTime:0.000468s ]
INFO: [ app_end ] --END-- [ RunTime:0.000516s ]

[ 2016-09-28T18:11:21+08:00 ] 127.0.0.1 /admin/
INFO: [ app_init ] --START--
INFO: Run Behavior\BuildLiteBehavior [ RunTime:0.000015s ]
INFO: [ app_init ] --END-- [ RunTime:0.000398s ]
INFO: [ app_begin ] --START--
INFO: Run Behavior\ReadHtmlCacheBehavior [ RunTime:0.000627s ]
INFO: [ app_begin ] --END-- [ RunTime:0.000687s ]
INFO: [ view_parse ] --START--
INFO: [ template_filter ] --START--
INFO: Run Behavior\ContentReplaceBehavior [ RunTime:0.000073s ]
INFO: [ template_filter ] --END-- [ RunTime:0.000138s ]
INFO: Run Behavior\ParseTemplateBehavior [ RunTime:0.007111s ]
INFO: [ view_parse ] --END-- [ RunTime:0.007176s ]
INFO: [ view_filter ] --START--
INFO: Run Behavior\WriteHtmlCacheBehavior [ RunTime:0.000346s ]
INFO: [ view_filter ] --END-- [ RunTime:0.000395s ]

[ 2016-09-28T18:11:24+08:00 ] 127.0.0.1 /admin/login/index.html
INFO: [ app_init ] --START--
INFO: Run Behavior\BuildLiteBehavior [ RunTime:0.000035s ]
INFO: [ app_init ] --END-- [ RunTime:0.000807s ]
INFO: [ app_begin ] --START--
INFO: Run Behavior\ReadHtmlCacheBehavior [ RunTime:0.002005s ]
INFO: [ app_begin ] --END-- [ RunTime:0.002158s ]
INFO: [ view_parse ] --START--
INFO: [ template_filter ] --START--
INFO: Run Behavior\ContentReplaceBehavior [ RunTime:0.000084s ]
INFO: [ template_filter ] --END-- [ RunTime:0.000207s ]
INFO: Run Behavior\ParseTemplateBehavior [ RunTime:0.010176s ]
INFO: [ view_parse ] --END-- [ RunTime:0.010285s ]
INFO: [ view_filter ] --START--
INFO: Run Behavior\WriteHtmlCacheBehavior [ RunTime:0.000240s ]
INFO: [ view_filter ] --END-- [ RunTime:0.000292s ]
INFO: [ app_end ] --START--
INFO: Run Behavior\ShowPageTraceBehavior [ RunTime:0.000600s ]
INFO: [ app_end ] --END-- [ RunTime:0.000664s ]

[ 2016-09-28T18:11:24+08:00 ] 127.0.0.1 /admin//admin/Public/js/utils.js
INFO: [ app_init ] --START--
INFO: Run Behavior\BuildLiteBehavior [ RunTime:0.000022s ]
INFO: [ app_init ] --END-- [ RunTime:0.000490s ]
INFO: [ app_begin ] --START--
INFO: Run Behavior\ReadHtmlCacheBehavior [ RunTime:0.000632s ]
INFO: [ app_begin ] --END-- [ RunTime:0.000715s ]
ERR: 无法加载控制器:Admin

[ 2016-09-28T18:11:29+08:00 ] 127.0.0.1 /admin/login/index.html
INFO: [ app_init ] --START--
INFO: Run Behavior\BuildLiteBehavior [ RunTime:0.000032s ]
INFO: [ app_init ] --END-- [ RunTime:0.000966s ]
INFO: [ app_begin ] --START--
INFO: Run Behavior\ReadHtmlCacheBehavior [ RunTime:0.001718s ]
INFO: [ app_begin ] --END-- [ RunTime:0.001860s ]
SQL: SHOW COLUMNS FROM `php34_manage` [ RunTime:0.0234s ]
SQL: SELECT * FROM `php34_manage` WHERE `admin_name` = 'admin' AND `admin_pwd` = '202cb962ac59075b964b07152d234b70' LIMIT 1   [ RunTime:0.0002s ]

[ 2016-09-28T18:11:29+08:00 ] 127.0.0.1 /admin/index/index.html
INFO: [ app_init ] --START--
INFO: Run Behavior\BuildLiteBehavior [ RunTime:0.000014s ]
INFO: [ app_init ] --END-- [ RunTime:0.000413s ]
INFO: [ app_begin ] --START--
INFO: Run Behavior\ReadHtmlCacheBehavior [ RunTime:0.000646s ]
INFO: [ app_begin ] --END-- [ RunTime:0.000703s ]
INFO: [ view_parse ] --START--
INFO: [ template_filter ] --START--
INFO: Run Behavior\ContentReplaceBehavior [ RunTime:0.000076s ]
INFO: [ template_filter ] --END-- [ RunTime:0.000186s ]
INFO: Run Behavior\ParseTemplateBehavior [ RunTime:0.008810s ]
INFO: [ view_parse ] --END-- [ RunTime:0.008911s ]
INFO: [ view_filter ] --START--
INFO: Run Behavior\WriteHtmlCacheBehavior [ RunTime:0.000465s ]
INFO: [ view_filter ] --END-- [ RunTime:0.000548s ]
INFO: [ app_end ] --START--
INFO: Run Behavior\ShowPageTraceBehavior [ RunTime:0.000859s ]
INFO: [ app_end ] --END-- [ RunTime:0.000946s ]

[ 2016-09-28T18:11:29+08:00 ] 127.0.0.1 /admin/Back/Index/top
INFO: [ app_init ] --START--
INFO: Run Behavior\BuildLiteBehavior [ RunTime:0.000022s ]
INFO: [ app_init ] --END-- [ RunTime:0.000571s ]
INFO: [ app_begin ] --START--
INFO: Run Behavior\ReadHtmlCacheBehavior [ RunTime:0.000913s ]
INFO: [ app_begin ] --END-- [ RunTime:0.001013s ]
INFO: [ view_parse ] --START--
INFO: [ template_filter ] --START--
INFO: Run Behavior\ContentReplaceBehavior [ RunTime:0.000213s ]
INFO: [ template_filter ] --END-- [ RunTime:0.000422s ]
INFO: Run Behavior\ParseTemplateBehavior [ RunTime:0.011724s ]
INFO: [ view_parse ] --END-- [ RunTime:0.011838s ]
INFO: [ view_filter ] --START--
INFO: Run Behavior\WriteHtmlCacheBehavior [ RunTime:0.000323s ]
INFO: [ view_filter ] --END-- [ RunTime:0.000402s ]
INFO: [ app_end ] --START--
INFO: Run Behavior\ShowPageTraceBehavior [ RunTime:0.000722s ]
INFO: [ app_end ] --END-- [ RunTime:0.000808s ]

[ 2016-09-28T18:11:30+08:00 ] 127.0.0.1 /admin/Back/Index/main
INFO: [ app_init ] --START--
INFO: Run Behavior\BuildLiteBehavior [ RunTime:0.000021s ]
INFO: [ app_init ] --END-- [ RunTime:0.000484s ]
INFO: [ app_begin ] --START--
INFO: Run Behavior\ReadHtmlCacheBehavior [ RunTime:0.000720s ]
INFO: [ app_begin ] --END-- [ RunTime:0.000847s ]
INFO: [ view_parse ] --START--
INFO: [ template_filter ] --START--
INFO: Run Behavior\ContentReplaceBehavior [ RunTime:0.000250s ]
INFO: [ template_filter ] --END-- [ RunTime:0.000354s ]
INFO: Run Behavior\ParseTemplateBehavior [ RunTime:0.015963s ]
INFO: [ view_parse ] --END-- [ RunTime:0.016079s ]
INFO: [ view_filter ] --START--
INFO: Run Behavior\WriteHtmlCacheBehavior [ RunTime:0.000304s ]
INFO: [ view_filter ] --END-- [ RunTime:0.000408s ]
INFO: [ app_end ] --START--
INFO: Run Behavior\ShowPageTraceBehavior [ RunTime:0.000687s ]
INFO: [ app_end ] --END-- [ RunTime:0.000780s ]

[ 2016-09-28T18:11:30+08:00 ] 127.0.0.1 /admin/Back//admin/Public/js/transport.org.js
INFO: [ app_init ] --START--
INFO: Run Behavior\BuildLiteBehavior [ RunTime:0.000016s ]
INFO: [ app_init ] --END-- [ RunTime:0.000456s ]
INFO: [ app_begin ] --START--
INFO: Run Behavior\ReadHtmlCacheBehavior [ RunTime:0.001028s ]
INFO: [ app_begin ] --END-- [ RunTime:0.001146s ]
ERR: 无法加载控制器:Admin

[ 2016-09-28T18:11:30+08:00 ] 127.0.0.1 /admin/Back/Index/left
INFO: [ app_init ] --START--
INFO: Run Behavior\BuildLiteBehavior [ RunTime:0.000023s ]
INFO: [ app_init ] --END-- [ RunTime:0.000814s ]
INFO: [ app_begin ] --START--
INFO: Run Behavior\ReadHtmlCacheBehavior [ RunTime:0.000958s ]
INFO: [ app_begin ] --END-- [ RunTime:0.001063s ]
SQL: SHOW COLUMNS FROM `php34_privilege` [ RunTime:0.0096s ]
SQL: SELECT * FROM `php34_privilege` WHERE `is_show` = 1  [ RunTime:0.0003s ]
INFO: [ view_parse ] --START--
INFO: [ template_filter ] --START--
INFO: Run Behavior\ContentReplaceBehavior [ RunTime:0.000139s ]
INFO: [ template_filter ] --END-- [ RunTime:0.000243s ]
INFO: Run Behavior\ParseTemplateBehavior [ RunTime:0.010494s ]
INFO: [ view_parse ] --END-- [ RunTime:0.010616s ]
INFO: [ view_filter ] --START--
INFO: Run Behavior\WriteHtmlCacheBehavior [ RunTime:0.000508s ]
INFO: [ view_filter ] --END-- [ RunTime:0.000589s ]
INFO: [ app_end ] --START--
INFO: Run Behavior\ShowPageTraceBehavior [ RunTime:0.000956s ]
INFO: [ app_end ] --END-- [ RunTime:0.001052s ]

[ 2016-09-28T18:11:33+08:00 ] 127.0.0.1 /admin/index.php/Back/Goods/lst
INFO: [ app_init ] --START--
INFO: Run Behavior\BuildLiteBehavior [ RunTime:0.000029s ]
INFO: [ app_init ] --END-- [ RunTime:0.000718s ]
INFO: [ app_begin ] --START--
INFO: Run Behavior\ReadHtmlCacheBehavior [ RunTime:0.000951s ]
INFO: [ app_begin ] --END-- [ RunTime:0.001076s ]
NOTIC: [2048] Declaration of Back\Model\GoodsModel::_before_delete() should be compatible with that of Think\Model::_before_delete() E:\php\http\fuxi\admin\Application\Back\Model\GoodsModel.class.php 第 4 行.
SQL: SHOW COLUMNS FROM `php34_goods` [ RunTime:0.0830s ]
SQL: SELECT COUNT(*) AS tp_count FROM `php34_goods` WHERE `is_delete` = 0 LIMIT 1   [ RunTime:0.0001s ]
SQL: SELECT a.*,b.cat_name,group_concat(d.cat_name SEPARATOR "<br/>") ext_name FROM php34_goods a LEFT JOIN php34_category as b on a.cat_id=b.id LEFT JOIN php34_ext_cat as c on c.goods_id=a.id LEFT JOIN php34_category as d on d.id =c.cat_id  WHERE `is_delete` = 0 GROUP BY a.id ORDER BY id desc LIMIT 0,10   [ RunTime:0.0004s ]
INFO: [ view_parse ] --START--
INFO: [ template_filter ] --START--
INFO: Run Behavior\ContentReplaceBehavior [ RunTime:0.000124s ]
INFO: [ template_filter ] --END-- [ RunTime:0.000193s ]
INFO: Run Behavior\ParseTemplateBehavior [ RunTime:0.009340s ]
INFO: [ view_parse ] --END-- [ RunTime:0.009454s ]
INFO: [ view_filter ] --START--
INFO: Run Behavior\WriteHtmlCacheBehavior [ RunTime:0.000360s ]
INFO: [ view_filter ] --END-- [ RunTime:0.000447s ]
INFO: [ app_end ] --START--
INFO: Run Behavior\ShowPageTraceBehavior [ RunTime:0.000823s ]
INFO: [ app_end ] --END-- [ RunTime:0.000928s ]

[ 2016-09-28T18:11:35+08:00 ] 127.0.0.1 /admin/Back/Goods/goodsNumber/id/79
INFO: [ app_init ] --START--
INFO: Run Behavior\BuildLiteBehavior [ RunTime:0.000033s ]
INFO: [ app_init ] --END-- [ RunTime:0.000796s ]
INFO: [ app_begin ] --START--
INFO: Run Behavior\ReadHtmlCacheBehavior [ RunTime:0.001063s ]
INFO: [ app_begin ] --END-- [ RunTime:0.001202s ]
SQL: SHOW COLUMNS FROM `php34_goods_attr` [ RunTime:0.0078s ]
SQL: SELECT group_concat(a.id) ids,group_concat(a.attr_value) attr_value,b.attr_name FROM php34_goods_attr a INNER JOIN php34_attr b on b.id=a.attr_id  WHERE `goods_id` = '79' GROUP BY a.attr_id HAVING count(*)>1  [ RunTime:0.0003s ]
SQL: SHOW COLUMNS FROM `php34_goods_number` [ RunTime:0.0080s ]
SQL: SELECT * FROM `php34_goods_number` WHERE `goods_id` = '79'  [ RunTime:0.0001s ]
INFO: [ view_parse ] --START--
INFO: [ template_filter ] --START--
INFO: Run Behavior\ContentReplaceBehavior [ RunTime:0.000061s ]
INFO: [ template_filter ] --END-- [ RunTime:0.000130s ]
NOTIC: [8] Undefined index: attr_name E:\php\http\fuxi\admin\Application\Runtime\Cache\Back\23d6bf005302236dcb729d92bee235e5.php 第 35 行.
NOTIC: [8] Undefined index: id E:\php\http\fuxi\admin\Application\Runtime\Cache\Back\23d6bf005302236dcb729d92bee235e5.php 第 42 行.
NOTIC: [8] Undefined index: value E:\php\http\fuxi\admin\Application\Runtime\Cache\Back\23d6bf005302236dcb729d92bee235e5.php 第 43 行.
NOTIC: [8] Undefined index: ,21 E:\php\http\fuxi\admin\Application\Runtime\Cache\Back\23d6bf005302236dcb729d92bee235e5.php 第 47 行.
NOTIC: [8] Undefined index: id E:\php\http\fuxi\admin\Application\Runtime\Cache\Back\23d6bf005302236dcb729d92bee235e5.php 第 42 行.
NOTIC: [8] Undefined index: value E:\php\http\fuxi\admin\Application\Runtime\Cache\Back\23d6bf005302236dcb729d92bee235e5.php 第 43 行.
NOTIC: [8] Undefined index: ,20 E:\php\http\fuxi\admin\Application\Runtime\Cache\Back\23d6bf005302236dcb729d92bee235e5.php 第 47 行.
NOTIC: [8] Undefined index: id E:\php\http\fuxi\admin\Application\Runtime\Cache\Back\23d6bf005302236dcb729d92bee235e5.php 第 42 行.
NOTIC: [8] Undefined index: value E:\php\http\fuxi\admin\Application\Runtime\Cache\Back\23d6bf005302236dcb729d92bee235e5.php 第 43 行.
NOTIC: [8] Undefined index: ,21 E:\php\http\fuxi\admin\Application\Runtime\Cache\Back\23d6bf005302236dcb729d92bee235e5.php 第 47 行.
NOTIC: [8] Undefined index: id E:\php\http\fuxi\admin\Application\Runtime\Cache\Back\23d6bf005302236dcb729d92bee235e5.php 第 42 行.
NOTIC: [8] Undefined index: value E:\php\http\fuxi\admin\Application\Runtime\Cache\Back\23d6bf005302236dcb729d92bee235e5.php 第 43 行.
NOTIC: [8] Undefined index: ,20 E:\php\http\fuxi\admin\Application\Runtime\Cache\Back\23d6bf005302236dcb729d92bee235e5.php 第 47 行.
NOTIC: [8] Undefined index: id E:\php\http\fuxi\admin\Application\Runtime\Cache\Back\23d6bf005302236dcb729d92bee235e5.php 第 42 行.
NOTIC: [8] Undefined index: value E:\php\http\fuxi\admin\Application\Runtime\Cache\Back\23d6bf005302236dcb729d92bee235e5.php 第 43 行.
NOTIC: [8] Undefined index: ,21 E:\php\http\fuxi\admin\Application\Runtime\Cache\Back\23d6bf005302236dcb729d92bee235e5.php 第 47 行.
NOTIC: [8] Undefined index: id E:\php\http\fuxi\admin\Application\Runtime\Cache\Back\23d6bf005302236dcb729d92bee235e5.php 第 42 行.
NOTIC: [8] Undefined index: value E:\php\http\fuxi\admin\Application\Runtime\Cache\Back\23d6bf005302236dcb729d92bee235e5.php 第 43 行.
NOTIC: [8] Undefined index: ,20 E:\php\http\fuxi\admin\Application\Runtime\Cache\Back\23d6bf005302236dcb729d92bee235e5.php 第 47 行.
NOTIC: [8] Undefined index: id E:\php\http\fuxi\admin\Application\Runtime\Cache\Back\23d6bf005302236dcb729d92bee235e5.php 第 42 行.
NOTIC: [8] Undefined index: value E:\php\http\fuxi\admin\Application\Runtime\Cache\Back\23d6bf005302236dcb729d92bee235e5.php 第 43 行.
NOTIC: [8] Undefined index: ,21 E:\php\http\fuxi\admin\Application\Runtime\Cache\Back\23d6bf005302236dcb729d92bee235e5.php 第 47 行.
NOTIC: [8] Undefined index: id E:\php\http\fuxi\admin\Application\Runtime\Cache\Back\23d6bf005302236dcb729d92bee235e5.php 第 42 行.
NOTIC: [8] Undefined index: value E:\php\http\fuxi\admin\Application\Runtime\Cache\Back\23d6bf005302236dcb729d92bee235e5.php 第 43 行.
NOTIC: [8] Undefined index: ,20 E:\php\http\fuxi\admin\Application\Runtime\Cache\Back\23d6bf005302236dcb729d92bee235e5.php 第 47 行.
NOTIC: [8] Undefined index: id E:\php\http\fuxi\admin\Application\Runtime\Cache\Back\23d6bf005302236dcb729d92bee235e5.php 第 42 行.
NOTIC: [8] Undefined index: value E:\php\http\fuxi\admin\Application\Runtime\Cache\Back\23d6bf005302236dcb729d92bee235e5.php 第 43 行.
NOTIC: [8] Undefined index: ,21 E:\php\http\fuxi\admin\Application\Runtime\Cache\Back\23d6bf005302236dcb729d92bee235e5.php 第 47 行.
NOTIC: [8] Undefined index: id E:\php\http\fuxi\admin\Application\Runtime\Cache\Back\23d6bf005302236dcb729d92bee235e5.php 第 42 行.
NOTIC: [8] Undefined index: value E:\php\http\fuxi\admin\Application\Runtime\Cache\Back\23d6bf005302236dcb729d92bee235e5.php 第 43 行.
NOTIC: [8] Undefined index: ,20 E:\php\http\fuxi\admin\Application\Runtime\Cache\Back\23d6bf005302236dcb729d92bee235e5.php 第 47 行.
NOTIC: [8] Undefined index: id E:\php\http\fuxi\admin\Application\Runtime\Cache\Back\23d6bf005302236dcb729d92bee235e5.php 第 42 行.
NOTIC: [8] Undefined index: value E:\php\http\fuxi\admin\Application\Runtime\Cache\Back\23d6bf005302236dcb729d92bee235e5.php 第 43 行.
NOTIC: [8] Undefined index: ,21 E:\php\http\fuxi\admin\Application\Runtime\Cache\Back\23d6bf005302236dcb729d92bee235e5.php 第 47 行.
NOTIC: [8] Undefined index: id E:\php\http\fuxi\admin\Application\Runtime\Cache\Back\23d6bf005302236dcb729d92bee235e5.php 第 42 行.
NOTIC: [8] Undefined index: value E:\php\http\fuxi\admin\Application\Runtime\Cache\Back\23d6bf005302236dcb729d92bee235e5.php 第 43 行.
NOTIC: [8] Undefined index: ,20 E:\php\http\fuxi\admin\Application\Runtime\Cache\Back\23d6bf005302236dcb729d92bee235e5.php 第 47 行.
INFO: Run Behavior\ParseTemplateBehavior [ RunTime:0.007063s ]
INFO: [ view_parse ] --END-- [ RunTime:0.007138s ]
INFO: [ view_filter ] --START--
INFO: Run Behavior\WriteHtmlCacheBehavior [ RunTime:0.000310s ]
INFO: [ view_filter ] --END-- [ RunTime:0.000359s ]
INFO: [ app_end ] --START--
INFO: Run Behavior\ShowPageTraceBehavior [ RunTime:0.000479s ]
INFO: [ app_end ] --END-- [ RunTime:0.000531s ]

[ 2016-09-28T18:12:13+08:00 ] 127.0.0.1 /admin/index/index.html
INFO: [ app_init ] --START--
INFO: Run Behavior\BuildLiteBehavior [ RunTime:0.000017s ]
INFO: [ app_init ] --END-- [ RunTime:0.000418s ]
INFO: [ app_begin ] --START--
INFO: Run Behavior\ReadHtmlCacheBehavior [ RunTime:0.000684s ]
INFO: [ app_begin ] --END-- [ RunTime:0.000767s ]
INFO: [ view_parse ] --START--
INFO: [ template_filter ] --START--
INFO: Run Behavior\ContentReplaceBehavior [ RunTime:0.000051s ]
INFO: [ template_filter ] --END-- [ RunTime:0.000143s ]
INFO: Run Behavior\ParseTemplateBehavior [ RunTime:0.009611s ]
INFO: [ view_parse ] --END-- [ RunTime:0.009697s ]
INFO: [ view_filter ] --START--
INFO: Run Behavior\WriteHtmlCacheBehavior [ RunTime:0.000397s ]
INFO: [ view_filter ] --END-- [ RunTime:0.000449s ]
INFO: [ app_end ] --START--
INFO: Run Behavior\ShowPageTraceBehavior [ RunTime:0.000599s ]
INFO: [ app_end ] --END-- [ RunTime:0.000651s ]

[ 2016-09-28T18:12:13+08:00 ] 127.0.0.1 /admin/Back/Index/top
INFO: [ app_init ] --START--
INFO: Run Behavior\BuildLiteBehavior [ RunTime:0.000023s ]
INFO: [ app_init ] --END-- [ RunTime:0.000499s ]
INFO: [ app_begin ] --START--
INFO: Run Behavior\ReadHtmlCacheBehavior [ RunTime:0.000790s ]
INFO: [ app_begin ] --END-- [ RunTime:0.000896s ]
INFO: [ view_parse ] --START--
INFO: [ template_filter ] --START--
INFO: Run Behavior\ContentReplaceBehavior [ RunTime:0.000223s ]
INFO: [ template_filter ] --END-- [ RunTime:0.000335s ]
INFO: Run Behavior\ParseTemplateBehavior [ RunTime:0.011052s ]
INFO: [ view_parse ] --END-- [ RunTime:0.011159s ]
INFO: [ view_filter ] --START--
INFO: Run Behavior\WriteHtmlCacheBehavior [ RunTime:0.000302s ]
INFO: [ view_filter ] --END-- [ RunTime:0.000383s ]
INFO: [ app_end ] --START--
INFO: Run Behavior\ShowPageTraceBehavior [ RunTime:0.000678s ]
INFO: [ app_end ] --END-- [ RunTime:0.000783s ]

[ 2016-09-28T18:12:13+08:00 ] 127.0.0.1 /admin/Back/Index/main
INFO: [ app_init ] --START--
INFO: Run Behavior\BuildLiteBehavior [ RunTime:0.000025s ]
INFO: [ app_init ] --END-- [ RunTime:0.000639s ]
INFO: [ app_begin ] --START--
INFO: Run Behavior\ReadHtmlCacheBehavior [ RunTime:0.001324s ]
INFO: [ app_begin ] --END-- [ RunTime:0.001443s ]
INFO: [ view_parse ] --START--
INFO: [ template_filter ] --START--
INFO: Run Behavior\ContentReplaceBehavior [ RunTime:0.000215s ]
INFO: [ template_filter ] --END-- [ RunTime:0.000316s ]
INFO: Run Behavior\ParseTemplateBehavior [ RunTime:0.019435s ]
INFO: [ view_parse ] --END-- [ RunTime:0.019589s ]
INFO: [ view_filter ] --START--
INFO: Run Behavior\WriteHtmlCacheBehavior [ RunTime:0.000311s ]
INFO: [ view_filter ] --END-- [ RunTime:0.000397s ]
INFO: [ app_end ] --START--
INFO: Run Behavior\ShowPageTraceBehavior [ RunTime:0.003307s ]
INFO: [ app_end ] --END-- [ RunTime:0.003408s ]

[ 2016-09-28T18:12:13+08:00 ] 127.0.0.1 /admin/Back//admin/Public/js/transport.org.js
INFO: [ app_init ] --START--
INFO: Run Behavior\BuildLiteBehavior [ RunTime:0.000019s ]
INFO: [ app_init ] --END-- [ RunTime:0.000487s ]
INFO: [ app_begin ] --START--
INFO: Run Behavior\ReadHtmlCacheBehavior [ RunTime:0.002082s ]
INFO: [ app_begin ] --END-- [ RunTime:0.002202s ]
ERR: 无法加载控制器:Admin

[ 2016-09-28T18:12:13+08:00 ] 127.0.0.1 /admin/Back/Index/left
INFO: [ app_init ] --START--
INFO: Run Behavior\BuildLiteBehavior [ RunTime:0.000022s ]
INFO: [ app_init ] --END-- [ RunTime:0.000563s ]
INFO: [ app_begin ] --START--
INFO: Run Behavior\ReadHtmlCacheBehavior [ RunTime:0.001027s ]
INFO: [ app_begin ] --END-- [ RunTime:0.001132s ]
SQL: SHOW COLUMNS FROM `php34_privilege` [ RunTime:0.0070s ]
SQL: SELECT * FROM `php34_privilege` WHERE `is_show` = 1  [ RunTime:0.0003s ]
INFO: [ view_parse ] --START--
INFO: [ template_filter ] --START--
INFO: Run Behavior\ContentReplaceBehavior [ RunTime:0.000122s ]
INFO: [ template_filter ] --END-- [ RunTime:0.000253s ]
INFO: Run Behavior\ParseTemplateBehavior [ RunTime:0.010549s ]
INFO: [ view_parse ] --END-- [ RunTime:0.010675s ]
INFO: [ view_filter ] --START--
INFO: Run Behavior\WriteHtmlCacheBehavior [ RunTime:0.000539s ]
INFO: [ view_filter ] --END-- [ RunTime:0.000625s ]
INFO: [ app_end ] --START--
INFO: Run Behavior\ShowPageTraceBehavior [ RunTime:0.000922s ]
INFO: [ app_end ] --END-- [ RunTime:0.001016s ]

[ 2016-09-28T18:12:17+08:00 ] 127.0.0.1 /admin/index.php/Back/Goods/lst
INFO: [ app_init ] --START--
INFO: Run Behavior\BuildLiteBehavior [ RunTime:0.000016s ]
INFO: [ app_init ] --END-- [ RunTime:0.000339s ]
INFO: [ app_begin ] --START--
INFO: Run Behavior\ReadHtmlCacheBehavior [ RunTime:0.000463s ]
INFO: [ app_begin ] --END-- [ RunTime:0.000532s ]
NOTIC: [2048] Declaration of Back\Model\GoodsModel::_before_delete() should be compatible with that of Think\Model::_before_delete() E:\php\http\fuxi\admin\Application\Back\Model\GoodsModel.class.php 第 4 行.
SQL: SHOW COLUMNS FROM `php34_goods` [ RunTime:0.0046s ]
SQL: SELECT COUNT(*) AS tp_count FROM `php34_goods` WHERE `is_delete` = 0 LIMIT 1   [ RunTime:0.0001s ]
SQL: SELECT a.*,b.cat_name,group_concat(d.cat_name SEPARATOR "<br/>") ext_name FROM php34_goods a LEFT JOIN php34_category as b on a.cat_id=b.id LEFT JOIN php34_ext_cat as c on c.goods_id=a.id LEFT JOIN php34_category as d on d.id =c.cat_id  WHERE `is_delete` = 0 GROUP BY a.id ORDER BY id desc LIMIT 0,10   [ RunTime:0.0004s ]
INFO: [ view_parse ] --START--
INFO: [ template_filter ] --START--
INFO: Run Behavior\ContentReplaceBehavior [ RunTime:0.000126s ]
INFO: [ template_filter ] --END-- [ RunTime:0.000206s ]
INFO: Run Behavior\ParseTemplateBehavior [ RunTime:0.010519s ]
INFO: [ view_parse ] --END-- [ RunTime:0.010609s ]
INFO: [ view_filter ] --START--
INFO: Run Behavior\WriteHtmlCacheBehavior [ RunTime:0.000237s ]
INFO: [ view_filter ] --END-- [ RunTime:0.000289s ]
INFO: [ app_end ] --START--
INFO: Run Behavior\ShowPageTraceBehavior [ RunTime:0.000523s ]
INFO: [ app_end ] --END-- [ RunTime:0.000587s ]

[ 2016-09-28T18:12:18+08:00 ] 127.0.0.1 /admin/Back/Goods/goodsNumber/id/79
INFO: [ app_init ] --START--
INFO: Run Behavior\BuildLiteBehavior [ RunTime:0.000032s ]
INFO: [ app_init ] --END-- [ RunTime:0.000767s ]
INFO: [ app_begin ] --START--
INFO: Run Behavior\ReadHtmlCacheBehavior [ RunTime:0.001050s ]
INFO: [ app_begin ] --END-- [ RunTime:0.001184s ]
SQL: SHOW COLUMNS FROM `php34_goods_attr` [ RunTime:0.0051s ]
SQL: SELECT group_concat(a.id) ids,group_concat(a.attr_value) attr_value,b.attr_name FROM php34_goods_attr a INNER JOIN php34_attr b on b.id=a.attr_id  WHERE `goods_id` = '79' GROUP BY a.attr_id HAVING count(*)>1  [ RunTime:0.0001s ]
SQL: SHOW COLUMNS FROM `php34_goods_number` [ RunTime:0.0044s ]
SQL: SELECT * FROM `php34_goods_number` WHERE `goods_id` = '79'  [ RunTime:0.0002s ]
INFO: [ view_parse ] --START--
INFO: [ template_filter ] --START--
INFO: Run Behavior\ContentReplaceBehavior [ RunTime:0.000096s ]
INFO: [ template_filter ] --END-- [ RunTime:0.000195s ]
NOTIC: [8] Undefined index: attr_name E:\php\http\fuxi\admin\Application\Runtime\Cache\Back\23d6bf005302236dcb729d92bee235e5.php 第 35 行.
NOTIC: [8] Undefined index: id E:\php\http\fuxi\admin\Application\Runtime\Cache\Back\23d6bf005302236dcb729d92bee235e5.php 第 42 行.
NOTIC: [8] Undefined index: value E:\php\http\fuxi\admin\Application\Runtime\Cache\Back\23d6bf005302236dcb729d92bee235e5.php 第 43 行.
NOTIC: [8] Undefined index: ,21 E:\php\http\fuxi\admin\Application\Runtime\Cache\Back\23d6bf005302236dcb729d92bee235e5.php 第 47 行.
NOTIC: [8] Undefined index: id E:\php\http\fuxi\admin\Application\Runtime\Cache\Back\23d6bf005302236dcb729d92bee235e5.php 第 42 行.
NOTIC: [8] Undefined index: value E:\php\http\fuxi\admin\Application\Runtime\Cache\Back\23d6bf005302236dcb729d92bee235e5.php 第 43 行.
NOTIC: [8] Undefined index: ,20 E:\php\http\fuxi\admin\Application\Runtime\Cache\Back\23d6bf005302236dcb729d92bee235e5.php 第 47 行.
NOTIC: [8] Undefined index: id E:\php\http\fuxi\admin\Application\Runtime\Cache\Back\23d6bf005302236dcb729d92bee235e5.php 第 42 行.
NOTIC: [8] Undefined index: value E:\php\http\fuxi\admin\Application\Runtime\Cache\Back\23d6bf005302236dcb729d92bee235e5.php 第 43 行.
NOTIC: [8] Undefined index: ,21 E:\php\http\fuxi\admin\Application\Runtime\Cache\Back\23d6bf005302236dcb729d92bee235e5.php 第 47 行.
NOTIC: [8] Undefined index: id E:\php\http\fuxi\admin\Application\Runtime\Cache\Back\23d6bf005302236dcb729d92bee235e5.php 第 42 行.
NOTIC: [8] Undefined index: value E:\php\http\fuxi\admin\Application\Runtime\Cache\Back\23d6bf005302236dcb729d92bee235e5.php 第 43 行.
NOTIC: [8] Undefined index: ,20 E:\php\http\fuxi\admin\Application\Runtime\Cache\Back\23d6bf005302236dcb729d92bee235e5.php 第 47 行.
NOTIC: [8] Undefined index: id E:\php\http\fuxi\admin\Application\Runtime\Cache\Back\23d6bf005302236dcb729d92bee235e5.php 第 42 行.
NOTIC: [8] Undefined index: value E:\php\http\fuxi\admin\Application\Runtime\Cache\Back\23d6bf005302236dcb729d92bee235e5.php 第 43 行.
NOTIC: [8] Undefined index: ,21 E:\php\http\fuxi\admin\Application\Runtime\Cache\Back\23d6bf005302236dcb729d92bee235e5.php 第 47 行.
NOTIC: [8] Undefined index: id E:\php\http\fuxi\admin\Application\Runtime\Cache\Back\23d6bf005302236dcb729d92bee235e5.php 第 42 行.
NOTIC: [8] Undefined index: value E:\php\http\fuxi\admin\Application\Runtime\Cache\Back\23d6bf005302236dcb729d92bee235e5.php 第 43 行.
NOTIC: [8] Undefined index: ,20 E:\php\http\fuxi\admin\Application\Runtime\Cache\Back\23d6bf005302236dcb729d92bee235e5.php 第 47 行.
NOTIC: [8] Undefined index: id E:\php\http\fuxi\admin\Application\Runtime\Cache\Back\23d6bf005302236dcb729d92bee235e5.php 第 42 行.
NOTIC: [8] Undefined index: value E:\php\http\fuxi\admin\Application\Runtime\Cache\Back\23d6bf005302236dcb729d92bee235e5.php 第 43 行.
NOTIC: [8] Undefined index: ,21 E:\php\http\fuxi\admin\Application\Runtime\Cache\Back\23d6bf005302236dcb729d92bee235e5.php 第 47 行.
NOTIC: [8] Undefined index: id E:\php\http\fuxi\admin\Application\Runtime\Cache\Back\23d6bf005302236dcb729d92bee235e5.php 第 42 行.
NOTIC: [8] Undefined index: value E:\php\http\fuxi\admin\Application\Runtime\Cache\Back\23d6bf005302236dcb729d92bee235e5.php 第 43 行.
NOTIC: [8] Undefined index: ,20 E:\php\http\fuxi\admin\Application\Runtime\Cache\Back\23d6bf005302236dcb729d92bee235e5.php 第 47 行.
NOTIC: [8] Undefined index: id E:\php\http\fuxi\admin\Application\Runtime\Cache\Back\23d6bf005302236dcb729d92bee235e5.php 第 42 行.
NOTIC: [8] Undefined index: value E:\php\http\fuxi\admin\Application\Runtime\Cache\Back\23d6bf005302236dcb729d92bee235e5.php 第 43 行.
NOTIC: [8] Undefined index: ,21 E:\php\http\fuxi\admin\Application\Runtime\Cache\Back\23d6bf005302236dcb729d92bee235e5.php 第 47 行.
NOTIC: [8] Undefined index: id E:\php\http\fuxi\admin\Application\Runtime\Cache\Back\23d6bf005302236dcb729d92bee235e5.php 第 42 行.
NOTIC: [8] Undefined index: value E:\php\http\fuxi\admin\Application\Runtime\Cache\Back\23d6bf005302236dcb729d92bee235e5.php 第 43 行.
NOTIC: [8] Undefined index: ,20 E:\php\http\fuxi\admin\Application\Runtime\Cache\Back\23d6bf005302236dcb729d92bee235e5.php 第 47 行.
NOTIC: [8] Undefined index: id E:\php\http\fuxi\admin\Application\Runtime\Cache\Back\23d6bf005302236dcb729d92bee235e5.php 第 42 行.
NOTIC: [8] Undefined index: value E:\php\http\fuxi\admin\Application\Runtime\Cache\Back\23d6bf005302236dcb729d92bee235e5.php 第 43 行.
NOTIC: [8] Undefined index: ,21 E:\php\http\fuxi\admin\Application\Runtime\Cache\Back\23d6bf005302236dcb729d92bee235e5.php 第 47 行.
NOTIC: [8] Undefined index: id E:\php\http\fuxi\admin\Application\Runtime\Cache\Back\23d6bf005302236dcb729d92bee235e5.php 第 42 行.
NOTIC: [8] Undefined index: value E:\php\http\fuxi\admin\Application\Runtime\Cache\Back\23d6bf005302236dcb729d92bee235e5.php 第 43 行.
NOTIC: [8] Undefined index: ,20 E:\php\http\fuxi\admin\Application\Runtime\Cache\Back\23d6bf005302236dcb729d92bee235e5.php 第 47 行.
INFO: Run Behavior\ParseTemplateBehavior [ RunTime:0.009751s ]
INFO: [ view_parse ] --END-- [ RunTime:0.009844s ]
INFO: [ view_filter ] --START--
INFO: Run Behavior\WriteHtmlCacheBehavior [ RunTime:0.000363s ]
INFO: [ view_filter ] --END-- [ RunTime:0.000444s ]
INFO: [ app_end ] --START--
INFO: Run Behavior\ShowPageTraceBehavior [ RunTime:0.000711s ]
INFO: [ app_end ] --END-- [ RunTime:0.000793s ]

[ 2016-09-28T18:13:24+08:00 ] 127.0.0.1 /admin/
INFO: [ app_init ] --START--
INFO: Run Behavior\BuildLiteBehavior [ RunTime:0.000019s ]
INFO: [ app_init ] --END-- [ RunTime:0.000391s ]
INFO: [ app_begin ] --START--
INFO: Run Behavior\ReadHtmlCacheBehavior [ RunTime:0.000621s ]
INFO: [ app_begin ] --END-- [ RunTime:0.000678s ]
INFO: [ view_parse ] --START--
INFO: [ template_filter ] --START--
INFO: Run Behavior\ContentReplaceBehavior [ RunTime:0.000071s ]
INFO: [ template_filter ] --END-- [ RunTime:0.000139s ]
INFO: Run Behavior\ParseTemplateBehavior [ RunTime:0.007083s ]
INFO: [ view_parse ] --END-- [ RunTime:0.007151s ]
INFO: [ view_filter ] --START--
INFO: Run Behavior\WriteHtmlCacheBehavior [ RunTime:0.000338s ]
INFO: [ view_filter ] --END-- [ RunTime:0.000385s ]

[ 2016-09-28T18:13:28+08:00 ] 127.0.0.1 /admin/login/index.html
INFO: [ app_init ] --START--
INFO: Run Behavior\BuildLiteBehavior [ RunTime:0.000034s ]
INFO: [ app_init ] --END-- [ RunTime:0.000801s ]
INFO: [ app_begin ] --START--
INFO: Run Behavior\ReadHtmlCacheBehavior [ RunTime:0.000748s ]
INFO: [ app_begin ] --END-- [ RunTime:0.000862s ]
INFO: [ view_parse ] --START--
INFO: [ template_filter ] --START--
INFO: Run Behavior\ContentReplaceBehavior [ RunTime:0.000064s ]
INFO: [ template_filter ] --END-- [ RunTime:0.000136s ]
INFO: Run Behavior\ParseTemplateBehavior [ RunTime:0.007921s ]
INFO: [ view_parse ] --END-- [ RunTime:0.008007s ]
INFO: [ view_filter ] --START--
INFO: Run Behavior\WriteHtmlCacheBehavior [ RunTime:0.000279s ]
INFO: [ view_filter ] --END-- [ RunTime:0.000347s ]
INFO: [ app_end ] --START--
INFO: Run Behavior\ShowPageTraceBehavior [ RunTime:0.000947s ]
INFO: [ app_end ] --END-- [ RunTime:0.001040s ]

[ 2016-09-28T18:13:28+08:00 ] 127.0.0.1 /admin//admin/Public/js/utils.js
INFO: [ app_init ] --START--
INFO: Run Behavior\BuildLiteBehavior [ RunTime:0.000015s ]
INFO: [ app_init ] --END-- [ RunTime:0.000334s ]
INFO: [ app_begin ] --START--
INFO: Run Behavior\ReadHtmlCacheBehavior [ RunTime:0.000443s ]
INFO: [ app_begin ] --END-- [ RunTime:0.000499s ]
ERR: 无法加载控制器:Admin

[ 2016-09-28T18:13:31+08:00 ] 127.0.0.1 /admin/login/index.html
INFO: [ app_init ] --START--
INFO: Run Behavior\BuildLiteBehavior [ RunTime:0.000033s ]
INFO: [ app_init ] --END-- [ RunTime:0.000969s ]
INFO: [ app_begin ] --START--
INFO: Run Behavior\ReadHtmlCacheBehavior [ RunTime:0.001707s ]
INFO: [ app_begin ] --END-- [ RunTime:0.001849s ]
SQL: SHOW COLUMNS FROM `php34_manage` [ RunTime:0.0043s ]
SQL: SELECT * FROM `php34_manage` WHERE `admin_name` = 'admin' AND `admin_pwd` = '202cb962ac59075b964b07152d234b70' LIMIT 1   [ RunTime:0.0002s ]

[ 2016-09-28T18:13:31+08:00 ] 127.0.0.1 /admin/index/index.html
INFO: [ app_init ] --START--
INFO: Run Behavior\BuildLiteBehavior [ RunTime:0.000015s ]
INFO: [ app_init ] --END-- [ RunTime:0.000348s ]
INFO: [ app_begin ] --START--
INFO: Run Behavior\ReadHtmlCacheBehavior [ RunTime:0.000662s ]
INFO: [ app_begin ] --END-- [ RunTime:0.000723s ]
INFO: [ view_parse ] --START--
INFO: [ template_filter ] --START--
INFO: Run Behavior\ContentReplaceBehavior [ RunTime:0.000049s ]
INFO: [ template_filter ] --END-- [ RunTime:0.000115s ]
INFO: Run Behavior\ParseTemplateBehavior [ RunTime:0.006058s ]
INFO: [ view_parse ] --END-- [ RunTime:0.006123s ]
INFO: [ view_filter ] --START--
INFO: Run Behavior\WriteHtmlCacheBehavior [ RunTime:0.000360s ]
INFO: [ view_filter ] --END-- [ RunTime:0.000407s ]
INFO: [ app_end ] --START--
INFO: Run Behavior\ShowPageTraceBehavior [ RunTime:0.000594s ]
INFO: [ app_end ] --END-- [ RunTime:0.000645s ]

[ 2016-09-28T18:13:32+08:00 ] 127.0.0.1 /admin/Back/Index/top
INFO: [ app_init ] --START--
INFO: Run Behavior\BuildLiteBehavior [ RunTime:0.000019s ]
INFO: [ app_init ] --END-- [ RunTime:0.000470s ]
INFO: [ app_begin ] --START--
INFO: Run Behavior\ReadHtmlCacheBehavior [ RunTime:0.000687s ]
INFO: [ app_begin ] --END-- [ RunTime:0.000758s ]
INFO: [ view_parse ] --START--
INFO: [ template_filter ] --START--
INFO: Run Behavior\ContentReplaceBehavior [ RunTime:0.000228s ]
INFO: [ template_filter ] --END-- [ RunTime:0.000345s ]
INFO: Run Behavior\ParseTemplateBehavior [ RunTime:0.008877s ]
INFO: [ view_parse ] --END-- [ RunTime:0.008968s ]
INFO: [ view_filter ] --START--
INFO: Run Behavior\WriteHtmlCacheBehavior [ RunTime:0.000291s ]
INFO: [ view_filter ] --END-- [ RunTime:0.000365s ]
INFO: [ app_end ] --START--
INFO: Run Behavior\ShowPageTraceBehavior [ RunTime:0.000679s ]
INFO: [ app_end ] --END-- [ RunTime:0.000775s ]

[ 2016-09-28T18:13:32+08:00 ] 127.0.0.1 /admin/Back/Index/main
INFO: [ app_init ] --START--
INFO: Run Behavior\BuildLiteBehavior [ RunTime:0.000024s ]
INFO: [ app_init ] --END-- [ RunTime:0.000519s ]
INFO: [ app_begin ] --START--
INFO: Run Behavior\ReadHtmlCacheBehavior [ RunTime:0.000777s ]
INFO: [ app_begin ] --END-- [ RunTime:0.000892s ]
INFO: [ view_parse ] --START--
INFO: [ template_filter ] --START--
INFO: Run Behavior\ContentReplaceBehavior [ RunTime:0.000164s ]
INFO: [ template_filter ] --END-- [ RunTime:0.000234s ]
INFO: Run Behavior\ParseTemplateBehavior [ RunTime:0.015439s ]
INFO: [ view_parse ] --END-- [ RunTime:0.015528s ]
INFO: [ view_filter ] --START--
INFO: Run Behavior\WriteHtmlCacheBehavior [ RunTime:0.000247s ]
INFO: [ view_filter ] --END-- [ RunTime:0.000311s ]
INFO: [ app_end ] --START--
INFO: Run Behavior\ShowPageTraceBehavior [ RunTime:0.000798s ]
INFO: [ app_end ] --END-- [ RunTime:0.000904s ]

[ 2016-09-28T18:13:32+08:00 ] 127.0.0.1 /admin/Back/Index/left
INFO: [ app_init ] --START--
INFO: Run Behavior\BuildLiteBehavior [ RunTime:0.000022s ]
INFO: [ app_init ] --END-- [ RunTime:0.000541s ]
INFO: [ app_begin ] --START--
INFO: Run Behavior\ReadHtmlCacheBehavior [ RunTime:0.000983s ]
INFO: [ app_begin ] --END-- [ RunTime:0.001092s ]
SQL: SHOW COLUMNS FROM `php34_privilege` [ RunTime:0.0067s ]
SQL: SELECT * FROM `php34_privilege` WHERE `is_show` = 1  [ RunTime:0.0003s ]
INFO: [ view_parse ] --START--
INFO: [ template_filter ] --START--
INFO: Run Behavior\ContentReplaceBehavior [ RunTime:0.000123s ]
INFO: [ template_filter ] --END-- [ RunTime:0.000227s ]
INFO: Run Behavior\ParseTemplateBehavior [ RunTime:0.010437s ]
INFO: [ view_parse ] --END-- [ RunTime:0.010554s ]
INFO: [ view_filter ] --START--
INFO: Run Behavior\WriteHtmlCacheBehavior [ RunTime:0.000576s ]
INFO: [ view_filter ] --END-- [ RunTime:0.000664s ]
INFO: [ app_end ] --START--
INFO: Run Behavior\ShowPageTraceBehavior [ RunTime:0.000949s ]
INFO: [ app_end ] --END-- [ RunTime:0.001052s ]

[ 2016-09-28T18:13:32+08:00 ] 127.0.0.1 /admin/Back//admin/Public/js/transport.org.js
INFO: [ app_init ] --START--
INFO: Run Behavior\BuildLiteBehavior [ RunTime:0.000025s ]
INFO: [ app_init ] --END-- [ RunTime:0.001318s ]
INFO: [ app_begin ] --START--
INFO: Run Behavior\ReadHtmlCacheBehavior [ RunTime:0.001063s ]
INFO: [ app_begin ] --END-- [ RunTime:0.001205s ]
ERR: 无法加载控制器:Admin

[ 2016-09-28T18:13:38+08:00 ] 127.0.0.1 /admin/index.php/Back/Goods/lst
INFO: [ app_init ] --START--
INFO: Run Behavior\BuildLiteBehavior [ RunTime:0.000033s ]
INFO: [ app_init ] --END-- [ RunTime:0.000781s ]
INFO: [ app_begin ] --START--
INFO: Run Behavior\ReadHtmlCacheBehavior [ RunTime:0.001046s ]
INFO: [ app_begin ] --END-- [ RunTime:0.001188s ]
NOTIC: [2048] Declaration of Back\Model\GoodsModel::_before_delete() should be compatible with that of Think\Model::_before_delete() E:\php\http\fuxi\admin\Application\Back\Model\GoodsModel.class.php 第 4 行.
SQL: SHOW COLUMNS FROM `php34_goods` [ RunTime:0.0062s ]
SQL: SELECT COUNT(*) AS tp_count FROM `php34_goods` WHERE `is_delete` = 0 LIMIT 1   [ RunTime:0.0002s ]
SQL: SELECT a.*,b.cat_name,group_concat(d.cat_name SEPARATOR "<br/>") ext_name FROM php34_goods a LEFT JOIN php34_category as b on a.cat_id=b.id LEFT JOIN php34_ext_cat as c on c.goods_id=a.id LEFT JOIN php34_category as d on d.id =c.cat_id  WHERE `is_delete` = 0 GROUP BY a.id ORDER BY id desc LIMIT 0,10   [ RunTime:0.0004s ]
INFO: [ view_parse ] --START--
INFO: [ template_filter ] --START--
INFO: Run Behavior\ContentReplaceBehavior [ RunTime:0.000188s ]
INFO: [ template_filter ] --END-- [ RunTime:0.000289s ]
INFO: Run Behavior\ParseTemplateBehavior [ RunTime:0.012239s ]
INFO: [ view_parse ] --END-- [ RunTime:0.012343s ]
INFO: [ view_filter ] --START--
INFO: Run Behavior\WriteHtmlCacheBehavior [ RunTime:0.000331s ]
INFO: [ view_filter ] --END-- [ RunTime:0.000416s ]
INFO: [ app_end ] --START--
INFO: Run Behavior\ShowPageTraceBehavior [ RunTime:0.000734s ]
INFO: [ app_end ] --END-- [ RunTime:0.000828s ]

[ 2016-09-28T18:13:40+08:00 ] 127.0.0.1 /admin/Back/Goods/goodsNumber/id/79
INFO: [ app_init ] --START--
INFO: Run Behavior\BuildLiteBehavior [ RunTime:0.000031s ]
INFO: [ app_init ] --END-- [ RunTime:0.000772s ]
INFO: [ app_begin ] --START--
INFO: Run Behavior\ReadHtmlCacheBehavior [ RunTime:0.001051s ]
INFO: [ app_begin ] --END-- [ RunTime:0.001188s ]
SQL: SHOW COLUMNS FROM `php34_goods_attr` [ RunTime:0.0048s ]
SQL: SELECT group_concat(a.id) ids,group_concat(a.attr_value) attr_value,b.attr_name FROM php34_goods_attr a INNER JOIN php34_attr b on b.id=a.attr_id  WHERE `goods_id` = '79' GROUP BY a.attr_id HAVING count(*)>1  [ RunTime:0.0001s ]

[ 2016-09-28T18:13:54+08:00 ] 127.0.0.1 /admin/index.php/Back/Goods/lst
INFO: [ app_init ] --START--
INFO: Run Behavior\BuildLiteBehavior [ RunTime:0.000033s ]
INFO: [ app_init ] --END-- [ RunTime:0.000798s ]
INFO: [ app_begin ] --START--
INFO: Run Behavior\ReadHtmlCacheBehavior [ RunTime:0.001060s ]
INFO: [ app_begin ] --END-- [ RunTime:0.001194s ]
NOTIC: [2048] Declaration of Back\Model\GoodsModel::_before_delete() should be compatible with that of Think\Model::_before_delete() E:\php\http\fuxi\admin\Application\Back\Model\GoodsModel.class.php 第 4 行.
SQL: SHOW COLUMNS FROM `php34_goods` [ RunTime:0.0051s ]
SQL: SELECT COUNT(*) AS tp_count FROM `php34_goods` WHERE `is_delete` = 0 LIMIT 1   [ RunTime:0.0001s ]
SQL: SELECT a.*,b.cat_name,group_concat(d.cat_name SEPARATOR "<br/>") ext_name FROM php34_goods a LEFT JOIN php34_category as b on a.cat_id=b.id LEFT JOIN php34_ext_cat as c on c.goods_id=a.id LEFT JOIN php34_category as d on d.id =c.cat_id  WHERE `is_delete` = 0 GROUP BY a.id ORDER BY id desc LIMIT 0,10   [ RunTime:0.0003s ]
INFO: [ view_parse ] --START--
INFO: [ template_filter ] --START--
INFO: Run Behavior\ContentReplaceBehavior [ RunTime:0.000130s ]
INFO: [ template_filter ] --END-- [ RunTime:0.000194s ]
INFO: Run Behavior\ParseTemplateBehavior [ RunTime:0.007874s ]
INFO: [ view_parse ] --END-- [ RunTime:0.007947s ]
INFO: [ view_filter ] --START--
INFO: Run Behavior\WriteHtmlCacheBehavior [ RunTime:0.000257s ]
INFO: [ view_filter ] --END-- [ RunTime:0.000306s ]
INFO: [ app_end ] --START--
INFO: Run Behavior\ShowPageTraceBehavior [ RunTime:0.000712s ]
INFO: [ app_end ] --END-- [ RunTime:0.000797s ]

[ 2016-09-28T18:13:55+08:00 ] 127.0.0.1 /admin/index.php/Back/Goods/lst
INFO: [ app_init ] --START--
INFO: Run Behavior\BuildLiteBehavior [ RunTime:0.000033s ]
INFO: [ app_init ] --END-- [ RunTime:0.000836s ]
INFO: [ app_begin ] --START--
INFO: Run Behavior\ReadHtmlCacheBehavior [ RunTime:0.001075s ]
INFO: [ app_begin ] --END-- [ RunTime:0.001210s ]
NOTIC: [2048] Declaration of Back\Model\GoodsModel::_before_delete() should be compatible with that of Think\Model::_before_delete() E:\php\http\fuxi\admin\Application\Back\Model\GoodsModel.class.php 第 4 行.
SQL: SHOW COLUMNS FROM `php34_goods` [ RunTime:0.0044s ]
SQL: SELECT COUNT(*) AS tp_count FROM `php34_goods` WHERE `is_delete` = 0 LIMIT 1   [ RunTime:0.0002s ]
SQL: SELECT a.*,b.cat_name,group_concat(d.cat_name SEPARATOR "<br/>") ext_name FROM php34_goods a LEFT JOIN php34_category as b on a.cat_id=b.id LEFT JOIN php34_ext_cat as c on c.goods_id=a.id LEFT JOIN php34_category as d on d.id =c.cat_id  WHERE `is_delete` = 0 GROUP BY a.id ORDER BY id desc LIMIT 0,10   [ RunTime:0.0004s ]
INFO: [ view_parse ] --START--
INFO: [ template_filter ] --START--
INFO: Run Behavior\ContentReplaceBehavior [ RunTime:0.000129s ]
INFO: [ template_filter ] --END-- [ RunTime:0.000196s ]
INFO: Run Behavior\ParseTemplateBehavior [ RunTime:0.011500s ]
INFO: [ view_parse ] --END-- [ RunTime:0.011612s ]
INFO: [ view_filter ] --START--
INFO: Run Behavior\WriteHtmlCacheBehavior [ RunTime:0.000248s ]
INFO: [ view_filter ] --END-- [ RunTime:0.000299s ]
INFO: [ app_end ] --START--
INFO: Run Behavior\ShowPageTraceBehavior [ RunTime:0.000505s ]
INFO: [ app_end ] --END-- [ RunTime:0.000564s ]

[ 2016-09-28T18:13:56+08:00 ] 127.0.0.1 /admin/Back/Goods/goodsNumber/id/79
INFO: [ app_init ] --START--
INFO: Run Behavior\BuildLiteBehavior [ RunTime:0.000015s ]
INFO: [ app_init ] --END-- [ RunTime:0.000398s ]
INFO: [ app_begin ] --START--
INFO: Run Behavior\ReadHtmlCacheBehavior [ RunTime:0.000509s ]
INFO: [ app_begin ] --END-- [ RunTime:0.000577s ]
SQL: SHOW COLUMNS FROM `php34_goods_attr` [ RunTime:0.0048s ]
SQL: SELECT group_concat(a.id) ids,group_concat(a.attr_value) attr_value,b.attr_name FROM php34_goods_attr a INNER JOIN php34_attr b on b.id=a.attr_id  WHERE `goods_id` = '79' GROUP BY a.attr_id HAVING count(*)>1  [ RunTime:0.0001s ]

[ 2016-09-28T18:14:25+08:00 ] 127.0.0.1 /admin/index.php/Back/Goods/lst
INFO: [ app_init ] --START--
INFO: Run Behavior\BuildLiteBehavior [ RunTime:0.000032s ]
INFO: [ app_init ] --END-- [ RunTime:0.000810s ]
INFO: [ app_begin ] --START--
INFO: Run Behavior\ReadHtmlCacheBehavior [ RunTime:0.001084s ]
INFO: [ app_begin ] --END-- [ RunTime:0.001218s ]
NOTIC: [2048] Declaration of Back\Model\GoodsModel::_before_delete() should be compatible with that of Think\Model::_before_delete() E:\php\http\fuxi\admin\Application\Back\Model\GoodsModel.class.php 第 4 行.
SQL: SHOW COLUMNS FROM `php34_goods` [ RunTime:0.0050s ]
SQL: SELECT COUNT(*) AS tp_count FROM `php34_goods` WHERE `is_delete` = 0 LIMIT 1   [ RunTime:0.0002s ]
SQL: SELECT a.*,b.cat_name,group_concat(d.cat_name SEPARATOR "<br/>") ext_name FROM php34_goods a LEFT JOIN php34_category as b on a.cat_id=b.id LEFT JOIN php34_ext_cat as c on c.goods_id=a.id LEFT JOIN php34_category as d on d.id =c.cat_id  WHERE `is_delete` = 0 GROUP BY a.id ORDER BY id desc LIMIT 0,10   [ RunTime:0.0004s ]
INFO: [ view_parse ] --START--
INFO: [ template_filter ] --START--
INFO: Run Behavior\ContentReplaceBehavior [ RunTime:0.000124s ]
INFO: [ template_filter ] --END-- [ RunTime:0.000191s ]
INFO: Run Behavior\ParseTemplateBehavior [ RunTime:0.010515s ]
INFO: [ view_parse ] --END-- [ RunTime:0.010594s ]
INFO: [ view_filter ] --START--
INFO: Run Behavior\WriteHtmlCacheBehavior [ RunTime:0.000239s ]
INFO: [ view_filter ] --END-- [ RunTime:0.000287s ]
INFO: [ app_end ] --START--
INFO: Run Behavior\ShowPageTraceBehavior [ RunTime:0.000502s ]
INFO: [ app_end ] --END-- [ RunTime:0.000590s ]

[ 2016-09-28T18:14:27+08:00 ] 127.0.0.1 /admin/Back/Goods/goodsNumber/id/79
INFO: [ app_init ] --START--
INFO: Run Behavior\BuildLiteBehavior [ RunTime:0.000015s ]
INFO: [ app_init ] --END-- [ RunTime:0.000365s ]
INFO: [ app_begin ] --START--
INFO: Run Behavior\ReadHtmlCacheBehavior [ RunTime:0.000517s ]
INFO: [ app_begin ] --END-- [ RunTime:0.000587s ]
SQL: SHOW COLUMNS FROM `php34_goods_attr` [ RunTime:0.0049s ]
SQL: SELECT group_concat(a.id) ids,group_concat(a.attr_value) attr_value,b.attr_name FROM php34_goods_attr a INNER JOIN php34_attr b on b.id=a.attr_id  WHERE `goods_id` = '79' GROUP BY a.attr_id HAVING count(*)>1  [ RunTime:0.0001s ]
SQL: SHOW COLUMNS FROM `php34_goods_number` [ RunTime:0.0050s ]
SQL: SELECT * FROM `php34_goods_number` WHERE `goods_id` = '79'  [ RunTime:0.0001s ]
INFO: [ view_parse ] --START--
INFO: [ template_filter ] --START--
INFO: Run Behavior\ContentReplaceBehavior [ RunTime:0.000095s ]
INFO: [ template_filter ] --END-- [ RunTime:0.000198s ]
NOTIC: [8] Undefined index: 3,9,21 E:\php\http\fuxi\admin\Application\Runtime\Cache\Back\23d6bf005302236dcb729d92bee235e5.php 第 47 行.
NOTIC: [8] Undefined index: 3,9,20 E:\php\http\fuxi\admin\Application\Runtime\Cache\Back\23d6bf005302236dcb729d92bee235e5.php 第 47 行.
NOTIC: [8] Undefined index: 3,11,21 E:\php\http\fuxi\admin\Application\Runtime\Cache\Back\23d6bf005302236dcb729d92bee235e5.php 第 47 行.
NOTIC: [8] Undefined index: 3,11,20 E:\php\http\fuxi\admin\Application\Runtime\Cache\Back\23d6bf005302236dcb729d92bee235e5.php 第 47 行.
NOTIC: [8] Undefined index: 5,9,21 E:\php\http\fuxi\admin\Application\Runtime\Cache\Back\23d6bf005302236dcb729d92bee235e5.php 第 47 行.
NOTIC: [8] Undefined index: 5,9,20 E:\php\http\fuxi\admin\Application\Runtime\Cache\Back\23d6bf005302236dcb729d92bee235e5.php 第 47 行.
NOTIC: [8] Undefined index: 5,11,21 E:\php\http\fuxi\admin\Application\Runtime\Cache\Back\23d6bf005302236dcb729d92bee235e5.php 第 47 行.
NOTIC: [8] Undefined index: 5,11,20 E:\php\http\fuxi\admin\Application\Runtime\Cache\Back\23d6bf005302236dcb729d92bee235e5.php 第 47 行.
NOTIC: [8] Undefined index: 7,9,21 E:\php\http\fuxi\admin\Application\Runtime\Cache\Back\23d6bf005302236dcb729d92bee235e5.php 第 47 行.
NOTIC: [8] Undefined index: 7,9,20 E:\php\http\fuxi\admin\Application\Runtime\Cache\Back\23d6bf005302236dcb729d92bee235e5.php 第 47 行.
NOTIC: [8] Undefined index: 7,11,21 E:\php\http\fuxi\admin\Application\Runtime\Cache\Back\23d6bf005302236dcb729d92bee235e5.php 第 47 行.
NOTIC: [8] Undefined index: 7,11,20 E:\php\http\fuxi\admin\Application\Runtime\Cache\Back\23d6bf005302236dcb729d92bee235e5.php 第 47 行.
INFO: Run Behavior\ParseTemplateBehavior [ RunTime:0.008688s ]
INFO: [ view_parse ] --END-- [ RunTime:0.008780s ]
INFO: [ view_filter ] --START--
INFO: Run Behavior\WriteHtmlCacheBehavior [ RunTime:0.000342s ]
INFO: [ view_filter ] --END-- [ RunTime:0.000420s ]
INFO: [ app_end ] --START--
INFO: Run Behavior\ShowPageTraceBehavior [ RunTime:0.000681s ]
INFO: [ app_end ] --END-- [ RunTime:0.000770s ]

