[ 2016-10-19T09:15:27+08:00 ] 127.0.0.1 /favicon.ico
INFO: [ app_init ] --START--
INFO: Run Behavior\BuildLiteBehavior [ RunTime:0.000034s ]
INFO: [ app_init ] --END-- [ RunTime:0.000758s ]

[ 2016-10-19T10:39:44+08:00 ] 127.0.0.1 /index.php/index/goods/id/21
INFO: [ app_init ] --START--
INFO: Run Behavior\BuildLiteBehavior [ RunTime:0.000017s ]
INFO: [ app_init ] --END-- [ RunTime:0.000424s ]
INFO: [ app_begin ] --START--
INFO: Run Behavior\ReadHtmlCacheBehavior [ RunTime:0.028676s ]
INFO: [ app_begin ] --END-- [ RunTime:0.028761s ]
SQL: SHOW COLUMNS FROM `php34_goods` [ RunTime:0.0037s ]
SQL: SELECT * FROM `php34_goods` WHERE `id` = 21 LIMIT 1   [ RunTime:0.0004s ]
SQL: SHOW COLUMNS FROM `php34_goods_attr` [ RunTime:0.0031s ]
SQL: SELECT a.id,a.attr_value,b.attr_name FROM php34_goods_attr a INNER JOIN php34_attr b on b.id=a.attr_id  WHERE b.attr_type = 0 AND a.goods_id = '21'  [ RunTime:0.0003s ]
SQL: SELECT a.id,b.attr_name,b.id attr_id,a.attr_value FROM php34_goods_attr a INNER JOIN php34_attr b on b.id=a.attr_id  WHERE b.attr_type = 1 AND a.goods_id = '21'  [ RunTime:0.0002s ]
SQL: SHOW COLUMNS FROM `php34_pic` [ RunTime:0.0036s ]
SQL: SELECT * FROM `php34_pic` WHERE `goods_id` = '21'  [ RunTime:0.0003s ]
NOTIC: [2048] Declaration of Back\Model\CategoryModel::_before_delete() should be compatible with that of Think\Model::_before_delete() E:\php\http\fuxi\Application\Back\Model\CategoryModel.class.php 第 264 行.
SQL: SHOW COLUMNS FROM `php34_category` [ RunTime:0.0037s ]
SQL: SELECT `id`,`cat_name`,`parent_id` FROM `php34_category` WHERE `id` = 351 LIMIT 1   [ RunTime:0.0003s ]
SQL: SELECT `id`,`cat_name`,`parent_id` FROM `php34_category` WHERE `id` = 161 LIMIT 1   [ RunTime:0.0002s ]
SQL: SELECT `id`,`cat_name`,`parent_id` FROM `php34_category` WHERE `id` = 16 LIMIT 1   [ RunTime:0.0002s ]
SQL: SELECT * FROM `php34_category`  [ RunTime:0.0004s ]
NOTIC: [8] Undefined variable: attrs E:\php\http\fuxi\Application\Home\Controller\IndexController.class.php 第 62 行.
INFO: [ view_parse ] --START--
INFO: [ template_filter ] --START--
INFO: Run Behavior\ContentReplaceBehavior [ RunTime:0.000473s ]
INFO: [ template_filter ] --END-- [ RunTime:0.000629s ]
NOTIC: [2] Invalid argument supplied for foreach() E:\php\http\fuxi\Application\Runtime\Cache\Home\862a52d698112494831f0f0bc6d3727d.php 第 489 行.
INFO: Run Behavior\ParseTemplateBehavior [ RunTime:0.133790s ]
INFO: [ view_parse ] --END-- [ RunTime:0.133899s ]
INFO: [ view_filter ] --START--
INFO: Run Behavior\WriteHtmlCacheBehavior [ RunTime:0.001822s ]
INFO: [ view_filter ] --END-- [ RunTime:0.001942s ]
INFO: [ app_end ] --START--
INFO: Run Behavior\ShowPageTraceBehavior [ RunTime:0.001294s ]
INFO: [ app_end ] --END-- [ RunTime:0.001451s ]

[ 2016-10-19T10:40:30+08:00 ] 127.0.0.1 /index.php/index/goods/id/1
INFO: [ app_init ] --START--
INFO: Run Behavior\BuildLiteBehavior [ RunTime:0.000015s ]
INFO: [ app_init ] --END-- [ RunTime:0.000336s ]
INFO: [ app_begin ] --START--
INFO: Run Behavior\ReadHtmlCacheBehavior [ RunTime:0.001247s ]
INFO: [ app_begin ] --END-- [ RunTime:0.001325s ]
SQL: SHOW COLUMNS FROM `php34_goods` [ RunTime:0.0037s ]
SQL: SELECT * FROM `php34_goods` WHERE `id` = 1 LIMIT 1   [ RunTime:0.0003s ]
SQL: SHOW COLUMNS FROM `php34_goods_attr` [ RunTime:0.0031s ]
SQL: SELECT a.id,a.attr_value,b.attr_name FROM php34_goods_attr a INNER JOIN php34_attr b on b.id=a.attr_id  WHERE b.attr_type = 0 AND a.goods_id = '1'  [ RunTime:0.0003s ]
SQL: SELECT a.id,b.attr_name,b.id attr_id,a.attr_value FROM php34_goods_attr a INNER JOIN php34_attr b on b.id=a.attr_id  WHERE b.attr_type = 1 AND a.goods_id = '1'  [ RunTime:0.0002s ]
SQL: SHOW COLUMNS FROM `php34_pic` [ RunTime:0.0034s ]
SQL: SELECT * FROM `php34_pic` WHERE `goods_id` = '1'  [ RunTime:0.0003s ]
NOTIC: [2048] Declaration of Back\Model\CategoryModel::_before_delete() should be compatible with that of Think\Model::_before_delete() E:\php\http\fuxi\Application\Back\Model\CategoryModel.class.php 第 264 行.
SQL: SHOW COLUMNS FROM `php34_category` [ RunTime:0.0034s ]
SQL: SELECT `id`,`cat_name`,`parent_id` FROM `php34_category` WHERE `id` = 351 LIMIT 1   [ RunTime:0.0001s ]
SQL: SELECT `id`,`cat_name`,`parent_id` FROM `php34_category` WHERE `id` = 161 LIMIT 1   [ RunTime:0.0001s ]
SQL: SELECT `id`,`cat_name`,`parent_id` FROM `php34_category` WHERE `id` = 16 LIMIT 1   [ RunTime:0.0001s ]
SQL: SELECT * FROM `php34_category`  [ RunTime:0.0002s ]
NOTIC: [8] Undefined variable: attrs E:\php\http\fuxi\Application\Home\Controller\IndexController.class.php 第 62 行.
INFO: [ view_parse ] --START--
INFO: [ template_filter ] --START--
INFO: Run Behavior\ContentReplaceBehavior [ RunTime:0.000217s ]
INFO: [ template_filter ] --END-- [ RunTime:0.000287s ]
NOTIC: [2] Invalid argument supplied for foreach() E:\php\http\fuxi\Application\Runtime\Cache\Home\862a52d698112494831f0f0bc6d3727d.php 第 489 行.
INFO: Run Behavior\ParseTemplateBehavior [ RunTime:0.018211s ]
INFO: [ view_parse ] --END-- [ RunTime:0.018271s ]
INFO: [ view_filter ] --START--
INFO: Run Behavior\WriteHtmlCacheBehavior [ RunTime:0.000867s ]
INFO: [ view_filter ] --END-- [ RunTime:0.000937s ]
INFO: [ app_end ] --START--
INFO: Run Behavior\ShowPageTraceBehavior [ RunTime:0.000563s ]
INFO: [ app_end ] --END-- [ RunTime:0.000619s ]

[ 2016-10-19T10:43:34+08:00 ] 127.0.0.1 /index.php/index/goods/id/1
INFO: [ app_init ] --START--
INFO: Run Behavior\BuildLiteBehavior [ RunTime:0.000032s ]
INFO: [ app_init ] --END-- [ RunTime:0.000818s ]
INFO: [ app_begin ] --START--

[ 2016-10-19T10:46:10+08:00 ] 127.0.0.1 /index.php/index/goods/id/2
INFO: [ app_init ] --START--
INFO: Run Behavior\BuildLiteBehavior [ RunTime:0.000032s ]
INFO: [ app_init ] --END-- [ RunTime:0.000810s ]
INFO: [ app_begin ] --START--
INFO: Run Behavior\ReadHtmlCacheBehavior [ RunTime:0.001838s ]
INFO: [ app_begin ] --END-- [ RunTime:0.001991s ]
SQL: SHOW COLUMNS FROM `php34_goods` [ RunTime:0.0036s ]
SQL: SELECT * FROM `php34_goods` WHERE `id` = 2 LIMIT 1   [ RunTime:0.0004s ]
SQL: SHOW COLUMNS FROM `php34_goods_attr` [ RunTime:0.0049s ]
SQL: SELECT a.id,a.attr_value,b.attr_name FROM php34_goods_attr a INNER JOIN php34_attr b on b.id=a.attr_id  WHERE b.attr_type = 0 AND a.goods_id = '2'  [ RunTime:0.0019s ]
SQL: SELECT a.id,b.attr_name,b.id attr_id,a.attr_value FROM php34_goods_attr a INNER JOIN php34_attr b on b.id=a.attr_id  WHERE b.attr_type = 1 AND a.goods_id = '2'  [ RunTime:0.0003s ]
SQL: SHOW COLUMNS FROM `php34_pic` [ RunTime:0.0034s ]
SQL: SELECT * FROM `php34_pic` WHERE `goods_id` = '2'  [ RunTime:0.0003s ]
NOTIC: [2048] Declaration of Back\Model\CategoryModel::_before_delete() should be compatible with that of Think\Model::_before_delete() E:\php\http\fuxi\Application\Back\Model\CategoryModel.class.php 第 264 行.
SQL: SHOW COLUMNS FROM `php34_category` [ RunTime:0.0033s ]
SQL: SELECT `id`,`cat_name`,`parent_id` FROM `php34_category` WHERE `id` = 351 LIMIT 1   [ RunTime:0.0002s ]
SQL: SELECT `id`,`cat_name`,`parent_id` FROM `php34_category` WHERE `id` = 161 LIMIT 1   [ RunTime:0.0002s ]
SQL: SELECT `id`,`cat_name`,`parent_id` FROM `php34_category` WHERE `id` = 16 LIMIT 1   [ RunTime:0.0002s ]
SQL: SELECT * FROM `php34_category`  [ RunTime:0.0002s ]
NOTIC: [8] Undefined variable: attrs E:\php\http\fuxi\Application\Home\Controller\IndexController.class.php 第 62 行.
INFO: [ view_parse ] --START--
INFO: [ template_filter ] --START--
INFO: Run Behavior\ContentReplaceBehavior [ RunTime:0.000200s ]
INFO: [ template_filter ] --END-- [ RunTime:0.000278s ]
NOTIC: [2] Invalid argument supplied for foreach() E:\php\http\fuxi\Application\Runtime\Cache\Home\862a52d698112494831f0f0bc6d3727d.php 第 489 行.
INFO: Run Behavior\ParseTemplateBehavior [ RunTime:0.018678s ]
INFO: [ view_parse ] --END-- [ RunTime:0.018744s ]
INFO: [ view_filter ] --START--
INFO: Run Behavior\WriteHtmlCacheBehavior [ RunTime:0.000875s ]
INFO: [ view_filter ] --END-- [ RunTime:0.000938s ]
INFO: [ app_end ] --START--
INFO: Run Behavior\ShowPageTraceBehavior [ RunTime:0.000620s ]
INFO: [ app_end ] --END-- [ RunTime:0.000684s ]

[ 2016-10-19T10:47:37+08:00 ] 127.0.0.1 /index.php/index/goods/id/1
INFO: [ app_init ] --START--
INFO: Run Behavior\BuildLiteBehavior [ RunTime:0.000034s ]
INFO: [ app_init ] --END-- [ RunTime:0.000724s ]
INFO: [ app_begin ] --START--
INFO: Run Behavior\ReadHtmlCacheBehavior [ RunTime:0.001546s ]
INFO: [ app_begin ] --END-- [ RunTime:0.001690s ]
SQL: SHOW COLUMNS FROM `php34_goods` [ RunTime:0.0069s ]
SQL: SELECT * FROM `php34_goods` WHERE `id` = 1 LIMIT 1   [ RunTime:0.0004s ]
SQL: SHOW COLUMNS FROM `php34_goods_attr` [ RunTime:0.0033s ]
SQL: SELECT a.id,a.attr_value,b.attr_name FROM php34_goods_attr a INNER JOIN php34_attr b on b.id=a.attr_id  WHERE b.attr_type = 0 AND a.goods_id = '1'  [ RunTime:0.0002s ]
SQL: SELECT a.id,b.attr_name,b.id attr_id,a.attr_value FROM php34_goods_attr a INNER JOIN php34_attr b on b.id=a.attr_id  WHERE b.attr_type = 1 AND a.goods_id = '1'  [ RunTime:0.0002s ]
SQL: SHOW COLUMNS FROM `php34_pic` [ RunTime:0.0033s ]
SQL: SELECT * FROM `php34_pic` WHERE `goods_id` = '1'  [ RunTime:0.0002s ]
NOTIC: [2048] Declaration of Back\Model\CategoryModel::_before_delete() should be compatible with that of Think\Model::_before_delete() E:\php\http\fuxi\Application\Back\Model\CategoryModel.class.php 第 264 行.
SQL: SHOW COLUMNS FROM `php34_category` [ RunTime:0.0032s ]
SQL: SELECT `id`,`cat_name`,`parent_id` FROM `php34_category` WHERE `id` = 351 LIMIT 1   [ RunTime:0.0005s ]
SQL: SELECT `id`,`cat_name`,`parent_id` FROM `php34_category` WHERE `id` = 161 LIMIT 1   [ RunTime:0.0001s ]
SQL: SELECT `id`,`cat_name`,`parent_id` FROM `php34_category` WHERE `id` = 16 LIMIT 1   [ RunTime:0.0002s ]
SQL: SELECT * FROM `php34_category`  [ RunTime:0.0002s ]
NOTIC: [8] Undefined variable: attrs E:\php\http\fuxi\Application\Home\Controller\IndexController.class.php 第 62 行.
INFO: [ view_parse ] --START--
INFO: [ template_filter ] --START--
INFO: Run Behavior\ContentReplaceBehavior [ RunTime:0.000199s ]
INFO: [ template_filter ] --END-- [ RunTime:0.000268s ]
NOTIC: [2] Invalid argument supplied for foreach() E:\php\http\fuxi\Application\Runtime\Cache\Home\862a52d698112494831f0f0bc6d3727d.php 第 489 行.
INFO: Run Behavior\ParseTemplateBehavior [ RunTime:0.017309s ]
INFO: [ view_parse ] --END-- [ RunTime:0.017369s ]
INFO: [ view_filter ] --START--
INFO: Run Behavior\WriteHtmlCacheBehavior [ RunTime:0.086609s ]
INFO: [ view_filter ] --END-- [ RunTime:0.086754s ]
INFO: [ app_end ] --START--
INFO: Run Behavior\ShowPageTraceBehavior [ RunTime:0.001454s ]
INFO: [ app_end ] --END-- [ RunTime:0.001625s ]

[ 2016-10-19T10:47:41+08:00 ] 127.0.0.1 /index.php/index/goods/id/2
INFO: [ app_init ] --START--
INFO: Run Behavior\BuildLiteBehavior [ RunTime:0.000034s ]
INFO: [ app_init ] --END-- [ RunTime:0.000726s ]
INFO: [ app_begin ] --START--
INFO: Run Behavior\ReadHtmlCacheBehavior [ RunTime:0.001559s ]
INFO: [ app_begin ] --END-- [ RunTime:0.001729s ]
SQL: SHOW COLUMNS FROM `php34_goods` [ RunTime:0.0092s ]
SQL: SELECT * FROM `php34_goods` WHERE `id` = 2 LIMIT 1   [ RunTime:0.0009s ]
SQL: SHOW COLUMNS FROM `php34_goods_attr` [ RunTime:0.0087s ]
SQL: SELECT a.id,a.attr_value,b.attr_name FROM php34_goods_attr a INNER JOIN php34_attr b on b.id=a.attr_id  WHERE b.attr_type = 0 AND a.goods_id = '2'  [ RunTime:0.0004s ]
SQL: SELECT a.id,b.attr_name,b.id attr_id,a.attr_value FROM php34_goods_attr a INNER JOIN php34_attr b on b.id=a.attr_id  WHERE b.attr_type = 1 AND a.goods_id = '2'  [ RunTime:0.0004s ]
SQL: SHOW COLUMNS FROM `php34_pic` [ RunTime:0.0074s ]
SQL: SELECT * FROM `php34_pic` WHERE `goods_id` = '2'  [ RunTime:0.0002s ]
NOTIC: [2048] Declaration of Back\Model\CategoryModel::_before_delete() should be compatible with that of Think\Model::_before_delete() E:\php\http\fuxi\Application\Back\Model\CategoryModel.class.php 第 264 行.
SQL: SHOW COLUMNS FROM `php34_category` [ RunTime:0.0073s ]
SQL: SELECT `id`,`cat_name`,`parent_id` FROM `php34_category` WHERE `id` = 351 LIMIT 1   [ RunTime:0.0003s ]
SQL: SELECT `id`,`cat_name`,`parent_id` FROM `php34_category` WHERE `id` = 161 LIMIT 1   [ RunTime:0.0003s ]
SQL: SELECT `id`,`cat_name`,`parent_id` FROM `php34_category` WHERE `id` = 16 LIMIT 1   [ RunTime:0.0003s ]
SQL: SELECT * FROM `php34_category`  [ RunTime:0.0005s ]
NOTIC: [8] Undefined variable: attrs E:\php\http\fuxi\Application\Home\Controller\IndexController.class.php 第 62 行.
INFO: [ view_parse ] --START--
INFO: [ template_filter ] --START--
INFO: Run Behavior\ContentReplaceBehavior [ RunTime:0.000437s ]
INFO: [ template_filter ] --END-- [ RunTime:0.000584s ]
NOTIC: [2] Invalid argument supplied for foreach() E:\php\http\fuxi\Application\Runtime\Cache\Home\862a52d698112494831f0f0bc6d3727d.php 第 489 行.
INFO: Run Behavior\ParseTemplateBehavior [ RunTime:0.038729s ]
INFO: [ view_parse ] --END-- [ RunTime:0.038857s ]
INFO: [ view_filter ] --START--
INFO: Run Behavior\WriteHtmlCacheBehavior [ RunTime:0.003964s ]
INFO: [ view_filter ] --END-- [ RunTime:0.004117s ]
INFO: [ app_end ] --START--
INFO: Run Behavior\ShowPageTraceBehavior [ RunTime:0.001074s ]
INFO: [ app_end ] --END-- [ RunTime:0.001204s ]

[ 2016-10-19T10:47:45+08:00 ] 127.0.0.1 /index.php/index/goods/id/3
INFO: [ app_init ] --START--
INFO: Run Behavior\BuildLiteBehavior [ RunTime:0.000016s ]
INFO: [ app_init ] --END-- [ RunTime:0.000312s ]
INFO: [ app_begin ] --START--
INFO: Run Behavior\ReadHtmlCacheBehavior [ RunTime:0.000609s ]
INFO: [ app_begin ] --END-- [ RunTime:0.000673s ]
SQL: SHOW COLUMNS FROM `php34_goods` [ RunTime:0.0048s ]
SQL: SELECT * FROM `php34_goods` WHERE `id` = 3 LIMIT 1   [ RunTime:0.0005s ]
SQL: SHOW COLUMNS FROM `php34_goods_attr` [ RunTime:0.0031s ]
SQL: SELECT a.id,a.attr_value,b.attr_name FROM php34_goods_attr a INNER JOIN php34_attr b on b.id=a.attr_id  WHERE b.attr_type = 0 AND a.goods_id = '3'  [ RunTime:0.0003s ]
SQL: SELECT a.id,b.attr_name,b.id attr_id,a.attr_value FROM php34_goods_attr a INNER JOIN php34_attr b on b.id=a.attr_id  WHERE b.attr_type = 1 AND a.goods_id = '3'  [ RunTime:0.0002s ]
SQL: SHOW COLUMNS FROM `php34_pic` [ RunTime:0.0036s ]
SQL: SELECT * FROM `php34_pic` WHERE `goods_id` = '3'  [ RunTime:0.0003s ]
NOTIC: [2048] Declaration of Back\Model\CategoryModel::_before_delete() should be compatible with that of Think\Model::_before_delete() E:\php\http\fuxi\Application\Back\Model\CategoryModel.class.php 第 264 行.
SQL: SHOW COLUMNS FROM `php34_category` [ RunTime:0.0034s ]
SQL: SELECT `id`,`cat_name`,`parent_id` FROM `php34_category` WHERE `id` = 351 LIMIT 1   [ RunTime:0.0002s ]
SQL: SELECT `id`,`cat_name`,`parent_id` FROM `php34_category` WHERE `id` = 161 LIMIT 1   [ RunTime:0.0002s ]
SQL: SELECT `id`,`cat_name`,`parent_id` FROM `php34_category` WHERE `id` = 16 LIMIT 1   [ RunTime:0.0001s ]
SQL: SELECT * FROM `php34_category`  [ RunTime:0.0002s ]
NOTIC: [8] Undefined variable: attrs E:\php\http\fuxi\Application\Home\Controller\IndexController.class.php 第 62 行.
INFO: [ view_parse ] --START--
INFO: [ template_filter ] --START--
INFO: Run Behavior\ContentReplaceBehavior [ RunTime:0.000199s ]
INFO: [ template_filter ] --END-- [ RunTime:0.000268s ]
NOTIC: [2] Invalid argument supplied for foreach() E:\php\http\fuxi\Application\Runtime\Cache\Home\862a52d698112494831f0f0bc6d3727d.php 第 489 行.
INFO: Run Behavior\ParseTemplateBehavior [ RunTime:0.023428s ]
INFO: [ view_parse ] --END-- [ RunTime:0.023508s ]
INFO: [ view_filter ] --START--
INFO: Run Behavior\WriteHtmlCacheBehavior [ RunTime:0.001493s ]
INFO: [ view_filter ] --END-- [ RunTime:0.001554s ]
INFO: [ app_end ] --START--
INFO: Run Behavior\ShowPageTraceBehavior [ RunTime:0.000477s ]
INFO: [ app_end ] --END-- [ RunTime:0.000531s ]

[ 2016-10-19T10:47:49+08:00 ] 127.0.0.1 /index.php/index/goods/id/4
INFO: [ app_init ] --START--
INFO: Run Behavior\BuildLiteBehavior [ RunTime:0.000033s ]
INFO: [ app_init ] --END-- [ RunTime:0.000725s ]
INFO: [ app_begin ] --START--
INFO: Run Behavior\ReadHtmlCacheBehavior [ RunTime:0.001404s ]
INFO: [ app_begin ] --END-- [ RunTime:0.001539s ]
SQL: SHOW COLUMNS FROM `php34_goods` [ RunTime:0.0082s ]
SQL: SELECT * FROM `php34_goods` WHERE `id` = 4 LIMIT 1   [ RunTime:0.0008s ]
SQL: SHOW COLUMNS FROM `php34_goods_attr` [ RunTime:0.0089s ]
SQL: SELECT a.id,a.attr_value,b.attr_name FROM php34_goods_attr a INNER JOIN php34_attr b on b.id=a.attr_id  WHERE b.attr_type = 0 AND a.goods_id = '4'  [ RunTime:0.0007s ]
SQL: SELECT a.id,b.attr_name,b.id attr_id,a.attr_value FROM php34_goods_attr a INNER JOIN php34_attr b on b.id=a.attr_id  WHERE b.attr_type = 1 AND a.goods_id = '4'  [ RunTime:0.0006s ]
SQL: SHOW COLUMNS FROM `php34_pic` [ RunTime:0.0074s ]
SQL: SELECT * FROM `php34_pic` WHERE `goods_id` = '4'  [ RunTime:0.0005s ]
NOTIC: [2048] Declaration of Back\Model\CategoryModel::_before_delete() should be compatible with that of Think\Model::_before_delete() E:\php\http\fuxi\Application\Back\Model\CategoryModel.class.php 第 264 行.
SQL: SHOW COLUMNS FROM `php34_category` [ RunTime:0.0077s ]
SQL: SELECT `id`,`cat_name`,`parent_id` FROM `php34_category` WHERE `id` = 351 LIMIT 1   [ RunTime:0.0003s ]
SQL: SELECT `id`,`cat_name`,`parent_id` FROM `php34_category` WHERE `id` = 161 LIMIT 1   [ RunTime:0.0003s ]
SQL: SELECT `id`,`cat_name`,`parent_id` FROM `php34_category` WHERE `id` = 16 LIMIT 1   [ RunTime:0.0006s ]
SQL: SELECT * FROM `php34_category`  [ RunTime:0.0013s ]
NOTIC: [8] Undefined variable: attrs E:\php\http\fuxi\Application\Home\Controller\IndexController.class.php 第 62 行.
INFO: [ view_parse ] --START--
INFO: [ template_filter ] --START--
INFO: Run Behavior\ContentReplaceBehavior [ RunTime:0.000201s ]
INFO: [ template_filter ] --END-- [ RunTime:0.000279s ]
NOTIC: [2] Invalid argument supplied for foreach() E:\php\http\fuxi\Application\Runtime\Cache\Home\862a52d698112494831f0f0bc6d3727d.php 第 489 行.
INFO: Run Behavior\ParseTemplateBehavior [ RunTime:0.029300s ]
INFO: [ view_parse ] --END-- [ RunTime:0.029403s ]
INFO: [ view_filter ] --START--
INFO: Run Behavior\WriteHtmlCacheBehavior [ RunTime:0.000687s ]
INFO: [ view_filter ] --END-- [ RunTime:0.000746s ]
INFO: [ app_end ] --START--
INFO: Run Behavior\ShowPageTraceBehavior [ RunTime:0.000490s ]
INFO: [ app_end ] --END-- [ RunTime:0.000556s ]

[ 2016-10-19T10:47:52+08:00 ] 127.0.0.1 /index.php/index/goods/id/5
INFO: [ app_init ] --START--
INFO: Run Behavior\BuildLiteBehavior [ RunTime:0.000031s ]
INFO: [ app_init ] --END-- [ RunTime:0.000734s ]
INFO: [ app_begin ] --START--
INFO: Run Behavior\ReadHtmlCacheBehavior [ RunTime:0.001331s ]
INFO: [ app_begin ] --END-- [ RunTime:0.001465s ]
SQL: SHOW COLUMNS FROM `php34_goods` [ RunTime:0.0079s ]
SQL: SELECT * FROM `php34_goods` WHERE `id` = 5 LIMIT 1   [ RunTime:0.0008s ]
SQL: SHOW COLUMNS FROM `php34_goods_attr` [ RunTime:0.0069s ]
SQL: SELECT a.id,a.attr_value,b.attr_name FROM php34_goods_attr a INNER JOIN php34_attr b on b.id=a.attr_id  WHERE b.attr_type = 0 AND a.goods_id = '5'  [ RunTime:0.0007s ]
SQL: SELECT a.id,b.attr_name,b.id attr_id,a.attr_value FROM php34_goods_attr a INNER JOIN php34_attr b on b.id=a.attr_id  WHERE b.attr_type = 1 AND a.goods_id = '5'  [ RunTime:0.0005s ]
SQL: SHOW COLUMNS FROM `php34_pic` [ RunTime:0.0070s ]
SQL: SELECT * FROM `php34_pic` WHERE `goods_id` = '5'  [ RunTime:0.0006s ]
NOTIC: [2048] Declaration of Back\Model\CategoryModel::_before_delete() should be compatible with that of Think\Model::_before_delete() E:\php\http\fuxi\Application\Back\Model\CategoryModel.class.php 第 264 行.
SQL: SHOW COLUMNS FROM `php34_category` [ RunTime:0.0073s ]
SQL: SELECT `id`,`cat_name`,`parent_id` FROM `php34_category` WHERE `id` = 351 LIMIT 1   [ RunTime:0.0005s ]
SQL: SELECT `id`,`cat_name`,`parent_id` FROM `php34_category` WHERE `id` = 161 LIMIT 1   [ RunTime:0.0002s ]
SQL: SELECT `id`,`cat_name`,`parent_id` FROM `php34_category` WHERE `id` = 16 LIMIT 1   [ RunTime:0.0002s ]
SQL: SELECT * FROM `php34_category`  [ RunTime:0.0005s ]
NOTIC: [8] Undefined variable: attrs E:\php\http\fuxi\Application\Home\Controller\IndexController.class.php 第 62 行.
INFO: [ view_parse ] --START--
INFO: [ template_filter ] --START--
INFO: Run Behavior\ContentReplaceBehavior [ RunTime:0.000461s ]
INFO: [ template_filter ] --END-- [ RunTime:0.000616s ]
NOTIC: [2] Invalid argument supplied for foreach() E:\php\http\fuxi\Application\Runtime\Cache\Home\862a52d698112494831f0f0bc6d3727d.php 第 489 行.
INFO: Run Behavior\ParseTemplateBehavior [ RunTime:0.041013s ]
INFO: [ view_parse ] --END-- [ RunTime:0.041174s ]
INFO: [ view_filter ] --START--
INFO: Run Behavior\WriteHtmlCacheBehavior [ RunTime:0.001570s ]
INFO: [ view_filter ] --END-- [ RunTime:0.001648s ]
INFO: [ app_end ] --START--
INFO: Run Behavior\ShowPageTraceBehavior [ RunTime:0.000537s ]
INFO: [ app_end ] --END-- [ RunTime:0.000600s ]

[ 2016-10-19T10:47:56+08:00 ] 127.0.0.1 /index.php/index/goods/id/6
INFO: [ app_init ] --START--
INFO: Run Behavior\BuildLiteBehavior [ RunTime:0.000031s ]
INFO: [ app_init ] --END-- [ RunTime:0.000706s ]
INFO: [ app_begin ] --START--
INFO: Run Behavior\ReadHtmlCacheBehavior [ RunTime:0.001387s ]
INFO: [ app_begin ] --END-- [ RunTime:0.001523s ]
SQL: SHOW COLUMNS FROM `php34_goods` [ RunTime:0.0089s ]
SQL: SELECT * FROM `php34_goods` WHERE `id` = 6 LIMIT 1   [ RunTime:0.0010s ]
SQL: SHOW COLUMNS FROM `php34_goods_attr` [ RunTime:0.0075s ]
SQL: SELECT a.id,a.attr_value,b.attr_name FROM php34_goods_attr a INNER JOIN php34_attr b on b.id=a.attr_id  WHERE b.attr_type = 0 AND a.goods_id = '6'  [ RunTime:0.0006s ]
SQL: SELECT a.id,b.attr_name,b.id attr_id,a.attr_value FROM php34_goods_attr a INNER JOIN php34_attr b on b.id=a.attr_id  WHERE b.attr_type = 1 AND a.goods_id = '6'  [ RunTime:0.0006s ]
SQL: SHOW COLUMNS FROM `php34_pic` [ RunTime:0.0085s ]
SQL: SELECT * FROM `php34_pic` WHERE `goods_id` = '6'  [ RunTime:0.0005s ]
NOTIC: [2048] Declaration of Back\Model\CategoryModel::_before_delete() should be compatible with that of Think\Model::_before_delete() E:\php\http\fuxi\Application\Back\Model\CategoryModel.class.php 第 264 行.
SQL: SHOW COLUMNS FROM `php34_category` [ RunTime:0.0080s ]
SQL: SELECT `id`,`cat_name`,`parent_id` FROM `php34_category` WHERE `id` = 351 LIMIT 1   [ RunTime:0.0004s ]
SQL: SELECT `id`,`cat_name`,`parent_id` FROM `php34_category` WHERE `id` = 161 LIMIT 1   [ RunTime:0.0003s ]
SQL: SELECT `id`,`cat_name`,`parent_id` FROM `php34_category` WHERE `id` = 16 LIMIT 1   [ RunTime:0.0003s ]
SQL: SELECT * FROM `php34_category`  [ RunTime:0.0005s ]
NOTIC: [8] Undefined variable: attrs E:\php\http\fuxi\Application\Home\Controller\IndexController.class.php 第 62 行.
INFO: [ view_parse ] --START--
INFO: [ template_filter ] --START--
INFO: Run Behavior\ContentReplaceBehavior [ RunTime:0.000200s ]
INFO: [ template_filter ] --END-- [ RunTime:0.000272s ]
NOTIC: [2] Invalid argument supplied for foreach() E:\php\http\fuxi\Application\Runtime\Cache\Home\862a52d698112494831f0f0bc6d3727d.php 第 489 行.
INFO: Run Behavior\ParseTemplateBehavior [ RunTime:0.019605s ]
INFO: [ view_parse ] --END-- [ RunTime:0.019699s ]
INFO: [ view_filter ] --START--
INFO: Run Behavior\WriteHtmlCacheBehavior [ RunTime:0.000682s ]
INFO: [ view_filter ] --END-- [ RunTime:0.000741s ]
INFO: [ app_end ] --START--
INFO: Run Behavior\ShowPageTraceBehavior [ RunTime:0.000461s ]
INFO: [ app_end ] --END-- [ RunTime:0.000519s ]

[ 2016-10-19T10:47:59+08:00 ] 127.0.0.1 /index.php/index/goods/id/7
INFO: [ app_init ] --START--
INFO: Run Behavior\BuildLiteBehavior [ RunTime:0.000033s ]
INFO: [ app_init ] --END-- [ RunTime:0.000724s ]
INFO: [ app_begin ] --START--
INFO: Run Behavior\ReadHtmlCacheBehavior [ RunTime:0.001411s ]
INFO: [ app_begin ] --END-- [ RunTime:0.001552s ]
SQL: SHOW COLUMNS FROM `php34_goods` [ RunTime:0.0038s ]
SQL: SELECT * FROM `php34_goods` WHERE `id` = 7 LIMIT 1   [ RunTime:0.0004s ]
SQL: SHOW COLUMNS FROM `php34_goods_attr` [ RunTime:0.0034s ]
SQL: SELECT a.id,a.attr_value,b.attr_name FROM php34_goods_attr a INNER JOIN php34_attr b on b.id=a.attr_id  WHERE b.attr_type = 0 AND a.goods_id = '7'  [ RunTime:0.0003s ]
SQL: SELECT a.id,b.attr_name,b.id attr_id,a.attr_value FROM php34_goods_attr a INNER JOIN php34_attr b on b.id=a.attr_id  WHERE b.attr_type = 1 AND a.goods_id = '7'  [ RunTime:0.0003s ]
SQL: SHOW COLUMNS FROM `php34_pic` [ RunTime:0.0032s ]
SQL: SELECT * FROM `php34_pic` WHERE `goods_id` = '7'  [ RunTime:0.0002s ]
NOTIC: [2048] Declaration of Back\Model\CategoryModel::_before_delete() should be compatible with that of Think\Model::_before_delete() E:\php\http\fuxi\Application\Back\Model\CategoryModel.class.php 第 264 行.
SQL: SHOW COLUMNS FROM `php34_category` [ RunTime:0.0036s ]
SQL: SELECT `id`,`cat_name`,`parent_id` FROM `php34_category` WHERE `id` = 351 LIMIT 1   [ RunTime:0.0001s ]
SQL: SELECT `id`,`cat_name`,`parent_id` FROM `php34_category` WHERE `id` = 161 LIMIT 1   [ RunTime:0.0001s ]
SQL: SELECT `id`,`cat_name`,`parent_id` FROM `php34_category` WHERE `id` = 16 LIMIT 1   [ RunTime:0.0001s ]
SQL: SELECT * FROM `php34_category`  [ RunTime:0.0002s ]
NOTIC: [8] Undefined variable: attrs E:\php\http\fuxi\Application\Home\Controller\IndexController.class.php 第 62 行.
INFO: [ view_parse ] --START--
INFO: [ template_filter ] --START--
INFO: Run Behavior\ContentReplaceBehavior [ RunTime:0.000200s ]
INFO: [ template_filter ] --END-- [ RunTime:0.000274s ]
NOTIC: [2] Invalid argument supplied for foreach() E:\php\http\fuxi\Application\Runtime\Cache\Home\862a52d698112494831f0f0bc6d3727d.php 第 489 行.
INFO: Run Behavior\ParseTemplateBehavior [ RunTime:0.018022s ]
INFO: [ view_parse ] --END-- [ RunTime:0.018084s ]
INFO: [ view_filter ] --START--
INFO: Run Behavior\WriteHtmlCacheBehavior [ RunTime:0.000657s ]
INFO: [ view_filter ] --END-- [ RunTime:0.000711s ]
INFO: [ app_end ] --START--
INFO: Run Behavior\ShowPageTraceBehavior [ RunTime:0.000460s ]
INFO: [ app_end ] --END-- [ RunTime:0.000517s ]

[ 2016-10-19T10:48:04+08:00 ] 127.0.0.1 /index.php/index/goods/id/8
INFO: [ app_init ] --START--
INFO: Run Behavior\BuildLiteBehavior [ RunTime:0.000032s ]
INFO: [ app_init ] --END-- [ RunTime:0.000714s ]
INFO: [ app_begin ] --START--
INFO: Run Behavior\ReadHtmlCacheBehavior [ RunTime:0.001639s ]
INFO: [ app_begin ] --END-- [ RunTime:0.001784s ]
SQL: SHOW COLUMNS FROM `php34_goods` [ RunTime:0.0091s ]
SQL: SELECT * FROM `php34_goods` WHERE `id` = 8 LIMIT 1   [ RunTime:0.0009s ]
SQL: SHOW COLUMNS FROM `php34_goods_attr` [ RunTime:0.0074s ]
SQL: SELECT a.id,a.attr_value,b.attr_name FROM php34_goods_attr a INNER JOIN php34_attr b on b.id=a.attr_id  WHERE b.attr_type = 0 AND a.goods_id = '8'  [ RunTime:0.0011s ]
SQL: SELECT a.id,b.attr_name,b.id attr_id,a.attr_value FROM php34_goods_attr a INNER JOIN php34_attr b on b.id=a.attr_id  WHERE b.attr_type = 1 AND a.goods_id = '8'  [ RunTime:0.0005s ]
SQL: SHOW COLUMNS FROM `php34_pic` [ RunTime:0.0123s ]
SQL: SELECT * FROM `php34_pic` WHERE `goods_id` = '8'  [ RunTime:0.0004s ]
NOTIC: [2048] Declaration of Back\Model\CategoryModel::_before_delete() should be compatible with that of Think\Model::_before_delete() E:\php\http\fuxi\Application\Back\Model\CategoryModel.class.php 第 264 行.
SQL: SHOW COLUMNS FROM `php34_category` [ RunTime:0.0086s ]
SQL: SELECT `id`,`cat_name`,`parent_id` FROM `php34_category` WHERE `id` = 351 LIMIT 1   [ RunTime:0.0002s ]
SQL: SELECT `id`,`cat_name`,`parent_id` FROM `php34_category` WHERE `id` = 161 LIMIT 1   [ RunTime:0.0016s ]
SQL: SELECT `id`,`cat_name`,`parent_id` FROM `php34_category` WHERE `id` = 16 LIMIT 1   [ RunTime:0.0002s ]
SQL: SELECT * FROM `php34_category`  [ RunTime:0.0004s ]
NOTIC: [8] Undefined variable: attrs E:\php\http\fuxi\Application\Home\Controller\IndexController.class.php 第 62 行.
INFO: [ view_parse ] --START--
INFO: [ template_filter ] --START--
INFO: Run Behavior\ContentReplaceBehavior [ RunTime:0.000198s ]
INFO: [ template_filter ] --END-- [ RunTime:0.000269s ]
NOTIC: [2] Invalid argument supplied for foreach() E:\php\http\fuxi\Application\Runtime\Cache\Home\862a52d698112494831f0f0bc6d3727d.php 第 489 行.
INFO: Run Behavior\ParseTemplateBehavior [ RunTime:0.065215s ]
INFO: [ view_parse ] --END-- [ RunTime:0.065308s ]
INFO: [ view_filter ] --START--
INFO: Run Behavior\WriteHtmlCacheBehavior [ RunTime:0.000719s ]
INFO: [ view_filter ] --END-- [ RunTime:0.000786s ]
INFO: [ app_end ] --START--
INFO: Run Behavior\ShowPageTraceBehavior [ RunTime:0.000959s ]
INFO: [ app_end ] --END-- [ RunTime:0.001124s ]

[ 2016-10-19T10:48:07+08:00 ] 127.0.0.1 /index.php/index/goods/id/9
INFO: [ app_init ] --START--
INFO: Run Behavior\BuildLiteBehavior [ RunTime:0.000033s ]
INFO: [ app_init ] --END-- [ RunTime:0.000722s ]
INFO: [ app_begin ] --START--
INFO: Run Behavior\ReadHtmlCacheBehavior [ RunTime:0.001533s ]
INFO: [ app_begin ] --END-- [ RunTime:0.001673s ]
SQL: SHOW COLUMNS FROM `php34_goods` [ RunTime:0.0087s ]
SQL: SELECT * FROM `php34_goods` WHERE `id` = 9 LIMIT 1   [ RunTime:0.0008s ]
SQL: SHOW COLUMNS FROM `php34_goods_attr` [ RunTime:0.0067s ]
SQL: SELECT a.id,a.attr_value,b.attr_name FROM php34_goods_attr a INNER JOIN php34_attr b on b.id=a.attr_id  WHERE b.attr_type = 0 AND a.goods_id = '9'  [ RunTime:0.0006s ]
SQL: SELECT a.id,b.attr_name,b.id attr_id,a.attr_value FROM php34_goods_attr a INNER JOIN php34_attr b on b.id=a.attr_id  WHERE b.attr_type = 1 AND a.goods_id = '9'  [ RunTime:0.0006s ]
SQL: SHOW COLUMNS FROM `php34_pic` [ RunTime:0.0069s ]
SQL: SELECT * FROM `php34_pic` WHERE `goods_id` = '9'  [ RunTime:0.0005s ]
NOTIC: [2048] Declaration of Back\Model\CategoryModel::_before_delete() should be compatible with that of Think\Model::_before_delete() E:\php\http\fuxi\Application\Back\Model\CategoryModel.class.php 第 264 行.
SQL: SHOW COLUMNS FROM `php34_category` [ RunTime:0.0077s ]
SQL: SELECT `id`,`cat_name`,`parent_id` FROM `php34_category` WHERE `id` = 351 LIMIT 1   [ RunTime:0.0003s ]
SQL: SELECT `id`,`cat_name`,`parent_id` FROM `php34_category` WHERE `id` = 161 LIMIT 1   [ RunTime:0.0003s ]
SQL: SELECT `id`,`cat_name`,`parent_id` FROM `php34_category` WHERE `id` = 16 LIMIT 1   [ RunTime:0.0003s ]
SQL: SELECT * FROM `php34_category`  [ RunTime:0.0005s ]
NOTIC: [8] Undefined variable: attrs E:\php\http\fuxi\Application\Home\Controller\IndexController.class.php 第 62 行.
INFO: [ view_parse ] --START--
INFO: [ template_filter ] --START--
INFO: Run Behavior\ContentReplaceBehavior [ RunTime:0.000200s ]
INFO: [ template_filter ] --END-- [ RunTime:0.000273s ]
NOTIC: [2] Invalid argument supplied for foreach() E:\php\http\fuxi\Application\Runtime\Cache\Home\862a52d698112494831f0f0bc6d3727d.php 第 489 行.
INFO: Run Behavior\ParseTemplateBehavior [ RunTime:0.030478s ]
INFO: [ view_parse ] --END-- [ RunTime:0.030566s ]
INFO: [ view_filter ] --START--
INFO: Run Behavior\WriteHtmlCacheBehavior [ RunTime:0.056644s ]
INFO: [ view_filter ] --END-- [ RunTime:0.056787s ]
INFO: [ app_end ] --START--
INFO: Run Behavior\ShowPageTraceBehavior [ RunTime:0.001227s ]
INFO: [ app_end ] --END-- [ RunTime:0.001385s ]

[ 2016-10-19T10:48:11+08:00 ] 127.0.0.1 /index.php/index/goods/id/10
INFO: [ app_init ] --START--
INFO: Run Behavior\BuildLiteBehavior [ RunTime:0.000033s ]
INFO: [ app_init ] --END-- [ RunTime:0.000812s ]
INFO: [ app_begin ] --START--
INFO: Run Behavior\ReadHtmlCacheBehavior [ RunTime:0.001888s ]
INFO: [ app_begin ] --END-- [ RunTime:0.002034s ]
SQL: SHOW COLUMNS FROM `php34_goods` [ RunTime:0.0037s ]
SQL: SELECT * FROM `php34_goods` WHERE `id` = 10 LIMIT 1   [ RunTime:0.0004s ]
SQL: SHOW COLUMNS FROM `php34_goods_attr` [ RunTime:0.0032s ]
SQL: SELECT a.id,a.attr_value,b.attr_name FROM php34_goods_attr a INNER JOIN php34_attr b on b.id=a.attr_id  WHERE b.attr_type = 0 AND a.goods_id = '10'  [ RunTime:0.0004s ]
SQL: SELECT a.id,b.attr_name,b.id attr_id,a.attr_value FROM php34_goods_attr a INNER JOIN php34_attr b on b.id=a.attr_id  WHERE b.attr_type = 1 AND a.goods_id = '10'  [ RunTime:0.0003s ]
SQL: SHOW COLUMNS FROM `php34_pic` [ RunTime:0.0032s ]
SQL: SELECT * FROM `php34_pic` WHERE `goods_id` = '10'  [ RunTime:0.0004s ]
NOTIC: [2048] Declaration of Back\Model\CategoryModel::_before_delete() should be compatible with that of Think\Model::_before_delete() E:\php\http\fuxi\Application\Back\Model\CategoryModel.class.php 第 264 行.
SQL: SHOW COLUMNS FROM `php34_category` [ RunTime:0.0033s ]
SQL: SELECT `id`,`cat_name`,`parent_id` FROM `php34_category` WHERE `id` = 351 LIMIT 1   [ RunTime:0.0002s ]
SQL: SELECT `id`,`cat_name`,`parent_id` FROM `php34_category` WHERE `id` = 161 LIMIT 1   [ RunTime:0.0002s ]
SQL: SELECT `id`,`cat_name`,`parent_id` FROM `php34_category` WHERE `id` = 16 LIMIT 1   [ RunTime:0.0002s ]
SQL: SELECT * FROM `php34_category`  [ RunTime:0.0002s ]
NOTIC: [8] Undefined variable: attrs E:\php\http\fuxi\Application\Home\Controller\IndexController.class.php 第 62 行.
INFO: [ view_parse ] --START--
INFO: [ template_filter ] --START--
INFO: Run Behavior\ContentReplaceBehavior [ RunTime:0.000220s ]
INFO: [ template_filter ] --END-- [ RunTime:0.000291s ]
NOTIC: [2] Invalid argument supplied for foreach() E:\php\http\fuxi\Application\Runtime\Cache\Home\862a52d698112494831f0f0bc6d3727d.php 第 489 行.
INFO: Run Behavior\ParseTemplateBehavior [ RunTime:0.017471s ]
INFO: [ view_parse ] --END-- [ RunTime:0.017533s ]
INFO: [ view_filter ] --START--
INFO: Run Behavior\WriteHtmlCacheBehavior [ RunTime:0.000863s ]
INFO: [ view_filter ] --END-- [ RunTime:0.000919s ]
INFO: [ app_end ] --START--
INFO: Run Behavior\ShowPageTraceBehavior [ RunTime:0.000547s ]
INFO: [ app_end ] --END-- [ RunTime:0.000607s ]

[ 2016-10-19T10:48:15+08:00 ] 127.0.0.1 /index.php/index/goods/id/11
INFO: [ app_init ] --START--
INFO: Run Behavior\BuildLiteBehavior [ RunTime:0.000032s ]
INFO: [ app_init ] --END-- [ RunTime:0.000761s ]
INFO: [ app_begin ] --START--
INFO: Run Behavior\ReadHtmlCacheBehavior [ RunTime:0.001435s ]
INFO: [ app_begin ] --END-- [ RunTime:0.001582s ]
SQL: SHOW COLUMNS FROM `php34_goods` [ RunTime:0.0048s ]
SQL: SELECT * FROM `php34_goods` WHERE `id` = 11 LIMIT 1   [ RunTime:0.0004s ]
SQL: SHOW COLUMNS FROM `php34_goods_attr` [ RunTime:0.0037s ]
SQL: SELECT a.id,a.attr_value,b.attr_name FROM php34_goods_attr a INNER JOIN php34_attr b on b.id=a.attr_id  WHERE b.attr_type = 0 AND a.goods_id = '11'  [ RunTime:0.0003s ]
SQL: SELECT a.id,b.attr_name,b.id attr_id,a.attr_value FROM php34_goods_attr a INNER JOIN php34_attr b on b.id=a.attr_id  WHERE b.attr_type = 1 AND a.goods_id = '11'  [ RunTime:0.0002s ]
SQL: SHOW COLUMNS FROM `php34_pic` [ RunTime:0.0036s ]
SQL: SELECT * FROM `php34_pic` WHERE `goods_id` = '11'  [ RunTime:0.0003s ]
NOTIC: [2048] Declaration of Back\Model\CategoryModel::_before_delete() should be compatible with that of Think\Model::_before_delete() E:\php\http\fuxi\Application\Back\Model\CategoryModel.class.php 第 264 行.
SQL: SHOW COLUMNS FROM `php34_category` [ RunTime:0.0044s ]
SQL: SELECT `id`,`cat_name`,`parent_id` FROM `php34_category` WHERE `id` = 351 LIMIT 1   [ RunTime:0.0001s ]
SQL: SELECT `id`,`cat_name`,`parent_id` FROM `php34_category` WHERE `id` = 161 LIMIT 1   [ RunTime:0.0001s ]
SQL: SELECT `id`,`cat_name`,`parent_id` FROM `php34_category` WHERE `id` = 16 LIMIT 1   [ RunTime:0.0001s ]
SQL: SELECT * FROM `php34_category`  [ RunTime:0.0002s ]
NOTIC: [8] Undefined variable: attrs E:\php\http\fuxi\Application\Home\Controller\IndexController.class.php 第 62 行.
INFO: [ view_parse ] --START--
INFO: [ template_filter ] --START--
INFO: Run Behavior\ContentReplaceBehavior [ RunTime:0.000221s ]
INFO: [ template_filter ] --END-- [ RunTime:0.000296s ]
NOTIC: [2] Invalid argument supplied for foreach() E:\php\http\fuxi\Application\Runtime\Cache\Home\862a52d698112494831f0f0bc6d3727d.php 第 489 行.
INFO: Run Behavior\ParseTemplateBehavior [ RunTime:0.020936s ]
INFO: [ view_parse ] --END-- [ RunTime:0.021002s ]
INFO: [ view_filter ] --START--
INFO: Run Behavior\WriteHtmlCacheBehavior [ RunTime:0.000763s ]
INFO: [ view_filter ] --END-- [ RunTime:0.000830s ]
INFO: [ app_end ] --START--
INFO: Run Behavior\ShowPageTraceBehavior [ RunTime:0.000492s ]
INFO: [ app_end ] --END-- [ RunTime:0.000556s ]

[ 2016-10-19T10:48:18+08:00 ] 127.0.0.1 /index.php/index/goods/id/12
INFO: [ app_init ] --START--
INFO: Run Behavior\BuildLiteBehavior [ RunTime:0.000032s ]
INFO: [ app_init ] --END-- [ RunTime:0.000716s ]
INFO: [ app_begin ] --START--
INFO: Run Behavior\ReadHtmlCacheBehavior [ RunTime:0.001683s ]
INFO: [ app_begin ] --END-- [ RunTime:0.001959s ]
SQL: SHOW COLUMNS FROM `php34_goods` [ RunTime:0.0095s ]
SQL: SELECT * FROM `php34_goods` WHERE `id` = 12 LIMIT 1   [ RunTime:0.0008s ]
SQL: SHOW COLUMNS FROM `php34_goods_attr` [ RunTime:0.0066s ]
SQL: SELECT a.id,a.attr_value,b.attr_name FROM php34_goods_attr a INNER JOIN php34_attr b on b.id=a.attr_id  WHERE b.attr_type = 0 AND a.goods_id = '12'  [ RunTime:0.0006s ]
SQL: SELECT a.id,b.attr_name,b.id attr_id,a.attr_value FROM php34_goods_attr a INNER JOIN php34_attr b on b.id=a.attr_id  WHERE b.attr_type = 1 AND a.goods_id = '12'  [ RunTime:0.0006s ]
SQL: SHOW COLUMNS FROM `php34_pic` [ RunTime:0.0074s ]
SQL: SELECT * FROM `php34_pic` WHERE `goods_id` = '12'  [ RunTime:0.0005s ]
NOTIC: [2048] Declaration of Back\Model\CategoryModel::_before_delete() should be compatible with that of Think\Model::_before_delete() E:\php\http\fuxi\Application\Back\Model\CategoryModel.class.php 第 264 行.
SQL: SHOW COLUMNS FROM `php34_category` [ RunTime:0.0068s ]
SQL: SELECT `id`,`cat_name`,`parent_id` FROM `php34_category` WHERE `id` = 351 LIMIT 1   [ RunTime:0.0004s ]
SQL: SELECT `id`,`cat_name`,`parent_id` FROM `php34_category` WHERE `id` = 161 LIMIT 1   [ RunTime:0.0003s ]
SQL: SELECT `id`,`cat_name`,`parent_id` FROM `php34_category` WHERE `id` = 16 LIMIT 1   [ RunTime:0.0003s ]
SQL: SELECT * FROM `php34_category`  [ RunTime:0.0006s ]
NOTIC: [8] Undefined variable: attrs E:\php\http\fuxi\Application\Home\Controller\IndexController.class.php 第 62 行.
INFO: [ view_parse ] --START--
INFO: [ template_filter ] --START--
INFO: Run Behavior\ContentReplaceBehavior [ RunTime:0.000201s ]
INFO: [ template_filter ] --END-- [ RunTime:0.000276s ]
NOTIC: [2] Invalid argument supplied for foreach() E:\php\http\fuxi\Application\Runtime\Cache\Home\862a52d698112494831f0f0bc6d3727d.php 第 489 行.
INFO: Run Behavior\ParseTemplateBehavior [ RunTime:0.022622s ]
INFO: [ view_parse ] --END-- [ RunTime:0.022716s ]
INFO: [ view_filter ] --START--
INFO: Run Behavior\WriteHtmlCacheBehavior [ RunTime:0.000689s ]
INFO: [ view_filter ] --END-- [ RunTime:0.000747s ]
INFO: [ app_end ] --START--
INFO: Run Behavior\ShowPageTraceBehavior [ RunTime:0.000491s ]
INFO: [ app_end ] --END-- [ RunTime:0.000556s ]

[ 2016-10-19T10:48:22+08:00 ] 127.0.0.1 /index.php/index/goods/id/13
INFO: [ app_init ] --START--
INFO: Run Behavior\BuildLiteBehavior [ RunTime:0.000031s ]
INFO: [ app_init ] --END-- [ RunTime:0.000711s ]
INFO: [ app_begin ] --START--
INFO: Run Behavior\ReadHtmlCacheBehavior [ RunTime:0.001537s ]
INFO: [ app_begin ] --END-- [ RunTime:0.001675s ]
SQL: SHOW COLUMNS FROM `php34_goods` [ RunTime:0.0088s ]
SQL: SELECT * FROM `php34_goods` WHERE `id` = 13 LIMIT 1   [ RunTime:0.0009s ]
SQL: SHOW COLUMNS FROM `php34_goods_attr` [ RunTime:0.0088s ]
SQL: SELECT a.id,a.attr_value,b.attr_name FROM php34_goods_attr a INNER JOIN php34_attr b on b.id=a.attr_id  WHERE b.attr_type = 0 AND a.goods_id = '13'  [ RunTime:0.0007s ]
SQL: SELECT a.id,b.attr_name,b.id attr_id,a.attr_value FROM php34_goods_attr a INNER JOIN php34_attr b on b.id=a.attr_id  WHERE b.attr_type = 1 AND a.goods_id = '13'  [ RunTime:0.0003s ]
SQL: SHOW COLUMNS FROM `php34_pic` [ RunTime:0.0033s ]
SQL: SELECT * FROM `php34_pic` WHERE `goods_id` = '13'  [ RunTime:0.0003s ]
NOTIC: [2048] Declaration of Back\Model\CategoryModel::_before_delete() should be compatible with that of Think\Model::_before_delete() E:\php\http\fuxi\Application\Back\Model\CategoryModel.class.php 第 264 行.
SQL: SHOW COLUMNS FROM `php34_category` [ RunTime:0.0034s ]
SQL: SELECT `id`,`cat_name`,`parent_id` FROM `php34_category` WHERE `id` = 351 LIMIT 1   [ RunTime:0.0002s ]
SQL: SELECT `id`,`cat_name`,`parent_id` FROM `php34_category` WHERE `id` = 161 LIMIT 1   [ RunTime:0.0002s ]
SQL: SELECT `id`,`cat_name`,`parent_id` FROM `php34_category` WHERE `id` = 16 LIMIT 1   [ RunTime:0.0002s ]
SQL: SELECT * FROM `php34_category`  [ RunTime:0.0003s ]
NOTIC: [8] Undefined variable: attrs E:\php\http\fuxi\Application\Home\Controller\IndexController.class.php 第 62 行.
INFO: [ view_parse ] --START--
INFO: [ template_filter ] --START--
INFO: Run Behavior\ContentReplaceBehavior [ RunTime:0.000230s ]
INFO: [ template_filter ] --END-- [ RunTime:0.000303s ]
NOTIC: [2] Invalid argument supplied for foreach() E:\php\http\fuxi\Application\Runtime\Cache\Home\862a52d698112494831f0f0bc6d3727d.php 第 489 行.
INFO: Run Behavior\ParseTemplateBehavior [ RunTime:0.017224s ]
INFO: [ view_parse ] --END-- [ RunTime:0.017286s ]
INFO: [ view_filter ] --START--
INFO: Run Behavior\WriteHtmlCacheBehavior [ RunTime:0.001277s ]
INFO: [ view_filter ] --END-- [ RunTime:0.001341s ]
INFO: [ app_end ] --START--
INFO: Run Behavior\ShowPageTraceBehavior [ RunTime:0.000528s ]
INFO: [ app_end ] --END-- [ RunTime:0.000591s ]

[ 2016-10-19T10:48:26+08:00 ] 127.0.0.1 /index.php/index/goods/id/14
INFO: [ app_init ] --START--
INFO: Run Behavior\BuildLiteBehavior [ RunTime:0.000032s ]
INFO: [ app_init ] --END-- [ RunTime:0.000727s ]
INFO: [ app_begin ] --START--
INFO: Run Behavior\ReadHtmlCacheBehavior [ RunTime:0.001460s ]
INFO: [ app_begin ] --END-- [ RunTime:0.001613s ]
SQL: SHOW COLUMNS FROM `php34_goods` [ RunTime:0.0093s ]
SQL: SELECT * FROM `php34_goods` WHERE `id` = 14 LIMIT 1   [ RunTime:0.0010s ]
SQL: SHOW COLUMNS FROM `php34_goods_attr` [ RunTime:0.0080s ]
SQL: SELECT a.id,a.attr_value,b.attr_name FROM php34_goods_attr a INNER JOIN php34_attr b on b.id=a.attr_id  WHERE b.attr_type = 0 AND a.goods_id = '14'  [ RunTime:0.0008s ]
SQL: SELECT a.id,b.attr_name,b.id attr_id,a.attr_value FROM php34_goods_attr a INNER JOIN php34_attr b on b.id=a.attr_id  WHERE b.attr_type = 1 AND a.goods_id = '14'  [ RunTime:0.0009s ]
SQL: SHOW COLUMNS FROM `php34_pic` [ RunTime:0.0094s ]
SQL: SELECT * FROM `php34_pic` WHERE `goods_id` = '14'  [ RunTime:0.0006s ]
NOTIC: [2048] Declaration of Back\Model\CategoryModel::_before_delete() should be compatible with that of Think\Model::_before_delete() E:\php\http\fuxi\Application\Back\Model\CategoryModel.class.php 第 264 行.
SQL: SHOW COLUMNS FROM `php34_category` [ RunTime:0.0077s ]
SQL: SELECT `id`,`cat_name`,`parent_id` FROM `php34_category` WHERE `id` = 351 LIMIT 1   [ RunTime:0.0004s ]
SQL: SELECT `id`,`cat_name`,`parent_id` FROM `php34_category` WHERE `id` = 161 LIMIT 1   [ RunTime:0.0003s ]
SQL: SELECT `id`,`cat_name`,`parent_id` FROM `php34_category` WHERE `id` = 16 LIMIT 1   [ RunTime:0.0003s ]
SQL: SELECT * FROM `php34_category`  [ RunTime:0.0005s ]
NOTIC: [8] Undefined variable: attrs E:\php\http\fuxi\Application\Home\Controller\IndexController.class.php 第 62 行.
INFO: [ view_parse ] --START--
INFO: [ template_filter ] --START--
INFO: Run Behavior\ContentReplaceBehavior [ RunTime:0.000218s ]
INFO: [ template_filter ] --END-- [ RunTime:0.000290s ]
NOTIC: [2] Invalid argument supplied for foreach() E:\php\http\fuxi\Application\Runtime\Cache\Home\862a52d698112494831f0f0bc6d3727d.php 第 489 行.
INFO: Run Behavior\ParseTemplateBehavior [ RunTime:0.030825s ]
INFO: [ view_parse ] --END-- [ RunTime:0.030927s ]
INFO: [ view_filter ] --START--
INFO: Run Behavior\WriteHtmlCacheBehavior [ RunTime:0.000690s ]
INFO: [ view_filter ] --END-- [ RunTime:0.000749s ]
INFO: [ app_end ] --START--
INFO: Run Behavior\ShowPageTraceBehavior [ RunTime:0.001202s ]
INFO: [ app_end ] --END-- [ RunTime:0.001282s ]

[ 2016-10-19T10:48:29+08:00 ] 127.0.0.1 /index.php/index/goods/id/15
INFO: [ app_init ] --START--
INFO: Run Behavior\BuildLiteBehavior [ RunTime:0.000034s ]
INFO: [ app_init ] --END-- [ RunTime:0.000740s ]
INFO: [ app_begin ] --START--
INFO: Run Behavior\ReadHtmlCacheBehavior [ RunTime:0.001543s ]
INFO: [ app_begin ] --END-- [ RunTime:0.001708s ]
SQL: SHOW COLUMNS FROM `php34_goods` [ RunTime:0.0036s ]
SQL: SELECT * FROM `php34_goods` WHERE `id` = 15 LIMIT 1   [ RunTime:0.0004s ]
SQL: SHOW COLUMNS FROM `php34_goods_attr` [ RunTime:0.0031s ]
SQL: SELECT a.id,a.attr_value,b.attr_name FROM php34_goods_attr a INNER JOIN php34_attr b on b.id=a.attr_id  WHERE b.attr_type = 0 AND a.goods_id = '15'  [ RunTime:0.0005s ]
SQL: SELECT a.id,b.attr_name,b.id attr_id,a.attr_value FROM php34_goods_attr a INNER JOIN php34_attr b on b.id=a.attr_id  WHERE b.attr_type = 1 AND a.goods_id = '15'  [ RunTime:0.0003s ]
SQL: SHOW COLUMNS FROM `php34_pic` [ RunTime:0.0039s ]
SQL: SELECT * FROM `php34_pic` WHERE `goods_id` = '15'  [ RunTime:0.0003s ]
NOTIC: [2048] Declaration of Back\Model\CategoryModel::_before_delete() should be compatible with that of Think\Model::_before_delete() E:\php\http\fuxi\Application\Back\Model\CategoryModel.class.php 第 264 行.
SQL: SHOW COLUMNS FROM `php34_category` [ RunTime:0.0034s ]
SQL: SELECT `id`,`cat_name`,`parent_id` FROM `php34_category` WHERE `id` = 351 LIMIT 1   [ RunTime:0.0002s ]
SQL: SELECT `id`,`cat_name`,`parent_id` FROM `php34_category` WHERE `id` = 161 LIMIT 1   [ RunTime:0.0001s ]
SQL: SELECT `id`,`cat_name`,`parent_id` FROM `php34_category` WHERE `id` = 16 LIMIT 1   [ RunTime:0.0002s ]
SQL: SELECT * FROM `php34_category`  [ RunTime:0.0002s ]
NOTIC: [8] Undefined variable: attrs E:\php\http\fuxi\Application\Home\Controller\IndexController.class.php 第 62 行.
INFO: [ view_parse ] --START--
INFO: [ template_filter ] --START--
INFO: Run Behavior\ContentReplaceBehavior [ RunTime:0.000227s ]
INFO: [ template_filter ] --END-- [ RunTime:0.000297s ]
NOTIC: [2] Invalid argument supplied for foreach() E:\php\http\fuxi\Application\Runtime\Cache\Home\862a52d698112494831f0f0bc6d3727d.php 第 489 行.
INFO: Run Behavior\ParseTemplateBehavior [ RunTime:0.017638s ]
INFO: [ view_parse ] --END-- [ RunTime:0.017700s ]
INFO: [ view_filter ] --START--
INFO: Run Behavior\WriteHtmlCacheBehavior [ RunTime:0.000693s ]
INFO: [ view_filter ] --END-- [ RunTime:0.000757s ]
INFO: [ app_end ] --START--
INFO: Run Behavior\ShowPageTraceBehavior [ RunTime:0.000474s ]
INFO: [ app_end ] --END-- [ RunTime:0.000543s ]

[ 2016-10-19T10:48:33+08:00 ] 127.0.0.1 /index.php/index/goods/id/16
INFO: [ app_init ] --START--
INFO: Run Behavior\BuildLiteBehavior [ RunTime:0.000034s ]
INFO: [ app_init ] --END-- [ RunTime:0.001054s ]
INFO: [ app_begin ] --START--
INFO: Run Behavior\ReadHtmlCacheBehavior [ RunTime:0.001503s ]
INFO: [ app_begin ] --END-- [ RunTime:0.001650s ]
SQL: SHOW COLUMNS FROM `php34_goods` [ RunTime:0.0080s ]
SQL: SELECT * FROM `php34_goods` WHERE `id` = 16 LIMIT 1   [ RunTime:0.0008s ]
SQL: SHOW COLUMNS FROM `php34_goods_attr` [ RunTime:0.0080s ]
SQL: SELECT a.id,a.attr_value,b.attr_name FROM php34_goods_attr a INNER JOIN php34_attr b on b.id=a.attr_id  WHERE b.attr_type = 0 AND a.goods_id = '16'  [ RunTime:0.0006s ]
SQL: SELECT a.id,b.attr_name,b.id attr_id,a.attr_value FROM php34_goods_attr a INNER JOIN php34_attr b on b.id=a.attr_id  WHERE b.attr_type = 1 AND a.goods_id = '16'  [ RunTime:0.0008s ]
SQL: SHOW COLUMNS FROM `php34_pic` [ RunTime:0.0068s ]
SQL: SELECT * FROM `php34_pic` WHERE `goods_id` = '16'  [ RunTime:0.0005s ]
NOTIC: [2048] Declaration of Back\Model\CategoryModel::_before_delete() should be compatible with that of Think\Model::_before_delete() E:\php\http\fuxi\Application\Back\Model\CategoryModel.class.php 第 264 行.
SQL: SHOW COLUMNS FROM `php34_category` [ RunTime:0.0211s ]
SQL: SELECT `id`,`cat_name`,`parent_id` FROM `php34_category` WHERE `id` = 351 LIMIT 1   [ RunTime:0.0020s ]
SQL: SELECT `id`,`cat_name`,`parent_id` FROM `php34_category` WHERE `id` = 161 LIMIT 1   [ RunTime:0.0003s ]
SQL: SELECT `id`,`cat_name`,`parent_id` FROM `php34_category` WHERE `id` = 16 LIMIT 1   [ RunTime:0.0003s ]
SQL: SELECT * FROM `php34_category`  [ RunTime:0.0004s ]
NOTIC: [8] Undefined variable: attrs E:\php\http\fuxi\Application\Home\Controller\IndexController.class.php 第 62 行.
INFO: [ view_parse ] --START--
INFO: [ template_filter ] --START--
INFO: Run Behavior\ContentReplaceBehavior [ RunTime:0.000241s ]
INFO: [ template_filter ] --END-- [ RunTime:0.000325s ]
NOTIC: [2] Invalid argument supplied for foreach() E:\php\http\fuxi\Application\Runtime\Cache\Home\862a52d698112494831f0f0bc6d3727d.php 第 489 行.
INFO: Run Behavior\ParseTemplateBehavior [ RunTime:0.022763s ]
INFO: [ view_parse ] --END-- [ RunTime:0.022854s ]
INFO: [ view_filter ] --START--
INFO: Run Behavior\WriteHtmlCacheBehavior [ RunTime:0.000705s ]
INFO: [ view_filter ] --END-- [ RunTime:0.000765s ]
INFO: [ app_end ] --START--
INFO: Run Behavior\ShowPageTraceBehavior [ RunTime:0.000551s ]
INFO: [ app_end ] --END-- [ RunTime:0.000620s ]

[ 2016-10-19T10:48:37+08:00 ] 127.0.0.1 /index.php/index/goods/id/17
INFO: [ app_init ] --START--
INFO: Run Behavior\BuildLiteBehavior [ RunTime:0.000032s ]
INFO: [ app_init ] --END-- [ RunTime:0.000707s ]
INFO: [ app_begin ] --START--
INFO: Run Behavior\ReadHtmlCacheBehavior [ RunTime:0.001411s ]
INFO: [ app_begin ] --END-- [ RunTime:0.001557s ]
SQL: SHOW COLUMNS FROM `php34_goods` [ RunTime:0.0039s ]
SQL: SELECT * FROM `php34_goods` WHERE `id` = 17 LIMIT 1   [ RunTime:0.0005s ]
SQL: SHOW COLUMNS FROM `php34_goods_attr` [ RunTime:0.0033s ]
SQL: SELECT a.id,a.attr_value,b.attr_name FROM php34_goods_attr a INNER JOIN php34_attr b on b.id=a.attr_id  WHERE b.attr_type = 0 AND a.goods_id = '17'  [ RunTime:0.0004s ]
SQL: SELECT a.id,b.attr_name,b.id attr_id,a.attr_value FROM php34_goods_attr a INNER JOIN php34_attr b on b.id=a.attr_id  WHERE b.attr_type = 1 AND a.goods_id = '17'  [ RunTime:0.0002s ]
SQL: SHOW COLUMNS FROM `php34_pic` [ RunTime:0.0030s ]
SQL: SELECT * FROM `php34_pic` WHERE `goods_id` = '17'  [ RunTime:0.0002s ]
NOTIC: [2048] Declaration of Back\Model\CategoryModel::_before_delete() should be compatible with that of Think\Model::_before_delete() E:\php\http\fuxi\Application\Back\Model\CategoryModel.class.php 第 264 行.
SQL: SHOW COLUMNS FROM `php34_category` [ RunTime:0.0034s ]
SQL: SELECT `id`,`cat_name`,`parent_id` FROM `php34_category` WHERE `id` = 351 LIMIT 1   [ RunTime:0.0002s ]
SQL: SELECT `id`,`cat_name`,`parent_id` FROM `php34_category` WHERE `id` = 161 LIMIT 1   [ RunTime:0.0002s ]
SQL: SELECT `id`,`cat_name`,`parent_id` FROM `php34_category` WHERE `id` = 16 LIMIT 1   [ RunTime:0.0001s ]
SQL: SELECT * FROM `php34_category`  [ RunTime:0.0002s ]
NOTIC: [8] Undefined variable: attrs E:\php\http\fuxi\Application\Home\Controller\IndexController.class.php 第 62 行.
INFO: [ view_parse ] --START--
INFO: [ template_filter ] --START--
INFO: Run Behavior\ContentReplaceBehavior [ RunTime:0.000213s ]
INFO: [ template_filter ] --END-- [ RunTime:0.000290s ]
NOTIC: [2] Invalid argument supplied for foreach() E:\php\http\fuxi\Application\Runtime\Cache\Home\862a52d698112494831f0f0bc6d3727d.php 第 489 行.
INFO: Run Behavior\ParseTemplateBehavior [ RunTime:0.024330s ]
INFO: [ view_parse ] --END-- [ RunTime:0.024413s ]
INFO: [ view_filter ] --START--
INFO: Run Behavior\WriteHtmlCacheBehavior [ RunTime:0.001528s ]
INFO: [ view_filter ] --END-- [ RunTime:0.001627s ]
INFO: [ app_end ] --START--
INFO: Run Behavior\ShowPageTraceBehavior [ RunTime:0.000792s ]
INFO: [ app_end ] --END-- [ RunTime:0.000888s ]

[ 2016-10-19T10:48:40+08:00 ] 127.0.0.1 /index.php/index/goods/id/18
INFO: [ app_init ] --START--
INFO: Run Behavior\BuildLiteBehavior [ RunTime:0.000033s ]
INFO: [ app_init ] --END-- [ RunTime:0.000733s ]
INFO: [ app_begin ] --START--
INFO: Run Behavior\ReadHtmlCacheBehavior [ RunTime:0.001480s ]
INFO: [ app_begin ] --END-- [ RunTime:0.001620s ]
SQL: SHOW COLUMNS FROM `php34_goods` [ RunTime:0.0088s ]
SQL: SELECT * FROM `php34_goods` WHERE `id` = 18 LIMIT 1   [ RunTime:0.0009s ]
SQL: SHOW COLUMNS FROM `php34_goods_attr` [ RunTime:0.0096s ]
SQL: SELECT a.id,a.attr_value,b.attr_name FROM php34_goods_attr a INNER JOIN php34_attr b on b.id=a.attr_id  WHERE b.attr_type = 0 AND a.goods_id = '18'  [ RunTime:0.0007s ]
SQL: SELECT a.id,b.attr_name,b.id attr_id,a.attr_value FROM php34_goods_attr a INNER JOIN php34_attr b on b.id=a.attr_id  WHERE b.attr_type = 1 AND a.goods_id = '18'  [ RunTime:0.0005s ]
SQL: SHOW COLUMNS FROM `php34_pic` [ RunTime:0.0071s ]
SQL: SELECT * FROM `php34_pic` WHERE `goods_id` = '18'  [ RunTime:0.0006s ]
NOTIC: [2048] Declaration of Back\Model\CategoryModel::_before_delete() should be compatible with that of Think\Model::_before_delete() E:\php\http\fuxi\Application\Back\Model\CategoryModel.class.php 第 264 行.
SQL: SHOW COLUMNS FROM `php34_category` [ RunTime:0.0061s ]
SQL: SELECT `id`,`cat_name`,`parent_id` FROM `php34_category` WHERE `id` = 351 LIMIT 1   [ RunTime:0.0002s ]
SQL: SELECT `id`,`cat_name`,`parent_id` FROM `php34_category` WHERE `id` = 161 LIMIT 1   [ RunTime:0.0002s ]
SQL: SELECT `id`,`cat_name`,`parent_id` FROM `php34_category` WHERE `id` = 16 LIMIT 1   [ RunTime:0.0002s ]
SQL: SELECT * FROM `php34_category`  [ RunTime:0.0002s ]
NOTIC: [8] Undefined variable: attrs E:\php\http\fuxi\Application\Home\Controller\IndexController.class.php 第 62 行.
INFO: [ view_parse ] --START--
INFO: [ template_filter ] --START--
INFO: Run Behavior\ContentReplaceBehavior [ RunTime:0.000218s ]
INFO: [ template_filter ] --END-- [ RunTime:0.000290s ]
NOTIC: [2] Invalid argument supplied for foreach() E:\php\http\fuxi\Application\Runtime\Cache\Home\862a52d698112494831f0f0bc6d3727d.php 第 489 行.
INFO: Run Behavior\ParseTemplateBehavior [ RunTime:0.017482s ]
INFO: [ view_parse ] --END-- [ RunTime:0.017543s ]
INFO: [ view_filter ] --START--
INFO: Run Behavior\WriteHtmlCacheBehavior [ RunTime:0.001426s ]
INFO: [ view_filter ] --END-- [ RunTime:0.001489s ]
INFO: [ app_end ] --START--
INFO: Run Behavior\ShowPageTraceBehavior [ RunTime:0.000502s ]
INFO: [ app_end ] --END-- [ RunTime:0.000594s ]

[ 2016-10-19T10:48:44+08:00 ] 127.0.0.1 /index.php/index/goods/id/19
INFO: [ app_init ] --START--
INFO: Run Behavior\BuildLiteBehavior [ RunTime:0.000030s ]
INFO: [ app_init ] --END-- [ RunTime:0.000703s ]
INFO: [ app_begin ] --START--
INFO: Run Behavior\ReadHtmlCacheBehavior [ RunTime:0.002021s ]
INFO: [ app_begin ] --END-- [ RunTime:0.002187s ]
SQL: SHOW COLUMNS FROM `php34_goods` [ RunTime:0.0042s ]
SQL: SELECT * FROM `php34_goods` WHERE `id` = 19 LIMIT 1   [ RunTime:0.0004s ]
SQL: SHOW COLUMNS FROM `php34_goods_attr` [ RunTime:0.0037s ]
SQL: SELECT a.id,a.attr_value,b.attr_name FROM php34_goods_attr a INNER JOIN php34_attr b on b.id=a.attr_id  WHERE b.attr_type = 0 AND a.goods_id = '19'  [ RunTime:0.0003s ]
SQL: SELECT a.id,b.attr_name,b.id attr_id,a.attr_value FROM php34_goods_attr a INNER JOIN php34_attr b on b.id=a.attr_id  WHERE b.attr_type = 1 AND a.goods_id = '19'  [ RunTime:0.0003s ]
SQL: SHOW COLUMNS FROM `php34_pic` [ RunTime:0.0033s ]
SQL: SELECT * FROM `php34_pic` WHERE `goods_id` = '19'  [ RunTime:0.0003s ]
NOTIC: [2048] Declaration of Back\Model\CategoryModel::_before_delete() should be compatible with that of Think\Model::_before_delete() E:\php\http\fuxi\Application\Back\Model\CategoryModel.class.php 第 264 行.
SQL: SHOW COLUMNS FROM `php34_category` [ RunTime:0.0033s ]
SQL: SELECT `id`,`cat_name`,`parent_id` FROM `php34_category` WHERE `id` = 351 LIMIT 1   [ RunTime:0.0002s ]
SQL: SELECT `id`,`cat_name`,`parent_id` FROM `php34_category` WHERE `id` = 161 LIMIT 1   [ RunTime:0.0002s ]
SQL: SELECT `id`,`cat_name`,`parent_id` FROM `php34_category` WHERE `id` = 16 LIMIT 1   [ RunTime:0.0002s ]
SQL: SELECT * FROM `php34_category`  [ RunTime:0.0002s ]
NOTIC: [8] Undefined variable: attrs E:\php\http\fuxi\Application\Home\Controller\IndexController.class.php 第 62 行.
INFO: [ view_parse ] --START--
INFO: [ template_filter ] --START--
INFO: Run Behavior\ContentReplaceBehavior [ RunTime:0.000260s ]
INFO: [ template_filter ] --END-- [ RunTime:0.000338s ]
NOTIC: [2] Invalid argument supplied for foreach() E:\php\http\fuxi\Application\Runtime\Cache\Home\862a52d698112494831f0f0bc6d3727d.php 第 489 行.
INFO: Run Behavior\ParseTemplateBehavior [ RunTime:0.019072s ]
INFO: [ view_parse ] --END-- [ RunTime:0.019145s ]
INFO: [ view_filter ] --START--
INFO: Run Behavior\WriteHtmlCacheBehavior [ RunTime:0.000749s ]
INFO: [ view_filter ] --END-- [ RunTime:0.000809s ]
INFO: [ app_end ] --START--
INFO: Run Behavior\ShowPageTraceBehavior [ RunTime:0.000500s ]
INFO: [ app_end ] --END-- [ RunTime:0.000566s ]

[ 2016-10-19T10:48:48+08:00 ] 127.0.0.1 /index.php/index/goods/id/20
INFO: [ app_init ] --START--
INFO: Run Behavior\BuildLiteBehavior [ RunTime:0.000034s ]
INFO: [ app_init ] --END-- [ RunTime:0.000773s ]
INFO: [ app_begin ] --START--
INFO: Run Behavior\ReadHtmlCacheBehavior [ RunTime:0.001448s ]
INFO: [ app_begin ] --END-- [ RunTime:0.001594s ]
SQL: SHOW COLUMNS FROM `php34_goods` [ RunTime:0.0084s ]
SQL: SELECT * FROM `php34_goods` WHERE `id` = 20 LIMIT 1   [ RunTime:0.0012s ]
SQL: SHOW COLUMNS FROM `php34_goods_attr` [ RunTime:0.0075s ]
SQL: SELECT a.id,a.attr_value,b.attr_name FROM php34_goods_attr a INNER JOIN php34_attr b on b.id=a.attr_id  WHERE b.attr_type = 0 AND a.goods_id = '20'  [ RunTime:0.0007s ]
SQL: SELECT a.id,b.attr_name,b.id attr_id,a.attr_value FROM php34_goods_attr a INNER JOIN php34_attr b on b.id=a.attr_id  WHERE b.attr_type = 1 AND a.goods_id = '20'  [ RunTime:0.0005s ]
SQL: SHOW COLUMNS FROM `php34_pic` [ RunTime:0.0071s ]
SQL: SELECT * FROM `php34_pic` WHERE `goods_id` = '20'  [ RunTime:0.0005s ]
NOTIC: [2048] Declaration of Back\Model\CategoryModel::_before_delete() should be compatible with that of Think\Model::_before_delete() E:\php\http\fuxi\Application\Back\Model\CategoryModel.class.php 第 264 行.
SQL: SHOW COLUMNS FROM `php34_category` [ RunTime:0.0071s ]
SQL: SELECT `id`,`cat_name`,`parent_id` FROM `php34_category` WHERE `id` = 351 LIMIT 1   [ RunTime:0.0003s ]
SQL: SELECT `id`,`cat_name`,`parent_id` FROM `php34_category` WHERE `id` = 161 LIMIT 1   [ RunTime:0.0003s ]
SQL: SELECT `id`,`cat_name`,`parent_id` FROM `php34_category` WHERE `id` = 16 LIMIT 1   [ RunTime:0.0003s ]
SQL: SELECT * FROM `php34_category`  [ RunTime:0.0005s ]
NOTIC: [8] Undefined variable: attrs E:\php\http\fuxi\Application\Home\Controller\IndexController.class.php 第 62 行.
INFO: [ view_parse ] --START--
INFO: [ template_filter ] --START--
INFO: Run Behavior\ContentReplaceBehavior [ RunTime:0.000301s ]
INFO: [ template_filter ] --END-- [ RunTime:0.000401s ]
NOTIC: [2] Invalid argument supplied for foreach() E:\php\http\fuxi\Application\Runtime\Cache\Home\862a52d698112494831f0f0bc6d3727d.php 第 489 行.
INFO: Run Behavior\ParseTemplateBehavior [ RunTime:0.025906s ]
INFO: [ view_parse ] --END-- [ RunTime:0.026001s ]
INFO: [ view_filter ] --START--
INFO: Run Behavior\WriteHtmlCacheBehavior [ RunTime:0.000696s ]
INFO: [ view_filter ] --END-- [ RunTime:0.000758s ]
INFO: [ app_end ] --START--
INFO: Run Behavior\ShowPageTraceBehavior [ RunTime:0.000456s ]
INFO: [ app_end ] --END-- [ RunTime:0.000516s ]

[ 2016-10-19T10:48:51+08:00 ] 127.0.0.1 /index.php/index/goods/id/21
INFO: [ app_init ] --START--
INFO: Run Behavior\BuildLiteBehavior [ RunTime:0.000016s ]
INFO: [ app_init ] --END-- [ RunTime:0.000317s ]
INFO: [ app_begin ] --START--
INFO: Run Behavior\ReadHtmlCacheBehavior [ RunTime:0.000677s ]
INFO: [ app_begin ] --END-- [ RunTime:0.000749s ]
SQL: SHOW COLUMNS FROM `php34_goods` [ RunTime:0.0043s ]
SQL: SELECT * FROM `php34_goods` WHERE `id` = 21 LIMIT 1   [ RunTime:0.0009s ]
SQL: SHOW COLUMNS FROM `php34_goods_attr` [ RunTime:0.0031s ]
SQL: SELECT a.id,a.attr_value,b.attr_name FROM php34_goods_attr a INNER JOIN php34_attr b on b.id=a.attr_id  WHERE b.attr_type = 0 AND a.goods_id = '21'  [ RunTime:0.0001s ]
SQL: SELECT a.id,b.attr_name,b.id attr_id,a.attr_value FROM php34_goods_attr a INNER JOIN php34_attr b on b.id=a.attr_id  WHERE b.attr_type = 1 AND a.goods_id = '21'  [ RunTime:0.0001s ]
SQL: SHOW COLUMNS FROM `php34_pic` [ RunTime:0.0041s ]
SQL: SELECT * FROM `php34_pic` WHERE `goods_id` = '21'  [ RunTime:0.0001s ]
NOTIC: [2048] Declaration of Back\Model\CategoryModel::_before_delete() should be compatible with that of Think\Model::_before_delete() E:\php\http\fuxi\Application\Back\Model\CategoryModel.class.php 第 264 行.
SQL: SHOW COLUMNS FROM `php34_category` [ RunTime:0.0043s ]
SQL: SELECT `id`,`cat_name`,`parent_id` FROM `php34_category` WHERE `id` = 351 LIMIT 1   [ RunTime:0.0002s ]
SQL: SELECT `id`,`cat_name`,`parent_id` FROM `php34_category` WHERE `id` = 161 LIMIT 1   [ RunTime:0.0001s ]
SQL: SELECT `id`,`cat_name`,`parent_id` FROM `php34_category` WHERE `id` = 16 LIMIT 1   [ RunTime:0.0001s ]
SQL: SELECT * FROM `php34_category`  [ RunTime:0.0002s ]
NOTIC: [8] Undefined variable: attrs E:\php\http\fuxi\Application\Home\Controller\IndexController.class.php 第 62 行.
INFO: [ view_parse ] --START--
INFO: [ template_filter ] --START--
INFO: Run Behavior\ContentReplaceBehavior [ RunTime:0.000218s ]
INFO: [ template_filter ] --END-- [ RunTime:0.000289s ]
NOTIC: [2] Invalid argument supplied for foreach() E:\php\http\fuxi\Application\Runtime\Cache\Home\862a52d698112494831f0f0bc6d3727d.php 第 489 行.
INFO: Run Behavior\ParseTemplateBehavior [ RunTime:0.019856s ]
INFO: [ view_parse ] --END-- [ RunTime:0.019919s ]
INFO: [ view_filter ] --START--
INFO: Run Behavior\WriteHtmlCacheBehavior [ RunTime:0.001370s ]
INFO: [ view_filter ] --END-- [ RunTime:0.001462s ]
INFO: [ app_end ] --START--
INFO: Run Behavior\ShowPageTraceBehavior [ RunTime:0.000684s ]
INFO: [ app_end ] --END-- [ RunTime:0.000772s ]

[ 2016-10-19T10:52:12+08:00 ] 127.0.0.1 /Home/Index/ajaxRecent
INFO: [ app_init ] --START--
INFO: Run Behavior\BuildLiteBehavior [ RunTime:0.000013s ]
INFO: [ app_init ] --END-- [ RunTime:0.000336s ]
INFO: [ app_begin ] --START--
INFO: Run Behavior\ReadHtmlCacheBehavior [ RunTime:0.000724s ]
INFO: [ app_begin ] --END-- [ RunTime:0.000788s ]
SQL: SHOW COLUMNS FROM `php34_goods` [ RunTime:0.0051s ]
SQL: SELECT `sm_logo`,`goods_name`,`id` FROM `php34_goods` WHERE `id` IN ('60')  [ RunTime:0.0002s ]
INFO: [ app_end ] --START--
INFO: Run Behavior\ShowPageTraceBehavior [ RunTime:0.000641s ]
INFO: [ app_end ] --END-- [ RunTime:0.000697s ]

[ 2016-10-19T10:52:12+08:00 ] 127.0.0.1 /Home/cart/ajaxCartList
INFO: [ app_init ] --START--
INFO: Run Behavior\BuildLiteBehavior [ RunTime:0.000015s ]
INFO: [ app_init ] --END-- [ RunTime:0.000352s ]
INFO: [ app_begin ] --START--
INFO: Run Behavior\ReadHtmlCacheBehavior [ RunTime:0.041175s ]
INFO: [ app_begin ] --END-- [ RunTime:0.041261s ]
SQL: SHOW COLUMNS FROM `php34_cart` [ RunTime:0.0188s ]
INFO: [ app_end ] --START--
INFO: Run Behavior\ShowPageTraceBehavior [ RunTime:0.000732s ]
INFO: [ app_end ] --END-- [ RunTime:0.000811s ]

[ 2016-10-19T10:52:12+08:00 ] 127.0.0.1 /Home/index/ajaxLogin
INFO: [ app_init ] --START--
INFO: Run Behavior\BuildLiteBehavior [ RunTime:0.000015s ]
INFO: [ app_init ] --END-- [ RunTime:0.000344s ]
INFO: [ app_begin ] --START--
INFO: Run Behavior\ReadHtmlCacheBehavior [ RunTime:0.047905s ]
INFO: [ app_begin ] --END-- [ RunTime:0.047992s ]
INFO: [ app_end ] --START--
INFO: Run Behavior\ShowPageTraceBehavior [ RunTime:0.001302s ]
INFO: [ app_end ] --END-- [ RunTime:0.001450s ]

[ 2016-10-19T14:41:34+08:00 ] 127.0.0.1 /
INFO: [ app_init ] --START--
INFO: Run Behavior\BuildLiteBehavior [ RunTime:0.000016s ]
INFO: [ app_init ] --END-- [ RunTime:0.000371s ]
INFO: [ app_begin ] --START--
INFO: Run Behavior\ReadHtmlCacheBehavior [ RunTime:0.000777s ]
INFO: [ app_begin ] --END-- [ RunTime:0.000835s ]
NOTIC: [2048] Declaration of Back\Model\CategoryModel::_before_delete() should be compatible with that of Think\Model::_before_delete() E:\php\http\fuxi\Application\Back\Model\CategoryModel.class.php 第 4 行.
SQL: SHOW COLUMNS FROM `php34_category` [ RunTime:0.0032s ]
SQL: SELECT * FROM `php34_category`  [ RunTime:0.0003s ]
SQL: SHOW COLUMNS FROM `php34_goods` [ RunTime:0.0037s ]
SQL: SELECT `promote_price`,`goods_name`,`promote_price`,`sm_logo`,`id` FROM `php34_goods` WHERE `is_promote` = 1 AND `promote_start_time` < 1476859260 AND `promote_end_time` > 1476859260 ORDER BY id desc LIMIT 4   [ RunTime:0.0004s ]
SQL: SELECT `shop_price`,`sm_logo`,`goods_name`,`id` FROM `php34_goods` WHERE `is_best` = 1 AND `is_on_sale` = 1 ORDER BY id desc LIMIT 4   [ RunTime:0.0132s ]
SQL: SELECT `shop_price`,`sm_logo`,`goods_name`,`id` FROM `php34_goods` WHERE `is_new` = 1 AND `is_on_sale` = 1 ORDER BY id desc LIMIT 4   [ RunTime:0.0007s ]
SQL: SELECT `shop_price`,`sm_logo`,`goods_name`,`id` FROM `php34_goods` WHERE `is_hot` = 1 AND `is_on_sale` = 1 ORDER BY id desc LIMIT 4   [ RunTime:0.0006s ]
SQL: SELECT * FROM `php34_category`  [ RunTime:0.0006s ]
SQL: SELECT `goods_name`,`shop_price`,`sm_logo`,`id` FROM `php34_goods` WHERE `is_on_sale` = 1 AND `cat_id` = 16 LIMIT 8   [ RunTime:0.0007s ]
SQL: SELECT * FROM `php34_category`  [ RunTime:0.0006s ]
SQL: SELECT distinct b.logo,b.id,b.brand_name FROM php34_goods a INNER JOIN php34_brand as b on b.id=a.brand_id  WHERE a.cat_id IN ('161','351','352','353','354','355','356','357','358','162','163','164','165','166','167','16')  [ RunTime:0.0160s ]
INFO: [ view_parse ] --START--
INFO: [ template_filter ] --START--
INFO: Run Behavior\ContentReplaceBehavior [ RunTime:0.000339s ]
INFO: [ template_filter ] --END-- [ RunTime:0.000478s ]
NOTIC: [8] Undefined variable: hot E:\php\http\fuxi\Application\Runtime\Cache\Home\2a94b8bda04ff446dcedd42276fc99ee.php 第 388 行.
NOTIC: [2] Invalid argument supplied for foreach() E:\php\http\fuxi\Application\Runtime\Cache\Home\2a94b8bda04ff446dcedd42276fc99ee.php 第 388 行.
INFO: Run Behavior\ParseTemplateBehavior [ RunTime:0.084248s ]
INFO: [ view_parse ] --END-- [ RunTime:0.084392s ]
INFO: [ view_filter ] --START--
INFO: Run Behavior\WriteHtmlCacheBehavior [ RunTime:0.002730s ]
INFO: [ view_filter ] --END-- [ RunTime:0.002870s ]
INFO: [ app_end ] --START--
INFO: Run Behavior\ShowPageTraceBehavior [ RunTime:0.001243s ]
INFO: [ app_end ] --END-- [ RunTime:0.001393s ]

[ 2016-10-19T14:41:34+08:00 ] 127.0.0.1 /Home/Index/ajaxRecent
INFO: [ app_init ] --START--
INFO: Run Behavior\BuildLiteBehavior [ RunTime:0.000015s ]
INFO: [ app_init ] --END-- [ RunTime:0.000307s ]
INFO: [ app_begin ] --START--
INFO: Run Behavior\ReadHtmlCacheBehavior [ RunTime:0.000504s ]
INFO: [ app_begin ] --END-- [ RunTime:0.000564s ]
SQL: SHOW COLUMNS FROM `php34_goods` [ RunTime:0.0044s ]
SQL: SELECT `sm_logo`,`goods_name`,`id` FROM `php34_goods` WHERE `id` IN ('60')  [ RunTime:0.0001s ]
INFO: [ app_end ] --START--
INFO: Run Behavior\ShowPageTraceBehavior [ RunTime:0.000751s ]
INFO: [ app_end ] --END-- [ RunTime:0.000835s ]

[ 2016-10-19T14:41:34+08:00 ] 127.0.0.1 /Home/index/ajaxLogin
INFO: [ app_init ] --START--
INFO: Run Behavior\BuildLiteBehavior [ RunTime:0.000014s ]
INFO: [ app_init ] --END-- [ RunTime:0.000299s ]
INFO: [ app_begin ] --START--
INFO: Run Behavior\ReadHtmlCacheBehavior [ RunTime:0.016962s ]
INFO: [ app_begin ] --END-- [ RunTime:0.017039s ]
INFO: [ app_end ] --START--
INFO: Run Behavior\ShowPageTraceBehavior [ RunTime:0.000700s ]
INFO: [ app_end ] --END-- [ RunTime:0.000804s ]

[ 2016-10-19T14:41:34+08:00 ] 127.0.0.1 /Home/cart/ajaxCartList
INFO: [ app_init ] --START--
INFO: Run Behavior\BuildLiteBehavior [ RunTime:0.000023s ]
INFO: [ app_init ] --END-- [ RunTime:0.000534s ]
INFO: [ app_begin ] --START--
INFO: Run Behavior\ReadHtmlCacheBehavior [ RunTime:0.017748s ]
INFO: [ app_begin ] --END-- [ RunTime:0.017864s ]
SQL: SHOW COLUMNS FROM `php34_cart` [ RunTime:0.0050s ]
INFO: [ app_end ] --START--
INFO: Run Behavior\ShowPageTraceBehavior [ RunTime:0.000886s ]
INFO: [ app_end ] --END-- [ RunTime:0.000975s ]

[ 2016-10-19T14:41:40+08:00 ] 127.0.0.1 /Home/Search/key/val/%E7%94%B5%E8%84%91
INFO: [ app_init ] --START--
INFO: Run Behavior\BuildLiteBehavior [ RunTime:0.000031s ]
INFO: [ app_init ] --END-- [ RunTime:0.000716s ]
INFO: [ app_begin ] --START--
INFO: Run Behavior\ReadHtmlCacheBehavior [ RunTime:0.001278s ]
INFO: [ app_begin ] --END-- [ RunTime:0.001434s ]
NOTIC: [2] fsockopen() [<a href='function.fsockopen'>function.fsockopen</a>]: unable to connect to localhost:9312 (Ŀܾ޷ӡ
) E:\php\http\fuxi\includes\sphinxapi.php 第 580 行.
NOTIC: [2] Invalid argument supplied for foreach() E:\php\http\fuxi\Application\Home\Model\SearchModel.class.php 第 78 行.
SQL: SHOW COLUMNS FROM `php34_goods_attr` [ RunTime:0.0107s ]
SQL: SHOW COLUMNS FROM `php34_goods` [ RunTime:0.0084s ]
ERR: 1064:You have an error in your SQL syntax; check the manual that corresponds to your MySQL server version for the right syntax to use near ') LIMIT 1' at line 1
 [ SQL语句 ] : SELECT count(*) total,group_concat(id) ids FROM php34_goods a WHERE `is_delete` = 0 AND `is_on_sale` = 1 AND a.id IN () LIMIT 1  
ERR: 1064:You have an error in your SQL syntax; check the manual that corresponds to your MySQL server version for the right syntax to use near ') LIMIT 1' at line 1
 [ SQL语句 ] : SELECT count(*) total,group_concat(id) ids FROM php34_goods a WHERE `is_delete` = 0 AND `is_on_sale` = 1 AND a.id IN () LIMIT 1  

[ 2016-10-19T20:01:37+08:00 ] 127.0.0.1 /Home/Index/ajaxRecent
INFO: [ app_init ] --START--
INFO: Run Behavior\BuildLiteBehavior [ RunTime:0.000016s ]
INFO: [ app_init ] --END-- [ RunTime:0.000375s ]
INFO: [ app_begin ] --START--
INFO: Run Behavior\ReadHtmlCacheBehavior [ RunTime:0.000727s ]
INFO: [ app_begin ] --END-- [ RunTime:0.000794s ]
INFO: [ app_end ] --START--
INFO: Run Behavior\ShowPageTraceBehavior [ RunTime:0.000700s ]
INFO: [ app_end ] --END-- [ RunTime:0.000789s ]

[ 2016-10-19T20:01:38+08:00 ] 127.0.0.1 /Home/cart/ajaxCartList
INFO: [ app_init ] --START--
INFO: Run Behavior\BuildLiteBehavior [ RunTime:0.000016s ]
INFO: [ app_init ] --END-- [ RunTime:0.000372s ]
INFO: [ app_begin ] --START--
INFO: Run Behavior\ReadHtmlCacheBehavior [ RunTime:0.017487s ]
INFO: [ app_begin ] --END-- [ RunTime:0.017564s ]
SQL: SHOW COLUMNS FROM `php34_cart` [ RunTime:0.2283s ]
INFO: [ app_end ] --START--
INFO: Run Behavior\ShowPageTraceBehavior [ RunTime:0.001294s ]
INFO: [ app_end ] --END-- [ RunTime:0.001434s ]

[ 2016-10-19T20:01:38+08:00 ] 127.0.0.1 /Home/index/ajaxLogin
INFO: [ app_init ] --START--
INFO: Run Behavior\BuildLiteBehavior [ RunTime:0.000035s ]
INFO: [ app_init ] --END-- [ RunTime:0.001010s ]
INFO: [ app_begin ] --START--
INFO: Run Behavior\ReadHtmlCacheBehavior [ RunTime:0.263899s ]
INFO: [ app_begin ] --END-- [ RunTime:0.264058s ]
INFO: [ app_end ] --START--
INFO: Run Behavior\ShowPageTraceBehavior [ RunTime:0.001860s ]
INFO: [ app_end ] --END-- [ RunTime:0.002020s ]

[ 2016-10-19T20:01:41+08:00 ] 127.0.0.1 /Home/Search/cat/id/351
INFO: [ app_init ] --START--
INFO: Run Behavior\BuildLiteBehavior [ RunTime:0.000023s ]
INFO: [ app_init ] --END-- [ RunTime:0.000488s ]
INFO: [ app_begin ] --START--
INFO: Run Behavior\ReadHtmlCacheBehavior [ RunTime:0.000864s ]
INFO: [ app_begin ] --END-- [ RunTime:0.000986s ]
NOTIC: [2048] Declaration of Back\Model\CategoryModel::_before_delete() should be compatible with that of Think\Model::_before_delete() E:\php\http\fuxi\Application\Back\Model\CategoryModel.class.php 第 4 行.
SQL: SHOW COLUMNS FROM `php34_category` [ RunTime:0.0266s ]
SQL: SELECT * FROM `php34_category`  [ RunTime:0.0004s ]
SQL: SHOW COLUMNS FROM `php34_goods` [ RunTime:0.0079s ]
SQL: SELECT `id` FROM `php34_goods` WHERE `cat_id` IN ('351')  [ RunTime:0.0257s ]
SQL: SHOW COLUMNS FROM `php34_goods_attr` [ RunTime:0.0191s ]
NOTIC: [8] Undefined variable: arr E:\php\http\fuxi\Application\Home\Model\SearchModel.class.php 第 128 行.
SQL: SHOW COLUMNS FROM `php34_goods` [ RunTime:0.0050s ]
SQL: SELECT count(*) total,group_concat(id) ids FROM php34_goods a WHERE `is_delete` = 0 AND `is_on_sale` = 1 AND a.id IN ('1','2','3','4','5','6','7','8','9','10','11','12','13','14','15','16','17','18','19','20','21') LIMIT 1   [ RunTime:0.0008s ]
SQL: SELECT `sm_logo`,a.id,`goods_name`,`shop_price`,count(b.order_id) num FROM php34_goods a left join php34_order_goods b on b.goods_id=a.id left join php34_order c on b.order_id=c.id and c.pay_statu=1  WHERE `is_delete` = 0 AND `is_on_sale` = 1 AND a.id IN ('1','2','3','4','5','6','7','8','9','10','11','12','13','14','15','16','17','18','19','20','21') GROUP BY a.id ORDER BY num desc LIMIT 0,6   [ RunTime:0.2554s ]
SQL: SELECT * FROM `php34_category`  [ RunTime:0.0003s ]
SQL: SELECT `id` FROM `php34_goods` WHERE `cat_id` IN ('351')  [ RunTime:0.0002s ]
SQL: SHOW COLUMNS FROM `php34_brand` [ RunTime:0.0074s ]
SQL: SELECT distinct a.id,a.brand_name FROM php34_brand a INNER JOIN php34_goods b on b.brand_id = a.id  WHERE b.id IN ('1','2','3','4','5','6','7','8','9','10','11','12','13','14','15','16','17','18','19','20','21')  [ RunTime:0.0025s ]
SQL: SELECT max(shop_price) max,min(shop_price) min FROM `php34_goods` WHERE `id` IN ('1','2','3','4','5','6','7','8','9','10','11','12','13','14','15','16','17','18','19','20','21') LIMIT 1   [ RunTime:0.0008s ]
SQL: SELECT distinct a.attr_value,b.attr_name,b.id id FROM php34_goods_attr a INNER JOIN php34_attr b on b.id=a.attr_id  WHERE a.goods_id IN ('1','2','3','4','5','6','7','8','9','10','11','12','13','14','15','16','17','18','19','20','21')  [ RunTime:0.0482s ]
SQL: SELECT `id`,`cat_name`,`parent_id` FROM `php34_category` WHERE `id` = 351 LIMIT 1   [ RunTime:0.0004s ]
SQL: SELECT `id`,`cat_name`,`parent_id` FROM `php34_category` WHERE `id` = 161 LIMIT 1   [ RunTime:0.0004s ]
SQL: SELECT `id`,`cat_name`,`parent_id` FROM `php34_category` WHERE `id` = 16 LIMIT 1   [ RunTime:0.0003s ]
SQL: SELECT * FROM `php34_category`  [ RunTime:0.0005s ]
INFO: [ view_parse ] --START--
INFO: [ template_filter ] --START--
INFO: Run Behavior\ContentReplaceBehavior [ RunTime:0.000425s ]
INFO: [ template_filter ] --END-- [ RunTime:0.000577s ]
NOTIC: [8] Undefined variable: show E:\php\http\fuxi\Application\Runtime\Cache\Home\1a78dd87b647a7ef4340ac5ce3ad3583.php 第 142 行.
NOTIC: [8] Undefined variable: show E:\php\http\fuxi\Application\Runtime\Cache\Home\1a78dd87b647a7ef4340ac5ce3ad3583.php 第 143 行.
NOTIC: [8] Undefined variable: show E:\php\http\fuxi\Application\Runtime\Cache\Home\1a78dd87b647a7ef4340ac5ce3ad3583.php 第 148 行.
NOTIC: [8] Undefined index: brand E:\php\http\fuxi\Application\Runtime\Cache\Home\1a78dd87b647a7ef4340ac5ce3ad3583.php 第 423 行.
NOTIC: [8] Undefined index: price E:\php\http\fuxi\Application\Runtime\Cache\Home\1a78dd87b647a7ef4340ac5ce3ad3583.php 第 426 行.
NOTIC: [8] Undefined index: brand E:\php\http\fuxi\Application\Runtime\Cache\Home\1a78dd87b647a7ef4340ac5ce3ad3583.php 第 440 行.
NOTIC: [8] Undefined index: price E:\php\http\fuxi\Application\Runtime\Cache\Home\1a78dd87b647a7ef4340ac5ce3ad3583.php 第 451 行.
INFO: Run Behavior\ParseTemplateBehavior [ RunTime:0.192812s ]
INFO: [ view_parse ] --END-- [ RunTime:0.193007s ]
INFO: [ view_filter ] --START--
INFO: Run Behavior\WriteHtmlCacheBehavior [ RunTime:0.000744s ]
INFO: [ view_filter ] --END-- [ RunTime:0.000864s ]
INFO: [ app_end ] --START--
INFO: Run Behavior\ShowPageTraceBehavior [ RunTime:0.001828s ]
INFO: [ app_end ] --END-- [ RunTime:0.003636s ]

[ 2016-10-19T20:01:41+08:00 ] 127.0.0.1 /Home/Index/ajaxRecent
INFO: [ app_init ] --START--
INFO: Run Behavior\BuildLiteBehavior [ RunTime:0.000015s ]
INFO: [ app_init ] --END-- [ RunTime:0.000305s ]
INFO: [ app_begin ] --START--
INFO: Run Behavior\ReadHtmlCacheBehavior [ RunTime:0.000513s ]
INFO: [ app_begin ] --END-- [ RunTime:0.000569s ]
INFO: [ app_end ] --START--
INFO: Run Behavior\ShowPageTraceBehavior [ RunTime:0.000455s ]
INFO: [ app_end ] --END-- [ RunTime:0.000524s ]

[ 2016-10-19T20:01:41+08:00 ] 127.0.0.1 /Home/cart/ajaxCartList
INFO: [ app_init ] --START--
INFO: Run Behavior\BuildLiteBehavior [ RunTime:0.000015s ]
INFO: [ app_init ] --END-- [ RunTime:0.000318s ]
INFO: [ app_begin ] --START--
INFO: Run Behavior\ReadHtmlCacheBehavior [ RunTime:0.000518s ]
INFO: [ app_begin ] --END-- [ RunTime:0.000577s ]
SQL: SHOW COLUMNS FROM `php34_cart` [ RunTime:0.0038s ]
INFO: [ app_end ] --START--
INFO: Run Behavior\ShowPageTraceBehavior [ RunTime:0.000748s ]
INFO: [ app_end ] --END-- [ RunTime:0.000835s ]

[ 2016-10-19T20:01:41+08:00 ] 127.0.0.1 /Home/index/ajaxLogin
INFO: [ app_init ] --START--
INFO: Run Behavior\BuildLiteBehavior [ RunTime:0.000024s ]
INFO: [ app_init ] --END-- [ RunTime:0.001156s ]
INFO: [ app_begin ] --START--
INFO: Run Behavior\ReadHtmlCacheBehavior [ RunTime:0.000673s ]
INFO: [ app_begin ] --END-- [ RunTime:0.000728s ]
INFO: [ app_end ] --START--
INFO: Run Behavior\ShowPageTraceBehavior [ RunTime:0.000513s ]
INFO: [ app_end ] --END-- [ RunTime:0.000571s ]

[ 2016-10-19T20:01:45+08:00 ] 127.0.0.1 /index.php/Home/Search/cat/id/351/orderby/pri_desc
INFO: [ app_init ] --START--
INFO: Run Behavior\BuildLiteBehavior [ RunTime:0.000035s ]
INFO: [ app_init ] --END-- [ RunTime:0.000852s ]
INFO: [ app_begin ] --START--
INFO: Run Behavior\ReadHtmlCacheBehavior [ RunTime:0.001627s ]
INFO: [ app_begin ] --END-- [ RunTime:0.001784s ]
NOTIC: [2048] Declaration of Back\Model\CategoryModel::_before_delete() should be compatible with that of Think\Model::_before_delete() E:\php\http\fuxi\Application\Back\Model\CategoryModel.class.php 第 4 行.
SQL: SHOW COLUMNS FROM `php34_category` [ RunTime:0.0033s ]
SQL: SELECT * FROM `php34_category`  [ RunTime:0.0003s ]
SQL: SHOW COLUMNS FROM `php34_goods` [ RunTime:0.0037s ]
SQL: SELECT `id` FROM `php34_goods` WHERE `cat_id` IN ('351')  [ RunTime:0.0002s ]
SQL: SHOW COLUMNS FROM `php34_goods_attr` [ RunTime:0.0036s ]
NOTIC: [8] Undefined variable: arr E:\php\http\fuxi\Application\Home\Model\SearchModel.class.php 第 128 行.
SQL: SHOW COLUMNS FROM `php34_goods` [ RunTime:0.0037s ]
SQL: SELECT count(*) total,group_concat(id) ids FROM php34_goods a WHERE `is_delete` = 0 AND `is_on_sale` = 1 AND a.id IN ('1','2','3','4','5','6','7','8','9','10','11','12','13','14','15','16','17','18','19','20','21') LIMIT 1   [ RunTime:0.0002s ]
SQL: SELECT `sm_logo`,a.id,`goods_name`,`shop_price`,count(b.order_id) num FROM php34_goods a left join php34_order_goods b on b.goods_id=a.id left join php34_order c on b.order_id=c.id and c.pay_statu=1  WHERE `is_delete` = 0 AND `is_on_sale` = 1 AND a.id IN ('1','2','3','4','5','6','7','8','9','10','11','12','13','14','15','16','17','18','19','20','21') GROUP BY a.id ORDER BY price desc LIMIT 0,6   [ RunTime:0.0012s ]
SQL: SELECT * FROM `php34_category`  [ RunTime:0.0002s ]
SQL: SELECT `id` FROM `php34_goods` WHERE `cat_id` IN ('351')  [ RunTime:0.0001s ]
SQL: SHOW COLUMNS FROM `php34_brand` [ RunTime:0.0031s ]
SQL: SELECT distinct a.id,a.brand_name FROM php34_brand a INNER JOIN php34_goods b on b.brand_id = a.id  WHERE b.id IN ('1','2','3','4','5','6','7','8','9','10','11','12','13','14','15','16','17','18','19','20','21')  [ RunTime:0.0001s ]
SQL: SELECT max(shop_price) max,min(shop_price) min FROM `php34_goods` WHERE `id` IN ('1','2','3','4','5','6','7','8','9','10','11','12','13','14','15','16','17','18','19','20','21') LIMIT 1   [ RunTime:0.0001s ]
SQL: SELECT distinct a.attr_value,b.attr_name,b.id id FROM php34_goods_attr a INNER JOIN php34_attr b on b.id=a.attr_id  WHERE a.goods_id IN ('1','2','3','4','5','6','7','8','9','10','11','12','13','14','15','16','17','18','19','20','21')  [ RunTime:0.0001s ]
SQL: SELECT `id`,`cat_name`,`parent_id` FROM `php34_category` WHERE `id` = 351 LIMIT 1   [ RunTime:0.0002s ]
SQL: SELECT `id`,`cat_name`,`parent_id` FROM `php34_category` WHERE `id` = 161 LIMIT 1   [ RunTime:0.0002s ]
SQL: SELECT `id`,`cat_name`,`parent_id` FROM `php34_category` WHERE `id` = 16 LIMIT 1   [ RunTime:0.0001s ]
INFO: [ view_parse ] --START--
INFO: [ template_filter ] --START--
INFO: Run Behavior\ContentReplaceBehavior [ RunTime:0.000181s ]
INFO: [ template_filter ] --END-- [ RunTime:0.000251s ]
NOTIC: [8] Undefined variable: show E:\php\http\fuxi\Application\Runtime\Cache\Home\1a78dd87b647a7ef4340ac5ce3ad3583.php 第 142 行.
NOTIC: [8] Undefined variable: show E:\php\http\fuxi\Application\Runtime\Cache\Home\1a78dd87b647a7ef4340ac5ce3ad3583.php 第 143 行.
NOTIC: [8] Undefined variable: show E:\php\http\fuxi\Application\Runtime\Cache\Home\1a78dd87b647a7ef4340ac5ce3ad3583.php 第 148 行.
NOTIC: [8] Undefined index: brand E:\php\http\fuxi\Application\Runtime\Cache\Home\1a78dd87b647a7ef4340ac5ce3ad3583.php 第 423 行.
NOTIC: [8] Undefined index: price E:\php\http\fuxi\Application\Runtime\Cache\Home\1a78dd87b647a7ef4340ac5ce3ad3583.php 第 426 行.
NOTIC: [8] Undefined index: brand E:\php\http\fuxi\Application\Runtime\Cache\Home\1a78dd87b647a7ef4340ac5ce3ad3583.php 第 440 行.
NOTIC: [8] Undefined index: price E:\php\http\fuxi\Application\Runtime\Cache\Home\1a78dd87b647a7ef4340ac5ce3ad3583.php 第 451 行.
INFO: Run Behavior\ParseTemplateBehavior [ RunTime:0.017047s ]
INFO: [ view_parse ] --END-- [ RunTime:0.017114s ]
INFO: [ view_filter ] --START--
INFO: Run Behavior\WriteHtmlCacheBehavior [ RunTime:0.000386s ]
INFO: [ view_filter ] --END-- [ RunTime:0.000438s ]
INFO: [ app_end ] --START--
INFO: Run Behavior\ShowPageTraceBehavior [ RunTime:0.000758s ]
INFO: [ app_end ] --END-- [ RunTime:0.000902s ]

[ 2016-10-19T20:01:45+08:00 ] 127.0.0.1 /Home/Index/ajaxRecent
INFO: [ app_init ] --START--
INFO: Run Behavior\BuildLiteBehavior [ RunTime:0.000015s ]
INFO: [ app_init ] --END-- [ RunTime:0.000302s ]
INFO: [ app_begin ] --START--
INFO: Run Behavior\ReadHtmlCacheBehavior [ RunTime:0.000538s ]
INFO: [ app_begin ] --END-- [ RunTime:0.000657s ]
INFO: [ app_end ] --START--
INFO: Run Behavior\ShowPageTraceBehavior [ RunTime:0.000474s ]
INFO: [ app_end ] --END-- [ RunTime:0.000559s ]

[ 2016-10-19T20:01:45+08:00 ] 127.0.0.1 /Home/cart/ajaxCartList
INFO: [ app_init ] --START--
INFO: Run Behavior\BuildLiteBehavior [ RunTime:0.000016s ]
INFO: [ app_init ] --END-- [ RunTime:0.000345s ]
INFO: [ app_begin ] --START--
INFO: Run Behavior\ReadHtmlCacheBehavior [ RunTime:0.005909s ]
INFO: [ app_begin ] --END-- [ RunTime:0.005987s ]
SQL: SHOW COLUMNS FROM `php34_cart` [ RunTime:0.0036s ]
INFO: [ app_end ] --START--
INFO: Run Behavior\ShowPageTraceBehavior [ RunTime:0.000517s ]
INFO: [ app_end ] --END-- [ RunTime:0.000572s ]

[ 2016-10-19T20:01:45+08:00 ] 127.0.0.1 /Home/index/ajaxLogin
INFO: [ app_init ] --START--
INFO: Run Behavior\BuildLiteBehavior [ RunTime:0.000014s ]
INFO: [ app_init ] --END-- [ RunTime:0.000298s ]
INFO: [ app_begin ] --START--
INFO: Run Behavior\ReadHtmlCacheBehavior [ RunTime:0.006666s ]
INFO: [ app_begin ] --END-- [ RunTime:0.006736s ]
INFO: [ app_end ] --START--
INFO: Run Behavior\ShowPageTraceBehavior [ RunTime:0.000460s ]
INFO: [ app_end ] --END-- [ RunTime:0.000527s ]

[ 2016-10-19T20:01:48+08:00 ] 127.0.0.1 /index.php/Home/Search/cat/id/351/orderby/pri_desc/price/0--1
INFO: [ app_init ] --START--
INFO: Run Behavior\BuildLiteBehavior [ RunTime:0.000035s ]
INFO: [ app_init ] --END-- [ RunTime:0.000968s ]
INFO: [ app_begin ] --START--
INFO: Run Behavior\ReadHtmlCacheBehavior [ RunTime:0.001603s ]
INFO: [ app_begin ] --END-- [ RunTime:0.001750s ]
NOTIC: [2048] Declaration of Back\Model\CategoryModel::_before_delete() should be compatible with that of Think\Model::_before_delete() E:\php\http\fuxi\Application\Back\Model\CategoryModel.class.php 第 4 行.
SQL: SHOW COLUMNS FROM `php34_category` [ RunTime:0.0035s ]
SQL: SELECT * FROM `php34_category`  [ RunTime:0.0003s ]
SQL: SHOW COLUMNS FROM `php34_goods` [ RunTime:0.0039s ]
SQL: SELECT `id` FROM `php34_goods` WHERE `cat_id` IN ('351')  [ RunTime:0.0001s ]
SQL: SHOW COLUMNS FROM `php34_goods_attr` [ RunTime:0.0033s ]
NOTIC: [8] Undefined variable: arr E:\php\http\fuxi\Application\Home\Model\SearchModel.class.php 第 128 行.
SQL: SHOW COLUMNS FROM `php34_goods` [ RunTime:0.0035s ]
SQL: SELECT count(*) total,group_concat(id) ids FROM php34_goods a WHERE `is_delete` = 0 AND `is_on_sale` = 1 AND `shop_price` BETWEEN '0' AND '' AND a.id IN ('1','2','3','4','5','6','7','8','9','10','11','12','13','14','15','16','17','18','19','20','21') LIMIT 1   [ RunTime:0.0390s ]
SQL: SELECT `sm_logo`,a.id,`goods_name`,`shop_price`,count(b.order_id) num FROM php34_goods a left join php34_order_goods b on b.goods_id=a.id left join php34_order c on b.order_id=c.id and c.pay_statu=1  WHERE `is_delete` = 0 AND `is_on_sale` = 1 AND `shop_price` BETWEEN '0' AND '' AND a.id IN ('1','2','3','4','5','6','7','8','9','10','11','12','13','14','15','16','17','18','19','20','21') GROUP BY a.id ORDER BY price desc LIMIT 0,6   [ RunTime:0.0024s ]
SQL: SELECT * FROM `php34_category`  [ RunTime:0.0006s ]
SQL: SELECT `id` FROM `php34_goods` WHERE `cat_id` IN ('351')  [ RunTime:0.0003s ]
SQL: SHOW COLUMNS FROM `php34_brand` [ RunTime:0.0074s ]
SQL: SELECT distinct a.id,a.brand_name FROM php34_brand a INNER JOIN php34_goods b on b.brand_id = a.id  WHERE b.id IN ('1','2','3','4','5','6','7','8','9','10','11','12','13','14','15','16','17','18','19','20','21')  [ RunTime:0.0004s ]
SQL: SELECT max(shop_price) max,min(shop_price) min FROM `php34_goods` WHERE `id` IN ('1','2','3','4','5','6','7','8','9','10','11','12','13','14','15','16','17','18','19','20','21') LIMIT 1   [ RunTime:0.0003s ]
SQL: SELECT distinct a.attr_value,b.attr_name,b.id id FROM php34_goods_attr a INNER JOIN php34_attr b on b.id=a.attr_id  WHERE a.goods_id IN ('1','2','3','4','5','6','7','8','9','10','11','12','13','14','15','16','17','18','19','20','21')  [ RunTime:0.0004s ]
SQL: SELECT `id`,`cat_name`,`parent_id` FROM `php34_category` WHERE `id` = 351 LIMIT 1   [ RunTime:0.0003s ]
SQL: SELECT `id`,`cat_name`,`parent_id` FROM `php34_category` WHERE `id` = 161 LIMIT 1   [ RunTime:0.0003s ]
SQL: SELECT `id`,`cat_name`,`parent_id` FROM `php34_category` WHERE `id` = 16 LIMIT 1   [ RunTime:0.0003s ]
INFO: [ view_parse ] --START--
INFO: [ template_filter ] --START--
INFO: Run Behavior\ContentReplaceBehavior [ RunTime:0.000556s ]
INFO: [ template_filter ] --END-- [ RunTime:0.000788s ]
NOTIC: [8] Undefined variable: show E:\php\http\fuxi\Application\Runtime\Cache\Home\1a78dd87b647a7ef4340ac5ce3ad3583.php 第 142 行.
NOTIC: [8] Undefined variable: show E:\php\http\fuxi\Application\Runtime\Cache\Home\1a78dd87b647a7ef4340ac5ce3ad3583.php 第 143 行.
NOTIC: [8] Undefined variable: show E:\php\http\fuxi\Application\Runtime\Cache\Home\1a78dd87b647a7ef4340ac5ce3ad3583.php 第 148 行.
NOTIC: [8] Undefined index: brand E:\php\http\fuxi\Application\Runtime\Cache\Home\1a78dd87b647a7ef4340ac5ce3ad3583.php 第 423 行.
NOTIC: [8] Undefined index: brand E:\php\http\fuxi\Application\Runtime\Cache\Home\1a78dd87b647a7ef4340ac5ce3ad3583.php 第 440 行.
INFO: Run Behavior\ParseTemplateBehavior [ RunTime:0.044387s ]
INFO: [ view_parse ] --END-- [ RunTime:0.044698s ]
INFO: [ view_filter ] --START--
INFO: Run Behavior\WriteHtmlCacheBehavior [ RunTime:0.001079s ]
INFO: [ view_filter ] --END-- [ RunTime:0.001260s ]
INFO: [ app_end ] --START--
INFO: Run Behavior\ShowPageTraceBehavior [ RunTime:0.002715s ]
INFO: [ app_end ] --END-- [ RunTime:0.002935s ]

[ 2016-10-19T20:01:48+08:00 ] 127.0.0.1 /Home/cart/ajaxCartList
INFO: [ app_init ] --START--
INFO: Run Behavior\BuildLiteBehavior [ RunTime:0.000023s ]
INFO: [ app_init ] --END-- [ RunTime:0.000469s ]
INFO: [ app_begin ] --START--
INFO: Run Behavior\ReadHtmlCacheBehavior [ RunTime:0.000775s ]
INFO: [ app_begin ] --END-- [ RunTime:0.000866s ]
SQL: SHOW COLUMNS FROM `php34_cart` [ RunTime:0.0036s ]
INFO: [ app_end ] --START--
INFO: Run Behavior\ShowPageTraceBehavior [ RunTime:0.000866s ]
INFO: [ app_end ] --END-- [ RunTime:0.000978s ]

[ 2016-10-19T20:01:48+08:00 ] 127.0.0.1 /Home/Index/ajaxRecent
INFO: [ app_init ] --START--
INFO: Run Behavior\BuildLiteBehavior [ RunTime:0.000021s ]
INFO: [ app_init ] --END-- [ RunTime:0.000431s ]
INFO: [ app_begin ] --START--
INFO: Run Behavior\ReadHtmlCacheBehavior [ RunTime:0.020731s ]
INFO: [ app_begin ] --END-- [ RunTime:0.020821s ]
INFO: [ app_end ] --START--
INFO: Run Behavior\ShowPageTraceBehavior [ RunTime:0.000686s ]
INFO: [ app_end ] --END-- [ RunTime:0.000793s ]

[ 2016-10-19T20:01:48+08:00 ] 127.0.0.1 /Home/index/ajaxLogin
INFO: [ app_init ] --START--
INFO: Run Behavior\BuildLiteBehavior [ RunTime:0.000014s ]
INFO: [ app_init ] --END-- [ RunTime:0.000320s ]
INFO: [ app_begin ] --START--
INFO: Run Behavior\ReadHtmlCacheBehavior [ RunTime:0.020521s ]
INFO: [ app_begin ] --END-- [ RunTime:0.020600s ]
INFO: [ app_end ] --START--
INFO: Run Behavior\ShowPageTraceBehavior [ RunTime:0.000673s ]
INFO: [ app_end ] --END-- [ RunTime:0.000759s ]

[ 2016-10-19T20:01:50+08:00 ] 127.0.0.1 /index.php/Home/Search/cat/id/351/orderby/pri_desc
INFO: [ app_init ] --START--
INFO: Run Behavior\BuildLiteBehavior [ RunTime:0.000034s ]
INFO: [ app_init ] --END-- [ RunTime:0.000844s ]
INFO: [ app_begin ] --START--
INFO: Run Behavior\ReadHtmlCacheBehavior [ RunTime:0.001395s ]
INFO: [ app_begin ] --END-- [ RunTime:0.001555s ]
NOTIC: [2048] Declaration of Back\Model\CategoryModel::_before_delete() should be compatible with that of Think\Model::_before_delete() E:\php\http\fuxi\Application\Back\Model\CategoryModel.class.php 第 4 行.
SQL: SHOW COLUMNS FROM `php34_category` [ RunTime:0.0073s ]
SQL: SELECT * FROM `php34_category`  [ RunTime:0.0007s ]
SQL: SHOW COLUMNS FROM `php34_goods` [ RunTime:0.0078s ]
SQL: SELECT `id` FROM `php34_goods` WHERE `cat_id` IN ('351')  [ RunTime:0.0004s ]
SQL: SHOW COLUMNS FROM `php34_goods_attr` [ RunTime:0.0072s ]
NOTIC: [8] Undefined variable: arr E:\php\http\fuxi\Application\Home\Model\SearchModel.class.php 第 128 行.
SQL: SHOW COLUMNS FROM `php34_goods` [ RunTime:0.0091s ]
SQL: SELECT count(*) total,group_concat(id) ids FROM php34_goods a WHERE `is_delete` = 0 AND `is_on_sale` = 1 AND a.id IN ('1','2','3','4','5','6','7','8','9','10','11','12','13','14','15','16','17','18','19','20','21') LIMIT 1   [ RunTime:0.0003s ]
SQL: SELECT `sm_logo`,a.id,`goods_name`,`shop_price`,count(b.order_id) num FROM php34_goods a left join php34_order_goods b on b.goods_id=a.id left join php34_order c on b.order_id=c.id and c.pay_statu=1  WHERE `is_delete` = 0 AND `is_on_sale` = 1 AND a.id IN ('1','2','3','4','5','6','7','8','9','10','11','12','13','14','15','16','17','18','19','20','21') GROUP BY a.id ORDER BY price desc LIMIT 0,6   [ RunTime:0.0004s ]
SQL: SELECT * FROM `php34_category`  [ RunTime:0.0005s ]
SQL: SELECT `id` FROM `php34_goods` WHERE `cat_id` IN ('351')  [ RunTime:0.0003s ]
SQL: SHOW COLUMNS FROM `php34_brand` [ RunTime:0.0085s ]
SQL: SELECT distinct a.id,a.brand_name FROM php34_brand a INNER JOIN php34_goods b on b.brand_id = a.id  WHERE b.id IN ('1','2','3','4','5','6','7','8','9','10','11','12','13','14','15','16','17','18','19','20','21')  [ RunTime:0.0002s ]
SQL: SELECT max(shop_price) max,min(shop_price) min FROM `php34_goods` WHERE `id` IN ('1','2','3','4','5','6','7','8','9','10','11','12','13','14','15','16','17','18','19','20','21') LIMIT 1   [ RunTime:0.0002s ]
SQL: SELECT distinct a.attr_value,b.attr_name,b.id id FROM php34_goods_attr a INNER JOIN php34_attr b on b.id=a.attr_id  WHERE a.goods_id IN ('1','2','3','4','5','6','7','8','9','10','11','12','13','14','15','16','17','18','19','20','21')  [ RunTime:0.0003s ]
SQL: SELECT `id`,`cat_name`,`parent_id` FROM `php34_category` WHERE `id` = 351 LIMIT 1   [ RunTime:0.0004s ]
SQL: SELECT `id`,`cat_name`,`parent_id` FROM `php34_category` WHERE `id` = 161 LIMIT 1   [ RunTime:0.0003s ]
SQL: SELECT `id`,`cat_name`,`parent_id` FROM `php34_category` WHERE `id` = 16 LIMIT 1   [ RunTime:0.0003s ]
INFO: [ view_parse ] --START--
INFO: [ template_filter ] --START--
INFO: Run Behavior\ContentReplaceBehavior [ RunTime:0.000178s ]
INFO: [ template_filter ] --END-- [ RunTime:0.000252s ]
NOTIC: [8] Undefined variable: show E:\php\http\fuxi\Application\Runtime\Cache\Home\1a78dd87b647a7ef4340ac5ce3ad3583.php 第 142 行.
NOTIC: [8] Undefined variable: show E:\php\http\fuxi\Application\Runtime\Cache\Home\1a78dd87b647a7ef4340ac5ce3ad3583.php 第 143 行.
NOTIC: [8] Undefined variable: show E:\php\http\fuxi\Application\Runtime\Cache\Home\1a78dd87b647a7ef4340ac5ce3ad3583.php 第 148 行.
NOTIC: [8] Undefined index: brand E:\php\http\fuxi\Application\Runtime\Cache\Home\1a78dd87b647a7ef4340ac5ce3ad3583.php 第 423 行.
NOTIC: [8] Undefined index: price E:\php\http\fuxi\Application\Runtime\Cache\Home\1a78dd87b647a7ef4340ac5ce3ad3583.php 第 426 行.
NOTIC: [8] Undefined index: brand E:\php\http\fuxi\Application\Runtime\Cache\Home\1a78dd87b647a7ef4340ac5ce3ad3583.php 第 440 行.
NOTIC: [8] Undefined index: price E:\php\http\fuxi\Application\Runtime\Cache\Home\1a78dd87b647a7ef4340ac5ce3ad3583.php 第 451 行.
INFO: Run Behavior\ParseTemplateBehavior [ RunTime:0.027121s ]
INFO: [ view_parse ] --END-- [ RunTime:0.027221s ]
INFO: [ view_filter ] --START--
INFO: Run Behavior\WriteHtmlCacheBehavior [ RunTime:0.000216s ]
INFO: [ view_filter ] --END-- [ RunTime:0.000266s ]
INFO: [ app_end ] --START--
INFO: Run Behavior\ShowPageTraceBehavior [ RunTime:0.000551s ]
INFO: [ app_end ] --END-- [ RunTime:0.000636s ]

[ 2016-10-19T20:01:50+08:00 ] 127.0.0.1 /Home/Index/ajaxRecent
INFO: [ app_init ] --START--
INFO: Run Behavior\BuildLiteBehavior [ RunTime:0.000016s ]
INFO: [ app_init ] --END-- [ RunTime:0.000317s ]
INFO: [ app_begin ] --START--
INFO: Run Behavior\ReadHtmlCacheBehavior [ RunTime:0.000512s ]
INFO: [ app_begin ] --END-- [ RunTime:0.000567s ]
INFO: [ app_end ] --START--
INFO: Run Behavior\ShowPageTraceBehavior [ RunTime:0.000433s ]
INFO: [ app_end ] --END-- [ RunTime:0.000492s ]

[ 2016-10-19T20:01:50+08:00 ] 127.0.0.1 /Home/index/ajaxLogin
INFO: [ app_init ] --START--
INFO: Run Behavior\BuildLiteBehavior [ RunTime:0.000026s ]
INFO: [ app_init ] --END-- [ RunTime:0.000469s ]
INFO: [ app_begin ] --START--
INFO: Run Behavior\ReadHtmlCacheBehavior [ RunTime:0.000532s ]
INFO: [ app_begin ] --END-- [ RunTime:0.000598s ]
INFO: [ app_end ] --START--
INFO: Run Behavior\ShowPageTraceBehavior [ RunTime:0.000644s ]
INFO: [ app_end ] --END-- [ RunTime:0.000743s ]

[ 2016-10-19T20:01:50+08:00 ] 127.0.0.1 /Home/cart/ajaxCartList
INFO: [ app_init ] --START--
INFO: Run Behavior\BuildLiteBehavior [ RunTime:0.000016s ]
INFO: [ app_init ] --END-- [ RunTime:0.000418s ]
INFO: [ app_begin ] --START--
INFO: Run Behavior\ReadHtmlCacheBehavior [ RunTime:0.000551s ]
INFO: [ app_begin ] --END-- [ RunTime:0.000614s ]
SQL: SHOW COLUMNS FROM `php34_cart` [ RunTime:0.0030s ]
INFO: [ app_end ] --START--
INFO: Run Behavior\ShowPageTraceBehavior [ RunTime:0.000514s ]
INFO: [ app_end ] --END-- [ RunTime:0.000570s ]

