[ 2016-10-15T09:25:31+08:00 ] 127.0.0.1 /back
INFO: [ app_init ] --START--
INFO: Run Behavior\BuildLiteBehavior [ RunTime:0.000025s ]
INFO: [ app_init ] --END-- [ RunTime:0.000574s ]
INFO: [ app_begin ] --START--
INFO: Run Behavior\ReadHtmlCacheBehavior [ RunTime:0.000887s ]
INFO: [ app_begin ] --END-- [ RunTime:0.000993s ]

[ 2016-10-15T09:25:31+08:00 ] 127.0.0.1 /Back/Login/index.html
INFO: [ app_init ] --START--
INFO: Run Behavior\BuildLiteBehavior [ RunTime:0.000025s ]
INFO: [ app_init ] --END-- [ RunTime:0.000495s ]
INFO: [ app_begin ] --START--
INFO: Run Behavior\ReadHtmlCacheBehavior [ RunTime:0.000718s ]
INFO: [ app_begin ] --END-- [ RunTime:0.000825s ]
INFO: [ view_parse ] --START--
INFO: [ template_filter ] --START--
INFO: Run Behavior\ContentReplaceBehavior [ RunTime:0.000103s ]
INFO: [ template_filter ] --END-- [ RunTime:0.000218s ]
INFO: Run Behavior\ParseTemplateBehavior [ RunTime:0.022668s ]
INFO: [ view_parse ] --END-- [ RunTime:0.022778s ]
INFO: [ view_filter ] --START--
INFO: Run Behavior\WriteHtmlCacheBehavior [ RunTime:0.000434s ]
INFO: [ view_filter ] --END-- [ RunTime:0.000517s ]
INFO: [ app_end ] --START--
INFO: Run Behavior\ShowPageTraceBehavior [ RunTime:0.000822s ]
INFO: [ app_end ] --END-- [ RunTime:0.000913s ]

[ 2016-10-15T09:25:31+08:00 ] 127.0.0.1 /Back//Public/js/utils.js
INFO: [ app_init ] --START--
INFO: Run Behavior\BuildLiteBehavior [ RunTime:0.000024s ]
INFO: [ app_init ] --END-- [ RunTime:0.000648s ]
INFO: [ app_begin ] --START--
INFO: Run Behavior\ReadHtmlCacheBehavior [ RunTime:0.000941s ]
INFO: [ app_begin ] --END-- [ RunTime:0.001056s ]
ERR: 无法加载控制器:Public

[ 2016-10-15T09:25:38+08:00 ] 127.0.0.1 /Back/Login/index.html
INFO: [ app_init ] --START--
INFO: Run Behavior\BuildLiteBehavior [ RunTime:0.000027s ]
INFO: [ app_init ] --END-- [ RunTime:0.000790s ]
INFO: [ app_begin ] --START--
INFO: Run Behavior\ReadHtmlCacheBehavior [ RunTime:0.000949s ]
INFO: [ app_begin ] --END-- [ RunTime:0.001077s ]
SQL: SHOW COLUMNS FROM `php34_manage` [ RunTime:0.1223s ]
SQL: SELECT * FROM `php34_manage` WHERE `admin_name` = 'admin' AND `admin_pwd` = '202cb962ac59075b964b07152d234b70' LIMIT 1   [ RunTime:0.0005s ]

[ 2016-10-15T09:25:38+08:00 ] 127.0.0.1 /Back/index/index.html
INFO: [ app_init ] --START--
INFO: Run Behavior\BuildLiteBehavior [ RunTime:0.000026s ]
INFO: [ app_init ] --END-- [ RunTime:0.000576s ]
INFO: [ app_begin ] --START--
INFO: Run Behavior\ReadHtmlCacheBehavior [ RunTime:0.000995s ]
INFO: [ app_begin ] --END-- [ RunTime:0.001123s ]
INFO: [ view_parse ] --START--
INFO: [ template_filter ] --START--
INFO: Run Behavior\ContentReplaceBehavior [ RunTime:0.000051s ]
INFO: [ template_filter ] --END-- [ RunTime:0.000134s ]
INFO: Run Behavior\ParseTemplateBehavior [ RunTime:0.040866s ]
INFO: [ view_parse ] --END-- [ RunTime:0.041001s ]
INFO: [ view_filter ] --START--
INFO: Run Behavior\WriteHtmlCacheBehavior [ RunTime:0.000526s ]
INFO: [ view_filter ] --END-- [ RunTime:0.000624s ]
INFO: [ app_end ] --START--
INFO: Run Behavior\ShowPageTraceBehavior [ RunTime:0.000895s ]
INFO: [ app_end ] --END-- [ RunTime:0.000996s ]

[ 2016-10-15T09:25:38+08:00 ] 127.0.0.1 /Back/Index/main
INFO: [ app_init ] --START--
INFO: Run Behavior\BuildLiteBehavior [ RunTime:0.000025s ]
INFO: [ app_init ] --END-- [ RunTime:0.000566s ]
INFO: [ app_begin ] --START--
INFO: Run Behavior\ReadHtmlCacheBehavior [ RunTime:0.001195s ]
INFO: [ app_begin ] --END-- [ RunTime:0.001450s ]
INFO: [ view_parse ] --START--
INFO: [ template_filter ] --START--
INFO: Run Behavior\ContentReplaceBehavior [ RunTime:0.000208s ]
INFO: [ template_filter ] --END-- [ RunTime:0.000316s ]
INFO: Run Behavior\ParseTemplateBehavior [ RunTime:0.060733s ]
INFO: [ view_parse ] --END-- [ RunTime:0.060855s ]
INFO: [ view_filter ] --START--
INFO: Run Behavior\WriteHtmlCacheBehavior [ RunTime:0.000427s ]
INFO: [ view_filter ] --END-- [ RunTime:0.000515s ]
INFO: [ app_end ] --START--
INFO: Run Behavior\ShowPageTraceBehavior [ RunTime:0.000821s ]
INFO: [ app_end ] --END-- [ RunTime:0.000935s ]

[ 2016-10-15T09:25:38+08:00 ] 127.0.0.1 /Back//Public/js/transport.org.js
INFO: [ app_init ] --START--
INFO: Run Behavior\BuildLiteBehavior [ RunTime:0.000025s ]
INFO: [ app_init ] --END-- [ RunTime:0.000519s ]
INFO: [ app_begin ] --START--
INFO: Run Behavior\ReadHtmlCacheBehavior [ RunTime:0.000748s ]
INFO: [ app_begin ] --END-- [ RunTime:0.000867s ]
ERR: 无法加载控制器:Public

[ 2016-10-15T09:25:38+08:00 ] 127.0.0.1 /Back/Index/top
INFO: [ app_init ] --START--
INFO: Run Behavior\BuildLiteBehavior [ RunTime:0.000020s ]
INFO: [ app_init ] --END-- [ RunTime:0.000445s ]
INFO: [ app_begin ] --START--
INFO: Run Behavior\ReadHtmlCacheBehavior [ RunTime:0.000657s ]
INFO: [ app_begin ] --END-- [ RunTime:0.000754s ]
INFO: [ view_parse ] --START--
INFO: [ template_filter ] --START--
INFO: Run Behavior\ContentReplaceBehavior [ RunTime:0.000323s ]
INFO: [ template_filter ] --END-- [ RunTime:0.000454s ]
INFO: Run Behavior\ParseTemplateBehavior [ RunTime:0.060754s ]
INFO: [ view_parse ] --END-- [ RunTime:0.060866s ]
INFO: [ view_filter ] --START--
INFO: Run Behavior\WriteHtmlCacheBehavior [ RunTime:0.000314s ]
INFO: [ view_filter ] --END-- [ RunTime:0.000399s ]
INFO: [ app_end ] --START--
INFO: Run Behavior\ShowPageTraceBehavior [ RunTime:0.039079s ]
INFO: [ app_end ] --END-- [ RunTime:0.039275s ]

[ 2016-10-15T09:25:39+08:00 ] 127.0.0.1 /Back/Index/left
INFO: [ app_init ] --START--
INFO: Run Behavior\BuildLiteBehavior [ RunTime:0.000024s ]
INFO: [ app_init ] --END-- [ RunTime:0.000519s ]
INFO: [ app_begin ] --START--
INFO: Run Behavior\ReadHtmlCacheBehavior [ RunTime:0.000805s ]
INFO: [ app_begin ] --END-- [ RunTime:0.000893s ]
SQL: SHOW COLUMNS FROM `php34_privilege` [ RunTime:0.3446s ]
SQL: SELECT * FROM `php34_privilege` WHERE `is_show` = 1  [ RunTime:0.0530s ]
INFO: [ view_parse ] --START--
INFO: [ template_filter ] --START--
INFO: Run Behavior\ContentReplaceBehavior [ RunTime:0.000113s ]
INFO: [ template_filter ] --END-- [ RunTime:0.000216s ]
INFO: Run Behavior\ParseTemplateBehavior [ RunTime:0.041321s ]
INFO: [ view_parse ] --END-- [ RunTime:0.041450s ]
INFO: [ view_filter ] --START--
INFO: Run Behavior\WriteHtmlCacheBehavior [ RunTime:0.000446s ]
INFO: [ view_filter ] --END-- [ RunTime:0.000543s ]
INFO: [ app_end ] --START--
INFO: Run Behavior\ShowPageTraceBehavior [ RunTime:0.000850s ]
INFO: [ app_end ] --END-- [ RunTime:0.000949s ]

[ 2016-10-15T09:25:46+08:00 ] 127.0.0.1 /Back/goods/lst
INFO: [ app_init ] --START--
INFO: Run Behavior\BuildLiteBehavior [ RunTime:0.000026s ]
INFO: [ app_init ] --END-- [ RunTime:0.000507s ]
INFO: [ app_begin ] --START--
INFO: Run Behavior\ReadHtmlCacheBehavior [ RunTime:0.000712s ]
INFO: [ app_begin ] --END-- [ RunTime:0.000821s ]
NOTIC: [2048] Declaration of Back\Model\GoodsModel::_before_delete() should be compatible with that of Think\Model::_before_delete() E:\php\http\fuxi\Application\Back\Model\GoodsModel.class.php 第 4 行.
SQL: SHOW COLUMNS FROM `php34_goods` [ RunTime:0.0040s ]
SQL: SELECT COUNT(*) AS tp_count FROM `php34_goods` WHERE `is_delete` = 0 LIMIT 1   [ RunTime:0.0003s ]
SQL: SELECT a.*,b.cat_name,group_concat(d.cat_name SEPARATOR "<br/>") ext_name FROM php34_goods a LEFT JOIN php34_category as b on a.cat_id=b.id LEFT JOIN php34_ext_cat as c on c.goods_id=a.id LEFT JOIN php34_category as d on d.id =c.cat_id  WHERE `is_delete` = 0 GROUP BY a.id ORDER BY id desc LIMIT 0,10   [ RunTime:0.2558s ]
INFO: [ view_parse ] --START--
INFO: [ template_filter ] --START--
INFO: Run Behavior\ContentReplaceBehavior [ RunTime:0.000173s ]
INFO: [ template_filter ] --END-- [ RunTime:0.000274s ]
INFO: Run Behavior\ParseTemplateBehavior [ RunTime:0.012314s ]
INFO: [ view_parse ] --END-- [ RunTime:0.012434s ]
INFO: [ view_filter ] --START--
INFO: Run Behavior\WriteHtmlCacheBehavior [ RunTime:0.000538s ]
INFO: [ view_filter ] --END-- [ RunTime:0.000625s ]
INFO: [ app_end ] --START--
INFO: Run Behavior\ShowPageTraceBehavior [ RunTime:0.000977s ]
INFO: [ app_end ] --END-- [ RunTime:0.001098s ]

[ 2016-10-15T09:25:50+08:00 ] 127.0.0.1 /Back/goods/lst
INFO: [ app_init ] --START--
INFO: Run Behavior\BuildLiteBehavior [ RunTime:0.000023s ]
INFO: [ app_init ] --END-- [ RunTime:0.000505s ]
INFO: [ app_begin ] --START--
INFO: Run Behavior\ReadHtmlCacheBehavior [ RunTime:0.000717s ]
INFO: [ app_begin ] --END-- [ RunTime:0.000822s ]
NOTIC: [2048] Declaration of Back\Model\GoodsModel::_before_delete() should be compatible with that of Think\Model::_before_delete() E:\php\http\fuxi\Application\Back\Model\GoodsModel.class.php 第 4 行.
SQL: SHOW COLUMNS FROM `php34_goods` [ RunTime:0.0043s ]
SQL: SELECT COUNT(*) AS tp_count FROM `php34_goods` WHERE `is_delete` = 0 LIMIT 1   [ RunTime:0.0001s ]
SQL: SELECT a.*,b.cat_name,group_concat(d.cat_name SEPARATOR "<br/>") ext_name FROM php34_goods a LEFT JOIN php34_category as b on a.cat_id=b.id LEFT JOIN php34_ext_cat as c on c.goods_id=a.id LEFT JOIN php34_category as d on d.id =c.cat_id  WHERE `is_delete` = 0 GROUP BY a.id ORDER BY id desc LIMIT 0,10   [ RunTime:0.0003s ]
INFO: [ view_parse ] --START--
INFO: [ template_filter ] --START--
INFO: Run Behavior\ContentReplaceBehavior [ RunTime:0.000185s ]
INFO: [ template_filter ] --END-- [ RunTime:0.000301s ]
INFO: Run Behavior\ParseTemplateBehavior [ RunTime:0.011377s ]
INFO: [ view_parse ] --END-- [ RunTime:0.011477s ]
INFO: [ view_filter ] --START--
INFO: Run Behavior\WriteHtmlCacheBehavior [ RunTime:0.000352s ]
INFO: [ view_filter ] --END-- [ RunTime:0.000436s ]
INFO: [ app_end ] --START--
INFO: Run Behavior\ShowPageTraceBehavior [ RunTime:0.000731s ]
INFO: [ app_end ] --END-- [ RunTime:0.000842s ]

[ 2016-10-15T09:26:01+08:00 ] 127.0.0.1 /Back/Goods/edit/id/60
INFO: [ app_init ] --START--
INFO: Run Behavior\BuildLiteBehavior [ RunTime:0.000023s ]
INFO: [ app_init ] --END-- [ RunTime:0.000629s ]
INFO: [ app_begin ] --START--
INFO: Run Behavior\ReadHtmlCacheBehavior [ RunTime:0.000725s ]
INFO: [ app_begin ] --END-- [ RunTime:0.000834s ]
NOTIC: [2048] Declaration of Back\Model\GoodsModel::_before_delete() should be compatible with that of Think\Model::_before_delete() E:\php\http\fuxi\Application\Back\Model\GoodsModel.class.php 第 4 行.
SQL: SHOW COLUMNS FROM `php34_goods` [ RunTime:0.1015s ]
SQL: SHOW COLUMNS FROM `php34_type` [ RunTime:0.1296s ]
SQL: SELECT * FROM `php34_type`  [ RunTime:0.0010s ]
SQL: SELECT * FROM `php34_goods` WHERE `id` = 60 LIMIT 1   [ RunTime:0.0014s ]
SQL: SHOW COLUMNS FROM `php34_attr` [ RunTime:0.0061s ]
SQL: SELECT a.*,b.id a_id,b.attr_value FROM php34_attr a LEFT JOIN  php34_goods_attr as b on b.attr_id = a.id and b.goods_id=60  WHERE ( a.type_id=7 )  [ RunTime:0.0006s ]
SQL: SHOW COLUMNS FROM `php34_member_level` [ RunTime:0.1244s ]
SQL: SELECT a.id,a.level_name,b.youhui_price as price FROM php34_member_level a left join php34_youhui_price as b on a.id=b.youhui_num and b.goods_id=60   [ RunTime:0.1069s ]
SQL: SHOW COLUMNS FROM `php34_pic` [ RunTime:0.0658s ]
SQL: SELECT * FROM `php34_pic` WHERE `goods_id` = '60'  [ RunTime:0.0005s ]
NOTIC: [2048] Declaration of Back\Model\CategoryModel::_before_delete() should be compatible with that of Think\Model::_before_delete() E:\php\http\fuxi\Application\Back\Model\CategoryModel.class.php 第 264 行.
SQL: SHOW COLUMNS FROM `php34_category` [ RunTime:0.0075s ]
SQL: SELECT `id`,`cat_name`,`parent_id` FROM `php34_category`  [ RunTime:0.0033s ]
SQL: SHOW COLUMNS FROM `php34_ext_cat` [ RunTime:0.0045s ]
SQL: SELECT * FROM `php34_ext_cat` WHERE `goods_id` = '60'  [ RunTime:0.0003s ]
INFO: [ view_parse ] --START--
INFO: [ template_filter ] --START--
INFO: Run Behavior\ContentReplaceBehavior [ RunTime:0.000267s ]
INFO: [ template_filter ] --END-- [ RunTime:0.000374s ]
SQL: SHOW COLUMNS FROM `php34_brand` [ RunTime:0.0064s ]
SQL: SELECT `brand_name`,`id` FROM `php34_brand`  [ RunTime:0.0041s ]
INFO: Run Behavior\ParseTemplateBehavior [ RunTime:0.074788s ]
INFO: [ view_parse ] --END-- [ RunTime:0.074920s ]
INFO: [ view_filter ] --START--
INFO: Run Behavior\WriteHtmlCacheBehavior [ RunTime:0.000591s ]
INFO: [ view_filter ] --END-- [ RunTime:0.000703s ]
INFO: [ app_end ] --START--
INFO: Run Behavior\ShowPageTraceBehavior [ RunTime:0.001162s ]
INFO: [ app_end ] --END-- [ RunTime:0.002179s ]

[ 2016-10-15T09:29:07+08:00 ] 127.0.0.1 /index.php/back/goods/add
INFO: [ app_init ] --START--
INFO: Run Behavior\BuildLiteBehavior [ RunTime:0.000016s ]
INFO: [ app_init ] --END-- [ RunTime:0.000365s ]
INFO: [ app_begin ] --START--
INFO: Run Behavior\ReadHtmlCacheBehavior [ RunTime:0.000606s ]
INFO: [ app_begin ] --END-- [ RunTime:0.000675s ]
SQL: SHOW COLUMNS FROM `php34_brand` [ RunTime:0.0038s ]
SQL: SELECT `id`,`brand_name` FROM `php34_brand`  [ RunTime:0.0003s ]
SQL: SHOW COLUMNS FROM `php34_member_level` [ RunTime:0.0044s ]
SQL: SELECT `id`,`level_name` FROM `php34_member_level`  [ RunTime:0.0003s ]
NOTIC: [2048] Declaration of Back\Model\CategoryModel::_before_delete() should be compatible with that of Think\Model::_before_delete() E:\php\http\fuxi\Application\Back\Model\CategoryModel.class.php 第 264 行.
SQL: SHOW COLUMNS FROM `php34_category` [ RunTime:0.0047s ]
SQL: SELECT `id`,`cat_name`,`parent_id` FROM `php34_category`  [ RunTime:0.0030s ]
SQL: SHOW COLUMNS FROM `php34_type` [ RunTime:0.0060s ]
SQL: SELECT * FROM `php34_type`  [ RunTime:0.0002s ]
INFO: [ view_parse ] --START--
INFO: [ template_filter ] --START--
INFO: Run Behavior\ContentReplaceBehavior [ RunTime:0.000131s ]
INFO: [ template_filter ] --END-- [ RunTime:0.000200s ]
SQL: SHOW COLUMNS FROM `php34_brand` [ RunTime:0.0050s ]
SQL: SELECT `brand_name`,`id` FROM `php34_brand`  [ RunTime:0.0002s ]
INFO: Run Behavior\ParseTemplateBehavior [ RunTime:0.042207s ]
INFO: [ view_parse ] --END-- [ RunTime:0.042311s ]
INFO: [ view_filter ] --START--
INFO: Run Behavior\WriteHtmlCacheBehavior [ RunTime:0.000538s ]
INFO: [ view_filter ] --END-- [ RunTime:0.000629s ]
INFO: [ app_end ] --START--
INFO: Run Behavior\ShowPageTraceBehavior [ RunTime:0.000958s ]
INFO: [ app_end ] --END-- [ RunTime:0.001623s ]

[ 2016-10-15T09:29:34+08:00 ] 127.0.0.1 /Back/Goods/ajaxAttr/type_id/7
INFO: [ app_init ] --START--
INFO: Run Behavior\BuildLiteBehavior [ RunTime:0.000025s ]
INFO: [ app_init ] --END-- [ RunTime:0.000492s ]
INFO: [ app_begin ] --START--
INFO: Run Behavior\ReadHtmlCacheBehavior [ RunTime:0.000715s ]
INFO: [ app_begin ] --END-- [ RunTime:0.000810s ]
SQL: SHOW COLUMNS FROM `php34_attr` [ RunTime:0.0044s ]
SQL: SELECT * FROM `php34_attr` WHERE `type_id` = '7'  [ RunTime:0.0004s ]
INFO: [ app_end ] --START--
INFO: Run Behavior\ShowPageTraceBehavior [ RunTime:0.000738s ]
INFO: [ app_end ] --END-- [ RunTime:0.000835s ]

[ 2016-10-15T09:29:44+08:00 ] 127.0.0.1 /index.php/Back/Goods/lst
INFO: [ app_init ] --START--
INFO: Run Behavior\BuildLiteBehavior [ RunTime:0.000025s ]
INFO: [ app_init ] --END-- [ RunTime:0.000534s ]
INFO: [ app_begin ] --START--
INFO: Run Behavior\ReadHtmlCacheBehavior [ RunTime:0.000700s ]
INFO: [ app_begin ] --END-- [ RunTime:0.000799s ]
NOTIC: [2048] Declaration of Back\Model\GoodsModel::_before_delete() should be compatible with that of Think\Model::_before_delete() E:\php\http\fuxi\Application\Back\Model\GoodsModel.class.php 第 4 行.
SQL: SHOW COLUMNS FROM `php34_goods` [ RunTime:0.0057s ]
SQL: SELECT COUNT(*) AS tp_count FROM `php34_goods` WHERE `is_delete` = 0 LIMIT 1   [ RunTime:0.0001s ]
SQL: SELECT a.*,b.cat_name,group_concat(d.cat_name SEPARATOR "<br/>") ext_name FROM php34_goods a LEFT JOIN php34_category as b on a.cat_id=b.id LEFT JOIN php34_ext_cat as c on c.goods_id=a.id LEFT JOIN php34_category as d on d.id =c.cat_id  WHERE `is_delete` = 0 GROUP BY a.id ORDER BY id desc LIMIT 0,10   [ RunTime:0.0004s ]
INFO: [ view_parse ] --START--
INFO: [ template_filter ] --START--
INFO: Run Behavior\ContentReplaceBehavior [ RunTime:0.000163s ]
INFO: [ template_filter ] --END-- [ RunTime:0.000261s ]
INFO: Run Behavior\ParseTemplateBehavior [ RunTime:0.011615s ]
INFO: [ view_parse ] --END-- [ RunTime:0.011705s ]
INFO: [ view_filter ] --START--
INFO: Run Behavior\WriteHtmlCacheBehavior [ RunTime:0.000221s ]
INFO: [ view_filter ] --END-- [ RunTime:0.000270s ]
INFO: [ app_end ] --START--
INFO: Run Behavior\ShowPageTraceBehavior [ RunTime:0.000648s ]
INFO: [ app_end ] --END-- [ RunTime:0.000745s ]

[ 2016-10-15T09:29:50+08:00 ] 127.0.0.1 /Back/Goods/edit/id/60
INFO: [ app_init ] --START--
INFO: Run Behavior\BuildLiteBehavior [ RunTime:0.000017s ]
INFO: [ app_init ] --END-- [ RunTime:0.000494s ]
INFO: [ app_begin ] --START--
INFO: Run Behavior\ReadHtmlCacheBehavior [ RunTime:0.000661s ]
INFO: [ app_begin ] --END-- [ RunTime:0.000761s ]
NOTIC: [2048] Declaration of Back\Model\GoodsModel::_before_delete() should be compatible with that of Think\Model::_before_delete() E:\php\http\fuxi\Application\Back\Model\GoodsModel.class.php 第 4 行.
SQL: SHOW COLUMNS FROM `php34_goods` [ RunTime:0.0048s ]
SQL: SHOW COLUMNS FROM `php34_type` [ RunTime:0.0045s ]
SQL: SELECT * FROM `php34_type`  [ RunTime:0.0003s ]
SQL: SELECT * FROM `php34_goods` WHERE `id` = 60 LIMIT 1   [ RunTime:0.0002s ]
SQL: SHOW COLUMNS FROM `php34_attr` [ RunTime:0.0045s ]
SQL: SELECT a.*,b.id a_id,b.attr_value FROM php34_attr a LEFT JOIN  php34_goods_attr as b on b.attr_id = a.id and b.goods_id=60  WHERE ( a.type_id=7 )  [ RunTime:0.0002s ]
SQL: SHOW COLUMNS FROM `php34_member_level` [ RunTime:0.0045s ]
SQL: SELECT a.id,a.level_name,b.youhui_price as price FROM php34_member_level a left join php34_youhui_price as b on a.id=b.youhui_num and b.goods_id=60   [ RunTime:0.0001s ]
SQL: SHOW COLUMNS FROM `php34_pic` [ RunTime:0.0046s ]
SQL: SELECT * FROM `php34_pic` WHERE `goods_id` = '60'  [ RunTime:0.0002s ]
NOTIC: [2048] Declaration of Back\Model\CategoryModel::_before_delete() should be compatible with that of Think\Model::_before_delete() E:\php\http\fuxi\Application\Back\Model\CategoryModel.class.php 第 264 行.
SQL: SHOW COLUMNS FROM `php34_category` [ RunTime:0.0043s ]
SQL: SELECT `id`,`cat_name`,`parent_id` FROM `php34_category`  [ RunTime:0.0025s ]
SQL: SHOW COLUMNS FROM `php34_ext_cat` [ RunTime:0.0043s ]
SQL: SELECT * FROM `php34_ext_cat` WHERE `goods_id` = '60'  [ RunTime:0.0002s ]
INFO: [ view_parse ] --START--
INFO: [ template_filter ] --START--
INFO: Run Behavior\ContentReplaceBehavior [ RunTime:0.000248s ]
INFO: [ template_filter ] --END-- [ RunTime:0.000349s ]
SQL: SHOW COLUMNS FROM `php34_brand` [ RunTime:0.0051s ]
SQL: SELECT `brand_name`,`id` FROM `php34_brand`  [ RunTime:0.0002s ]
INFO: Run Behavior\ParseTemplateBehavior [ RunTime:0.032574s ]
INFO: [ view_parse ] --END-- [ RunTime:0.032690s ]
INFO: [ view_filter ] --START--
INFO: Run Behavior\WriteHtmlCacheBehavior [ RunTime:0.000397s ]
INFO: [ view_filter ] --END-- [ RunTime:0.000487s ]
INFO: [ app_end ] --START--
INFO: Run Behavior\ShowPageTraceBehavior [ RunTime:0.000773s ]
INFO: [ app_end ] --END-- [ RunTime:0.000884s ]

[ 2016-10-15T09:30:23+08:00 ] 127.0.0.1 /index.php/Back/Role/lst
INFO: [ app_init ] --START--
INFO: Run Behavior\BuildLiteBehavior [ RunTime:0.000021s ]
INFO: [ app_init ] --END-- [ RunTime:0.000501s ]
INFO: [ app_begin ] --START--
INFO: Run Behavior\ReadHtmlCacheBehavior [ RunTime:0.000769s ]
INFO: [ app_begin ] --END-- [ RunTime:0.000883s ]
SQL: SHOW COLUMNS FROM `php34_role` [ RunTime:0.0600s ]
SQL: SELECT COUNT(*) AS tp_count FROM `php34_role` LIMIT 1   [ RunTime:0.0002s ]
SQL: SELECT * FROM `php34_role` ORDER BY id desc  LIMIT 0,10   [ RunTime:0.0004s ]
INFO: [ view_parse ] --START--
INFO: [ template_filter ] --START--
INFO: Run Behavior\ContentReplaceBehavior [ RunTime:0.000128s ]
INFO: [ template_filter ] --END-- [ RunTime:0.000236s ]
INFO: Run Behavior\ParseTemplateBehavior [ RunTime:0.040278s ]
INFO: [ view_parse ] --END-- [ RunTime:0.040412s ]
INFO: [ view_filter ] --START--
INFO: Run Behavior\WriteHtmlCacheBehavior [ RunTime:0.000355s ]
INFO: [ view_filter ] --END-- [ RunTime:0.000443s ]
INFO: [ app_end ] --START--
INFO: Run Behavior\ShowPageTraceBehavior [ RunTime:0.000790s ]
INFO: [ app_end ] --END-- [ RunTime:0.000907s ]

[ 2016-10-15T09:30:26+08:00 ] 127.0.0.1 /index.php/back/role/add
INFO: [ app_init ] --START--
INFO: Run Behavior\BuildLiteBehavior [ RunTime:0.000027s ]
INFO: [ app_init ] --END-- [ RunTime:0.000576s ]
INFO: [ app_begin ] --START--
INFO: Run Behavior\ReadHtmlCacheBehavior [ RunTime:0.000790s ]
INFO: [ app_begin ] --END-- [ RunTime:0.000903s ]
SQL: SHOW COLUMNS FROM `php34_privilege` [ RunTime:0.0604s ]
SQL: SELECT * FROM `php34_privilege`  [ RunTime:0.0028s ]
INFO: [ view_parse ] --START--
INFO: [ template_filter ] --START--
INFO: Run Behavior\ContentReplaceBehavior [ RunTime:0.000088s ]
INFO: [ template_filter ] --END-- [ RunTime:0.000192s ]
INFO: Run Behavior\ParseTemplateBehavior [ RunTime:0.061495s ]
INFO: [ view_parse ] --END-- [ RunTime:0.063080s ]
INFO: [ view_filter ] --START--
INFO: Run Behavior\WriteHtmlCacheBehavior [ RunTime:0.000398s ]
INFO: [ view_filter ] --END-- [ RunTime:0.000499s ]
INFO: [ app_end ] --START--
INFO: Run Behavior\ShowPageTraceBehavior [ RunTime:0.032365s ]
INFO: [ app_end ] --END-- [ RunTime:0.032486s ]

[ 2016-10-15T09:30:26+08:00 ] 127.0.0.1 /index.php/back/js/utils.js
INFO: [ app_init ] --START--
INFO: Run Behavior\BuildLiteBehavior [ RunTime:0.000025s ]
INFO: [ app_init ] --END-- [ RunTime:0.000533s ]
INFO: [ app_begin ] --START--
INFO: Run Behavior\ReadHtmlCacheBehavior [ RunTime:0.000843s ]
INFO: [ app_begin ] --END-- [ RunTime:0.000942s ]
ERR: 无法加载控制器:Js

[ 2016-10-15T09:30:26+08:00 ] 127.0.0.1 /index.php/back/js/transport.js
INFO: [ app_init ] --START--
INFO: Run Behavior\BuildLiteBehavior [ RunTime:0.000026s ]
INFO: [ app_init ] --END-- [ RunTime:0.000595s ]
INFO: [ app_begin ] --START--
INFO: Run Behavior\ReadHtmlCacheBehavior [ RunTime:0.000938s ]
INFO: [ app_begin ] --END-- [ RunTime:0.001060s ]
ERR: 无法加载控制器:Js

[ 2016-10-15T09:30:26+08:00 ] 127.0.0.1 /index.php/back/js/utils.js
INFO: [ app_init ] --START--
INFO: Run Behavior\BuildLiteBehavior [ RunTime:0.000025s ]
INFO: [ app_init ] --END-- [ RunTime:0.000499s ]
INFO: [ app_begin ] --START--
INFO: Run Behavior\ReadHtmlCacheBehavior [ RunTime:0.000793s ]
INFO: [ app_begin ] --END-- [ RunTime:0.000918s ]
ERR: 无法加载控制器:Js

[ 2016-10-15T09:34:09+08:00 ] 127.0.0.1 /index.php/Back/Privilege/lst
INFO: [ app_init ] --START--
INFO: Run Behavior\BuildLiteBehavior [ RunTime:0.000017s ]
INFO: [ app_init ] --END-- [ RunTime:0.000394s ]
INFO: [ app_begin ] --START--
INFO: Run Behavior\ReadHtmlCacheBehavior [ RunTime:0.000697s ]
INFO: [ app_begin ] --END-- [ RunTime:0.000821s ]
SQL: SHOW COLUMNS FROM `php34_privilege` [ RunTime:0.0047s ]
SQL: SELECT * FROM `php34_privilege`  [ RunTime:0.0003s ]
INFO: [ view_parse ] --START--
INFO: [ template_filter ] --START--
INFO: Run Behavior\ContentReplaceBehavior [ RunTime:0.000176s ]
INFO: [ template_filter ] --END-- [ RunTime:0.000280s ]
INFO: Run Behavior\ParseTemplateBehavior [ RunTime:0.020129s ]
INFO: [ view_parse ] --END-- [ RunTime:0.020211s ]
INFO: [ view_filter ] --START--
INFO: Run Behavior\WriteHtmlCacheBehavior [ RunTime:0.000311s ]
INFO: [ view_filter ] --END-- [ RunTime:0.000363s ]
INFO: [ app_end ] --START--
INFO: Run Behavior\ShowPageTraceBehavior [ RunTime:0.000836s ]
INFO: [ app_end ] --END-- [ RunTime:0.000934s ]

[ 2016-10-15T09:34:10+08:00 ] 127.0.0.1 /index.php/Back/js/transport.js
INFO: [ app_init ] --START--
INFO: Run Behavior\BuildLiteBehavior [ RunTime:0.000025s ]
INFO: [ app_init ] --END-- [ RunTime:0.000483s ]
INFO: [ app_begin ] --START--
INFO: Run Behavior\ReadHtmlCacheBehavior [ RunTime:0.000736s ]
INFO: [ app_begin ] --END-- [ RunTime:0.000838s ]
ERR: 无法加载控制器:Js

[ 2016-10-15T09:34:12+08:00 ] 127.0.0.1 /Back/Privilege/ajaxShow/id/20
INFO: [ app_init ] --START--
INFO: Run Behavior\BuildLiteBehavior [ RunTime:0.000027s ]
INFO: [ app_init ] --END-- [ RunTime:0.000570s ]
INFO: [ app_begin ] --START--
INFO: Run Behavior\ReadHtmlCacheBehavior [ RunTime:0.000766s ]
INFO: [ app_begin ] --END-- [ RunTime:0.000870s ]
SQL: SHOW COLUMNS FROM `php34_privilege` [ RunTime:0.0049s ]
SQL: SELECT * FROM `php34_privilege` WHERE `id` = 20 LIMIT 1   [ RunTime:0.0004s ]
SQL: UPDATE `php34_privilege` SET `is_show`='1' WHERE `id` = 20 [ RunTime:0.0132s ]

[ 2016-10-15T09:34:14+08:00 ] 127.0.0.1 /Back/Privilege/ajaxShow/id/20
INFO: [ app_init ] --START--
INFO: Run Behavior\BuildLiteBehavior [ RunTime:0.000026s ]
INFO: [ app_init ] --END-- [ RunTime:0.000514s ]
INFO: [ app_begin ] --START--
INFO: Run Behavior\ReadHtmlCacheBehavior [ RunTime:0.000701s ]
INFO: [ app_begin ] --END-- [ RunTime:0.000802s ]
SQL: SHOW COLUMNS FROM `php34_privilege` [ RunTime:0.0040s ]
SQL: SELECT * FROM `php34_privilege` WHERE `id` = 20 LIMIT 1   [ RunTime:0.0003s ]
SQL: UPDATE `php34_privilege` SET `is_show`='0' WHERE `id` = 20 [ RunTime:0.0002s ]

[ 2016-10-15T09:34:15+08:00 ] 127.0.0.1 /Back/Privilege/ajaxShow/id/1
INFO: [ app_init ] --START--
INFO: Run Behavior\BuildLiteBehavior [ RunTime:0.000023s ]
INFO: [ app_init ] --END-- [ RunTime:0.000491s ]
INFO: [ app_begin ] --START--
INFO: Run Behavior\ReadHtmlCacheBehavior [ RunTime:0.000683s ]
INFO: [ app_begin ] --END-- [ RunTime:0.000776s ]
SQL: SHOW COLUMNS FROM `php34_privilege` [ RunTime:0.0043s ]
SQL: SELECT * FROM `php34_privilege` WHERE `id` = 1 LIMIT 1   [ RunTime:0.0003s ]
SQL: UPDATE `php34_privilege` SET `is_show`='0' WHERE `id` = 1 [ RunTime:0.0002s ]

[ 2016-10-15T09:34:25+08:00 ] 127.0.0.1 /Back/index/index.html
INFO: [ app_init ] --START--
INFO: Run Behavior\BuildLiteBehavior [ RunTime:0.000023s ]
INFO: [ app_init ] --END-- [ RunTime:0.000487s ]
INFO: [ app_begin ] --START--
INFO: Run Behavior\ReadHtmlCacheBehavior [ RunTime:0.000730s ]
INFO: [ app_begin ] --END-- [ RunTime:0.000834s ]
INFO: [ view_parse ] --START--
INFO: [ template_filter ] --START--
INFO: Run Behavior\ContentReplaceBehavior [ RunTime:0.000075s ]
INFO: [ template_filter ] --END-- [ RunTime:0.000194s ]
INFO: Run Behavior\ParseTemplateBehavior [ RunTime:0.007075s ]
INFO: [ view_parse ] --END-- [ RunTime:0.007182s ]
INFO: [ view_filter ] --START--
INFO: Run Behavior\WriteHtmlCacheBehavior [ RunTime:0.000305s ]
INFO: [ view_filter ] --END-- [ RunTime:0.000388s ]
INFO: [ app_end ] --START--
INFO: Run Behavior\ShowPageTraceBehavior [ RunTime:0.000644s ]
INFO: [ app_end ] --END-- [ RunTime:0.000739s ]

[ 2016-10-15T09:34:26+08:00 ] 127.0.0.1 /Back/Index/top
INFO: [ app_init ] --START--
INFO: Run Behavior\BuildLiteBehavior [ RunTime:0.000021s ]
INFO: [ app_init ] --END-- [ RunTime:0.000455s ]
INFO: [ app_begin ] --START--
INFO: Run Behavior\ReadHtmlCacheBehavior [ RunTime:0.000676s ]
INFO: [ app_begin ] --END-- [ RunTime:0.000783s ]
INFO: [ view_parse ] --START--
INFO: [ template_filter ] --START--
INFO: Run Behavior\ContentReplaceBehavior [ RunTime:0.000193s ]
INFO: [ template_filter ] --END-- [ RunTime:0.000304s ]
INFO: Run Behavior\ParseTemplateBehavior [ RunTime:0.011461s ]
INFO: [ view_parse ] --END-- [ RunTime:0.011577s ]
INFO: [ view_filter ] --START--
INFO: Run Behavior\WriteHtmlCacheBehavior [ RunTime:0.000303s ]
INFO: [ view_filter ] --END-- [ RunTime:0.000386s ]
INFO: [ app_end ] --START--
INFO: Run Behavior\ShowPageTraceBehavior [ RunTime:0.000665s ]
INFO: [ app_end ] --END-- [ RunTime:0.000764s ]

[ 2016-10-15T09:34:26+08:00 ] 127.0.0.1 /Back/Index/main
INFO: [ app_init ] --START--
INFO: Run Behavior\BuildLiteBehavior [ RunTime:0.000022s ]
INFO: [ app_init ] --END-- [ RunTime:0.000510s ]
INFO: [ app_begin ] --START--
INFO: Run Behavior\ReadHtmlCacheBehavior [ RunTime:0.000842s ]
INFO: [ app_begin ] --END-- [ RunTime:0.000941s ]
INFO: [ view_parse ] --START--
INFO: [ template_filter ] --START--
INFO: Run Behavior\ContentReplaceBehavior [ RunTime:0.000206s ]
INFO: [ template_filter ] --END-- [ RunTime:0.000314s ]
INFO: Run Behavior\ParseTemplateBehavior [ RunTime:0.017998s ]
INFO: [ view_parse ] --END-- [ RunTime:0.018109s ]
INFO: [ view_filter ] --START--
INFO: Run Behavior\WriteHtmlCacheBehavior [ RunTime:0.000425s ]
INFO: [ view_filter ] --END-- [ RunTime:0.000506s ]
INFO: [ app_end ] --START--
INFO: Run Behavior\ShowPageTraceBehavior [ RunTime:0.000804s ]
INFO: [ app_end ] --END-- [ RunTime:0.000902s ]

[ 2016-10-15T09:34:26+08:00 ] 127.0.0.1 /Back//Public/js/transport.org.js
INFO: [ app_init ] --START--
INFO: Run Behavior\BuildLiteBehavior [ RunTime:0.000023s ]
INFO: [ app_init ] --END-- [ RunTime:0.000495s ]
INFO: [ app_begin ] --START--
INFO: Run Behavior\ReadHtmlCacheBehavior [ RunTime:0.002132s ]
INFO: [ app_begin ] --END-- [ RunTime:0.002256s ]
ERR: 无法加载控制器:Public

[ 2016-10-15T09:34:26+08:00 ] 127.0.0.1 /Back/Index/left
INFO: [ app_init ] --START--
INFO: Run Behavior\BuildLiteBehavior [ RunTime:0.000026s ]
INFO: [ app_init ] --END-- [ RunTime:0.000536s ]
INFO: [ app_begin ] --START--
INFO: Run Behavior\ReadHtmlCacheBehavior [ RunTime:0.000835s ]
INFO: [ app_begin ] --END-- [ RunTime:0.000954s ]
SQL: SHOW COLUMNS FROM `php34_privilege` [ RunTime:0.0198s ]
SQL: SELECT * FROM `php34_privilege` WHERE `is_show` = 1  [ RunTime:0.0036s ]
INFO: [ view_parse ] --START--
INFO: [ template_filter ] --START--
INFO: Run Behavior\ContentReplaceBehavior [ RunTime:0.000121s ]
INFO: [ template_filter ] --END-- [ RunTime:0.000229s ]
INFO: Run Behavior\ParseTemplateBehavior [ RunTime:0.011525s ]
INFO: [ view_parse ] --END-- [ RunTime:0.011662s ]
INFO: [ view_filter ] --START--
INFO: Run Behavior\WriteHtmlCacheBehavior [ RunTime:0.000474s ]
INFO: [ view_filter ] --END-- [ RunTime:0.000564s ]
INFO: [ app_end ] --START--
INFO: Run Behavior\ShowPageTraceBehavior [ RunTime:0.000847s ]
INFO: [ app_end ] --END-- [ RunTime:0.000945s ]

[ 2016-10-15T09:34:30+08:00 ] 127.0.0.1 /index.php/Back/Privilege/lst
INFO: [ app_init ] --START--
INFO: Run Behavior\BuildLiteBehavior [ RunTime:0.000024s ]
INFO: [ app_init ] --END-- [ RunTime:0.000460s ]
INFO: [ app_begin ] --START--
INFO: Run Behavior\ReadHtmlCacheBehavior [ RunTime:0.000681s ]
INFO: [ app_begin ] --END-- [ RunTime:0.000787s ]
SQL: SHOW COLUMNS FROM `php34_privilege` [ RunTime:0.0047s ]
SQL: SELECT * FROM `php34_privilege`  [ RunTime:0.0007s ]
INFO: [ view_parse ] --START--
INFO: [ template_filter ] --START--
INFO: Run Behavior\ContentReplaceBehavior [ RunTime:0.000178s ]
INFO: [ template_filter ] --END-- [ RunTime:0.000288s ]
INFO: Run Behavior\ParseTemplateBehavior [ RunTime:0.012427s ]
INFO: [ view_parse ] --END-- [ RunTime:0.012549s ]
INFO: [ view_filter ] --START--
INFO: Run Behavior\WriteHtmlCacheBehavior [ RunTime:0.000306s ]
INFO: [ view_filter ] --END-- [ RunTime:0.000386s ]
INFO: [ app_end ] --START--
INFO: Run Behavior\ShowPageTraceBehavior [ RunTime:0.000679s ]
INFO: [ app_end ] --END-- [ RunTime:0.000796s ]

[ 2016-10-15T09:34:30+08:00 ] 127.0.0.1 /index.php/Back/js/transport.js
INFO: [ app_init ] --START--
INFO: Run Behavior\BuildLiteBehavior [ RunTime:0.000023s ]
INFO: [ app_init ] --END-- [ RunTime:0.000499s ]
INFO: [ app_begin ] --START--
INFO: Run Behavior\ReadHtmlCacheBehavior [ RunTime:0.000745s ]
INFO: [ app_begin ] --END-- [ RunTime:0.000859s ]
ERR: 无法加载控制器:Js

[ 2016-10-15T09:34:34+08:00 ] 127.0.0.1 /Back/Privilege/ajaxShow/id/1
INFO: [ app_init ] --START--
INFO: Run Behavior\BuildLiteBehavior [ RunTime:0.000015s ]
INFO: [ app_init ] --END-- [ RunTime:0.000325s ]
INFO: [ app_begin ] --START--
INFO: Run Behavior\ReadHtmlCacheBehavior [ RunTime:0.000443s ]
INFO: [ app_begin ] --END-- [ RunTime:0.000495s ]
SQL: SHOW COLUMNS FROM `php34_privilege` [ RunTime:0.0048s ]
SQL: SELECT * FROM `php34_privilege` WHERE `id` = 1 LIMIT 1   [ RunTime:0.0004s ]
SQL: UPDATE `php34_privilege` SET `is_show`='1' WHERE `id` = 1 [ RunTime:0.0003s ]

[ 2016-10-15T09:34:36+08:00 ] 127.0.0.1 /Back/index/index.html
INFO: [ app_init ] --START--
INFO: Run Behavior\BuildLiteBehavior [ RunTime:0.000025s ]
INFO: [ app_init ] --END-- [ RunTime:0.000522s ]
INFO: [ app_begin ] --START--
INFO: Run Behavior\ReadHtmlCacheBehavior [ RunTime:0.000842s ]
INFO: [ app_begin ] --END-- [ RunTime:0.000980s ]
INFO: [ view_parse ] --START--
INFO: [ template_filter ] --START--
INFO: Run Behavior\ContentReplaceBehavior [ RunTime:0.000067s ]
INFO: [ template_filter ] --END-- [ RunTime:0.000166s ]
INFO: Run Behavior\ParseTemplateBehavior [ RunTime:0.007096s ]
INFO: [ view_parse ] --END-- [ RunTime:0.007219s ]
INFO: [ view_filter ] --START--
INFO: Run Behavior\WriteHtmlCacheBehavior [ RunTime:0.000566s ]
INFO: [ view_filter ] --END-- [ RunTime:0.000664s ]
INFO: [ app_end ] --START--
INFO: Run Behavior\ShowPageTraceBehavior [ RunTime:0.000720s ]
INFO: [ app_end ] --END-- [ RunTime:0.000816s ]

[ 2016-10-15T09:34:36+08:00 ] 127.0.0.1 /Back/Index/top
INFO: [ app_init ] --START--
INFO: Run Behavior\BuildLiteBehavior [ RunTime:0.000023s ]
INFO: [ app_init ] --END-- [ RunTime:0.000493s ]
INFO: [ app_begin ] --START--
INFO: Run Behavior\ReadHtmlCacheBehavior [ RunTime:0.000696s ]
INFO: [ app_begin ] --END-- [ RunTime:0.000802s ]
INFO: [ view_parse ] --START--
INFO: [ template_filter ] --START--
INFO: Run Behavior\ContentReplaceBehavior [ RunTime:0.000195s ]
INFO: [ template_filter ] --END-- [ RunTime:0.000303s ]
INFO: Run Behavior\ParseTemplateBehavior [ RunTime:0.010197s ]
INFO: [ view_parse ] --END-- [ RunTime:0.010303s ]
INFO: [ view_filter ] --START--
INFO: Run Behavior\WriteHtmlCacheBehavior [ RunTime:0.000282s ]
INFO: [ view_filter ] --END-- [ RunTime:0.000360s ]
INFO: [ app_end ] --START--
INFO: Run Behavior\ShowPageTraceBehavior [ RunTime:0.000632s ]
INFO: [ app_end ] --END-- [ RunTime:0.000726s ]

[ 2016-10-15T09:34:36+08:00 ] 127.0.0.1 /Back/Index/main
INFO: [ app_init ] --START--
INFO: Run Behavior\BuildLiteBehavior [ RunTime:0.000026s ]
INFO: [ app_init ] --END-- [ RunTime:0.000590s ]
INFO: [ app_begin ] --START--
INFO: Run Behavior\ReadHtmlCacheBehavior [ RunTime:0.000938s ]
INFO: [ app_begin ] --END-- [ RunTime:0.001063s ]
INFO: [ view_parse ] --START--
INFO: [ template_filter ] --START--
INFO: Run Behavior\ContentReplaceBehavior [ RunTime:0.000215s ]
INFO: [ template_filter ] --END-- [ RunTime:0.000322s ]
INFO: Run Behavior\ParseTemplateBehavior [ RunTime:0.016189s ]
INFO: [ view_parse ] --END-- [ RunTime:0.016304s ]
INFO: [ view_filter ] --START--
INFO: Run Behavior\WriteHtmlCacheBehavior [ RunTime:0.000424s ]
INFO: [ view_filter ] --END-- [ RunTime:0.000504s ]
INFO: [ app_end ] --START--
INFO: Run Behavior\ShowPageTraceBehavior [ RunTime:0.000779s ]
INFO: [ app_end ] --END-- [ RunTime:0.000877s ]

[ 2016-10-15T09:34:36+08:00 ] 127.0.0.1 /Back//Public/js/transport.org.js
INFO: [ app_init ] --START--
INFO: Run Behavior\BuildLiteBehavior [ RunTime:0.000020s ]
INFO: [ app_init ] --END-- [ RunTime:0.000486s ]
INFO: [ app_begin ] --START--
INFO: Run Behavior\ReadHtmlCacheBehavior [ RunTime:0.000908s ]
INFO: [ app_begin ] --END-- [ RunTime:0.001008s ]
ERR: 无法加载控制器:Public

[ 2016-10-15T09:34:36+08:00 ] 127.0.0.1 /Back/Index/left
INFO: [ app_init ] --START--
INFO: Run Behavior\BuildLiteBehavior [ RunTime:0.000021s ]
INFO: [ app_init ] --END-- [ RunTime:0.000527s ]
INFO: [ app_begin ] --START--
INFO: Run Behavior\ReadHtmlCacheBehavior [ RunTime:0.000848s ]
INFO: [ app_begin ] --END-- [ RunTime:0.000960s ]
SQL: SHOW COLUMNS FROM `php34_privilege` [ RunTime:0.0046s ]
SQL: SELECT * FROM `php34_privilege` WHERE `is_show` = 1  [ RunTime:0.0024s ]
INFO: [ view_parse ] --START--
INFO: [ template_filter ] --START--
INFO: Run Behavior\ContentReplaceBehavior [ RunTime:0.000123s ]
INFO: [ template_filter ] --END-- [ RunTime:0.000455s ]
INFO: Run Behavior\ParseTemplateBehavior [ RunTime:0.015459s ]
INFO: [ view_parse ] --END-- [ RunTime:0.015590s ]
INFO: [ view_filter ] --START--
INFO: Run Behavior\WriteHtmlCacheBehavior [ RunTime:0.000502s ]
INFO: [ view_filter ] --END-- [ RunTime:0.000592s ]
INFO: [ app_end ] --START--
INFO: Run Behavior\ShowPageTraceBehavior [ RunTime:0.000726s ]
INFO: [ app_end ] --END-- [ RunTime:0.000792s ]

[ 2016-10-15T10:07:50+08:00 ] 127.0.0.1 /index.php/Back/Goods/lst
INFO: [ app_init ] --START--
INFO: Run Behavior\BuildLiteBehavior [ RunTime:0.000017s ]
INFO: [ app_init ] --END-- [ RunTime:0.000487s ]
INFO: [ app_begin ] --START--
INFO: Run Behavior\ReadHtmlCacheBehavior [ RunTime:0.000950s ]
INFO: [ app_begin ] --END-- [ RunTime:0.001063s ]
NOTIC: [2048] Declaration of Back\Model\GoodsModel::_before_delete() should be compatible with that of Think\Model::_before_delete() E:\php\http\fuxi\Application\Back\Model\GoodsModel.class.php 第 4 行.
SQL: SHOW COLUMNS FROM `php34_goods` [ RunTime:0.0049s ]
SQL: SELECT COUNT(*) AS tp_count FROM `php34_goods` WHERE `is_delete` = 0 LIMIT 1   [ RunTime:0.0001s ]
SQL: SELECT a.*,b.cat_name,group_concat(d.cat_name SEPARATOR "<br/>") ext_name FROM php34_goods a LEFT JOIN php34_category as b on a.cat_id=b.id LEFT JOIN php34_ext_cat as c on c.goods_id=a.id LEFT JOIN php34_category as d on d.id =c.cat_id  WHERE `is_delete` = 0 GROUP BY a.id ORDER BY id desc LIMIT 0,10   [ RunTime:0.0004s ]
INFO: [ view_parse ] --START--
INFO: [ template_filter ] --START--
INFO: Run Behavior\ContentReplaceBehavior [ RunTime:0.000172s ]
INFO: [ template_filter ] --END-- [ RunTime:0.000280s ]
INFO: Run Behavior\ParseTemplateBehavior [ RunTime:0.012814s ]
INFO: [ view_parse ] --END-- [ RunTime:0.012934s ]
INFO: [ view_filter ] --START--
INFO: Run Behavior\WriteHtmlCacheBehavior [ RunTime:0.000519s ]
INFO: [ view_filter ] --END-- [ RunTime:0.000598s ]
INFO: [ app_end ] --START--
INFO: Run Behavior\ShowPageTraceBehavior [ RunTime:0.000851s ]
INFO: [ app_end ] --END-- [ RunTime:0.000939s ]

[ 2016-10-15T10:07:56+08:00 ] 127.0.0.1 /index.php/Back/Brand/lst
INFO: [ app_init ] --START--
INFO: Run Behavior\BuildLiteBehavior [ RunTime:0.000024s ]
INFO: [ app_init ] --END-- [ RunTime:0.000567s ]
INFO: [ app_begin ] --START--
INFO: Run Behavior\ReadHtmlCacheBehavior [ RunTime:0.000977s ]
INFO: [ app_begin ] --END-- [ RunTime:0.001101s ]
SQL: SHOW COLUMNS FROM `php34_brand` [ RunTime:0.0069s ]
SQL: SELECT COUNT(*) AS tp_count FROM `php34_brand` LIMIT 1   [ RunTime:0.0002s ]
SQL: SELECT * FROM `php34_brand`  [ RunTime:0.0004s ]
INFO: [ view_parse ] --START--
INFO: [ template_filter ] --START--
INFO: Run Behavior\ContentReplaceBehavior [ RunTime:0.000140s ]
INFO: [ template_filter ] --END-- [ RunTime:0.000259s ]
INFO: Run Behavior\ParseTemplateBehavior [ RunTime:0.026098s ]
INFO: [ view_parse ] --END-- [ RunTime:0.026229s ]
INFO: [ view_filter ] --START--
INFO: Run Behavior\WriteHtmlCacheBehavior [ RunTime:0.000478s ]
INFO: [ view_filter ] --END-- [ RunTime:0.000565s ]
INFO: [ app_end ] --START--
INFO: Run Behavior\ShowPageTraceBehavior [ RunTime:0.000956s ]
INFO: [ app_end ] --END-- [ RunTime:0.001060s ]

[ 2016-10-15T18:57:15+08:00 ] 127.0.0.1 /back
INFO: [ app_init ] --START--
INFO: Run Behavior\BuildLiteBehavior [ RunTime:0.000023s ]
INFO: [ app_init ] --END-- [ RunTime:0.000530s ]
INFO: [ app_begin ] --START--
INFO: Run Behavior\ReadHtmlCacheBehavior [ RunTime:0.000908s ]
INFO: [ app_begin ] --END-- [ RunTime:0.001011s ]
INFO: [ view_parse ] --START--
INFO: [ template_filter ] --START--
INFO: Run Behavior\ContentReplaceBehavior [ RunTime:0.000077s ]
INFO: [ template_filter ] --END-- [ RunTime:0.000173s ]
INFO: Run Behavior\ParseTemplateBehavior [ RunTime:0.042271s ]
INFO: [ view_parse ] --END-- [ RunTime:0.042396s ]
INFO: [ view_filter ] --START--
INFO: Run Behavior\WriteHtmlCacheBehavior [ RunTime:0.000481s ]
INFO: [ view_filter ] --END-- [ RunTime:0.000563s ]
INFO: [ app_end ] --START--
INFO: Run Behavior\ShowPageTraceBehavior [ RunTime:0.002688s ]
INFO: [ app_end ] --END-- [ RunTime:0.002790s ]

[ 2016-10-15T18:57:16+08:00 ] 127.0.0.1 /Back/Index/top
INFO: [ app_init ] --START--
INFO: Run Behavior\BuildLiteBehavior [ RunTime:0.000026s ]
INFO: [ app_init ] --END-- [ RunTime:0.000495s ]
INFO: [ app_begin ] --START--
INFO: Run Behavior\ReadHtmlCacheBehavior [ RunTime:0.000721s ]
INFO: [ app_begin ] --END-- [ RunTime:0.000847s ]
INFO: [ view_parse ] --START--
INFO: [ template_filter ] --START--
INFO: Run Behavior\ContentReplaceBehavior [ RunTime:0.000197s ]
INFO: [ template_filter ] --END-- [ RunTime:0.000321s ]
INFO: Run Behavior\ParseTemplateBehavior [ RunTime:0.021827s ]
INFO: [ view_parse ] --END-- [ RunTime:0.021948s ]
INFO: [ view_filter ] --START--
INFO: Run Behavior\WriteHtmlCacheBehavior [ RunTime:0.000320s ]
INFO: [ view_filter ] --END-- [ RunTime:0.000406s ]
INFO: [ app_end ] --START--
INFO: Run Behavior\ShowPageTraceBehavior [ RunTime:0.000677s ]
INFO: [ app_end ] --END-- [ RunTime:0.000771s ]

[ 2016-10-15T18:57:16+08:00 ] 127.0.0.1 /Back/Index/left
INFO: [ app_init ] --START--
INFO: Run Behavior\BuildLiteBehavior [ RunTime:0.000022s ]
INFO: [ app_init ] --END-- [ RunTime:0.000514s ]
INFO: [ app_begin ] --START--
INFO: Run Behavior\ReadHtmlCacheBehavior [ RunTime:0.000864s ]
INFO: [ app_begin ] --END-- [ RunTime:0.000984s ]
SQL: SHOW COLUMNS FROM `php34_privilege` [ RunTime:0.0090s ]
SQL: SELECT * FROM `php34_privilege` WHERE `is_show` = 1  [ RunTime:0.0003s ]
INFO: [ view_parse ] --START--
INFO: [ template_filter ] --START--
INFO: Run Behavior\ContentReplaceBehavior [ RunTime:0.000113s ]
INFO: [ template_filter ] --END-- [ RunTime:0.000209s ]
INFO: Run Behavior\ParseTemplateBehavior [ RunTime:0.010124s ]
INFO: [ view_parse ] --END-- [ RunTime:0.010238s ]
INFO: [ view_filter ] --START--
INFO: Run Behavior\WriteHtmlCacheBehavior [ RunTime:0.000474s ]
INFO: [ view_filter ] --END-- [ RunTime:0.000545s ]
INFO: [ app_end ] --START--
INFO: Run Behavior\ShowPageTraceBehavior [ RunTime:0.000791s ]
INFO: [ app_end ] --END-- [ RunTime:0.000867s ]

[ 2016-10-15T18:57:16+08:00 ] 127.0.0.1 /Back//Public/js/transport.org.js
INFO: [ app_init ] --START--
INFO: Run Behavior\BuildLiteBehavior [ RunTime:0.000019s ]
INFO: [ app_init ] --END-- [ RunTime:0.000469s ]
INFO: [ app_begin ] --START--
INFO: Run Behavior\ReadHtmlCacheBehavior [ RunTime:0.000708s ]
INFO: [ app_begin ] --END-- [ RunTime:0.000812s ]
ERR: 无法加载控制器:Public

[ 2016-10-15T18:57:16+08:00 ] 127.0.0.1 /Back/Index/main
INFO: [ app_init ] --START--
INFO: Run Behavior\BuildLiteBehavior [ RunTime:0.000026s ]
INFO: [ app_init ] --END-- [ RunTime:0.000933s ]
INFO: [ app_begin ] --START--
INFO: Run Behavior\ReadHtmlCacheBehavior [ RunTime:0.000923s ]
INFO: [ app_begin ] --END-- [ RunTime:0.001043s ]
INFO: [ view_parse ] --START--
INFO: [ template_filter ] --START--
INFO: Run Behavior\ContentReplaceBehavior [ RunTime:0.000214s ]
INFO: [ template_filter ] --END-- [ RunTime:0.000340s ]
INFO: Run Behavior\ParseTemplateBehavior [ RunTime:0.060885s ]
INFO: [ view_parse ] --END-- [ RunTime:0.061009s ]
INFO: [ view_filter ] --START--
INFO: Run Behavior\WriteHtmlCacheBehavior [ RunTime:0.001722s ]
INFO: [ view_filter ] --END-- [ RunTime:0.001830s ]
INFO: [ app_end ] --START--
INFO: Run Behavior\ShowPageTraceBehavior [ RunTime:0.002065s ]
INFO: [ app_end ] --END-- [ RunTime:0.002180s ]

[ 2016-10-15T18:57:21+08:00 ] 127.0.0.1 /index.php/Back/Goods/lst
INFO: [ app_init ] --START--
INFO: Run Behavior\BuildLiteBehavior [ RunTime:0.000016s ]
INFO: [ app_init ] --END-- [ RunTime:0.000332s ]
INFO: [ app_begin ] --START--
INFO: Run Behavior\ReadHtmlCacheBehavior [ RunTime:0.000586s ]
INFO: [ app_begin ] --END-- [ RunTime:0.000644s ]
NOTIC: [2048] Declaration of Back\Model\GoodsModel::_before_delete() should be compatible with that of Think\Model::_before_delete() E:\php\http\fuxi\Application\Back\Model\GoodsModel.class.php 第 4 行.
SQL: SHOW COLUMNS FROM `php34_goods` [ RunTime:0.0066s ]
SQL: SELECT COUNT(*) AS tp_count FROM `php34_goods` WHERE `is_delete` = 0 LIMIT 1   [ RunTime:0.0002s ]
SQL: SELECT a.*,b.cat_name,group_concat(d.cat_name SEPARATOR "<br/>") ext_name FROM php34_goods a LEFT JOIN php34_category as b on a.cat_id=b.id LEFT JOIN php34_ext_cat as c on c.goods_id=a.id LEFT JOIN php34_category as d on d.id =c.cat_id  WHERE `is_delete` = 0 GROUP BY a.id ORDER BY id desc LIMIT 0,10   [ RunTime:0.0004s ]
INFO: [ view_parse ] --START--
INFO: [ template_filter ] --START--
INFO: Run Behavior\ContentReplaceBehavior [ RunTime:0.000118s ]
INFO: [ template_filter ] --END-- [ RunTime:0.000188s ]
INFO: Run Behavior\ParseTemplateBehavior [ RunTime:0.008849s ]
INFO: [ view_parse ] --END-- [ RunTime:0.008923s ]
INFO: [ view_filter ] --START--
INFO: Run Behavior\WriteHtmlCacheBehavior [ RunTime:0.000220s ]
INFO: [ view_filter ] --END-- [ RunTime:0.000272s ]
INFO: [ app_end ] --START--
INFO: Run Behavior\ShowPageTraceBehavior [ RunTime:0.000566s ]
INFO: [ app_end ] --END-- [ RunTime:0.001261s ]

[ 2016-10-15T18:57:25+08:00 ] 127.0.0.1 /index.php/Back/Goods/lst
INFO: [ app_init ] --START--
INFO: Run Behavior\BuildLiteBehavior [ RunTime:0.000015s ]
INFO: [ app_init ] --END-- [ RunTime:0.000316s ]
INFO: [ app_begin ] --START--
INFO: Run Behavior\ReadHtmlCacheBehavior [ RunTime:0.000444s ]
INFO: [ app_begin ] --END-- [ RunTime:0.000503s ]
NOTIC: [2048] Declaration of Back\Model\GoodsModel::_before_delete() should be compatible with that of Think\Model::_before_delete() E:\php\http\fuxi\Application\Back\Model\GoodsModel.class.php 第 4 行.
SQL: SHOW COLUMNS FROM `php34_goods` [ RunTime:0.0050s ]
SQL: SELECT COUNT(*) AS tp_count FROM `php34_goods` WHERE `is_delete` = 0 LIMIT 1   [ RunTime:0.0002s ]
SQL: SELECT a.*,b.cat_name,group_concat(d.cat_name SEPARATOR "<br/>") ext_name FROM php34_goods a LEFT JOIN php34_category as b on a.cat_id=b.id LEFT JOIN php34_ext_cat as c on c.goods_id=a.id LEFT JOIN php34_category as d on d.id =c.cat_id  WHERE `is_delete` = 0 GROUP BY a.id ORDER BY id desc LIMIT 0,10   [ RunTime:0.0003s ]
INFO: [ view_parse ] --START--
INFO: [ template_filter ] --START--
INFO: Run Behavior\ContentReplaceBehavior [ RunTime:0.000112s ]
INFO: [ template_filter ] --END-- [ RunTime:0.000183s ]
INFO: Run Behavior\ParseTemplateBehavior [ RunTime:0.009768s ]
INFO: [ view_parse ] --END-- [ RunTime:0.009841s ]
INFO: [ view_filter ] --START--
INFO: Run Behavior\WriteHtmlCacheBehavior [ RunTime:0.000215s ]
INFO: [ view_filter ] --END-- [ RunTime:0.000265s ]
INFO: [ app_end ] --START--
INFO: Run Behavior\ShowPageTraceBehavior [ RunTime:0.000454s ]
INFO: [ app_end ] --END-- [ RunTime:0.000516s ]

[ 2016-10-15T18:57:33+08:00 ] 127.0.0.1 /index.php/Back/Goods/lst?&page=3
INFO: [ app_init ] --START--
INFO: Run Behavior\BuildLiteBehavior [ RunTime:0.000016s ]
INFO: [ app_init ] --END-- [ RunTime:0.000311s ]
INFO: [ app_begin ] --START--
INFO: Run Behavior\ReadHtmlCacheBehavior [ RunTime:0.000464s ]
INFO: [ app_begin ] --END-- [ RunTime:0.000529s ]
NOTIC: [2048] Declaration of Back\Model\GoodsModel::_before_delete() should be compatible with that of Think\Model::_before_delete() E:\php\http\fuxi\Application\Back\Model\GoodsModel.class.php 第 4 行.
SQL: SHOW COLUMNS FROM `php34_goods` [ RunTime:0.0048s ]
SQL: SELECT COUNT(*) AS tp_count FROM `php34_goods` WHERE `is_delete` = 0 LIMIT 1   [ RunTime:0.0002s ]
SQL: SELECT a.*,b.cat_name,group_concat(d.cat_name SEPARATOR "<br/>") ext_name FROM php34_goods a LEFT JOIN php34_category as b on a.cat_id=b.id LEFT JOIN php34_ext_cat as c on c.goods_id=a.id LEFT JOIN php34_category as d on d.id =c.cat_id  WHERE `is_delete` = 0 GROUP BY a.id ORDER BY id desc LIMIT 20,10   [ RunTime:0.0067s ]
INFO: [ view_parse ] --START--
INFO: [ template_filter ] --START--
INFO: Run Behavior\ContentReplaceBehavior [ RunTime:0.000109s ]
INFO: [ template_filter ] --END-- [ RunTime:0.000166s ]
INFO: Run Behavior\ParseTemplateBehavior [ RunTime:0.007748s ]
INFO: [ view_parse ] --END-- [ RunTime:0.007828s ]
INFO: [ view_filter ] --START--
INFO: Run Behavior\WriteHtmlCacheBehavior [ RunTime:0.000202s ]
INFO: [ view_filter ] --END-- [ RunTime:0.000252s ]
INFO: [ app_end ] --START--
INFO: Run Behavior\ShowPageTraceBehavior [ RunTime:0.000612s ]
INFO: [ app_end ] --END-- [ RunTime:0.000676s ]

[ 2016-10-15T18:57:57+08:00 ] 127.0.0.1 /index.php/Back/Goods/lst?&page=2
INFO: [ app_init ] --START--
INFO: Run Behavior\BuildLiteBehavior [ RunTime:0.000015s ]
INFO: [ app_init ] --END-- [ RunTime:0.000304s ]
INFO: [ app_begin ] --START--
INFO: Run Behavior\ReadHtmlCacheBehavior [ RunTime:0.000460s ]
INFO: [ app_begin ] --END-- [ RunTime:0.000517s ]
NOTIC: [2048] Declaration of Back\Model\GoodsModel::_before_delete() should be compatible with that of Think\Model::_before_delete() E:\php\http\fuxi\Application\Back\Model\GoodsModel.class.php 第 4 行.
SQL: SHOW COLUMNS FROM `php34_goods` [ RunTime:0.0047s ]
SQL: SELECT COUNT(*) AS tp_count FROM `php34_goods` WHERE `is_delete` = 0 LIMIT 1   [ RunTime:0.0001s ]
SQL: SELECT a.*,b.cat_name,group_concat(d.cat_name SEPARATOR "<br/>") ext_name FROM php34_goods a LEFT JOIN php34_category as b on a.cat_id=b.id LEFT JOIN php34_ext_cat as c on c.goods_id=a.id LEFT JOIN php34_category as d on d.id =c.cat_id  WHERE `is_delete` = 0 GROUP BY a.id ORDER BY id desc LIMIT 10,10   [ RunTime:0.0013s ]
INFO: [ view_parse ] --START--
INFO: [ template_filter ] --START--
INFO: Run Behavior\ContentReplaceBehavior [ RunTime:0.000111s ]
INFO: [ template_filter ] --END-- [ RunTime:0.000180s ]
INFO: Run Behavior\ParseTemplateBehavior [ RunTime:0.008033s ]
INFO: [ view_parse ] --END-- [ RunTime:0.008099s ]
INFO: [ view_filter ] --START--
INFO: Run Behavior\WriteHtmlCacheBehavior [ RunTime:0.000214s ]
INFO: [ view_filter ] --END-- [ RunTime:0.000265s ]
INFO: [ app_end ] --START--
INFO: Run Behavior\ShowPageTraceBehavior [ RunTime:0.000591s ]
INFO: [ app_end ] --END-- [ RunTime:0.000654s ]

