[ 2016-10-11T09:09:27+08:00 ] 127.0.0.1 /back
INFO: [ app_init ] --START--
INFO: Run Behavior\BuildLiteBehavior [ RunTime:0.000017s ]
INFO: [ app_init ] --END-- [ RunTime:0.000420s ]
INFO: [ app_begin ] --START--
INFO: Run Behavior\ReadHtmlCacheBehavior [ RunTime:0.000707s ]
INFO: [ app_begin ] --END-- [ RunTime:0.000797s ]

[ 2016-10-11T09:09:27+08:00 ] 127.0.0.1 /Back/Login/index.html
INFO: [ app_init ] --START--
INFO: Run Behavior\BuildLiteBehavior [ RunTime:0.000027s ]
INFO: [ app_init ] --END-- [ RunTime:0.000496s ]
INFO: [ app_begin ] --START--
INFO: Run Behavior\ReadHtmlCacheBehavior [ RunTime:0.000956s ]
INFO: [ app_begin ] --END-- [ RunTime:0.001064s ]
INFO: [ view_parse ] --START--
INFO: [ template_filter ] --START--
INFO: Run Behavior\ContentReplaceBehavior [ RunTime:0.000092s ]
INFO: [ template_filter ] --END-- [ RunTime:0.000202s ]
INFO: Run Behavior\ParseTemplateBehavior [ RunTime:0.022854s ]
INFO: [ view_parse ] --END-- [ RunTime:0.022962s ]
INFO: [ view_filter ] --START--
INFO: Run Behavior\WriteHtmlCacheBehavior [ RunTime:0.000418s ]
INFO: [ view_filter ] --END-- [ RunTime:0.000493s ]
INFO: [ app_end ] --START--
INFO: Run Behavior\ShowPageTraceBehavior [ RunTime:0.000734s ]
INFO: [ app_end ] --END-- [ RunTime:0.000819s ]

[ 2016-10-11T09:09:27+08:00 ] 127.0.0.1 /Back//Public/js/utils.js
INFO: [ app_init ] --START--
INFO: Run Behavior\BuildLiteBehavior [ RunTime:0.000024s ]
INFO: [ app_init ] --END-- [ RunTime:0.000485s ]
INFO: [ app_begin ] --START--
INFO: Run Behavior\ReadHtmlCacheBehavior [ RunTime:0.000692s ]
INFO: [ app_begin ] --END-- [ RunTime:0.000787s ]
ERR: 无法加载控制器:Public

[ 2016-10-11T09:09:32+08:00 ] 127.0.0.1 /Back/Login/index.html
INFO: [ app_init ] --START--
INFO: Run Behavior\BuildLiteBehavior [ RunTime:0.000025s ]
INFO: [ app_init ] --END-- [ RunTime:0.000503s ]
INFO: [ app_begin ] --START--
INFO: Run Behavior\ReadHtmlCacheBehavior [ RunTime:0.000706s ]
INFO: [ app_begin ] --END-- [ RunTime:0.000810s ]
SQL: SHOW COLUMNS FROM `php34_manage` [ RunTime:0.0621s ]
SQL: SELECT * FROM `php34_manage` WHERE `admin_name` = 'admin' AND `admin_pwd` = '202cb962ac59075b964b07152d234b70' LIMIT 1   [ RunTime:0.0004s ]

[ 2016-10-11T09:09:32+08:00 ] 127.0.0.1 /Back/index/index.html
INFO: [ app_init ] --START--
INFO: Run Behavior\BuildLiteBehavior [ RunTime:0.000025s ]
INFO: [ app_init ] --END-- [ RunTime:0.000537s ]
INFO: [ app_begin ] --START--
INFO: Run Behavior\ReadHtmlCacheBehavior [ RunTime:0.000744s ]
INFO: [ app_begin ] --END-- [ RunTime:0.000851s ]
INFO: [ view_parse ] --START--
INFO: [ template_filter ] --START--
INFO: Run Behavior\ContentReplaceBehavior [ RunTime:0.000077s ]
INFO: [ template_filter ] --END-- [ RunTime:0.000194s ]
INFO: Run Behavior\ParseTemplateBehavior [ RunTime:0.074649s ]
INFO: [ view_parse ] --END-- [ RunTime:0.074794s ]
INFO: [ view_filter ] --START--
INFO: Run Behavior\WriteHtmlCacheBehavior [ RunTime:0.000235s ]
INFO: [ view_filter ] --END-- [ RunTime:0.000287s ]
INFO: [ app_end ] --START--
INFO: Run Behavior\ShowPageTraceBehavior [ RunTime:0.000480s ]
INFO: [ app_end ] --END-- [ RunTime:0.000538s ]

[ 2016-10-11T09:09:32+08:00 ] 127.0.0.1 /Back/Index/top
INFO: [ app_init ] --START--
INFO: Run Behavior\BuildLiteBehavior [ RunTime:0.000016s ]
INFO: [ app_init ] --END-- [ RunTime:0.000335s ]
INFO: [ app_begin ] --START--
INFO: Run Behavior\ReadHtmlCacheBehavior [ RunTime:0.000455s ]
INFO: [ app_begin ] --END-- [ RunTime:0.000522s ]
INFO: [ view_parse ] --START--
INFO: [ template_filter ] --START--
INFO: Run Behavior\ContentReplaceBehavior [ RunTime:0.000139s ]
INFO: [ template_filter ] --END-- [ RunTime:0.000223s ]
INFO: Run Behavior\ParseTemplateBehavior [ RunTime:0.045072s ]
INFO: [ view_parse ] --END-- [ RunTime:0.045188s ]
INFO: [ view_filter ] --START--
INFO: Run Behavior\WriteHtmlCacheBehavior [ RunTime:0.000320s ]
INFO: [ view_filter ] --END-- [ RunTime:0.000406s ]
INFO: [ app_end ] --START--
INFO: Run Behavior\ShowPageTraceBehavior [ RunTime:0.000708s ]
INFO: [ app_end ] --END-- [ RunTime:0.000812s ]

[ 2016-10-11T09:09:32+08:00 ] 127.0.0.1 /Back/Index/main
INFO: [ app_init ] --START--
INFO: Run Behavior\BuildLiteBehavior [ RunTime:0.000024s ]
INFO: [ app_init ] --END-- [ RunTime:0.000534s ]
INFO: [ app_begin ] --START--
INFO: Run Behavior\ReadHtmlCacheBehavior [ RunTime:0.000855s ]
INFO: [ app_begin ] --END-- [ RunTime:0.000958s ]
INFO: [ view_parse ] --START--
INFO: [ template_filter ] --START--
INFO: Run Behavior\ContentReplaceBehavior [ RunTime:0.000221s ]
INFO: [ template_filter ] --END-- [ RunTime:0.000343s ]
INFO: Run Behavior\ParseTemplateBehavior [ RunTime:0.036888s ]
INFO: [ view_parse ] --END-- [ RunTime:0.037026s ]
INFO: [ view_filter ] --START--
INFO: Run Behavior\WriteHtmlCacheBehavior [ RunTime:0.000468s ]
INFO: [ view_filter ] --END-- [ RunTime:0.000561s ]
INFO: [ app_end ] --START--
INFO: Run Behavior\ShowPageTraceBehavior [ RunTime:0.000836s ]
INFO: [ app_end ] --END-- [ RunTime:0.000934s ]

[ 2016-10-11T09:09:32+08:00 ] 127.0.0.1 /Back//Public/js/transport.org.js
INFO: [ app_init ] --START--
INFO: Run Behavior\BuildLiteBehavior [ RunTime:0.000027s ]
INFO: [ app_init ] --END-- [ RunTime:0.000573s ]
INFO: [ app_begin ] --START--
INFO: Run Behavior\ReadHtmlCacheBehavior [ RunTime:0.000827s ]
INFO: [ app_begin ] --END-- [ RunTime:0.000947s ]
ERR: 无法加载控制器:Public

[ 2016-10-11T09:09:32+08:00 ] 127.0.0.1 /Back/Index/left
INFO: [ app_init ] --START--
INFO: Run Behavior\BuildLiteBehavior [ RunTime:0.000026s ]
INFO: [ app_init ] --END-- [ RunTime:0.000587s ]
INFO: [ app_begin ] --START--
INFO: Run Behavior\ReadHtmlCacheBehavior [ RunTime:0.000950s ]
INFO: [ app_begin ] --END-- [ RunTime:0.001065s ]
SQL: SHOW COLUMNS FROM `php34_privilege` [ RunTime:0.0382s ]
SQL: SELECT * FROM `php34_privilege` WHERE `is_show` = 1  [ RunTime:0.0229s ]
INFO: [ view_parse ] --START--
INFO: [ template_filter ] --START--
INFO: Run Behavior\ContentReplaceBehavior [ RunTime:0.000125s ]
INFO: [ template_filter ] --END-- [ RunTime:0.000250s ]
INFO: Run Behavior\ParseTemplateBehavior [ RunTime:0.040283s ]
INFO: [ view_parse ] --END-- [ RunTime:0.040421s ]
INFO: [ view_filter ] --START--
INFO: Run Behavior\WriteHtmlCacheBehavior [ RunTime:0.000464s ]
INFO: [ view_filter ] --END-- [ RunTime:0.000561s ]
INFO: [ app_end ] --START--
INFO: Run Behavior\ShowPageTraceBehavior [ RunTime:0.000868s ]
INFO: [ app_end ] --END-- [ RunTime:0.000997s ]

[ 2016-10-11T09:09:40+08:00 ] 127.0.0.1 /index.php/Back/Goods/lst
INFO: [ app_init ] --START--
INFO: Run Behavior\BuildLiteBehavior [ RunTime:0.000015s ]
INFO: [ app_init ] --END-- [ RunTime:0.000326s ]
INFO: [ app_begin ] --START--
INFO: Run Behavior\ReadHtmlCacheBehavior [ RunTime:0.000537s ]
INFO: [ app_begin ] --END-- [ RunTime:0.000610s ]
NOTIC: [2048] Declaration of Back\Model\GoodsModel::_before_delete() should be compatible with that of Think\Model::_before_delete() E:\php\http\fuxi\Application\Back\Model\GoodsModel.class.php 第 4 行.
SQL: SHOW COLUMNS FROM `php34_goods` [ RunTime:0.0070s ]
SQL: SELECT COUNT(*) AS tp_count FROM `php34_goods` WHERE `is_delete` = 0 LIMIT 1   [ RunTime:0.0005s ]
SQL: SELECT a.*,b.cat_name,group_concat(d.cat_name SEPARATOR "<br/>") ext_name FROM php34_goods a LEFT JOIN php34_category as b on a.cat_id=b.id LEFT JOIN php34_ext_cat as c on c.goods_id=a.id LEFT JOIN php34_category as d on d.id =c.cat_id  WHERE `is_delete` = 0 GROUP BY a.id ORDER BY id desc LIMIT 0,10   [ RunTime:0.0648s ]
INFO: [ view_parse ] --START--
INFO: [ template_filter ] --START--
INFO: Run Behavior\ContentReplaceBehavior [ RunTime:0.000160s ]
INFO: [ template_filter ] --END-- [ RunTime:0.000257s ]
INFO: Run Behavior\ParseTemplateBehavior [ RunTime:0.050141s ]
INFO: [ view_parse ] --END-- [ RunTime:0.050237s ]
INFO: [ view_filter ] --START--
INFO: Run Behavior\WriteHtmlCacheBehavior [ RunTime:0.000277s ]
INFO: [ view_filter ] --END-- [ RunTime:0.000365s ]
INFO: [ app_end ] --START--
INFO: Run Behavior\ShowPageTraceBehavior [ RunTime:0.001299s ]
INFO: [ app_end ] --END-- [ RunTime:0.001483s ]

[ 2016-10-11T09:09:46+08:00 ] 127.0.0.1 /Back/Goods/goodsNumber/id/55
INFO: [ app_init ] --START--
INFO: Run Behavior\BuildLiteBehavior [ RunTime:0.000025s ]
INFO: [ app_init ] --END-- [ RunTime:0.000514s ]
INFO: [ app_begin ] --START--
INFO: Run Behavior\ReadHtmlCacheBehavior [ RunTime:0.000694s ]
INFO: [ app_begin ] --END-- [ RunTime:0.000821s ]
SQL: SHOW COLUMNS FROM `php34_goods_attr` [ RunTime:0.0714s ]
SQL: SELECT group_concat(a.id) ids,group_concat(a.attr_value) attr_value,b.attr_name FROM php34_goods_attr a INNER JOIN php34_attr b on b.id=a.attr_id  WHERE `goods_id` = '55' GROUP BY a.attr_id HAVING count(*)>1  [ RunTime:0.0487s ]
NOTIC: [8] Undefined offset: 0 E:\php\http\fuxi\Application\Back\Controller\GoodsController.class.php 第 171 行.
SQL: SHOW COLUMNS FROM `php34_goods_number` [ RunTime:0.0068s ]
SQL: SELECT * FROM `php34_goods_number` WHERE `goods_id` = '55'  [ RunTime:0.0003s ]
NOTIC: [8] Undefined variable: data E:\php\http\fuxi\Application\Back\Controller\GoodsController.class.php 第 160 行.

[ 2016-10-11T09:12:37+08:00 ] 127.0.0.1 /index.php/Back/Goods/lst
INFO: [ app_init ] --START--
INFO: Run Behavior\BuildLiteBehavior [ RunTime:0.000023s ]
INFO: [ app_init ] --END-- [ RunTime:0.000529s ]
INFO: [ app_begin ] --START--
INFO: Run Behavior\ReadHtmlCacheBehavior [ RunTime:0.000854s ]
INFO: [ app_begin ] --END-- [ RunTime:0.000952s ]
NOTIC: [2048] Declaration of Back\Model\GoodsModel::_before_delete() should be compatible with that of Think\Model::_before_delete() E:\php\http\fuxi\Application\Back\Model\GoodsModel.class.php 第 4 行.
SQL: SHOW COLUMNS FROM `php34_goods` [ RunTime:0.0048s ]
SQL: SELECT COUNT(*) AS tp_count FROM `php34_goods` WHERE `is_delete` = 0 LIMIT 1   [ RunTime:0.0002s ]
SQL: SELECT a.*,b.cat_name,group_concat(d.cat_name SEPARATOR "<br/>") ext_name FROM php34_goods a LEFT JOIN php34_category as b on a.cat_id=b.id LEFT JOIN php34_ext_cat as c on c.goods_id=a.id LEFT JOIN php34_category as d on d.id =c.cat_id  WHERE `is_delete` = 0 GROUP BY a.id ORDER BY id desc LIMIT 0,10   [ RunTime:0.0004s ]
INFO: [ view_parse ] --START--
INFO: [ template_filter ] --START--
INFO: Run Behavior\ContentReplaceBehavior [ RunTime:0.000113s ]
INFO: [ template_filter ] --END-- [ RunTime:0.000183s ]
INFO: Run Behavior\ParseTemplateBehavior [ RunTime:0.011403s ]
INFO: [ view_parse ] --END-- [ RunTime:0.011490s ]
INFO: [ view_filter ] --START--
INFO: Run Behavior\WriteHtmlCacheBehavior [ RunTime:0.000315s ]
INFO: [ view_filter ] --END-- [ RunTime:0.000367s ]
INFO: [ app_end ] --START--
INFO: Run Behavior\ShowPageTraceBehavior [ RunTime:0.000801s ]
INFO: [ app_end ] --END-- [ RunTime:0.000931s ]

[ 2016-10-11T09:12:42+08:00 ] 127.0.0.1 /Back/Goods/edit/id/60
INFO: [ app_init ] --START--
INFO: Run Behavior\BuildLiteBehavior [ RunTime:0.000022s ]
INFO: [ app_init ] --END-- [ RunTime:0.000475s ]
INFO: [ app_begin ] --START--
INFO: Run Behavior\ReadHtmlCacheBehavior [ RunTime:0.000684s ]
INFO: [ app_begin ] --END-- [ RunTime:0.000782s ]
NOTIC: [2048] Declaration of Back\Model\GoodsModel::_before_delete() should be compatible with that of Think\Model::_before_delete() E:\php\http\fuxi\Application\Back\Model\GoodsModel.class.php 第 4 行.
SQL: SHOW COLUMNS FROM `php34_goods` [ RunTime:0.0043s ]
SQL: SHOW COLUMNS FROM `php34_type` [ RunTime:0.0221s ]
SQL: SELECT * FROM `php34_type`  [ RunTime:0.0004s ]
SQL: SELECT * FROM `php34_goods` WHERE `id` = 60 LIMIT 1   [ RunTime:0.0004s ]
SQL: SHOW COLUMNS FROM `php34_attr` [ RunTime:0.0043s ]
SQL: SELECT a.*,b.id a_id,b.attr_value FROM php34_attr a LEFT JOIN  php34_goods_attr as b on b.attr_id = a.id and b.goods_id=60  WHERE ( a.type_id=7 )  [ RunTime:0.0233s ]
SQL: SHOW COLUMNS FROM `php34_member_level` [ RunTime:0.0584s ]
SQL: SELECT a.id,a.level_name,b.youhui_price as price FROM php34_member_level a left join php34_youhui_price as b on a.id=b.youhui_num and b.goods_id=60   [ RunTime:0.0489s ]
SQL: SHOW COLUMNS FROM `php34_pic` [ RunTime:0.0480s ]
SQL: SELECT * FROM `php34_pic` WHERE `goods_id` = '60'  [ RunTime:0.0005s ]
NOTIC: [2048] Declaration of Back\Model\CategoryModel::_before_delete() should be compatible with that of Think\Model::_before_delete() E:\php\http\fuxi\Application\Back\Model\CategoryModel.class.php 第 249 行.
SQL: SHOW COLUMNS FROM `php34_category` [ RunTime:0.0048s ]
SQL: SELECT `id`,`cat_name`,`parent_id` FROM `php34_category`  [ RunTime:0.0003s ]
SQL: SHOW COLUMNS FROM `php34_ext_cat` [ RunTime:0.0042s ]
SQL: SELECT * FROM `php34_ext_cat` WHERE `goods_id` = '60'  [ RunTime:0.0003s ]
INFO: [ view_parse ] --START--
INFO: [ template_filter ] --START--
INFO: Run Behavior\ContentReplaceBehavior [ RunTime:0.000318s ]
INFO: [ template_filter ] --END-- [ RunTime:0.000427s ]
SQL: SHOW COLUMNS FROM `php34_brand` [ RunTime:0.0055s ]
SQL: SELECT `brand_name`,`id` FROM `php34_brand`  [ RunTime:0.0003s ]
INFO: Run Behavior\ParseTemplateBehavior [ RunTime:0.050475s ]
INFO: [ view_parse ] --END-- [ RunTime:0.050550s ]
INFO: [ view_filter ] --START--
INFO: Run Behavior\WriteHtmlCacheBehavior [ RunTime:0.000273s ]
INFO: [ view_filter ] --END-- [ RunTime:0.000325s ]
INFO: [ app_end ] --START--
INFO: Run Behavior\ShowPageTraceBehavior [ RunTime:0.000711s ]
INFO: [ app_end ] --END-- [ RunTime:0.000813s ]

[ 2016-10-11T09:12:48+08:00 ] 127.0.0.1 /Back/Goods/goodsNumber/id/60
INFO: [ app_init ] --START--
INFO: Run Behavior\BuildLiteBehavior [ RunTime:0.000023s ]
INFO: [ app_init ] --END-- [ RunTime:0.000464s ]
INFO: [ app_begin ] --START--
INFO: Run Behavior\ReadHtmlCacheBehavior [ RunTime:0.000696s ]
INFO: [ app_begin ] --END-- [ RunTime:0.000803s ]
SQL: SHOW COLUMNS FROM `php34_goods_attr` [ RunTime:0.0045s ]
SQL: SELECT group_concat(a.id) ids,group_concat(a.attr_value) attr_value,b.attr_name FROM php34_goods_attr a INNER JOIN php34_attr b on b.id=a.attr_id  WHERE `goods_id` = '60' GROUP BY a.attr_id HAVING count(*)>1  [ RunTime:0.0010s ]
SQL: SHOW COLUMNS FROM `php34_goods_number` [ RunTime:0.0046s ]
SQL: SELECT * FROM `php34_goods_number` WHERE `goods_id` = '60'  [ RunTime:0.0004s ]
INFO: [ view_parse ] --START--
INFO: [ template_filter ] --START--
INFO: Run Behavior\ContentReplaceBehavior [ RunTime:0.000095s ]
INFO: [ template_filter ] --END-- [ RunTime:0.000203s ]

[ 2016-10-11T09:13:05+08:00 ] 127.0.0.1 /index.php/Back/Goods/lst
INFO: [ app_init ] --START--
INFO: Run Behavior\BuildLiteBehavior [ RunTime:0.000024s ]
INFO: [ app_init ] --END-- [ RunTime:0.000486s ]
INFO: [ app_begin ] --START--
INFO: Run Behavior\ReadHtmlCacheBehavior [ RunTime:0.000681s ]
INFO: [ app_begin ] --END-- [ RunTime:0.000777s ]
NOTIC: [2048] Declaration of Back\Model\GoodsModel::_before_delete() should be compatible with that of Think\Model::_before_delete() E:\php\http\fuxi\Application\Back\Model\GoodsModel.class.php 第 4 行.
SQL: SHOW COLUMNS FROM `php34_goods` [ RunTime:0.0044s ]
SQL: SELECT COUNT(*) AS tp_count FROM `php34_goods` WHERE `is_delete` = 0 LIMIT 1   [ RunTime:0.0002s ]
SQL: SELECT a.*,b.cat_name,group_concat(d.cat_name SEPARATOR "<br/>") ext_name FROM php34_goods a LEFT JOIN php34_category as b on a.cat_id=b.id LEFT JOIN php34_ext_cat as c on c.goods_id=a.id LEFT JOIN php34_category as d on d.id =c.cat_id  WHERE `is_delete` = 0 GROUP BY a.id ORDER BY id desc LIMIT 0,10   [ RunTime:0.0003s ]
INFO: [ view_parse ] --START--
INFO: [ template_filter ] --START--
INFO: Run Behavior\ContentReplaceBehavior [ RunTime:0.000178s ]
INFO: [ template_filter ] --END-- [ RunTime:0.000291s ]
INFO: Run Behavior\ParseTemplateBehavior [ RunTime:0.011621s ]
INFO: [ view_parse ] --END-- [ RunTime:0.011728s ]
INFO: [ view_filter ] --START--
INFO: Run Behavior\WriteHtmlCacheBehavior [ RunTime:0.000345s ]
INFO: [ view_filter ] --END-- [ RunTime:0.000440s ]
INFO: [ app_end ] --START--
INFO: Run Behavior\ShowPageTraceBehavior [ RunTime:0.000730s ]
INFO: [ app_end ] --END-- [ RunTime:0.000837s ]

[ 2016-10-11T09:13:08+08:00 ] 127.0.0.1 /Back/Goods/goodsNumber/id/60
INFO: [ app_init ] --START--
INFO: Run Behavior\BuildLiteBehavior [ RunTime:0.000023s ]
INFO: [ app_init ] --END-- [ RunTime:0.000496s ]
INFO: [ app_begin ] --START--
INFO: Run Behavior\ReadHtmlCacheBehavior [ RunTime:0.000749s ]
INFO: [ app_begin ] --END-- [ RunTime:0.000969s ]
SQL: SHOW COLUMNS FROM `php34_goods_attr` [ RunTime:0.0055s ]
SQL: SELECT group_concat(a.id) ids,group_concat(a.attr_value) attr_value,b.attr_name FROM php34_goods_attr a INNER JOIN php34_attr b on b.id=a.attr_id  WHERE `goods_id` = '60' GROUP BY a.attr_id HAVING count(*)>1  [ RunTime:0.0002s ]
SQL: SHOW COLUMNS FROM `php34_goods_number` [ RunTime:0.0049s ]
SQL: SELECT * FROM `php34_goods_number` WHERE `goods_id` = '60'  [ RunTime:0.0005s ]
INFO: [ view_parse ] --START--
INFO: [ template_filter ] --START--
INFO: Run Behavior\ContentReplaceBehavior [ RunTime:0.000081s ]
INFO: [ template_filter ] --END-- [ RunTime:0.000182s ]
INFO: Run Behavior\ParseTemplateBehavior [ RunTime:0.009760s ]
INFO: [ view_parse ] --END-- [ RunTime:0.009863s ]
INFO: [ view_filter ] --START--
INFO: Run Behavior\WriteHtmlCacheBehavior [ RunTime:0.000219s ]
INFO: [ view_filter ] --END-- [ RunTime:0.000269s ]
INFO: [ app_end ] --START--
INFO: Run Behavior\ShowPageTraceBehavior [ RunTime:0.000432s ]
INFO: [ app_end ] --END-- [ RunTime:0.000486s ]

[ 2016-10-11T09:13:11+08:00 ] 127.0.0.1 /Back/Goods/lst
INFO: [ app_init ] --START--
INFO: Run Behavior\BuildLiteBehavior [ RunTime:0.000015s ]
INFO: [ app_init ] --END-- [ RunTime:0.000307s ]
INFO: [ app_begin ] --START--
INFO: Run Behavior\ReadHtmlCacheBehavior [ RunTime:0.000459s ]
INFO: [ app_begin ] --END-- [ RunTime:0.000519s ]
NOTIC: [2048] Declaration of Back\Model\GoodsModel::_before_delete() should be compatible with that of Think\Model::_before_delete() E:\php\http\fuxi\Application\Back\Model\GoodsModel.class.php 第 4 行.
SQL: SHOW COLUMNS FROM `php34_goods` [ RunTime:0.0054s ]
SQL: SELECT COUNT(*) AS tp_count FROM `php34_goods` WHERE `is_delete` = 0 LIMIT 1   [ RunTime:0.0002s ]
SQL: SELECT a.*,b.cat_name,group_concat(d.cat_name SEPARATOR "<br/>") ext_name FROM php34_goods a LEFT JOIN php34_category as b on a.cat_id=b.id LEFT JOIN php34_ext_cat as c on c.goods_id=a.id LEFT JOIN php34_category as d on d.id =c.cat_id  WHERE `is_delete` = 0 GROUP BY a.id ORDER BY id desc LIMIT 0,10   [ RunTime:0.0003s ]
INFO: [ view_parse ] --START--
INFO: [ template_filter ] --START--
INFO: Run Behavior\ContentReplaceBehavior [ RunTime:0.000179s ]
INFO: [ template_filter ] --END-- [ RunTime:0.000291s ]
INFO: Run Behavior\ParseTemplateBehavior [ RunTime:0.011358s ]
INFO: [ view_parse ] --END-- [ RunTime:0.011452s ]
INFO: [ view_filter ] --START--
INFO: Run Behavior\WriteHtmlCacheBehavior [ RunTime:0.000334s ]
INFO: [ view_filter ] --END-- [ RunTime:0.000425s ]
INFO: [ app_end ] --START--
INFO: Run Behavior\ShowPageTraceBehavior [ RunTime:0.000802s ]
INFO: [ app_end ] --END-- [ RunTime:0.000942s ]

[ 2016-10-11T09:13:14+08:00 ] 127.0.0.1 /Back/Goods/goodsNumber/id/58
INFO: [ app_init ] --START--
INFO: Run Behavior\BuildLiteBehavior [ RunTime:0.000021s ]
INFO: [ app_init ] --END-- [ RunTime:0.000504s ]
INFO: [ app_begin ] --START--
INFO: Run Behavior\ReadHtmlCacheBehavior [ RunTime:0.000488s ]
INFO: [ app_begin ] --END-- [ RunTime:0.000562s ]
SQL: SHOW COLUMNS FROM `php34_goods_attr` [ RunTime:0.0038s ]
SQL: SELECT group_concat(a.id) ids,group_concat(a.attr_value) attr_value,b.attr_name FROM php34_goods_attr a INNER JOIN php34_attr b on b.id=a.attr_id  WHERE `goods_id` = '58' GROUP BY a.attr_id HAVING count(*)>1  [ RunTime:0.0007s ]
NOTIC: [8] Undefined offset: 0 E:\php\http\fuxi\Application\Back\Controller\GoodsController.class.php 第 171 行.
SQL: SHOW COLUMNS FROM `php34_goods_number` [ RunTime:0.0038s ]
SQL: SELECT * FROM `php34_goods_number` WHERE `goods_id` = '58'  [ RunTime:0.0003s ]
INFO: [ view_parse ] --START--
INFO: [ template_filter ] --START--
INFO: Run Behavior\ContentReplaceBehavior [ RunTime:0.000093s ]
INFO: [ template_filter ] --END-- [ RunTime:0.000200s ]
NOTIC: [2] Invalid argument supplied for foreach() E:\php\http\fuxi\Application\Runtime\Cache\Back\23d6bf005302236dcb729d92bee235e5.php 第 34 行.
NOTIC: [8] Undefined index: 58 E:\php\http\fuxi\Application\Runtime\Cache\Back\23d6bf005302236dcb729d92bee235e5.php 第 41 行.
NOTIC: [2] Invalid argument supplied for foreach() E:\php\http\fuxi\Application\Runtime\Cache\Back\23d6bf005302236dcb729d92bee235e5.php 第 44 行.
INFO: Run Behavior\ParseTemplateBehavior [ RunTime:0.007296s ]
INFO: [ view_parse ] --END-- [ RunTime:0.007383s ]
INFO: [ view_filter ] --START--
INFO: Run Behavior\WriteHtmlCacheBehavior [ RunTime:0.000326s ]
INFO: [ view_filter ] --END-- [ RunTime:0.000410s ]
INFO: [ app_end ] --START--
INFO: Run Behavior\ShowPageTraceBehavior [ RunTime:0.000701s ]
INFO: [ app_end ] --END-- [ RunTime:0.000792s ]

[ 2016-10-11T09:13:21+08:00 ] 127.0.0.1 /Back/Goods/lst
INFO: [ app_init ] --START--
INFO: Run Behavior\BuildLiteBehavior [ RunTime:0.000021s ]
INFO: [ app_init ] --END-- [ RunTime:0.000460s ]
INFO: [ app_begin ] --START--
INFO: Run Behavior\ReadHtmlCacheBehavior [ RunTime:0.000675s ]
INFO: [ app_begin ] --END-- [ RunTime:0.000765s ]
NOTIC: [2048] Declaration of Back\Model\GoodsModel::_before_delete() should be compatible with that of Think\Model::_before_delete() E:\php\http\fuxi\Application\Back\Model\GoodsModel.class.php 第 4 行.
SQL: SHOW COLUMNS FROM `php34_goods` [ RunTime:0.0048s ]
SQL: SELECT COUNT(*) AS tp_count FROM `php34_goods` WHERE `is_delete` = 0 LIMIT 1   [ RunTime:0.0003s ]
SQL: SELECT a.*,b.cat_name,group_concat(d.cat_name SEPARATOR "<br/>") ext_name FROM php34_goods a LEFT JOIN php34_category as b on a.cat_id=b.id LEFT JOIN php34_ext_cat as c on c.goods_id=a.id LEFT JOIN php34_category as d on d.id =c.cat_id  WHERE `is_delete` = 0 GROUP BY a.id ORDER BY id desc LIMIT 0,10   [ RunTime:0.0004s ]
INFO: [ view_parse ] --START--
INFO: [ template_filter ] --START--
INFO: Run Behavior\ContentReplaceBehavior [ RunTime:0.000168s ]
INFO: [ template_filter ] --END-- [ RunTime:0.000277s ]
INFO: Run Behavior\ParseTemplateBehavior [ RunTime:0.011881s ]
INFO: [ view_parse ] --END-- [ RunTime:0.011997s ]
INFO: [ view_filter ] --START--
INFO: Run Behavior\WriteHtmlCacheBehavior [ RunTime:0.000321s ]
INFO: [ view_filter ] --END-- [ RunTime:0.000407s ]
INFO: [ app_end ] --START--
INFO: Run Behavior\ShowPageTraceBehavior [ RunTime:0.000949s ]
INFO: [ app_end ] --END-- [ RunTime:0.001058s ]

[ 2016-10-11T09:13:25+08:00 ] 127.0.0.1 /Back/Goods/goodsNumber/id/59
INFO: [ app_init ] --START--
INFO: Run Behavior\BuildLiteBehavior [ RunTime:0.000030s ]
INFO: [ app_init ] --END-- [ RunTime:0.000689s ]
INFO: [ app_begin ] --START--
INFO: Run Behavior\ReadHtmlCacheBehavior [ RunTime:0.000781s ]
INFO: [ app_begin ] --END-- [ RunTime:0.000894s ]
SQL: SHOW COLUMNS FROM `php34_goods_attr` [ RunTime:0.0047s ]
SQL: SELECT group_concat(a.id) ids,group_concat(a.attr_value) attr_value,b.attr_name FROM php34_goods_attr a INNER JOIN php34_attr b on b.id=a.attr_id  WHERE `goods_id` = '59' GROUP BY a.attr_id HAVING count(*)>1  [ RunTime:0.0007s ]
NOTIC: [8] Undefined offset: 0 E:\php\http\fuxi\Application\Back\Controller\GoodsController.class.php 第 171 行.
SQL: SHOW COLUMNS FROM `php34_goods_number` [ RunTime:0.0038s ]
SQL: SELECT * FROM `php34_goods_number` WHERE `goods_id` = '59'  [ RunTime:0.0003s ]
INFO: [ view_parse ] --START--
INFO: [ template_filter ] --START--
INFO: Run Behavior\ContentReplaceBehavior [ RunTime:0.000096s ]
INFO: [ template_filter ] --END-- [ RunTime:0.000211s ]
NOTIC: [2] Invalid argument supplied for foreach() E:\php\http\fuxi\Application\Runtime\Cache\Back\23d6bf005302236dcb729d92bee235e5.php 第 34 行.
NOTIC: [8] Undefined index: 59 E:\php\http\fuxi\Application\Runtime\Cache\Back\23d6bf005302236dcb729d92bee235e5.php 第 41 行.
NOTIC: [2] Invalid argument supplied for foreach() E:\php\http\fuxi\Application\Runtime\Cache\Back\23d6bf005302236dcb729d92bee235e5.php 第 44 行.
INFO: Run Behavior\ParseTemplateBehavior [ RunTime:0.008640s ]
INFO: [ view_parse ] --END-- [ RunTime:0.008729s ]
INFO: [ view_filter ] --START--
INFO: Run Behavior\WriteHtmlCacheBehavior [ RunTime:0.000342s ]
INFO: [ view_filter ] --END-- [ RunTime:0.000426s ]
INFO: [ app_end ] --START--
INFO: Run Behavior\ShowPageTraceBehavior [ RunTime:0.000690s ]
INFO: [ app_end ] --END-- [ RunTime:0.000776s ]

[ 2016-10-11T09:13:28+08:00 ] 127.0.0.1 /Back/Goods/goodsNumber/id/59
INFO: [ app_init ] --START--
INFO: Run Behavior\BuildLiteBehavior [ RunTime:0.000023s ]
INFO: [ app_init ] --END-- [ RunTime:0.000506s ]
INFO: [ app_begin ] --START--
INFO: Run Behavior\ReadHtmlCacheBehavior [ RunTime:0.000829s ]
INFO: [ app_begin ] --END-- [ RunTime:0.000950s ]
SQL: SHOW COLUMNS FROM `php34_goods_number` [ RunTime:0.0047s ]
SQL: DELETE FROM `php34_goods_number` WHERE `goods_id` = '59' [ RunTime:0.0005s ]
SQL: INSERT INTO `php34_goods_number` (`goods_id`,`goods_attr_id`,`goods_number`) VALUES ('59','59','100') [ RunTime:0.0005s ]
INFO: [ view_parse ] --START--
INFO: [ template_filter ] --START--
INFO: Run Behavior\ContentReplaceBehavior [ RunTime:0.000072s ]
INFO: [ template_filter ] --END-- [ RunTime:0.000148s ]
INFO: Run Behavior\ParseTemplateBehavior [ RunTime:0.038313s ]
INFO: [ view_parse ] --END-- [ RunTime:0.038400s ]
INFO: [ view_filter ] --START--
INFO: Run Behavior\WriteHtmlCacheBehavior [ RunTime:0.000242s ]
INFO: [ view_filter ] --END-- [ RunTime:0.000299s ]

[ 2016-10-11T09:13:30+08:00 ] 127.0.0.1 /Back/Goods/lst.html
INFO: [ app_init ] --START--
INFO: Run Behavior\BuildLiteBehavior [ RunTime:0.000023s ]
INFO: [ app_init ] --END-- [ RunTime:0.000483s ]
INFO: [ app_begin ] --START--
INFO: Run Behavior\ReadHtmlCacheBehavior [ RunTime:0.000676s ]
INFO: [ app_begin ] --END-- [ RunTime:0.000775s ]
NOTIC: [2048] Declaration of Back\Model\GoodsModel::_before_delete() should be compatible with that of Think\Model::_before_delete() E:\php\http\fuxi\Application\Back\Model\GoodsModel.class.php 第 4 行.
SQL: SHOW COLUMNS FROM `php34_goods` [ RunTime:0.0042s ]
SQL: SELECT COUNT(*) AS tp_count FROM `php34_goods` WHERE `is_delete` = 0 LIMIT 1   [ RunTime:0.0001s ]
SQL: SELECT a.*,b.cat_name,group_concat(d.cat_name SEPARATOR "<br/>") ext_name FROM php34_goods a LEFT JOIN php34_category as b on a.cat_id=b.id LEFT JOIN php34_ext_cat as c on c.goods_id=a.id LEFT JOIN php34_category as d on d.id =c.cat_id  WHERE `is_delete` = 0 GROUP BY a.id ORDER BY id desc LIMIT 0,10   [ RunTime:0.0003s ]
INFO: [ view_parse ] --START--
INFO: [ template_filter ] --START--
INFO: Run Behavior\ContentReplaceBehavior [ RunTime:0.000120s ]
INFO: [ template_filter ] --END-- [ RunTime:0.000202s ]
INFO: Run Behavior\ParseTemplateBehavior [ RunTime:0.008357s ]
INFO: [ view_parse ] --END-- [ RunTime:0.008431s ]
INFO: [ view_filter ] --START--
INFO: Run Behavior\WriteHtmlCacheBehavior [ RunTime:0.000222s ]
INFO: [ view_filter ] --END-- [ RunTime:0.000274s ]
INFO: [ app_end ] --START--
INFO: Run Behavior\ShowPageTraceBehavior [ RunTime:0.000681s ]
INFO: [ app_end ] --END-- [ RunTime:0.000785s ]

[ 2016-10-11T09:13:33+08:00 ] 127.0.0.1 /Back/Goods/goodsNumber/id/59
INFO: [ app_init ] --START--
INFO: Run Behavior\BuildLiteBehavior [ RunTime:0.000030s ]
INFO: [ app_init ] --END-- [ RunTime:0.000558s ]
INFO: [ app_begin ] --START--
INFO: Run Behavior\ReadHtmlCacheBehavior [ RunTime:0.000724s ]
INFO: [ app_begin ] --END-- [ RunTime:0.000835s ]
SQL: SHOW COLUMNS FROM `php34_goods_attr` [ RunTime:0.0045s ]
SQL: SELECT group_concat(a.id) ids,group_concat(a.attr_value) attr_value,b.attr_name FROM php34_goods_attr a INNER JOIN php34_attr b on b.id=a.attr_id  WHERE `goods_id` = '59' GROUP BY a.attr_id HAVING count(*)>1  [ RunTime:0.0002s ]
NOTIC: [8] Undefined offset: 0 E:\php\http\fuxi\Application\Back\Controller\GoodsController.class.php 第 171 行.
SQL: SHOW COLUMNS FROM `php34_goods_number` [ RunTime:0.0047s ]
SQL: SELECT * FROM `php34_goods_number` WHERE `goods_id` = '59'  [ RunTime:0.0003s ]
INFO: [ view_parse ] --START--
INFO: [ template_filter ] --START--
INFO: Run Behavior\ContentReplaceBehavior [ RunTime:0.000088s ]
INFO: [ template_filter ] --END-- [ RunTime:0.000209s ]
NOTIC: [2] Invalid argument supplied for foreach() E:\php\http\fuxi\Application\Runtime\Cache\Back\23d6bf005302236dcb729d92bee235e5.php 第 34 行.
NOTIC: [2] Invalid argument supplied for foreach() E:\php\http\fuxi\Application\Runtime\Cache\Back\23d6bf005302236dcb729d92bee235e5.php 第 44 行.
INFO: Run Behavior\ParseTemplateBehavior [ RunTime:0.009845s ]
INFO: [ view_parse ] --END-- [ RunTime:0.009944s ]
INFO: [ view_filter ] --START--
INFO: Run Behavior\WriteHtmlCacheBehavior [ RunTime:0.000414s ]
INFO: [ view_filter ] --END-- [ RunTime:0.000497s ]
INFO: [ app_end ] --START--
INFO: Run Behavior\ShowPageTraceBehavior [ RunTime:0.000761s ]
INFO: [ app_end ] --END-- [ RunTime:0.000864s ]

[ 2016-10-11T09:42:04+08:00 ] 127.0.0.1 /index.php/Back/Goods/lst
INFO: [ app_init ] --START--
INFO: Run Behavior\BuildLiteBehavior [ RunTime:0.000024s ]
INFO: [ app_init ] --END-- [ RunTime:0.000557s ]
INFO: [ app_begin ] --START--
INFO: Run Behavior\ReadHtmlCacheBehavior [ RunTime:0.000928s ]
INFO: [ app_begin ] --END-- [ RunTime:0.001039s ]
NOTIC: [2048] Declaration of Back\Model\GoodsModel::_before_delete() should be compatible with that of Think\Model::_before_delete() E:\php\http\fuxi\Application\Back\Model\GoodsModel.class.php 第 4 行.
SQL: SHOW COLUMNS FROM `php34_goods` [ RunTime:0.0071s ]
SQL: SELECT COUNT(*) AS tp_count FROM `php34_goods` WHERE `is_delete` = 0 LIMIT 1   [ RunTime:0.0001s ]
SQL: SELECT a.*,b.cat_name,group_concat(d.cat_name SEPARATOR "<br/>") ext_name FROM php34_goods a LEFT JOIN php34_category as b on a.cat_id=b.id LEFT JOIN php34_ext_cat as c on c.goods_id=a.id LEFT JOIN php34_category as d on d.id =c.cat_id  WHERE `is_delete` = 0 GROUP BY a.id ORDER BY id desc LIMIT 0,10   [ RunTime:0.0003s ]
INFO: [ view_parse ] --START--
INFO: [ template_filter ] --START--
INFO: Run Behavior\ContentReplaceBehavior [ RunTime:0.000117s ]
INFO: [ template_filter ] --END-- [ RunTime:0.000200s ]
INFO: Run Behavior\ParseTemplateBehavior [ RunTime:0.009118s ]
INFO: [ view_parse ] --END-- [ RunTime:0.009222s ]
INFO: [ view_filter ] --START--
INFO: Run Behavior\WriteHtmlCacheBehavior [ RunTime:0.000500s ]
INFO: [ view_filter ] --END-- [ RunTime:0.000591s ]
INFO: [ app_end ] --START--
INFO: Run Behavior\ShowPageTraceBehavior [ RunTime:0.000911s ]
INFO: [ app_end ] --END-- [ RunTime:0.001019s ]

[ 2016-10-11T09:42:09+08:00 ] 127.0.0.1 /Back/Goods/edit/id/60
INFO: [ app_init ] --START--
INFO: Run Behavior\BuildLiteBehavior [ RunTime:0.000022s ]
INFO: [ app_init ] --END-- [ RunTime:0.000464s ]
INFO: [ app_begin ] --START--
INFO: Run Behavior\ReadHtmlCacheBehavior [ RunTime:0.000515s ]
INFO: [ app_begin ] --END-- [ RunTime:0.000587s ]
NOTIC: [2048] Declaration of Back\Model\GoodsModel::_before_delete() should be compatible with that of Think\Model::_before_delete() E:\php\http\fuxi\Application\Back\Model\GoodsModel.class.php 第 4 行.
SQL: SHOW COLUMNS FROM `php34_goods` [ RunTime:0.0054s ]
SQL: SHOW COLUMNS FROM `php34_type` [ RunTime:0.0062s ]
SQL: SELECT * FROM `php34_type`  [ RunTime:0.0002s ]
SQL: SELECT * FROM `php34_goods` WHERE `id` = 60 LIMIT 1   [ RunTime:0.0002s ]
SQL: SHOW COLUMNS FROM `php34_attr` [ RunTime:0.0061s ]
SQL: SELECT a.*,b.id a_id,b.attr_value FROM php34_attr a LEFT JOIN  php34_goods_attr as b on b.attr_id = a.id and b.goods_id=60  WHERE ( a.type_id=7 )  [ RunTime:0.0002s ]
SQL: SHOW COLUMNS FROM `php34_member_level` [ RunTime:0.0062s ]
SQL: SELECT a.id,a.level_name,b.youhui_price as price FROM php34_member_level a left join php34_youhui_price as b on a.id=b.youhui_num and b.goods_id=60   [ RunTime:0.0002s ]
SQL: SHOW COLUMNS FROM `php34_pic` [ RunTime:0.0061s ]
SQL: SELECT * FROM `php34_pic` WHERE `goods_id` = '60'  [ RunTime:0.0002s ]
NOTIC: [2048] Declaration of Back\Model\CategoryModel::_before_delete() should be compatible with that of Think\Model::_before_delete() E:\php\http\fuxi\Application\Back\Model\CategoryModel.class.php 第 249 行.
SQL: SHOW COLUMNS FROM `php34_category` [ RunTime:0.0066s ]
SQL: SELECT `id`,`cat_name`,`parent_id` FROM `php34_category`  [ RunTime:0.0002s ]
SQL: SHOW COLUMNS FROM `php34_ext_cat` [ RunTime:0.0064s ]
SQL: SELECT * FROM `php34_ext_cat` WHERE `goods_id` = '60'  [ RunTime:0.0001s ]
INFO: [ view_parse ] --START--
INFO: [ template_filter ] --START--
INFO: Run Behavior\ContentReplaceBehavior [ RunTime:0.000282s ]
INFO: [ template_filter ] --END-- [ RunTime:0.000395s ]
SQL: SHOW COLUMNS FROM `php34_brand` [ RunTime:0.0061s ]
SQL: SELECT `brand_name`,`id` FROM `php34_brand`  [ RunTime:0.0007s ]
INFO: Run Behavior\ParseTemplateBehavior [ RunTime:0.023478s ]
INFO: [ view_parse ] --END-- [ RunTime:0.023570s ]
INFO: [ view_filter ] --START--
INFO: Run Behavior\WriteHtmlCacheBehavior [ RunTime:0.000407s ]
INFO: [ view_filter ] --END-- [ RunTime:0.000485s ]
INFO: [ app_end ] --START--
INFO: Run Behavior\ShowPageTraceBehavior [ RunTime:0.000715s ]
INFO: [ app_end ] --END-- [ RunTime:0.000815s ]

[ 2016-10-11T09:42:13+08:00 ] 127.0.0.1 /Back/Goods/goodsNumber/id/60
INFO: [ app_init ] --START--
INFO: Run Behavior\BuildLiteBehavior [ RunTime:0.000024s ]
INFO: [ app_init ] --END-- [ RunTime:0.000526s ]
INFO: [ app_begin ] --START--
INFO: Run Behavior\ReadHtmlCacheBehavior [ RunTime:0.000763s ]
INFO: [ app_begin ] --END-- [ RunTime:0.000866s ]
SQL: SHOW COLUMNS FROM `php34_goods_attr` [ RunTime:0.0070s ]
SQL: SELECT group_concat(a.id) ids,group_concat(a.attr_value) attr_value,b.attr_name FROM php34_goods_attr a INNER JOIN php34_attr b on b.id=a.attr_id  WHERE `goods_id` = '60' GROUP BY a.attr_id HAVING count(*)>1  [ RunTime:0.0002s ]
SQL: SHOW COLUMNS FROM `php34_goods_number` [ RunTime:0.0055s ]
SQL: SELECT * FROM `php34_goods_number` WHERE `goods_id` = '60'  [ RunTime:0.0004s ]
INFO: [ view_parse ] --START--
INFO: [ template_filter ] --START--
INFO: Run Behavior\ContentReplaceBehavior [ RunTime:0.000059s ]
INFO: [ template_filter ] --END-- [ RunTime:0.000129s ]
INFO: Run Behavior\ParseTemplateBehavior [ RunTime:0.008635s ]
INFO: [ view_parse ] --END-- [ RunTime:0.008719s ]
INFO: [ view_filter ] --START--
INFO: Run Behavior\WriteHtmlCacheBehavior [ RunTime:0.000237s ]
INFO: [ view_filter ] --END-- [ RunTime:0.000288s ]
INFO: [ app_end ] --START--
INFO: Run Behavior\ShowPageTraceBehavior [ RunTime:0.000454s ]
INFO: [ app_end ] --END-- [ RunTime:0.000505s ]

[ 2016-10-11T09:42:21+08:00 ] 127.0.0.1 /Back/Goods/goodsNumber/id/60
INFO: [ app_init ] --START--
INFO: Run Behavior\BuildLiteBehavior [ RunTime:0.000024s ]
INFO: [ app_init ] --END-- [ RunTime:0.000465s ]
INFO: [ app_begin ] --START--
INFO: Run Behavior\ReadHtmlCacheBehavior [ RunTime:0.000735s ]
INFO: [ app_begin ] --END-- [ RunTime:0.000849s ]
SQL: SHOW COLUMNS FROM `php34_goods_number` [ RunTime:0.0053s ]
SQL: DELETE FROM `php34_goods_number` WHERE `goods_id` = '60' [ RunTime:0.0004s ]
SQL: INSERT INTO `php34_goods_number` (`goods_id`,`goods_attr_id`,`goods_number`) VALUES ('60','2,4','1') [ RunTime:0.0002s ]
SQL: INSERT INTO `php34_goods_number` (`goods_id`,`goods_attr_id`,`goods_number`) VALUES ('60','2,5','100') [ RunTime:0.0002s ]
SQL: INSERT INTO `php34_goods_number` (`goods_id`,`goods_attr_id`,`goods_number`) VALUES ('60','3,4','100') [ RunTime:0.0002s ]
SQL: INSERT INTO `php34_goods_number` (`goods_id`,`goods_attr_id`,`goods_number`) VALUES ('60','3,5','100') [ RunTime:0.0002s ]
INFO: [ view_parse ] --START--
INFO: [ template_filter ] --START--
INFO: Run Behavior\ContentReplaceBehavior [ RunTime:0.000070s ]
INFO: [ template_filter ] --END-- [ RunTime:0.000138s ]
INFO: Run Behavior\ParseTemplateBehavior [ RunTime:0.005958s ]
INFO: [ view_parse ] --END-- [ RunTime:0.006041s ]
INFO: [ view_filter ] --START--
INFO: Run Behavior\WriteHtmlCacheBehavior [ RunTime:0.000224s ]
INFO: [ view_filter ] --END-- [ RunTime:0.000273s ]

[ 2016-10-11T09:42:23+08:00 ] 127.0.0.1 /Back/Goods/lst.html
INFO: [ app_init ] --START--
INFO: Run Behavior\BuildLiteBehavior [ RunTime:0.000025s ]
INFO: [ app_init ] --END-- [ RunTime:0.000538s ]
INFO: [ app_begin ] --START--
INFO: Run Behavior\ReadHtmlCacheBehavior [ RunTime:0.000853s ]
INFO: [ app_begin ] --END-- [ RunTime:0.000984s ]
NOTIC: [2048] Declaration of Back\Model\GoodsModel::_before_delete() should be compatible with that of Think\Model::_before_delete() E:\php\http\fuxi\Application\Back\Model\GoodsModel.class.php 第 4 行.
SQL: SHOW COLUMNS FROM `php34_goods` [ RunTime:0.0057s ]
SQL: SELECT COUNT(*) AS tp_count FROM `php34_goods` WHERE `is_delete` = 0 LIMIT 1   [ RunTime:0.0002s ]
SQL: SELECT a.*,b.cat_name,group_concat(d.cat_name SEPARATOR "<br/>") ext_name FROM php34_goods a LEFT JOIN php34_category as b on a.cat_id=b.id LEFT JOIN php34_ext_cat as c on c.goods_id=a.id LEFT JOIN php34_category as d on d.id =c.cat_id  WHERE `is_delete` = 0 GROUP BY a.id ORDER BY id desc LIMIT 0,10   [ RunTime:0.0004s ]
INFO: [ view_parse ] --START--
INFO: [ template_filter ] --START--
INFO: Run Behavior\ContentReplaceBehavior [ RunTime:0.000170s ]
INFO: [ template_filter ] --END-- [ RunTime:0.000276s ]
INFO: Run Behavior\ParseTemplateBehavior [ RunTime:0.011690s ]
INFO: [ view_parse ] --END-- [ RunTime:0.011793s ]
INFO: [ view_filter ] --START--
INFO: Run Behavior\WriteHtmlCacheBehavior [ RunTime:0.000322s ]
INFO: [ view_filter ] --END-- [ RunTime:0.000406s ]
INFO: [ app_end ] --START--
INFO: Run Behavior\ShowPageTraceBehavior [ RunTime:0.000713s ]
INFO: [ app_end ] --END-- [ RunTime:0.000817s ]

[ 2016-10-11T09:42:28+08:00 ] 127.0.0.1 /Back/Goods/goodsNumber/id/60
INFO: [ app_init ] --START--
INFO: Run Behavior\BuildLiteBehavior [ RunTime:0.000018s ]
INFO: [ app_init ] --END-- [ RunTime:0.000343s ]
INFO: [ app_begin ] --START--
INFO: Run Behavior\ReadHtmlCacheBehavior [ RunTime:0.000527s ]
INFO: [ app_begin ] --END-- [ RunTime:0.000598s ]
SQL: SHOW COLUMNS FROM `php34_goods_attr` [ RunTime:0.0046s ]
SQL: SELECT group_concat(a.id) ids,group_concat(a.attr_value) attr_value,b.attr_name FROM php34_goods_attr a INNER JOIN php34_attr b on b.id=a.attr_id  WHERE `goods_id` = '60' GROUP BY a.attr_id HAVING count(*)>1  [ RunTime:0.0002s ]
SQL: SHOW COLUMNS FROM `php34_goods_number` [ RunTime:0.0052s ]
SQL: SELECT * FROM `php34_goods_number` WHERE `goods_id` = '60'  [ RunTime:0.0004s ]
INFO: [ view_parse ] --START--
INFO: [ template_filter ] --START--
INFO: Run Behavior\ContentReplaceBehavior [ RunTime:0.000086s ]
INFO: [ template_filter ] --END-- [ RunTime:0.000190s ]
INFO: Run Behavior\ParseTemplateBehavior [ RunTime:0.009217s ]
INFO: [ view_parse ] --END-- [ RunTime:0.009310s ]
INFO: [ view_filter ] --START--
INFO: Run Behavior\WriteHtmlCacheBehavior [ RunTime:0.000225s ]
INFO: [ view_filter ] --END-- [ RunTime:0.000279s ]
INFO: [ app_end ] --START--
INFO: Run Behavior\ShowPageTraceBehavior [ RunTime:0.000468s ]
INFO: [ app_end ] --END-- [ RunTime:0.000526s ]

[ 2016-10-11T17:07:19+08:00 ] 127.0.0.1 /index.php/Back/Goods/lst
INFO: [ app_init ] --START--
INFO: Run Behavior\BuildLiteBehavior [ RunTime:0.000016s ]
INFO: [ app_init ] --END-- [ RunTime:0.000321s ]
INFO: [ app_begin ] --START--
INFO: Run Behavior\ReadHtmlCacheBehavior [ RunTime:0.000554s ]
INFO: [ app_begin ] --END-- [ RunTime:0.000630s ]
INFO: [ view_parse ] --START--
INFO: [ template_filter ] --START--
INFO: Run Behavior\ContentReplaceBehavior [ RunTime:0.000071s ]
INFO: [ template_filter ] --END-- [ RunTime:0.000140s ]
INFO: Run Behavior\ParseTemplateBehavior [ RunTime:0.006642s ]
INFO: [ view_parse ] --END-- [ RunTime:0.006719s ]
INFO: [ view_filter ] --START--
INFO: Run Behavior\WriteHtmlCacheBehavior [ RunTime:0.000320s ]
INFO: [ view_filter ] --END-- [ RunTime:0.000372s ]

[ 2016-10-11T17:07:23+08:00 ] 127.0.0.1 /Back/login/index.html
INFO: [ app_init ] --START--
INFO: Run Behavior\BuildLiteBehavior [ RunTime:0.000035s ]
INFO: [ app_init ] --END-- [ RunTime:0.000847s ]
INFO: [ app_begin ] --START--
INFO: Run Behavior\ReadHtmlCacheBehavior [ RunTime:0.001458s ]
INFO: [ app_begin ] --END-- [ RunTime:0.001636s ]
INFO: [ view_parse ] --START--
INFO: [ template_filter ] --START--
INFO: Run Behavior\ContentReplaceBehavior [ RunTime:0.000063s ]
INFO: [ template_filter ] --END-- [ RunTime:0.000171s ]
INFO: Run Behavior\ParseTemplateBehavior [ RunTime:0.013128s ]
INFO: [ view_parse ] --END-- [ RunTime:0.013242s ]
INFO: [ view_filter ] --START--
INFO: Run Behavior\WriteHtmlCacheBehavior [ RunTime:0.000254s ]
INFO: [ view_filter ] --END-- [ RunTime:0.000306s ]
INFO: [ app_end ] --START--
INFO: Run Behavior\ShowPageTraceBehavior [ RunTime:0.000462s ]
INFO: [ app_end ] --END-- [ RunTime:0.000514s ]

[ 2016-10-11T17:07:23+08:00 ] 127.0.0.1 /Back//Public/js/utils.js
INFO: [ app_init ] --START--
INFO: Run Behavior\BuildLiteBehavior [ RunTime:0.000026s ]
INFO: [ app_init ] --END-- [ RunTime:0.000381s ]
INFO: [ app_begin ] --START--
INFO: Run Behavior\ReadHtmlCacheBehavior [ RunTime:0.000434s ]
INFO: [ app_begin ] --END-- [ RunTime:0.000491s ]
ERR: 无法加载控制器:Public

[ 2016-10-11T17:07:23+08:00 ] 127.0.0.1 /Back/login/index.html
INFO: [ app_init ] --START--
INFO: Run Behavior\BuildLiteBehavior [ RunTime:0.000017s ]
INFO: [ app_init ] --END-- [ RunTime:0.000398s ]
INFO: [ app_begin ] --START--
INFO: Run Behavior\ReadHtmlCacheBehavior [ RunTime:0.000469s ]
INFO: [ app_begin ] --END-- [ RunTime:0.000530s ]
INFO: [ view_parse ] --START--
INFO: [ template_filter ] --START--
INFO: Run Behavior\ContentReplaceBehavior [ RunTime:0.000066s ]
INFO: [ template_filter ] --END-- [ RunTime:0.000145s ]
INFO: Run Behavior\ParseTemplateBehavior [ RunTime:0.005897s ]
INFO: [ view_parse ] --END-- [ RunTime:0.005977s ]
INFO: [ view_filter ] --START--
INFO: Run Behavior\WriteHtmlCacheBehavior [ RunTime:0.000282s ]
INFO: [ view_filter ] --END-- [ RunTime:0.000336s ]
INFO: [ app_end ] --START--
INFO: Run Behavior\ShowPageTraceBehavior [ RunTime:0.000482s ]
INFO: [ app_end ] --END-- [ RunTime:0.000533s ]

[ 2016-10-11T17:07:23+08:00 ] 127.0.0.1 /Back//Public/js/utils.js
INFO: [ app_init ] --START--
INFO: Run Behavior\BuildLiteBehavior [ RunTime:0.000021s ]
INFO: [ app_init ] --END-- [ RunTime:0.000426s ]
INFO: [ app_begin ] --START--
INFO: Run Behavior\ReadHtmlCacheBehavior [ RunTime:0.000851s ]
INFO: [ app_begin ] --END-- [ RunTime:0.000945s ]
ERR: 无法加载控制器:Public

[ 2016-10-11T17:07:28+08:00 ] 127.0.0.1 /Back/login/index.html
INFO: [ app_init ] --START--
INFO: Run Behavior\BuildLiteBehavior [ RunTime:0.000017s ]
INFO: [ app_init ] --END-- [ RunTime:0.000348s ]
INFO: [ app_begin ] --START--
INFO: Run Behavior\ReadHtmlCacheBehavior [ RunTime:0.000682s ]
INFO: [ app_begin ] --END-- [ RunTime:0.000762s ]
SQL: SHOW COLUMNS FROM `php34_manage` [ RunTime:0.0051s ]
SQL: SELECT * FROM `php34_manage` WHERE `admin_name` = 'admin' AND `admin_pwd` = '202cb962ac59075b964b07152d234b70' LIMIT 1   [ RunTime:0.0002s ]

[ 2016-10-11T17:07:28+08:00 ] 127.0.0.1 /Back/index/index.html
INFO: [ app_init ] --START--
INFO: Run Behavior\BuildLiteBehavior [ RunTime:0.000016s ]
INFO: [ app_init ] --END-- [ RunTime:0.000346s ]
INFO: [ app_begin ] --START--
INFO: Run Behavior\ReadHtmlCacheBehavior [ RunTime:0.000497s ]
INFO: [ app_begin ] --END-- [ RunTime:0.000567s ]
INFO: [ view_parse ] --START--
INFO: [ template_filter ] --START--
INFO: Run Behavior\ContentReplaceBehavior [ RunTime:0.000046s ]
INFO: [ template_filter ] --END-- [ RunTime:0.000109s ]
INFO: Run Behavior\ParseTemplateBehavior [ RunTime:0.005027s ]
INFO: [ view_parse ] --END-- [ RunTime:0.005096s ]
INFO: [ view_filter ] --START--
INFO: Run Behavior\WriteHtmlCacheBehavior [ RunTime:0.000211s ]
INFO: [ view_filter ] --END-- [ RunTime:0.000260s ]
INFO: [ app_end ] --START--
INFO: Run Behavior\ShowPageTraceBehavior [ RunTime:0.000436s ]
INFO: [ app_end ] --END-- [ RunTime:0.000488s ]

[ 2016-10-11T17:07:28+08:00 ] 127.0.0.1 /Back/Index/top
INFO: [ app_init ] --START--
INFO: Run Behavior\BuildLiteBehavior [ RunTime:0.000016s ]
INFO: [ app_init ] --END-- [ RunTime:0.000425s ]
INFO: [ app_begin ] --START--
INFO: Run Behavior\ReadHtmlCacheBehavior [ RunTime:0.000495s ]
INFO: [ app_begin ] --END-- [ RunTime:0.000564s ]
INFO: [ view_parse ] --START--
INFO: [ template_filter ] --START--
INFO: Run Behavior\ContentReplaceBehavior [ RunTime:0.000142s ]
INFO: [ template_filter ] --END-- [ RunTime:0.001037s ]
INFO: Run Behavior\ParseTemplateBehavior [ RunTime:0.008275s ]
INFO: [ view_parse ] --END-- [ RunTime:0.008353s ]
INFO: [ view_filter ] --START--
INFO: Run Behavior\WriteHtmlCacheBehavior [ RunTime:0.000253s ]
INFO: [ view_filter ] --END-- [ RunTime:0.000323s ]
INFO: [ app_end ] --START--
INFO: Run Behavior\ShowPageTraceBehavior [ RunTime:0.000493s ]
INFO: [ app_end ] --END-- [ RunTime:0.000560s ]

[ 2016-10-11T17:07:28+08:00 ] 127.0.0.1 /Back/Index/main
INFO: [ app_init ] --START--
INFO: Run Behavior\BuildLiteBehavior [ RunTime:0.000018s ]
INFO: [ app_init ] --END-- [ RunTime:0.000399s ]
INFO: [ app_begin ] --START--
INFO: Run Behavior\ReadHtmlCacheBehavior [ RunTime:0.001007s ]
INFO: [ app_begin ] --END-- [ RunTime:0.001360s ]
INFO: [ view_parse ] --START--
INFO: [ template_filter ] --START--
INFO: Run Behavior\ContentReplaceBehavior [ RunTime:0.000137s ]
INFO: [ template_filter ] --END-- [ RunTime:0.000214s ]
INFO: Run Behavior\ParseTemplateBehavior [ RunTime:0.011963s ]
INFO: [ view_parse ] --END-- [ RunTime:0.012071s ]
INFO: [ view_filter ] --START--
INFO: Run Behavior\WriteHtmlCacheBehavior [ RunTime:0.000349s ]
INFO: [ view_filter ] --END-- [ RunTime:0.000403s ]
INFO: [ app_end ] --START--
INFO: Run Behavior\ShowPageTraceBehavior [ RunTime:0.000610s ]
INFO: [ app_end ] --END-- [ RunTime:0.000677s ]

[ 2016-10-11T17:07:28+08:00 ] 127.0.0.1 /Back//Public/js/transport.org.js
INFO: [ app_init ] --START--
INFO: Run Behavior\BuildLiteBehavior [ RunTime:0.000017s ]
INFO: [ app_init ] --END-- [ RunTime:0.000366s ]
INFO: [ app_begin ] --START--
INFO: Run Behavior\ReadHtmlCacheBehavior [ RunTime:0.000514s ]
INFO: [ app_begin ] --END-- [ RunTime:0.000613s ]
ERR: 无法加载控制器:Public

[ 2016-10-11T17:07:28+08:00 ] 127.0.0.1 /Back/Index/left
INFO: [ app_init ] --START--
INFO: Run Behavior\BuildLiteBehavior [ RunTime:0.000068s ]
INFO: [ app_init ] --END-- [ RunTime:0.000664s ]
INFO: [ app_begin ] --START--
INFO: Run Behavior\ReadHtmlCacheBehavior [ RunTime:0.001025s ]
INFO: [ app_begin ] --END-- [ RunTime:0.001143s ]
SQL: SHOW COLUMNS FROM `php34_privilege` [ RunTime:0.0177s ]
SQL: SELECT * FROM `php34_privilege` WHERE `is_show` = 1  [ RunTime:0.0003s ]
INFO: [ view_parse ] --START--
INFO: [ template_filter ] --START--
INFO: Run Behavior\ContentReplaceBehavior [ RunTime:0.000112s ]
INFO: [ template_filter ] --END-- [ RunTime:0.000213s ]
INFO: Run Behavior\ParseTemplateBehavior [ RunTime:0.010271s ]
INFO: [ view_parse ] --END-- [ RunTime:0.010390s ]
INFO: [ view_filter ] --START--
INFO: Run Behavior\WriteHtmlCacheBehavior [ RunTime:0.000519s ]
INFO: [ view_filter ] --END-- [ RunTime:0.000617s ]
INFO: [ app_end ] --START--
INFO: Run Behavior\ShowPageTraceBehavior [ RunTime:0.000858s ]
INFO: [ app_end ] --END-- [ RunTime:0.000950s ]

[ 2016-10-11T17:07:35+08:00 ] 127.0.0.1 /index.php/Back/Goods/lst
INFO: [ app_init ] --START--
INFO: Run Behavior\BuildLiteBehavior [ RunTime:0.000035s ]
INFO: [ app_init ] --END-- [ RunTime:0.000810s ]
INFO: [ app_begin ] --START--
INFO: Run Behavior\ReadHtmlCacheBehavior [ RunTime:0.001136s ]
INFO: [ app_begin ] --END-- [ RunTime:0.001278s ]
NOTIC: [2048] Declaration of Back\Model\GoodsModel::_before_delete() should be compatible with that of Think\Model::_before_delete() E:\php\http\fuxi\Application\Back\Model\GoodsModel.class.php 第 4 行.
SQL: SHOW COLUMNS FROM `php34_goods` [ RunTime:0.0062s ]
SQL: SELECT COUNT(*) AS tp_count FROM `php34_goods` WHERE `is_delete` = 0 LIMIT 1   [ RunTime:0.0002s ]
SQL: SELECT a.*,b.cat_name,group_concat(d.cat_name SEPARATOR "<br/>") ext_name FROM php34_goods a LEFT JOIN php34_category as b on a.cat_id=b.id LEFT JOIN php34_ext_cat as c on c.goods_id=a.id LEFT JOIN php34_category as d on d.id =c.cat_id  WHERE `is_delete` = 0 GROUP BY a.id ORDER BY id desc LIMIT 0,10   [ RunTime:0.0003s ]
INFO: [ view_parse ] --START--
INFO: [ template_filter ] --START--
INFO: Run Behavior\ContentReplaceBehavior [ RunTime:0.000187s ]
INFO: [ template_filter ] --END-- [ RunTime:0.000294s ]
INFO: Run Behavior\ParseTemplateBehavior [ RunTime:0.008698s ]
INFO: [ view_parse ] --END-- [ RunTime:0.008771s ]
INFO: [ view_filter ] --START--
INFO: Run Behavior\WriteHtmlCacheBehavior [ RunTime:0.000215s ]
INFO: [ view_filter ] --END-- [ RunTime:0.000266s ]
INFO: [ app_end ] --START--
INFO: Run Behavior\ShowPageTraceBehavior [ RunTime:0.000483s ]
INFO: [ app_end ] --END-- [ RunTime:0.000548s ]

[ 2016-10-11T17:07:42+08:00 ] 127.0.0.1 /Back/Goods/goodsNumber/id/60
INFO: [ app_init ] --START--
INFO: Run Behavior\BuildLiteBehavior [ RunTime:0.000035s ]
INFO: [ app_init ] --END-- [ RunTime:0.000785s ]
INFO: [ app_begin ] --START--
INFO: Run Behavior\ReadHtmlCacheBehavior [ RunTime:0.001100s ]
INFO: [ app_begin ] --END-- [ RunTime:0.001241s ]
SQL: SHOW COLUMNS FROM `php34_goods_attr` [ RunTime:0.0058s ]
SQL: SELECT group_concat(a.id) ids,group_concat(a.attr_value) attr_value,b.attr_name FROM php34_goods_attr a INNER JOIN php34_attr b on b.id=a.attr_id  WHERE `goods_id` = '60' GROUP BY a.attr_id HAVING count(*)>1  [ RunTime:0.0002s ]
SQL: SHOW COLUMNS FROM `php34_goods_number` [ RunTime:0.0061s ]
SQL: SELECT * FROM `php34_goods_number` WHERE `goods_id` = '60'  [ RunTime:0.0002s ]
INFO: [ view_parse ] --START--
INFO: [ template_filter ] --START--
INFO: Run Behavior\ContentReplaceBehavior [ RunTime:0.000061s ]
INFO: [ template_filter ] --END-- [ RunTime:0.000138s ]
INFO: Run Behavior\ParseTemplateBehavior [ RunTime:0.007283s ]
INFO: [ view_parse ] --END-- [ RunTime:0.007384s ]
INFO: [ view_filter ] --START--
INFO: Run Behavior\WriteHtmlCacheBehavior [ RunTime:0.000247s ]
INFO: [ view_filter ] --END-- [ RunTime:0.000299s ]
INFO: [ app_end ] --START--
INFO: Run Behavior\ShowPageTraceBehavior [ RunTime:0.000484s ]
INFO: [ app_end ] --END-- [ RunTime:0.000543s ]

[ 2016-10-11T17:07:47+08:00 ] 127.0.0.1 /Back/Goods/goodsNumber/id/60
INFO: [ app_init ] --START--
INFO: Run Behavior\BuildLiteBehavior [ RunTime:0.000016s ]
INFO: [ app_init ] --END-- [ RunTime:0.000343s ]
INFO: [ app_begin ] --START--
INFO: Run Behavior\ReadHtmlCacheBehavior [ RunTime:0.000437s ]
INFO: [ app_begin ] --END-- [ RunTime:0.000493s ]
SQL: SHOW COLUMNS FROM `php34_goods_number` [ RunTime:0.0036s ]
SQL: DELETE FROM `php34_goods_number` WHERE `goods_id` = '60' [ RunTime:0.0004s ]
SQL: INSERT INTO `php34_goods_number` (`goods_id`,`goods_attr_id`,`goods_number`) VALUES ('60','2,4','20') [ RunTime:0.0003s ]
SQL: INSERT INTO `php34_goods_number` (`goods_id`,`goods_attr_id`,`goods_number`) VALUES ('60','2,5','100') [ RunTime:0.0002s ]
SQL: INSERT INTO `php34_goods_number` (`goods_id`,`goods_attr_id`,`goods_number`) VALUES ('60','3,4','100') [ RunTime:0.0002s ]
SQL: INSERT INTO `php34_goods_number` (`goods_id`,`goods_attr_id`,`goods_number`) VALUES ('60','3,5','100') [ RunTime:0.0002s ]
INFO: [ view_parse ] --START--
INFO: [ template_filter ] --START--
INFO: Run Behavior\ContentReplaceBehavior [ RunTime:0.000069s ]
INFO: [ template_filter ] --END-- [ RunTime:0.000130s ]
INFO: Run Behavior\ParseTemplateBehavior [ RunTime:0.006566s ]
INFO: [ view_parse ] --END-- [ RunTime:0.006671s ]
INFO: [ view_filter ] --START--
INFO: Run Behavior\WriteHtmlCacheBehavior [ RunTime:0.000218s ]
INFO: [ view_filter ] --END-- [ RunTime:0.000266s ]

[ 2016-10-11T17:07:49+08:00 ] 127.0.0.1 /Back/Goods/lst.html
INFO: [ app_init ] --START--
INFO: Run Behavior\BuildLiteBehavior [ RunTime:0.000033s ]
INFO: [ app_init ] --END-- [ RunTime:0.000789s ]
INFO: [ app_begin ] --START--
INFO: Run Behavior\ReadHtmlCacheBehavior [ RunTime:0.001334s ]
INFO: [ app_begin ] --END-- [ RunTime:0.001473s ]
NOTIC: [2048] Declaration of Back\Model\GoodsModel::_before_delete() should be compatible with that of Think\Model::_before_delete() E:\php\http\fuxi\Application\Back\Model\GoodsModel.class.php 第 4 行.
SQL: SHOW COLUMNS FROM `php34_goods` [ RunTime:0.0104s ]
SQL: SELECT COUNT(*) AS tp_count FROM `php34_goods` WHERE `is_delete` = 0 LIMIT 1   [ RunTime:0.0004s ]
SQL: SELECT a.*,b.cat_name,group_concat(d.cat_name SEPARATOR "<br/>") ext_name FROM php34_goods a LEFT JOIN php34_category as b on a.cat_id=b.id LEFT JOIN php34_ext_cat as c on c.goods_id=a.id LEFT JOIN php34_category as d on d.id =c.cat_id  WHERE `is_delete` = 0 GROUP BY a.id ORDER BY id desc LIMIT 0,10   [ RunTime:0.0003s ]
INFO: [ view_parse ] --START--
INFO: [ template_filter ] --START--
INFO: Run Behavior\ContentReplaceBehavior [ RunTime:0.000112s ]
INFO: [ template_filter ] --END-- [ RunTime:0.000172s ]
INFO: Run Behavior\ParseTemplateBehavior [ RunTime:0.007981s ]
INFO: [ view_parse ] --END-- [ RunTime:0.008052s ]
INFO: [ view_filter ] --START--
INFO: Run Behavior\WriteHtmlCacheBehavior [ RunTime:0.000236s ]
INFO: [ view_filter ] --END-- [ RunTime:0.000289s ]
INFO: [ app_end ] --START--
INFO: Run Behavior\ShowPageTraceBehavior [ RunTime:0.000800s ]
INFO: [ app_end ] --END-- [ RunTime:0.000884s ]

[ 2016-10-11T17:07:52+08:00 ] 127.0.0.1 /Back/Goods/goodsNumber/id/60
INFO: [ app_init ] --START--
INFO: Run Behavior\BuildLiteBehavior [ RunTime:0.000015s ]
INFO: [ app_init ] --END-- [ RunTime:0.000328s ]
INFO: [ app_begin ] --START--
INFO: Run Behavior\ReadHtmlCacheBehavior [ RunTime:0.000480s ]
INFO: [ app_begin ] --END-- [ RunTime:0.000542s ]
SQL: SHOW COLUMNS FROM `php34_goods_attr` [ RunTime:0.0040s ]
SQL: SELECT group_concat(a.id) ids,group_concat(a.attr_value) attr_value,b.attr_name FROM php34_goods_attr a INNER JOIN php34_attr b on b.id=a.attr_id  WHERE `goods_id` = '60' GROUP BY a.attr_id HAVING count(*)>1  [ RunTime:0.0001s ]
SQL: SHOW COLUMNS FROM `php34_goods_number` [ RunTime:0.0038s ]
SQL: SELECT * FROM `php34_goods_number` WHERE `goods_id` = '60'  [ RunTime:0.0003s ]
INFO: [ view_parse ] --START--
INFO: [ template_filter ] --START--
INFO: Run Behavior\ContentReplaceBehavior [ RunTime:0.000059s ]
INFO: [ template_filter ] --END-- [ RunTime:0.000126s ]
INFO: Run Behavior\ParseTemplateBehavior [ RunTime:0.006421s ]
INFO: [ view_parse ] --END-- [ RunTime:0.006506s ]
INFO: [ view_filter ] --START--
INFO: Run Behavior\WriteHtmlCacheBehavior [ RunTime:0.000242s ]
INFO: [ view_filter ] --END-- [ RunTime:0.000291s ]
INFO: [ app_end ] --START--
INFO: Run Behavior\ShowPageTraceBehavior [ RunTime:0.000443s ]
INFO: [ app_end ] --END-- [ RunTime:0.000494s ]

[ 2016-10-11T17:09:39+08:00 ] 127.0.0.1 /index.php/Back/Goods/lst
INFO: [ app_init ] --START--
INFO: Run Behavior\BuildLiteBehavior [ RunTime:0.000016s ]
INFO: [ app_init ] --END-- [ RunTime:0.000402s ]
INFO: [ app_begin ] --START--
INFO: Run Behavior\ReadHtmlCacheBehavior [ RunTime:0.000620s ]
INFO: [ app_begin ] --END-- [ RunTime:0.000683s ]
NOTIC: [2048] Declaration of Back\Model\GoodsModel::_before_delete() should be compatible with that of Think\Model::_before_delete() E:\php\http\fuxi\Application\Back\Model\GoodsModel.class.php 第 4 行.
SQL: SHOW COLUMNS FROM `php34_goods` [ RunTime:0.0217s ]
SQL: SELECT COUNT(*) AS tp_count FROM `php34_goods` WHERE `is_delete` = 0 LIMIT 1   [ RunTime:0.0002s ]
SQL: SELECT a.*,b.cat_name,group_concat(d.cat_name SEPARATOR "<br/>") ext_name FROM php34_goods a LEFT JOIN php34_category as b on a.cat_id=b.id LEFT JOIN php34_ext_cat as c on c.goods_id=a.id LEFT JOIN php34_category as d on d.id =c.cat_id  WHERE `is_delete` = 0 GROUP BY a.id ORDER BY id desc LIMIT 0,10   [ RunTime:0.0003s ]
INFO: [ view_parse ] --START--
INFO: [ template_filter ] --START--
INFO: Run Behavior\ContentReplaceBehavior [ RunTime:0.000113s ]
INFO: [ template_filter ] --END-- [ RunTime:0.000182s ]
INFO: Run Behavior\ParseTemplateBehavior [ RunTime:0.009072s ]
INFO: [ view_parse ] --END-- [ RunTime:0.009166s ]
INFO: [ view_filter ] --START--
INFO: Run Behavior\WriteHtmlCacheBehavior [ RunTime:0.000325s ]
INFO: [ view_filter ] --END-- [ RunTime:0.000378s ]
INFO: [ app_end ] --START--
INFO: Run Behavior\ShowPageTraceBehavior [ RunTime:0.000577s ]
INFO: [ app_end ] --END-- [ RunTime:0.000641s ]

[ 2016-10-11T17:09:41+08:00 ] 127.0.0.1 /Back/Goods/goodsNumber/id/60
INFO: [ app_init ] --START--
INFO: Run Behavior\BuildLiteBehavior [ RunTime:0.000016s ]
INFO: [ app_init ] --END-- [ RunTime:0.000336s ]
INFO: [ app_begin ] --START--
INFO: Run Behavior\ReadHtmlCacheBehavior [ RunTime:0.000479s ]
INFO: [ app_begin ] --END-- [ RunTime:0.000546s ]
SQL: SHOW COLUMNS FROM `php34_goods_attr` [ RunTime:0.0089s ]
SQL: SELECT group_concat(a.id) ids,group_concat(a.attr_value) attr_value,b.attr_name FROM php34_goods_attr a INNER JOIN php34_attr b on b.id=a.attr_id  WHERE `goods_id` = '60' GROUP BY a.attr_id HAVING count(*)>1  [ RunTime:0.0004s ]
SQL: SHOW COLUMNS FROM `php34_goods_number` [ RunTime:0.0079s ]
SQL: SELECT * FROM `php34_goods_number` WHERE `goods_id` = '60'  [ RunTime:0.0007s ]
INFO: [ view_parse ] --START--
INFO: [ template_filter ] --START--
INFO: Run Behavior\ContentReplaceBehavior [ RunTime:0.000121s ]
INFO: [ template_filter ] --END-- [ RunTime:0.000276s ]
INFO: Run Behavior\ParseTemplateBehavior [ RunTime:0.014040s ]
INFO: [ view_parse ] --END-- [ RunTime:0.014233s ]
INFO: [ view_filter ] --START--
INFO: Run Behavior\WriteHtmlCacheBehavior [ RunTime:0.000492s ]
INFO: [ view_filter ] --END-- [ RunTime:0.000603s ]
INFO: [ app_end ] --START--
INFO: Run Behavior\ShowPageTraceBehavior [ RunTime:0.001008s ]
INFO: [ app_end ] --END-- [ RunTime:0.001130s ]

[ 2016-10-11T17:40:57+08:00 ] 127.0.0.1 /index.php/Back/Goods/lst
INFO: [ app_init ] --START--
INFO: Run Behavior\BuildLiteBehavior [ RunTime:0.000033s ]
INFO: [ app_init ] --END-- [ RunTime:0.000862s ]
INFO: [ app_begin ] --START--
INFO: Run Behavior\ReadHtmlCacheBehavior [ RunTime:0.002584s ]
INFO: [ app_begin ] --END-- [ RunTime:0.002790s ]
NOTIC: [2048] Declaration of Back\Model\GoodsModel::_before_delete() should be compatible with that of Think\Model::_before_delete() E:\php\http\fuxi\Application\Back\Model\GoodsModel.class.php 第 4 行.
SQL: SHOW COLUMNS FROM `php34_goods` [ RunTime:0.0044s ]
SQL: SELECT COUNT(*) AS tp_count FROM `php34_goods` WHERE `is_delete` = 0 LIMIT 1   [ RunTime:0.0001s ]
SQL: SELECT a.*,b.cat_name,group_concat(d.cat_name SEPARATOR "<br/>") ext_name FROM php34_goods a LEFT JOIN php34_category as b on a.cat_id=b.id LEFT JOIN php34_ext_cat as c on c.goods_id=a.id LEFT JOIN php34_category as d on d.id =c.cat_id  WHERE `is_delete` = 0 GROUP BY a.id ORDER BY id desc LIMIT 0,10   [ RunTime:0.0003s ]
INFO: [ view_parse ] --START--
INFO: [ template_filter ] --START--
INFO: Run Behavior\ContentReplaceBehavior [ RunTime:0.000162s ]
INFO: [ template_filter ] --END-- [ RunTime:0.000256s ]
INFO: Run Behavior\ParseTemplateBehavior [ RunTime:0.010430s ]
INFO: [ view_parse ] --END-- [ RunTime:0.010505s ]
INFO: [ view_filter ] --START--
INFO: Run Behavior\WriteHtmlCacheBehavior [ RunTime:0.000330s ]
INFO: [ view_filter ] --END-- [ RunTime:0.000384s ]
INFO: [ app_end ] --START--
INFO: Run Behavior\ShowPageTraceBehavior [ RunTime:0.000490s ]
INFO: [ app_end ] --END-- [ RunTime:0.000557s ]

[ 2016-10-11T17:41:00+08:00 ] 127.0.0.1 /Back/Goods/goodsNumber/id/60
INFO: [ app_init ] --START--
INFO: Run Behavior\BuildLiteBehavior [ RunTime:0.000015s ]
INFO: [ app_init ] --END-- [ RunTime:0.000324s ]
INFO: [ app_begin ] --START--
INFO: Run Behavior\ReadHtmlCacheBehavior [ RunTime:0.000461s ]
INFO: [ app_begin ] --END-- [ RunTime:0.000525s ]
SQL: SHOW COLUMNS FROM `php34_goods_attr` [ RunTime:0.0037s ]
SQL: SELECT group_concat(a.id) ids,group_concat(a.attr_value) attr_value,b.attr_name FROM php34_goods_attr a INNER JOIN php34_attr b on b.id=a.attr_id  WHERE `goods_id` = '60' GROUP BY a.attr_id HAVING count(*)>1  [ RunTime:0.0002s ]
SQL: SHOW COLUMNS FROM `php34_goods_number` [ RunTime:0.0036s ]
SQL: SELECT * FROM `php34_goods_number` WHERE `goods_id` = '60'  [ RunTime:0.0003s ]
INFO: [ view_parse ] --START--
INFO: [ template_filter ] --START--
INFO: Run Behavior\ContentReplaceBehavior [ RunTime:0.000057s ]
INFO: [ template_filter ] --END-- [ RunTime:0.000116s ]
INFO: Run Behavior\ParseTemplateBehavior [ RunTime:0.006477s ]
INFO: [ view_parse ] --END-- [ RunTime:0.006559s ]
INFO: [ view_filter ] --START--
INFO: Run Behavior\WriteHtmlCacheBehavior [ RunTime:0.000214s ]
INFO: [ view_filter ] --END-- [ RunTime:0.000264s ]
INFO: [ app_end ] --START--
INFO: Run Behavior\ShowPageTraceBehavior [ RunTime:0.000439s ]
INFO: [ app_end ] --END-- [ RunTime:0.000491s ]

[ 2016-10-11T17:42:28+08:00 ] 127.0.0.1 /index.php/Back/Goods/lst
INFO: [ app_init ] --START--
INFO: Run Behavior\BuildLiteBehavior [ RunTime:0.000031s ]
INFO: [ app_init ] --END-- [ RunTime:0.000711s ]
INFO: [ app_begin ] --START--
INFO: Run Behavior\ReadHtmlCacheBehavior [ RunTime:0.000986s ]
INFO: [ app_begin ] --END-- [ RunTime:0.001117s ]
NOTIC: [2048] Declaration of Back\Model\GoodsModel::_before_delete() should be compatible with that of Think\Model::_before_delete() E:\php\http\fuxi\Application\Back\Model\GoodsModel.class.php 第 4 行.
SQL: SHOW COLUMNS FROM `php34_goods` [ RunTime:0.0098s ]
SQL: SELECT COUNT(*) AS tp_count FROM `php34_goods` WHERE `is_delete` = 0 LIMIT 1   [ RunTime:0.0003s ]
SQL: SELECT a.*,b.cat_name,group_concat(d.cat_name SEPARATOR "<br/>") ext_name FROM php34_goods a LEFT JOIN php34_category as b on a.cat_id=b.id LEFT JOIN php34_ext_cat as c on c.goods_id=a.id LEFT JOIN php34_category as d on d.id =c.cat_id  WHERE `is_delete` = 0 GROUP BY a.id ORDER BY id desc LIMIT 0,10   [ RunTime:0.0003s ]
INFO: [ view_parse ] --START--
INFO: [ template_filter ] --START--
INFO: Run Behavior\ContentReplaceBehavior [ RunTime:0.000104s ]
INFO: [ template_filter ] --END-- [ RunTime:0.000162s ]
INFO: Run Behavior\ParseTemplateBehavior [ RunTime:0.008532s ]
INFO: [ view_parse ] --END-- [ RunTime:0.008612s ]
INFO: [ view_filter ] --START--
INFO: Run Behavior\WriteHtmlCacheBehavior [ RunTime:0.000237s ]
INFO: [ view_filter ] --END-- [ RunTime:0.000291s ]
INFO: [ app_end ] --START--
INFO: Run Behavior\ShowPageTraceBehavior [ RunTime:0.000621s ]
INFO: [ app_end ] --END-- [ RunTime:0.000702s ]

[ 2016-10-11T17:42:31+08:00 ] 127.0.0.1 /Back/Goods/goodsNumber/id/60
INFO: [ app_init ] --START--
INFO: Run Behavior\BuildLiteBehavior [ RunTime:0.000033s ]
INFO: [ app_init ] --END-- [ RunTime:0.000782s ]
INFO: [ app_begin ] --START--
INFO: Run Behavior\ReadHtmlCacheBehavior [ RunTime:0.001112s ]
INFO: [ app_begin ] --END-- [ RunTime:0.001251s ]
SQL: SHOW COLUMNS FROM `php34_goods_attr` [ RunTime:0.0034s ]
SQL: SELECT group_concat(a.id) ids,group_concat(a.attr_value) attr_value,b.attr_name FROM php34_goods_attr a INNER JOIN php34_attr b on b.id=a.attr_id  WHERE `goods_id` = '60' GROUP BY a.attr_id HAVING count(*)>1  [ RunTime:0.0002s ]
SQL: SHOW COLUMNS FROM `php34_goods_number` [ RunTime:0.0070s ]
SQL: SELECT * FROM `php34_goods_number` WHERE `goods_id` = '60'  [ RunTime:0.0004s ]
INFO: [ view_parse ] --START--
INFO: [ template_filter ] --START--
INFO: Run Behavior\ContentReplaceBehavior [ RunTime:0.000057s ]
INFO: [ template_filter ] --END-- [ RunTime:0.000121s ]
INFO: Run Behavior\ParseTemplateBehavior [ RunTime:0.007065s ]
INFO: [ view_parse ] --END-- [ RunTime:0.007150s ]
INFO: [ view_filter ] --START--
INFO: Run Behavior\WriteHtmlCacheBehavior [ RunTime:0.000210s ]
INFO: [ view_filter ] --END-- [ RunTime:0.000260s ]
INFO: [ app_end ] --START--
INFO: Run Behavior\ShowPageTraceBehavior [ RunTime:0.000432s ]
INFO: [ app_end ] --END-- [ RunTime:0.000482s ]

[ 2016-10-11T17:44:19+08:00 ] 127.0.0.1 /index.php/Back/Goods/lst
INFO: [ app_init ] --START--
INFO: Run Behavior\BuildLiteBehavior [ RunTime:0.000016s ]
INFO: [ app_init ] --END-- [ RunTime:0.000362s ]
INFO: [ app_begin ] --START--
INFO: Run Behavior\ReadHtmlCacheBehavior [ RunTime:0.000513s ]
INFO: [ app_begin ] --END-- [ RunTime:0.000583s ]
NOTIC: [2048] Declaration of Back\Model\GoodsModel::_before_delete() should be compatible with that of Think\Model::_before_delete() E:\php\http\fuxi\Application\Back\Model\GoodsModel.class.php 第 4 行.
SQL: SHOW COLUMNS FROM `php34_goods` [ RunTime:0.0044s ]
SQL: SELECT COUNT(*) AS tp_count FROM `php34_goods` WHERE `is_delete` = 0 LIMIT 1   [ RunTime:0.0001s ]
SQL: SELECT a.*,b.cat_name,group_concat(d.cat_name SEPARATOR "<br/>") ext_name FROM php34_goods a LEFT JOIN php34_category as b on a.cat_id=b.id LEFT JOIN php34_ext_cat as c on c.goods_id=a.id LEFT JOIN php34_category as d on d.id =c.cat_id  WHERE `is_delete` = 0 GROUP BY a.id ORDER BY id desc LIMIT 0,10   [ RunTime:0.0004s ]
INFO: [ view_parse ] --START--
INFO: [ template_filter ] --START--
INFO: Run Behavior\ContentReplaceBehavior [ RunTime:0.000111s ]
INFO: [ template_filter ] --END-- [ RunTime:0.000178s ]
INFO: Run Behavior\ParseTemplateBehavior [ RunTime:0.009357s ]
INFO: [ view_parse ] --END-- [ RunTime:0.009432s ]
INFO: [ view_filter ] --START--
INFO: Run Behavior\WriteHtmlCacheBehavior [ RunTime:0.000359s ]
INFO: [ view_filter ] --END-- [ RunTime:0.000414s ]
INFO: [ app_end ] --START--
INFO: Run Behavior\ShowPageTraceBehavior [ RunTime:0.000638s ]
INFO: [ app_end ] --END-- [ RunTime:0.000712s ]

[ 2016-10-11T17:44:21+08:00 ] 127.0.0.1 /Back/Goods/goodsNumber/id/60
INFO: [ app_init ] --START--
INFO: Run Behavior\BuildLiteBehavior [ RunTime:0.000033s ]
INFO: [ app_init ] --END-- [ RunTime:0.001380s ]
INFO: [ app_begin ] --START--
INFO: Run Behavior\ReadHtmlCacheBehavior [ RunTime:0.001055s ]
INFO: [ app_begin ] --END-- [ RunTime:0.001195s ]
SQL: SHOW COLUMNS FROM `php34_goods_attr` [ RunTime:0.0046s ]
SQL: SELECT group_concat(a.id) ids,group_concat(a.attr_value) attr_value,b.attr_name FROM php34_goods_attr a INNER JOIN php34_attr b on b.id=a.attr_id  WHERE `goods_id` = '60' GROUP BY a.attr_id HAVING count(*)>1  [ RunTime:0.0002s ]
SQL: SHOW COLUMNS FROM `php34_goods_number` [ RunTime:0.0040s ]
SQL: SELECT * FROM `php34_goods_number` WHERE `goods_id` = '60'  [ RunTime:0.0004s ]
INFO: [ view_parse ] --START--
INFO: [ template_filter ] --START--
INFO: Run Behavior\ContentReplaceBehavior [ RunTime:0.000057s ]
INFO: [ template_filter ] --END-- [ RunTime:0.000123s ]
INFO: Run Behavior\ParseTemplateBehavior [ RunTime:0.006723s ]
INFO: [ view_parse ] --END-- [ RunTime:0.006812s ]
INFO: [ view_filter ] --START--
INFO: Run Behavior\WriteHtmlCacheBehavior [ RunTime:0.000207s ]
INFO: [ view_filter ] --END-- [ RunTime:0.000255s ]
INFO: [ app_end ] --START--
INFO: Run Behavior\ShowPageTraceBehavior [ RunTime:0.000429s ]
INFO: [ app_end ] --END-- [ RunTime:0.000481s ]

[ 2016-10-11T17:49:38+08:00 ] 127.0.0.1 /index.php/Back/Goods/lst
INFO: [ app_init ] --START--
INFO: Run Behavior\BuildLiteBehavior [ RunTime:0.000015s ]
INFO: [ app_init ] --END-- [ RunTime:0.000415s ]
INFO: [ app_begin ] --START--
INFO: Run Behavior\ReadHtmlCacheBehavior [ RunTime:0.000467s ]
INFO: [ app_begin ] --END-- [ RunTime:0.000527s ]
NOTIC: [2048] Declaration of Back\Model\GoodsModel::_before_delete() should be compatible with that of Think\Model::_before_delete() E:\php\http\fuxi\Application\Back\Model\GoodsModel.class.php 第 4 行.
SQL: SHOW COLUMNS FROM `php34_goods` [ RunTime:0.0040s ]
SQL: SELECT COUNT(*) AS tp_count FROM `php34_goods` WHERE `is_delete` = 0 LIMIT 1   [ RunTime:0.0002s ]
SQL: SELECT a.*,b.cat_name,group_concat(d.cat_name SEPARATOR "<br/>") ext_name FROM php34_goods a LEFT JOIN php34_category as b on a.cat_id=b.id LEFT JOIN php34_ext_cat as c on c.goods_id=a.id LEFT JOIN php34_category as d on d.id =c.cat_id  WHERE `is_delete` = 0 GROUP BY a.id ORDER BY id desc LIMIT 0,10   [ RunTime:0.0003s ]
INFO: [ view_parse ] --START--
INFO: [ template_filter ] --START--
INFO: Run Behavior\ContentReplaceBehavior [ RunTime:0.000124s ]
INFO: [ template_filter ] --END-- [ RunTime:0.000188s ]
INFO: Run Behavior\ParseTemplateBehavior [ RunTime:0.008712s ]
INFO: [ view_parse ] --END-- [ RunTime:0.008793s ]
INFO: [ view_filter ] --START--
INFO: Run Behavior\WriteHtmlCacheBehavior [ RunTime:0.000364s ]
INFO: [ view_filter ] --END-- [ RunTime:0.000425s ]
INFO: [ app_end ] --START--
INFO: Run Behavior\ShowPageTraceBehavior [ RunTime:0.000599s ]
INFO: [ app_end ] --END-- [ RunTime:0.000663s ]

[ 2016-10-11T17:49:40+08:00 ] 127.0.0.1 /Back/Goods/goodsNumber/id/60
INFO: [ app_init ] --START--
INFO: Run Behavior\BuildLiteBehavior [ RunTime:0.000032s ]
INFO: [ app_init ] --END-- [ RunTime:0.000759s ]
INFO: [ app_begin ] --START--
INFO: Run Behavior\ReadHtmlCacheBehavior [ RunTime:0.001245s ]
INFO: [ app_begin ] --END-- [ RunTime:0.001401s ]
SQL: SHOW COLUMNS FROM `php34_goods_attr` [ RunTime:0.0039s ]
SQL: SELECT group_concat(a.id) ids,group_concat(a.attr_value) attr_value,b.attr_name FROM php34_goods_attr a INNER JOIN php34_attr b on b.id=a.attr_id  WHERE `goods_id` = '60' GROUP BY a.attr_id HAVING count(*)>1  [ RunTime:0.0002s ]
SQL: SHOW COLUMNS FROM `php34_goods_number` [ RunTime:0.0038s ]
SQL: SELECT * FROM `php34_goods_number` WHERE `goods_id` = '60'  [ RunTime:0.0004s ]
INFO: [ view_parse ] --START--
INFO: [ template_filter ] --START--
INFO: Run Behavior\ContentReplaceBehavior [ RunTime:0.000054s ]
INFO: [ template_filter ] --END-- [ RunTime:0.000113s ]
INFO: Run Behavior\ParseTemplateBehavior [ RunTime:0.006252s ]
INFO: [ view_parse ] --END-- [ RunTime:0.006335s ]
INFO: [ view_filter ] --START--
INFO: Run Behavior\WriteHtmlCacheBehavior [ RunTime:0.000206s ]
INFO: [ view_filter ] --END-- [ RunTime:0.000255s ]
INFO: [ app_end ] --START--
INFO: Run Behavior\ShowPageTraceBehavior [ RunTime:0.000499s ]
INFO: [ app_end ] --END-- [ RunTime:0.000552s ]

[ 2016-10-11T17:49:56+08:00 ] 127.0.0.1 /index.php/Back/Goods/lst
INFO: [ app_init ] --START--
INFO: Run Behavior\BuildLiteBehavior [ RunTime:0.000016s ]
INFO: [ app_init ] --END-- [ RunTime:0.000356s ]
INFO: [ app_begin ] --START--
INFO: Run Behavior\ReadHtmlCacheBehavior [ RunTime:0.000566s ]
INFO: [ app_begin ] --END-- [ RunTime:0.000636s ]
NOTIC: [2048] Declaration of Back\Model\GoodsModel::_before_delete() should be compatible with that of Think\Model::_before_delete() E:\php\http\fuxi\Application\Back\Model\GoodsModel.class.php 第 4 行.
SQL: SHOW COLUMNS FROM `php34_goods` [ RunTime:0.0040s ]
SQL: SELECT COUNT(*) AS tp_count FROM `php34_goods` WHERE `is_delete` = 0 LIMIT 1   [ RunTime:0.0001s ]
SQL: SELECT a.*,b.cat_name,group_concat(d.cat_name SEPARATOR "<br/>") ext_name FROM php34_goods a LEFT JOIN php34_category as b on a.cat_id=b.id LEFT JOIN php34_ext_cat as c on c.goods_id=a.id LEFT JOIN php34_category as d on d.id =c.cat_id  WHERE `is_delete` = 0 GROUP BY a.id ORDER BY id desc LIMIT 0,10   [ RunTime:0.0003s ]
INFO: [ view_parse ] --START--
INFO: [ template_filter ] --START--
INFO: Run Behavior\ContentReplaceBehavior [ RunTime:0.000123s ]
INFO: [ template_filter ] --END-- [ RunTime:0.000242s ]
INFO: Run Behavior\ParseTemplateBehavior [ RunTime:0.009309s ]
INFO: [ view_parse ] --END-- [ RunTime:0.009387s ]
INFO: [ view_filter ] --START--
INFO: Run Behavior\WriteHtmlCacheBehavior [ RunTime:0.000353s ]
INFO: [ view_filter ] --END-- [ RunTime:0.000411s ]
INFO: [ app_end ] --START--
INFO: Run Behavior\ShowPageTraceBehavior [ RunTime:0.000593s ]
INFO: [ app_end ] --END-- [ RunTime:0.000665s ]

[ 2016-10-11T17:49:58+08:00 ] 127.0.0.1 /Back/Goods/goodsNumber/id/60
INFO: [ app_init ] --START--
INFO: Run Behavior\BuildLiteBehavior [ RunTime:0.000035s ]
INFO: [ app_init ] --END-- [ RunTime:0.000820s ]
INFO: [ app_begin ] --START--
INFO: Run Behavior\ReadHtmlCacheBehavior [ RunTime:0.001111s ]
INFO: [ app_begin ] --END-- [ RunTime:0.001248s ]
SQL: SHOW COLUMNS FROM `php34_goods_attr` [ RunTime:0.0056s ]
SQL: SELECT group_concat(a.id) ids,group_concat(a.attr_value) attr_value,b.attr_name FROM php34_goods_attr a INNER JOIN php34_attr b on b.id=a.attr_id  WHERE `goods_id` = '60' GROUP BY a.attr_id HAVING count(*)>1  [ RunTime:0.0002s ]
SQL: SHOW COLUMNS FROM `php34_goods_number` [ RunTime:0.0041s ]
SQL: SELECT * FROM `php34_goods_number` WHERE `goods_id` = '60'  [ RunTime:0.0004s ]
INFO: [ view_parse ] --START--
INFO: [ template_filter ] --START--
INFO: Run Behavior\ContentReplaceBehavior [ RunTime:0.000054s ]
INFO: [ template_filter ] --END-- [ RunTime:0.000111s ]
INFO: Run Behavior\ParseTemplateBehavior [ RunTime:0.006123s ]
INFO: [ view_parse ] --END-- [ RunTime:0.006202s ]
INFO: [ view_filter ] --START--
INFO: Run Behavior\WriteHtmlCacheBehavior [ RunTime:0.000202s ]
INFO: [ view_filter ] --END-- [ RunTime:0.000248s ]
INFO: [ app_end ] --START--
INFO: Run Behavior\ShowPageTraceBehavior [ RunTime:0.000419s ]
INFO: [ app_end ] --END-- [ RunTime:0.000466s ]

[ 2016-10-11T19:12:26+08:00 ] 127.0.0.1 /index.php/Back/Goods/lst
INFO: [ app_init ] --START--
INFO: Run Behavior\BuildLiteBehavior [ RunTime:0.000034s ]
INFO: [ app_init ] --END-- [ RunTime:0.000784s ]
INFO: [ app_begin ] --START--
INFO: Run Behavior\ReadHtmlCacheBehavior [ RunTime:0.001051s ]
INFO: [ app_begin ] --END-- [ RunTime:0.001191s ]
NOTIC: [2048] Declaration of Back\Model\GoodsModel::_before_delete() should be compatible with that of Think\Model::_before_delete() E:\php\http\fuxi\Application\Back\Model\GoodsModel.class.php 第 4 行.
SQL: SHOW COLUMNS FROM `php34_goods` [ RunTime:0.0043s ]
SQL: SELECT COUNT(*) AS tp_count FROM `php34_goods` WHERE `is_delete` = 0 LIMIT 1   [ RunTime:0.0002s ]
SQL: SELECT a.*,b.cat_name,group_concat(d.cat_name SEPARATOR "<br/>") ext_name FROM php34_goods a LEFT JOIN php34_category as b on a.cat_id=b.id LEFT JOIN php34_ext_cat as c on c.goods_id=a.id LEFT JOIN php34_category as d on d.id =c.cat_id  WHERE `is_delete` = 0 GROUP BY a.id ORDER BY id desc LIMIT 0,10   [ RunTime:0.0003s ]
INFO: [ view_parse ] --START--
INFO: [ template_filter ] --START--
INFO: Run Behavior\ContentReplaceBehavior [ RunTime:0.000112s ]
INFO: [ template_filter ] --END-- [ RunTime:0.000183s ]
INFO: Run Behavior\ParseTemplateBehavior [ RunTime:0.008924s ]
INFO: [ view_parse ] --END-- [ RunTime:0.008999s ]
INFO: [ view_filter ] --START--
INFO: Run Behavior\WriteHtmlCacheBehavior [ RunTime:0.000340s ]
INFO: [ view_filter ] --END-- [ RunTime:0.000394s ]
INFO: [ app_end ] --START--
INFO: Run Behavior\ShowPageTraceBehavior [ RunTime:0.000464s ]
INFO: [ app_end ] --END-- [ RunTime:0.000526s ]

[ 2016-10-11T19:12:29+08:00 ] 127.0.0.1 /Back/Goods/goodsNumber/id/60
INFO: [ app_init ] --START--
INFO: Run Behavior\BuildLiteBehavior [ RunTime:0.000033s ]
INFO: [ app_init ] --END-- [ RunTime:0.000747s ]
INFO: [ app_begin ] --START--
INFO: Run Behavior\ReadHtmlCacheBehavior [ RunTime:0.001049s ]
INFO: [ app_begin ] --END-- [ RunTime:0.001191s ]
SQL: SHOW COLUMNS FROM `php34_goods_attr` [ RunTime:0.0043s ]
SQL: SELECT group_concat(a.id) ids,group_concat(a.attr_value) attr_value,b.attr_name FROM php34_goods_attr a INNER JOIN php34_attr b on b.id=a.attr_id  WHERE `goods_id` = '60' GROUP BY a.attr_id HAVING count(*)>1  [ RunTime:0.0002s ]
SQL: SHOW COLUMNS FROM `php34_goods_number` [ RunTime:0.0035s ]
SQL: SELECT * FROM `php34_goods_number` WHERE `goods_id` = '60'  [ RunTime:0.0004s ]
INFO: [ view_parse ] --START--
INFO: [ template_filter ] --START--
INFO: Run Behavior\ContentReplaceBehavior [ RunTime:0.000059s ]
INFO: [ template_filter ] --END-- [ RunTime:0.000127s ]
INFO: Run Behavior\ParseTemplateBehavior [ RunTime:0.006862s ]
INFO: [ view_parse ] --END-- [ RunTime:0.006943s ]
INFO: [ view_filter ] --START--
INFO: Run Behavior\WriteHtmlCacheBehavior [ RunTime:0.000215s ]
INFO: [ view_filter ] --END-- [ RunTime:0.000273s ]
INFO: [ app_end ] --START--
INFO: Run Behavior\ShowPageTraceBehavior [ RunTime:0.000410s ]
INFO: [ app_end ] --END-- [ RunTime:0.000458s ]

