[ 2016-09-22T09:35:24+08:00 ] 127.0.0.1 /admin/Ger/index/index
INFO: [ app_init ] --START--
INFO: Run Behavior\BuildLiteBehavior [ RunTime:0.000015s ]
INFO: [ app_init ] --END-- [ RunTime:0.000370s ]
INFO: [ app_begin ] --START--
INFO: Run Behavior\ReadHtmlCacheBehavior [ RunTime:0.000550s ]
INFO: [ app_begin ] --END-- [ RunTime:0.000607s ]
INFO: [ view_parse ] --START--
INFO: [ template_filter ] --START--
INFO: Run Behavior\ContentReplaceBehavior [ RunTime:0.000052s ]
INFO: [ template_filter ] --END-- [ RunTime:0.000123s ]
INFO: Run Behavior\ParseTemplateBehavior [ RunTime:0.025712s ]
INFO: [ view_parse ] --END-- [ RunTime:0.025775s ]
INFO: [ view_filter ] --START--
INFO: Run Behavior\WriteHtmlCacheBehavior [ RunTime:0.000320s ]
INFO: [ view_filter ] --END-- [ RunTime:0.000369s ]
INFO: [ app_end ] --START--
INFO: Run Behavior\ShowPageTraceBehavior [ RunTime:0.000505s ]
INFO: [ app_end ] --END-- [ RunTime:0.000554s ]

[ 2016-09-22T09:35:32+08:00 ] 127.0.0.1 /admin/Ger/index/index
INFO: [ app_init ] --START--
INFO: Run Behavior\BuildLiteBehavior [ RunTime:0.000033s ]
INFO: [ app_init ] --END-- [ RunTime:0.000848s ]
INFO: [ app_begin ] --START--
INFO: Run Behavior\ReadHtmlCacheBehavior [ RunTime:0.000553s ]
INFO: [ app_begin ] --END-- [ RunTime:0.000612s ]
SQL: show table status where name like 'php34_category' [ RunTime:0.0452s ]
SQL: show full fields from php34_category [ RunTime:0.0037s ]
INFO: [ view_parse ] --START--
INFO: [ template_filter ] --START--
INFO: Run Behavior\ContentReplaceBehavior [ RunTime:0.000049s ]
INFO: [ template_filter ] --END-- [ RunTime:0.000120s ]
INFO: Run Behavior\ParseTemplateBehavior [ RunTime:0.040155s ]
INFO: [ view_parse ] --END-- [ RunTime:0.040235s ]
INFO: [ view_filter ] --START--
INFO: Run Behavior\WriteHtmlCacheBehavior [ RunTime:0.000413s ]
INFO: [ view_filter ] --END-- [ RunTime:0.000463s ]

[ 2016-09-22T09:35:33+08:00 ] 127.0.0.1 /admin/Ger/index/index
INFO: [ app_init ] --START--
INFO: Run Behavior\BuildLiteBehavior [ RunTime:0.000032s ]
INFO: [ app_init ] --END-- [ RunTime:0.000753s ]
INFO: [ app_begin ] --START--
INFO: Run Behavior\ReadHtmlCacheBehavior [ RunTime:0.001139s ]
INFO: [ app_begin ] --END-- [ RunTime:0.001286s ]
INFO: [ view_parse ] --START--
INFO: [ template_filter ] --START--
INFO: Run Behavior\ContentReplaceBehavior [ RunTime:0.000115s ]
INFO: [ template_filter ] --END-- [ RunTime:0.000403s ]
INFO: Run Behavior\ParseTemplateBehavior [ RunTime:0.016506s ]
INFO: [ view_parse ] --END-- [ RunTime:0.016661s ]
INFO: [ view_filter ] --START--
INFO: Run Behavior\WriteHtmlCacheBehavior [ RunTime:0.000914s ]
INFO: [ view_filter ] --END-- [ RunTime:0.001040s ]
INFO: [ app_end ] --START--
INFO: Run Behavior\ShowPageTraceBehavior [ RunTime:0.001782s ]
INFO: [ app_end ] --END-- [ RunTime:0.001927s ]

[ 2016-09-22T09:37:48+08:00 ] 127.0.0.1 /admin/Ger/index/index
INFO: [ app_init ] --START--
INFO: Run Behavior\BuildLiteBehavior [ RunTime:0.000061s ]
INFO: [ app_init ] --END-- [ RunTime:0.001173s ]
INFO: [ app_begin ] --START--
INFO: Run Behavior\ReadHtmlCacheBehavior [ RunTime:0.000701s ]
INFO: [ app_begin ] --END-- [ RunTime:0.000765s ]
NOTIC: [8] Use of undefined constant LINE_FEED - assumed 'LINE_FEED' E:\php\http\fuxi\admin\Application\Ger\Controller\IndexController.class.php 第 34 行.
NOTIC: [8] Use of undefined constant fields - assumed 'fields' E:\php\http\fuxi\admin\Application\Ger\Code_tmp\Model.php 第 13 行.
NOTIC: [8] ob_end_clean() [<a href='ref.outcontrol'>ref.outcontrol</a>]: failed to delete buffer. No buffer to delete E:\php\http\fuxi\admin\Application\Ger\Controller\IndexController.class.php 第 43 行.
NOTIC: [8] Use of undefined constant LINE_FEED - assumed 'LINE_FEED' E:\php\http\fuxi\admin\Application\Ger\Controller\IndexController.class.php 第 44 行.
NOTIC: [8] ob_end_clean() [<a href='ref.outcontrol'>ref.outcontrol</a>]: failed to delete buffer. No buffer to delete E:\php\http\fuxi\admin\Application\Ger\Controller\IndexController.class.php 第 57 行.
NOTIC: [8] ob_end_clean() [<a href='ref.outcontrol'>ref.outcontrol</a>]: failed to delete buffer. No buffer to delete E:\php\http\fuxi\admin\Application\Ger\Controller\IndexController.class.php 第 66 行.
NOTIC: [8] ob_end_clean() [<a href='ref.outcontrol'>ref.outcontrol</a>]: failed to delete buffer. No buffer to delete E:\php\http\fuxi\admin\Application\Ger\Controller\IndexController.class.php 第 75 行.
INFO: [ view_parse ] --START--
INFO: [ template_filter ] --START--
INFO: Run Behavior\ContentReplaceBehavior [ RunTime:0.000161s ]
INFO: [ template_filter ] --END-- [ RunTime:0.000384s ]
INFO: Run Behavior\ParseTemplateBehavior [ RunTime:0.021173s ]
INFO: [ view_parse ] --END-- [ RunTime:0.021334s ]
INFO: [ view_filter ] --START--
INFO: Run Behavior\WriteHtmlCacheBehavior [ RunTime:0.000557s ]
INFO: [ view_filter ] --END-- [ RunTime:0.000611s ]

[ 2016-09-22T09:37:49+08:00 ] 127.0.0.1 /admin/Ger/index/index
INFO: [ app_init ] --START--
INFO: Run Behavior\BuildLiteBehavior [ RunTime:0.000015s ]
INFO: [ app_init ] --END-- [ RunTime:0.000324s ]
INFO: [ app_begin ] --START--
INFO: Run Behavior\ReadHtmlCacheBehavior [ RunTime:0.000838s ]
INFO: [ app_begin ] --END-- [ RunTime:0.000945s ]
INFO: [ view_parse ] --START--
INFO: [ template_filter ] --START--
INFO: Run Behavior\ContentReplaceBehavior [ RunTime:0.000050s ]
INFO: [ template_filter ] --END-- [ RunTime:0.000113s ]
INFO: Run Behavior\ParseTemplateBehavior [ RunTime:0.005962s ]
INFO: [ view_parse ] --END-- [ RunTime:0.006024s ]
INFO: [ view_filter ] --START--
INFO: Run Behavior\WriteHtmlCacheBehavior [ RunTime:0.000390s ]
INFO: [ view_filter ] --END-- [ RunTime:0.000439s ]
INFO: [ app_end ] --START--
INFO: Run Behavior\ShowPageTraceBehavior [ RunTime:0.000623s ]
INFO: [ app_end ] --END-- [ RunTime:0.000674s ]

